This file contains any messages produced by compilers while
running configure, to aid debugging if configure makes a mistake.

It was created by kmod configure 20, which was
generated by GNU Autoconf 2.69.  Invocation command line was

  $ ./configure --prefix=/project/trunk/MV-AC3_GPL/tplink/buildroot-marvell/build/mv-ac3/host/usr --sysconfdir=/project/trunk/MV-AC3_GPL/tplink/buildroot-marvell/build/mv-ac3/host/etc --localstatedir=/project/trunk/MV-AC3_GPL/tplink/buildroot-marvell/build/mv-ac3/host/var --enable-shared --disable-static --disable-gtk-doc --disable-gtk-doc-html --disable-doc --disable-docs --disable-documentation --disable-debug --with-xmlto=no --with-fop=no --disable-dependency-tracking --disable-manpages

## --------- ##
## Platform. ##
## --------- ##

hostname = ubuntu
uname -m = i686
uname -r = 4.4.0-148-generic
uname -s = Linux
uname -v = #174~14.04.1-Ubuntu SMP Thu May 9 08:18:11 UTC 2019

/usr/bin/uname -p = unknown
/bin/uname -X     = unknown

/bin/arch              = unknown
/usr/bin/arch -k       = unknown
/usr/convex/getsysinfo = unknown
/usr/bin/hostinfo      = unknown
/bin/machine           = unknown
/usr/bin/oslevel       = unknown
/bin/universe          = unknown

PATH: /project/trunk/MV-AC3_GPL/tplink/buildroot-marvell/build/mv-ac3/host/bin
PATH: /project/trunk/MV-AC3_GPL/tplink/buildroot-marvell/build/mv-ac3/host/sbin
PATH: /project/trunk/MV-AC3_GPL/tplink/buildroot-marvell/build/mv-ac3/host/usr/bin
PATH: /project/trunk/MV-AC3_GPL/tplink/buildroot-marvell/build/mv-ac3/host/usr/sbin
PATH: /usr/local/sbin
PATH: /usr/local/bin
PATH: /usr/sbin
PATH: /usr/bin
PATH: /sbin
PATH: /bin
PATH: /snap/bin


## ----------- ##
## Core tests. ##
## ----------- ##

configure:2533: checking for gcc
configure:2560: result: /usr/bin/gcc
configure:2789: checking for C compiler version
configure:2798: /usr/bin/gcc --version >&5
gcc (Ubuntu 4.8.4-2ubuntu1~14.04.4) 4.8.4
Copyright (C) 2013 Free Software Foundation, Inc.
This is free software; see the source for copying conditions.  There is NO
warranty; not even for MERCHANTABILITY or FITNESS FOR A PARTICULAR PURPOSE.

configure:2809: $? = 0
configure:2798: /usr/bin/gcc -v >&5
Using built-in specs.
COLLECT_GCC=/usr/bin/gcc
COLLECT_LTO_WRAPPER=/usr/lib/gcc/i686-linux-gnu/4.8/lto-wrapper
Target: i686-linux-gnu
Configured with: ../src/configure -v --with-pkgversion='Ubuntu 4.8.4-2ubuntu1~14.04.4' --with-bugurl=file:///usr/share/doc/gcc-4.8/README.Bugs --enable-languages=c,c++,java,go,d,fortran,objc,obj-c++ --prefix=/usr --program-suffix=-4.8 --enable-shared --enable-linker-build-id --libexecdir=/usr/lib --without-included-gettext --enable-threads=posix --with-gxx-include-dir=/usr/include/c++/4.8 --libdir=/usr/lib --enable-nls --with-sysroot=/ --enable-clocale=gnu --enable-libstdcxx-debug --enable-libstdcxx-time=yes --enable-gnu-unique-object --disable-libmudflap --enable-plugin --with-system-zlib --disable-browser-plugin --enable-java-awt=gtk --enable-gtk-cairo --with-java-home=/usr/lib/jvm/java-1.5.0-gcj-4.8-i386/jre --enable-java-home --with-jvm-root-dir=/usr/lib/jvm/java-1.5.0-gcj-4.8-i386 --with-jvm-jar-dir=/usr/lib/jvm-exports/java-1.5.0-gcj-4.8-i386 --with-arch-directory=i386 --with-ecj-jar=/usr/share/java/eclipse-ecj.jar --enable-objc-gc --enable-targets=all --enable-multiarch --disable-werror --with-arch-32=i686 --with-multilib-list=m32,m64,mx32 --with-tune=generic --enable-checking=release --build=i686-linux-gnu --host=i686-linux-gnu --target=i686-linux-gnu
Thread model: posix
gcc version 4.8.4 (Ubuntu 4.8.4-2ubuntu1~14.04.4) 
configure:2809: $? = 0
configure:2798: /usr/bin/gcc -V >&5
gcc: error: unrecognized command line option '-V'
gcc: fatal error: no input files
compilation terminated.
configure:2809: $? = 4
configure:2798: /usr/bin/gcc -qversion >&5
gcc: error: unrecognized command line option '-qversion'
gcc: fatal error: no input files
compilation terminated.
configure:2809: $? = 4
configure:2829: checking whether the C compiler works
configure:2851: /usr/bin/gcc -O2 -I/project/trunk/MV-AC3_GPL/tplink/buildroot-marvell/build/mv-ac3/host/usr/include -I/project/trunk/MV-AC3_GPL/tplink/buildroot-marvell/build/mv-ac3/host/usr/include -L/project/trunk/MV-AC3_GPL/tplink/buildroot-marvell/build/mv-ac3/host/lib -L/project/trunk/MV-AC3_GPL/tplink/buildroot-marvell/build/mv-ac3/host/usr/lib -Wl,-rpath,/project/trunk/MV-AC3_GPL/tplink/buildroot-marvell/build/mv-ac3/host/usr/lib conftest.c  >&5
configure:2855: $? = 0
configure:2903: result: yes
configure:2906: checking for C compiler default output file name
configure:2908: result: a.out
configure:2914: checking for suffix of executables
configure:2921: /usr/bin/gcc -o conftest -O2 -I/project/trunk/MV-AC3_GPL/tplink/buildroot-marvell/build/mv-ac3/host/usr/include -I/project/trunk/MV-AC3_GPL/tplink/buildroot-marvell/build/mv-ac3/host/usr/include -L/project/trunk/MV-AC3_GPL/tplink/buildroot-marvell/build/mv-ac3/host/lib -L/project/trunk/MV-AC3_GPL/tplink/buildroot-marvell/build/mv-ac3/host/usr/lib -Wl,-rpath,/project/trunk/MV-AC3_GPL/tplink/buildroot-marvell/build/mv-ac3/host/usr/lib conftest.c  >&5
configure:2925: $? = 0
configure:2947: result: 
configure:2969: checking whether we are cross compiling
configure:2977: /usr/bin/gcc -o conftest -O2 -I/project/trunk/MV-AC3_GPL/tplink/buildroot-marvell/build/mv-ac3/host/usr/include -I/project/trunk/MV-AC3_GPL/tplink/buildroot-marvell/build/mv-ac3/host/usr/include -L/project/trunk/MV-AC3_GPL/tplink/buildroot-marvell/build/mv-ac3/host/lib -L/project/trunk/MV-AC3_GPL/tplink/buildroot-marvell/build/mv-ac3/host/usr/lib -Wl,-rpath,/project/trunk/MV-AC3_GPL/tplink/buildroot-marvell/build/mv-ac3/host/usr/lib conftest.c  >&5
configure:2981: $? = 0
configure:2988: ./conftest
configure:2992: $? = 0
configure:3007: result: no
configure:3012: checking for suffix of object files
configure:3034: /usr/bin/gcc -c -O2 -I/project/trunk/MV-AC3_GPL/tplink/buildroot-marvell/build/mv-ac3/host/usr/include -I/project/trunk/MV-AC3_GPL/tplink/buildroot-marvell/build/mv-ac3/host/usr/include conftest.c >&5
configure:3038: $? = 0
configure:3059: result: o
configure:3063: checking whether we are using the GNU C compiler
configure:3082: /usr/bin/gcc -c -O2 -I/project/trunk/MV-AC3_GPL/tplink/buildroot-marvell/build/mv-ac3/host/usr/include -I/project/trunk/MV-AC3_GPL/tplink/buildroot-marvell/build/mv-ac3/host/usr/include conftest.c >&5
configure:3082: $? = 0
configure:3091: result: yes
configure:3100: checking whether /usr/bin/gcc accepts -g
configure:3120: /usr/bin/gcc -c -g -I/project/trunk/MV-AC3_GPL/tplink/buildroot-marvell/build/mv-ac3/host/usr/include conftest.c >&5
configure:3120: $? = 0
configure:3161: result: yes
configure:3178: checking for /usr/bin/gcc option to accept ISO C89
configure:3241: /usr/bin/gcc  -c -O2 -I/project/trunk/MV-AC3_GPL/tplink/buildroot-marvell/build/mv-ac3/host/usr/include -I/project/trunk/MV-AC3_GPL/tplink/buildroot-marvell/build/mv-ac3/host/usr/include conftest.c >&5
configure:3241: $? = 0
configure:3254: result: none needed
configure:3279: checking whether /usr/bin/gcc understands -c and -o together
configure:3301: /usr/bin/gcc -c conftest.c -o conftest2.o
configure:3304: $? = 0
configure:3301: /usr/bin/gcc -c conftest.c -o conftest2.o
configure:3304: $? = 0
configure:3316: result: yes
configure:3339: checking how to run the C preprocessor
configure:3409: result: /usr/bin/cpp
configure:3429: /usr/bin/cpp -I/project/trunk/MV-AC3_GPL/tplink/buildroot-marvell/build/mv-ac3/host/usr/include conftest.c
configure:3429: $? = 0
configure:3443: /usr/bin/cpp -I/project/trunk/MV-AC3_GPL/tplink/buildroot-marvell/build/mv-ac3/host/usr/include conftest.c
conftest.c:9:28: fatal error: ac_nonexistent.h: No such file or directory
 #include <ac_nonexistent.h>
                            ^
compilation terminated.
configure:3443: $? = 1
configure: failed program was:
| /* confdefs.h */
| #define PACKAGE_NAME "kmod"
| #define PACKAGE_TARNAME "kmod"
| #define PACKAGE_VERSION "20"
| #define PACKAGE_STRING "kmod 20"
| #define PACKAGE_BUGREPORT "linux-modules@vger.kernel.org"
| #define PACKAGE_URL "http://git.kernel.org/?p=utils/kernel/kmod/kmod.git"
| /* end confdefs.h.  */
| #include <ac_nonexistent.h>
configure:3472: checking for grep that handles long lines and -e
configure:3530: result: /bin/grep
configure:3535: checking for egrep
configure:3597: result: /bin/grep -E
configure:3602: checking for ANSI C header files
configure:3622: /usr/bin/gcc -c -O2 -I/project/trunk/MV-AC3_GPL/tplink/buildroot-marvell/build/mv-ac3/host/usr/include -I/project/trunk/MV-AC3_GPL/tplink/buildroot-marvell/build/mv-ac3/host/usr/include conftest.c >&5
configure:3622: $? = 0
configure:3695: /usr/bin/gcc -o conftest -O2 -I/project/trunk/MV-AC3_GPL/tplink/buildroot-marvell/build/mv-ac3/host/usr/include -I/project/trunk/MV-AC3_GPL/tplink/buildroot-marvell/build/mv-ac3/host/usr/include -L/project/trunk/MV-AC3_GPL/tplink/buildroot-marvell/build/mv-ac3/host/lib -L/project/trunk/MV-AC3_GPL/tplink/buildroot-marvell/build/mv-ac3/host/usr/lib -Wl,-rpath,/project/trunk/MV-AC3_GPL/tplink/buildroot-marvell/build/mv-ac3/host/usr/lib conftest.c  >&5
configure:3695: $? = 0
configure:3695: ./conftest
configure:3695: $? = 0
configure:3706: result: yes
configure:3719: checking for sys/types.h
configure:3719: /usr/bin/gcc -c -O2 -I/project/trunk/MV-AC3_GPL/tplink/buildroot-marvell/build/mv-ac3/host/usr/include -I/project/trunk/MV-AC3_GPL/tplink/buildroot-marvell/build/mv-ac3/host/usr/include conftest.c >&5
configure:3719: $? = 0
configure:3719: result: yes
configure:3719: checking for sys/stat.h
configure:3719: /usr/bin/gcc -c -O2 -I/project/trunk/MV-AC3_GPL/tplink/buildroot-marvell/build/mv-ac3/host/usr/include -I/project/trunk/MV-AC3_GPL/tplink/buildroot-marvell/build/mv-ac3/host/usr/include conftest.c >&5
configure:3719: $? = 0
configure:3719: result: yes
configure:3719: checking for stdlib.h
configure:3719: /usr/bin/gcc -c -O2 -I/project/trunk/MV-AC3_GPL/tplink/buildroot-marvell/build/mv-ac3/host/usr/include -I/project/trunk/MV-AC3_GPL/tplink/buildroot-marvell/build/mv-ac3/host/usr/include conftest.c >&5
configure:3719: $? = 0
configure:3719: result: yes
configure:3719: checking for string.h
configure:3719: /usr/bin/gcc -c -O2 -I/project/trunk/MV-AC3_GPL/tplink/buildroot-marvell/build/mv-ac3/host/usr/include -I/project/trunk/MV-AC3_GPL/tplink/buildroot-marvell/build/mv-ac3/host/usr/include conftest.c >&5
configure:3719: $? = 0
configure:3719: result: yes
configure:3719: checking for memory.h
configure:3719: /usr/bin/gcc -c -O2 -I/project/trunk/MV-AC3_GPL/tplink/buildroot-marvell/build/mv-ac3/host/usr/include -I/project/trunk/MV-AC3_GPL/tplink/buildroot-marvell/build/mv-ac3/host/usr/include conftest.c >&5
configure:3719: $? = 0
configure:3719: result: yes
configure:3719: checking for strings.h
configure:3719: /usr/bin/gcc -c -O2 -I/project/trunk/MV-AC3_GPL/tplink/buildroot-marvell/build/mv-ac3/host/usr/include -I/project/trunk/MV-AC3_GPL/tplink/buildroot-marvell/build/mv-ac3/host/usr/include conftest.c >&5
configure:3719: $? = 0
configure:3719: result: yes
configure:3719: checking for inttypes.h
configure:3719: /usr/bin/gcc -c -O2 -I/project/trunk/MV-AC3_GPL/tplink/buildroot-marvell/build/mv-ac3/host/usr/include -I/project/trunk/MV-AC3_GPL/tplink/buildroot-marvell/build/mv-ac3/host/usr/include conftest.c >&5
configure:3719: $? = 0
configure:3719: result: yes
configure:3719: checking for stdint.h
configure:3719: /usr/bin/gcc -c -O2 -I/project/trunk/MV-AC3_GPL/tplink/buildroot-marvell/build/mv-ac3/host/usr/include -I/project/trunk/MV-AC3_GPL/tplink/buildroot-marvell/build/mv-ac3/host/usr/include conftest.c >&5
configure:3719: $? = 0
configure:3719: result: yes
configure:3719: checking for unistd.h
configure:3719: /usr/bin/gcc -c -O2 -I/project/trunk/MV-AC3_GPL/tplink/buildroot-marvell/build/mv-ac3/host/usr/include -I/project/trunk/MV-AC3_GPL/tplink/buildroot-marvell/build/mv-ac3/host/usr/include conftest.c >&5
configure:3719: $? = 0
configure:3719: result: yes
configure:3732: checking minix/config.h usability
configure:3732: /usr/bin/gcc -c -O2 -I/project/trunk/MV-AC3_GPL/tplink/buildroot-marvell/build/mv-ac3/host/usr/include -I/project/trunk/MV-AC3_GPL/tplink/buildroot-marvell/build/mv-ac3/host/usr/include conftest.c >&5
conftest.c:52:26: fatal error: minix/config.h: No such file or directory
 #include <minix/config.h>
                          ^
compilation terminated.
configure:3732: $? = 1
configure: failed program was:
| /* confdefs.h */
| #define PACKAGE_NAME "kmod"
| #define PACKAGE_TARNAME "kmod"
| #define PACKAGE_VERSION "20"
| #define PACKAGE_STRING "kmod 20"
| #define PACKAGE_BUGREPORT "linux-modules@vger.kernel.org"
| #define PACKAGE_URL "http://git.kernel.org/?p=utils/kernel/kmod/kmod.git"
| #define STDC_HEADERS 1
| #define HAVE_SYS_TYPES_H 1
| #define HAVE_SYS_STAT_H 1
| #define HAVE_STDLIB_H 1
| #define HAVE_STRING_H 1
| #define HAVE_MEMORY_H 1
| #define HAVE_STRINGS_H 1
| #define HAVE_INTTYPES_H 1
| #define HAVE_STDINT_H 1
| #define HAVE_UNISTD_H 1
| /* end confdefs.h.  */
| #include <stdio.h>
| #ifdef HAVE_SYS_TYPES_H
| # include <sys/types.h>
| #endif
| #ifdef HAVE_SYS_STAT_H
| # include <sys/stat.h>
| #endif
| #ifdef STDC_HEADERS
| # include <stdlib.h>
| # include <stddef.h>
| #else
| # ifdef HAVE_STDLIB_H
| #  include <stdlib.h>
| # endif
| #endif
| #ifdef HAVE_STRING_H
| # if !defined STDC_HEADERS && defined HAVE_MEMORY_H
| #  include <memory.h>
| # endif
| # include <string.h>
| #endif
| #ifdef HAVE_STRINGS_H
| # include <strings.h>
| #endif
| #ifdef HAVE_INTTYPES_H
| # include <inttypes.h>
| #endif
| #ifdef HAVE_STDINT_H
| # include <stdint.h>
| #endif
| #ifdef HAVE_UNISTD_H
| # include <unistd.h>
| #endif
| #include <minix/config.h>
configure:3732: result: no
configure:3732: checking minix/config.h presence
configure:3732: /usr/bin/cpp -I/project/trunk/MV-AC3_GPL/tplink/buildroot-marvell/build/mv-ac3/host/usr/include conftest.c
conftest.c:19:26: fatal error: minix/config.h: No such file or directory
 #include <minix/config.h>
                          ^
compilation terminated.
configure:3732: $? = 1
configure: failed program was:
| /* confdefs.h */
| #define PACKAGE_NAME "kmod"
| #define PACKAGE_TARNAME "kmod"
| #define PACKAGE_VERSION "20"
| #define PACKAGE_STRING "kmod 20"
| #define PACKAGE_BUGREPORT "linux-modules@vger.kernel.org"
| #define PACKAGE_URL "http://git.kernel.org/?p=utils/kernel/kmod/kmod.git"
| #define STDC_HEADERS 1
| #define HAVE_SYS_TYPES_H 1
| #define HAVE_SYS_STAT_H 1
| #define HAVE_STDLIB_H 1
| #define HAVE_STRING_H 1
| #define HAVE_MEMORY_H 1
| #define HAVE_STRINGS_H 1
| #define HAVE_INTTYPES_H 1
| #define HAVE_STDINT_H 1
| #define HAVE_UNISTD_H 1
| /* end confdefs.h.  */
| #include <minix/config.h>
configure:3732: result: no
configure:3732: checking for minix/config.h
configure:3732: result: no
configure:3753: checking whether it is safe to define __EXTENSIONS__
configure:3771: /usr/bin/gcc -c -O2 -I/project/trunk/MV-AC3_GPL/tplink/buildroot-marvell/build/mv-ac3/host/usr/include -I/project/trunk/MV-AC3_GPL/tplink/buildroot-marvell/build/mv-ac3/host/usr/include conftest.c >&5
configure:3771: $? = 0
configure:3778: result: yes
configure:3799: checking for special C compiler options needed for large files
configure:3844: result: no
configure:3850: checking for _FILE_OFFSET_BITS value needed for large files
configure:3875: /usr/bin/gcc -c -O2 -I/project/trunk/MV-AC3_GPL/tplink/buildroot-marvell/build/mv-ac3/host/usr/include -I/project/trunk/MV-AC3_GPL/tplink/buildroot-marvell/build/mv-ac3/host/usr/include conftest.c >&5
conftest.c:30:3: warning: left shift count >= width of type [enabled by default]
   int off_t_is_large[(LARGE_OFF_T % 2147483629 == 721
   ^
conftest.c:30:3: warning: left shift count >= width of type [enabled by default]
conftest.c:31:10: warning: left shift count >= width of type [enabled by default]
          && LARGE_OFF_T % 2147483647 == 1)
          ^
conftest.c:31:10: warning: left shift count >= width of type [enabled by default]
conftest.c:30:7: error: variably modified 'off_t_is_large' at file scope
   int off_t_is_large[(LARGE_OFF_T % 2147483629 == 721
       ^
configure:3875: $? = 1
configure: failed program was:
| /* confdefs.h */
| #define PACKAGE_NAME "kmod"
| #define PACKAGE_TARNAME "kmod"
| #define PACKAGE_VERSION "20"
| #define PACKAGE_STRING "kmod 20"
| #define PACKAGE_BUGREPORT "linux-modules@vger.kernel.org"
| #define PACKAGE_URL "http://git.kernel.org/?p=utils/kernel/kmod/kmod.git"
| #define STDC_HEADERS 1
| #define HAVE_SYS_TYPES_H 1
| #define HAVE_SYS_STAT_H 1
| #define HAVE_STDLIB_H 1
| #define HAVE_STRING_H 1
| #define HAVE_MEMORY_H 1
| #define HAVE_STRINGS_H 1
| #define HAVE_INTTYPES_H 1
| #define HAVE_STDINT_H 1
| #define HAVE_UNISTD_H 1
| #define __EXTENSIONS__ 1
| #define _ALL_SOURCE 1
| #define _GNU_SOURCE 1
| #define _POSIX_PTHREAD_SEMANTICS 1
| #define _TANDEM_SOURCE 1
| /* end confdefs.h.  */
| #include <sys/types.h>
|  /* Check that off_t can represent 2**63 - 1 correctly.
|     We can't simply define LARGE_OFF_T to be 9223372036854775807,
|     since some C++ compilers masquerading as C compilers
|     incorrectly reject 9223372036854775807.  */
| #define LARGE_OFF_T (((off_t) 1 << 62) - 1 + ((off_t) 1 << 62))
|   int off_t_is_large[(LARGE_OFF_T % 2147483629 == 721
| 		       && LARGE_OFF_T % 2147483647 == 1)
| 		      ? 1 : -1];
| int
| main ()
| {
| 
|   ;
|   return 0;
| }
configure:3899: /usr/bin/gcc -c -O2 -I/project/trunk/MV-AC3_GPL/tplink/buildroot-marvell/build/mv-ac3/host/usr/include -I/project/trunk/MV-AC3_GPL/tplink/buildroot-marvell/build/mv-ac3/host/usr/include conftest.c >&5
configure:3899: $? = 0
configure:3907: result: 64
configure:3994: checking whether to enable maintainer-specific portions of Makefiles
configure:4003: result: yes
configure:4032: checking for a BSD-compatible install
configure:4100: result: /usr/bin/install -c
configure:4111: checking whether build environment is sane
configure:4166: result: yes
configure:4314: checking for a thread-safe mkdir -p
configure:4353: result: /bin/mkdir -p
configure:4360: checking for gawk
configure:4376: found /usr/bin/gawk
configure:4387: result: gawk
configure:4398: checking whether make sets $(MAKE)
configure:4420: result: yes
configure:4450: checking for style of include used by make
configure:4478: result: GNU
configure:4512: checking whether make supports nested variables
configure:4529: result: yes
configure:4608: checking how to create a pax tar archive
configure:4619: tar --version
tar (GNU tar) 1.27.1
Copyright (C) 2013 Free Software Foundation, Inc.
License GPLv3+: GNU GPL version 3 or later <http://gnu.org/licenses/gpl.html>.
This is free software: you are free to change and redistribute it.
There is NO WARRANTY, to the extent permitted by law.

Written by John Gilmore and Jay Fenlason.
configure:4622: $? = 0
configure:4662: tardir=conftest.dir && eval tar --format=posix -chf - "$tardir" >conftest.tar
configure:4665: $? = 0
configure:4669: tar -xf - <conftest.tar
configure:4672: $? = 0
configure:4674: cat conftest.dir/file
GrepMe
configure:4677: $? = 0
configure:4690: result: gnutar
configure:4699: checking dependency style of /usr/bin/gcc
configure:4810: result: none
configure:4879: checking whether make supports nested variables
configure:4896: result: yes
configure:4936: checking build system type
configure:4950: result: i686-pc-linux-gnu
configure:4970: checking host system type
configure:4983: result: i686-pc-linux-gnu
configure:5024: checking how to print strings
configure:5051: result: printf
configure:5072: checking for a sed that does not truncate output
configure:5136: result: /bin/sed
configure:5154: checking for fgrep
configure:5216: result: /bin/grep -F
configure:5251: checking for ld used by /usr/bin/gcc
configure:5318: result: /usr/bin/ld
configure:5325: checking if the linker (/usr/bin/ld) is GNU ld
configure:5340: result: yes
configure:5352: checking for BSD- or MS-compatible name lister (nm)
configure:5406: result: /usr/bin/nm
configure:5536: checking the name lister (/usr/bin/nm) interface
configure:5543: /usr/bin/gcc -c -O2 -I/project/trunk/MV-AC3_GPL/tplink/buildroot-marvell/build/mv-ac3/host/usr/include -I/project/trunk/MV-AC3_GPL/tplink/buildroot-marvell/build/mv-ac3/host/usr/include conftest.c >&5
configure:5546: /usr/bin/nm "conftest.o"
configure:5549: output
00000000 B some_variable
configure:5556: result: BSD nm
configure:5559: checking whether ln -s works
configure:5563: result: yes
configure:5571: checking the maximum length of command line arguments
configure:5702: result: 1572864
configure:5750: checking how to convert i686-pc-linux-gnu file names to i686-pc-linux-gnu format
configure:5790: result: func_convert_file_noop
configure:5797: checking how to convert i686-pc-linux-gnu file names to toolchain format
configure:5817: result: func_convert_file_noop
configure:5824: checking for /usr/bin/ld option to reload object files
configure:5831: result: -r
configure:5905: checking for objdump
configure:5921: found /usr/bin/objdump
configure:5932: result: objdump
configure:5964: checking how to recognize dependent libraries
configure:6164: result: pass_all
configure:6249: checking for dlltool
configure:6279: result: no
configure:6309: checking how to associate runtime and link libraries
configure:6336: result: printf %s\n
configure:6460: checking for archiver @FILE support
configure:6477: /usr/bin/gcc -c -O2 -I/project/trunk/MV-AC3_GPL/tplink/buildroot-marvell/build/mv-ac3/host/usr/include -I/project/trunk/MV-AC3_GPL/tplink/buildroot-marvell/build/mv-ac3/host/usr/include conftest.c >&5
configure:6477: $? = 0
configure:6480: /usr/bin/ar cru libconftest.a @conftest.lst >&5
configure:6483: $? = 0
configure:6488: /usr/bin/ar cru libconftest.a @conftest.lst >&5
/usr/bin/ar: conftest.o: No such file or directory
configure:6491: $? = 1
configure:6503: result: @
configure:6561: checking for strip
configure:6577: found /usr/bin/strip
configure:6588: result: strip
configure:6660: checking for ranlib
configure:6687: result: /usr/bin/ranlib
configure:6789: checking command to parse /usr/bin/nm output from /usr/bin/gcc object
configure:6942: /usr/bin/gcc -c -O2 -I/project/trunk/MV-AC3_GPL/tplink/buildroot-marvell/build/mv-ac3/host/usr/include -I/project/trunk/MV-AC3_GPL/tplink/buildroot-marvell/build/mv-ac3/host/usr/include conftest.c >&5
configure:6945: $? = 0
configure:6949: /usr/bin/nm conftest.o \| sed -n -e 's/^.*[ ]\([ABCDGIRSTW][ABCDGIRSTW]*\)[ ][ ]*\([_A-Za-z][_A-Za-z0-9]*\)$/\1 \2 \2/p' | sed '/ __gnu_lto/d' \> conftest.nm
configure:6952: $? = 0
configure:7018: /usr/bin/gcc -o conftest -O2 -I/project/trunk/MV-AC3_GPL/tplink/buildroot-marvell/build/mv-ac3/host/usr/include -I/project/trunk/MV-AC3_GPL/tplink/buildroot-marvell/build/mv-ac3/host/usr/include -L/project/trunk/MV-AC3_GPL/tplink/buildroot-marvell/build/mv-ac3/host/lib -L/project/trunk/MV-AC3_GPL/tplink/buildroot-marvell/build/mv-ac3/host/usr/lib -Wl,-rpath,/project/trunk/MV-AC3_GPL/tplink/buildroot-marvell/build/mv-ac3/host/usr/lib conftest.c conftstm.o >&5
configure:7021: $? = 0
configure:7059: result: ok
configure:7106: checking for sysroot
configure:7136: result: no
configure:7143: checking for a working dd
configure:7181: result: /bin/dd
configure:7185: checking how to truncate binary pipes
configure:7200: result: /bin/dd bs=4096 count=1
configure:7529: checking for mt
configure:7545: found /bin/mt
configure:7556: result: mt
configure:7579: checking if mt is a manifest tool
configure:7585: mt '-?'
configure:7593: result: no
configure:8267: checking for dlfcn.h
configure:8267: /usr/bin/gcc -c -O2 -I/project/trunk/MV-AC3_GPL/tplink/buildroot-marvell/build/mv-ac3/host/usr/include -I/project/trunk/MV-AC3_GPL/tplink/buildroot-marvell/build/mv-ac3/host/usr/include conftest.c >&5
configure:8267: $? = 0
configure:8267: result: yes
configure:8521: checking for objdir
configure:8536: result: .libs
configure:8800: checking if /usr/bin/gcc supports -fno-rtti -fno-exceptions
configure:8818: /usr/bin/gcc -c -O2 -I/project/trunk/MV-AC3_GPL/tplink/buildroot-marvell/build/mv-ac3/host/usr/include -I/project/trunk/MV-AC3_GPL/tplink/buildroot-marvell/build/mv-ac3/host/usr/include -fno-rtti -fno-exceptions conftest.c >&5
cc1: warning: command line option '-fno-rtti' is valid for C++/ObjC++ but not for C [enabled by default]
configure:8822: $? = 0
configure:8835: result: no
configure:9193: checking for /usr/bin/gcc option to produce PIC
configure:9200: result: -fPIC -DPIC
configure:9208: checking if /usr/bin/gcc PIC flag -fPIC -DPIC works
configure:9226: /usr/bin/gcc -c -O2 -I/project/trunk/MV-AC3_GPL/tplink/buildroot-marvell/build/mv-ac3/host/usr/include -I/project/trunk/MV-AC3_GPL/tplink/buildroot-marvell/build/mv-ac3/host/usr/include -fPIC -DPIC -DPIC conftest.c >&5
configure:9230: $? = 0
configure:9243: result: yes
configure:9272: checking if /usr/bin/gcc static flag -static works
configure:9300: result: yes
configure:9315: checking if /usr/bin/gcc supports -c -o file.o
configure:9336: /usr/bin/gcc -c -O2 -I/project/trunk/MV-AC3_GPL/tplink/buildroot-marvell/build/mv-ac3/host/usr/include -I/project/trunk/MV-AC3_GPL/tplink/buildroot-marvell/build/mv-ac3/host/usr/include -o out/conftest2.o conftest.c >&5
configure:9340: $? = 0
configure:9362: result: yes
configure:9370: checking if /usr/bin/gcc supports -c -o file.o
configure:9417: result: yes
configure:9450: checking whether the /usr/bin/gcc linker (/usr/bin/ld) supports shared libraries
configure:10709: result: yes
configure:10746: checking whether -lc should be explicitly linked in
configure:10754: /usr/bin/gcc -c -O2 -I/project/trunk/MV-AC3_GPL/tplink/buildroot-marvell/build/mv-ac3/host/usr/include -I/project/trunk/MV-AC3_GPL/tplink/buildroot-marvell/build/mv-ac3/host/usr/include conftest.c >&5
configure:10757: $? = 0
configure:10772: /usr/bin/gcc -shared  -fPIC -DPIC conftest.o  -v -Wl,-soname -Wl,conftest -o conftest 2\>\&1 \| /bin/grep  -lc  \>/dev/null 2\>\&1
configure:10775: $? = 0
configure:10789: result: no
configure:10949: checking dynamic linker characteristics
configure:11530: /usr/bin/gcc -o conftest -O2 -I/project/trunk/MV-AC3_GPL/tplink/buildroot-marvell/build/mv-ac3/host/usr/include -I/project/trunk/MV-AC3_GPL/tplink/buildroot-marvell/build/mv-ac3/host/usr/include -L/project/trunk/MV-AC3_GPL/tplink/buildroot-marvell/build/mv-ac3/host/lib -L/project/trunk/MV-AC3_GPL/tplink/buildroot-marvell/build/mv-ac3/host/usr/lib -Wl,-rpath,/project/trunk/MV-AC3_GPL/tplink/buildroot-marvell/build/mv-ac3/host/usr/lib -Wl,-rpath -Wl,/foo conftest.c  >&5
configure:11530: $? = 0
configure:11767: result: GNU/Linux ld.so
configure:11882: checking how to hardcode library paths into programs
configure:11907: result: immediate
configure:12455: checking whether stripping libraries is possible
configure:12460: result: yes
configure:12495: checking if libtool supports shared libraries
configure:12497: result: yes
configure:12500: checking whether to build shared libraries
configure:12525: result: yes
configure:12528: checking whether to build static libraries
configure:12532: result: no
configure:12581: checking for a sed that does not truncate output
configure:12645: result: /bin/sed
configure:12651: checking whether ln -s works
configure:12655: result: yes
configure:12771: checking pkg-config is at least version 0.9.0
configure:12774: result: yes
configure:12784: checking for xsltproc
configure:12817: result: no
configure:12823: checking for /usr/bin/gcc option to accept ISO C99
configure:12972: /usr/bin/gcc  -c -O2 -I/project/trunk/MV-AC3_GPL/tplink/buildroot-marvell/build/mv-ac3/host/usr/include -I/project/trunk/MV-AC3_GPL/tplink/buildroot-marvell/build/mv-ac3/host/usr/include conftest.c >&5
conftest.c:79:29: error: expected ';', ',' or ')' before 'text'
 test_restrict (ccp restrict text)
                             ^
conftest.c: In function 'main':
conftest.c:133:18: error: expected '=', ',', ';', 'asm' or '__attribute__' before 'newvar'
   char *restrict newvar = "Another string";
                  ^
conftest.c:133:18: error: 'newvar' undeclared (first use in this function)
conftest.c:133:18: note: each undeclared identifier is reported only once for each function it appears in
conftest.c:143:3: error: 'for' loop initial declarations are only allowed in C99 mode
   for (int i = 0; i < ia->datasize; ++i)
   ^
conftest.c:143:3: note: use option -std=c99 or -std=gnu99 to compile your code
configure:12972: $? = 1
configure: failed program was:
| /* confdefs.h */
| #define PACKAGE_NAME "kmod"
| #define PACKAGE_TARNAME "kmod"
| #define PACKAGE_VERSION "20"
| #define PACKAGE_STRING "kmod 20"
| #define PACKAGE_BUGREPORT "linux-modules@vger.kernel.org"
| #define PACKAGE_URL "http://git.kernel.org/?p=utils/kernel/kmod/kmod.git"
| #define STDC_HEADERS 1
| #define HAVE_SYS_TYPES_H 1
| #define HAVE_SYS_STAT_H 1
| #define HAVE_STDLIB_H 1
| #define HAVE_STRING_H 1
| #define HAVE_MEMORY_H 1
| #define HAVE_STRINGS_H 1
| #define HAVE_INTTYPES_H 1
| #define HAVE_STDINT_H 1
| #define HAVE_UNISTD_H 1
| #define __EXTENSIONS__ 1
| #define _ALL_SOURCE 1
| #define _GNU_SOURCE 1
| #define _POSIX_PTHREAD_SEMANTICS 1
| #define _TANDEM_SOURCE 1
| #define _FILE_OFFSET_BITS 64
| #define PACKAGE "kmod"
| #define VERSION "20"
| #define HAVE_DLFCN_H 1
| #define LT_OBJDIR ".libs/"
| /* end confdefs.h.  */
| #include <stdarg.h>
| #include <stdbool.h>
| #include <stdlib.h>
| #include <wchar.h>
| #include <stdio.h>
| 
| // Check varargs macros.  These examples are taken from C99 6.10.3.5.
| #define debug(...) fprintf (stderr, __VA_ARGS__)
| #define showlist(...) puts (#__VA_ARGS__)
| #define report(test,...) ((test) ? puts (#test) : printf (__VA_ARGS__))
| static void
| test_varargs_macros (void)
| {
|   int x = 1234;
|   int y = 5678;
|   debug ("Flag");
|   debug ("X = %d\n", x);
|   showlist (The first, second, and third items.);
|   report (x>y, "x is %d but y is %d", x, y);
| }
| 
| // Check long long types.
| #define BIG64 18446744073709551615ull
| #define BIG32 4294967295ul
| #define BIG_OK (BIG64 / BIG32 == 4294967297ull && BIG64 % BIG32 == 0)
| #if !BIG_OK
|   your preprocessor is broken;
| #endif
| #if BIG_OK
| #else
|   your preprocessor is broken;
| #endif
| static long long int bignum = -9223372036854775807LL;
| static unsigned long long int ubignum = BIG64;
| 
| struct incomplete_array
| {
|   int datasize;
|   double data[];
| };
| 
| struct named_init {
|   int number;
|   const wchar_t *name;
|   double average;
| };
| 
| typedef const char *ccp;
| 
| static inline int
| test_restrict (ccp restrict text)
| {
|   // See if C++-style comments work.
|   // Iterate through items via the restricted pointer.
|   // Also check for declarations in for loops.
|   for (unsigned int i = 0; *(text+i) != '\0'; ++i)
|     continue;
|   return 0;
| }
| 
| // Check varargs and va_copy.
| static void
| test_varargs (const char *format, ...)
| {
|   va_list args;
|   va_start (args, format);
|   va_list args_copy;
|   va_copy (args_copy, args);
| 
|   const char *str;
|   int number;
|   float fnumber;
| 
|   while (*format)
|     {
|       switch (*format++)
| 	{
| 	case 's': // string
| 	  str = va_arg (args_copy, const char *);
| 	  break;
| 	case 'd': // int
| 	  number = va_arg (args_copy, int);
| 	  break;
| 	case 'f': // float
| 	  fnumber = va_arg (args_copy, double);
| 	  break;
| 	default:
| 	  break;
| 	}
|     }
|   va_end (args_copy);
|   va_end (args);
| }
| 
| int
| main ()
| {
| 
|   // Check bool.
|   _Bool success = false;
| 
|   // Check restrict.
|   if (test_restrict ("String literal") == 0)
|     success = true;
|   char *restrict newvar = "Another string";
| 
|   // Check varargs.
|   test_varargs ("s, d' f .", "string", 65, 34.234);
|   test_varargs_macros ();
| 
|   // Check flexible array members.
|   struct incomplete_array *ia =
|     malloc (sizeof (struct incomplete_array) + (sizeof (double) * 10));
|   ia->datasize = 10;
|   for (int i = 0; i < ia->datasize; ++i)
|     ia->data[i] = i * 1.234;
| 
|   // Check named initializers.
|   struct named_init ni = {
|     .number = 34,
|     .name = L"Test wide string",
|     .average = 543.34343,
|   };
| 
|   ni.number = 58;
| 
|   int dynamic_array[ni.number];
|   dynamic_array[ni.number - 1] = 543;
| 
|   // work around unused variable warnings
|   return (!success || bignum == 0LL || ubignum == 0uLL || newvar[0] == 'x'
| 	  || dynamic_array[ni.number - 1] != 543);
| 
|   ;
|   return 0;
| }
configure:12972: /usr/bin/gcc -std=gnu99 -c -O2 -I/project/trunk/MV-AC3_GPL/tplink/buildroot-marvell/build/mv-ac3/host/usr/include -I/project/trunk/MV-AC3_GPL/tplink/buildroot-marvell/build/mv-ac3/host/usr/include conftest.c >&5
configure:12972: $? = 0
configure:12992: result: -std=gnu99
configure:13011: checking for __xstat
configure:13011: /usr/bin/gcc -std=gnu99 -o conftest -O2 -I/project/trunk/MV-AC3_GPL/tplink/buildroot-marvell/build/mv-ac3/host/usr/include -I/project/trunk/MV-AC3_GPL/tplink/buildroot-marvell/build/mv-ac3/host/usr/include -L/project/trunk/MV-AC3_GPL/tplink/buildroot-marvell/build/mv-ac3/host/lib -L/project/trunk/MV-AC3_GPL/tplink/buildroot-marvell/build/mv-ac3/host/usr/lib -Wl,-rpath,/project/trunk/MV-AC3_GPL/tplink/buildroot-marvell/build/mv-ac3/host/usr/lib conftest.c  >&5
configure:13011: $? = 0
configure:13011: result: yes
configure:13011: checking for __secure_getenv
configure:13011: /usr/bin/gcc -std=gnu99 -o conftest -O2 -I/project/trunk/MV-AC3_GPL/tplink/buildroot-marvell/build/mv-ac3/host/usr/include -I/project/trunk/MV-AC3_GPL/tplink/buildroot-marvell/build/mv-ac3/host/usr/include -L/project/trunk/MV-AC3_GPL/tplink/buildroot-marvell/build/mv-ac3/host/lib -L/project/trunk/MV-AC3_GPL/tplink/buildroot-marvell/build/mv-ac3/host/usr/lib -Wl,-rpath,/project/trunk/MV-AC3_GPL/tplink/buildroot-marvell/build/mv-ac3/host/usr/lib conftest.c  >&5
/tmp/ccFoDI8X.o: In function `main':
conftest.c:(.text.startup+0x7): undefined reference to `__secure_getenv'
collect2: error: ld returned 1 exit status
configure:13011: $? = 1
configure: failed program was:
| /* confdefs.h */
| #define PACKAGE_NAME "kmod"
| #define PACKAGE_TARNAME "kmod"
| #define PACKAGE_VERSION "20"
| #define PACKAGE_STRING "kmod 20"
| #define PACKAGE_BUGREPORT "linux-modules@vger.kernel.org"
| #define PACKAGE_URL "http://git.kernel.org/?p=utils/kernel/kmod/kmod.git"
| #define STDC_HEADERS 1
| #define HAVE_SYS_TYPES_H 1
| #define HAVE_SYS_STAT_H 1
| #define HAVE_STDLIB_H 1
| #define HAVE_STRING_H 1
| #define HAVE_MEMORY_H 1
| #define HAVE_STRINGS_H 1
| #define HAVE_INTTYPES_H 1
| #define HAVE_STDINT_H 1
| #define HAVE_UNISTD_H 1
| #define __EXTENSIONS__ 1
| #define _ALL_SOURCE 1
| #define _GNU_SOURCE 1
| #define _POSIX_PTHREAD_SEMANTICS 1
| #define _TANDEM_SOURCE 1
| #define _FILE_OFFSET_BITS 64
| #define PACKAGE "kmod"
| #define VERSION "20"
| #define HAVE_DLFCN_H 1
| #define LT_OBJDIR ".libs/"
| #define HAVE___XSTAT 1
| /* end confdefs.h.  */
| /* Define __secure_getenv to an innocuous variant, in case <limits.h> declares __secure_getenv.
|    For example, HP-UX 11i <limits.h> declares gettimeofday.  */
| #define __secure_getenv innocuous___secure_getenv
| 
| /* System header to define __stub macros and hopefully few prototypes,
|     which can conflict with char __secure_getenv (); below.
|     Prefer <limits.h> to <assert.h> if __STDC__ is defined, since
|     <limits.h> exists even on freestanding compilers.  */
| 
| #ifdef __STDC__
| # include <limits.h>
| #else
| # include <assert.h>
| #endif
| 
| #undef __secure_getenv
| 
| /* Override any GCC internal prototype to avoid an error.
|    Use char because int might match the return type of a GCC
|    builtin and then its argument prototype would still apply.  */
| #ifdef __cplusplus
| extern "C"
| #endif
| char __secure_getenv ();
| /* The GNU C library defines this for functions which it implements
|     to always fail with ENOSYS.  Some functions are actually named
|     something starting with __ and the normal name is an alias.  */
| #if defined __stub___secure_getenv || defined __stub_____secure_getenv
| choke me
| #endif
| 
| int
| main ()
| {
| return __secure_getenv ();
|   ;
|   return 0;
| }
configure:13011: result: no
configure:13011: checking for secure_getenv
configure:13011: /usr/bin/gcc -std=gnu99 -o conftest -O2 -I/project/trunk/MV-AC3_GPL/tplink/buildroot-marvell/build/mv-ac3/host/usr/include -I/project/trunk/MV-AC3_GPL/tplink/buildroot-marvell/build/mv-ac3/host/usr/include -L/project/trunk/MV-AC3_GPL/tplink/buildroot-marvell/build/mv-ac3/host/lib -L/project/trunk/MV-AC3_GPL/tplink/buildroot-marvell/build/mv-ac3/host/usr/lib -Wl,-rpath,/project/trunk/MV-AC3_GPL/tplink/buildroot-marvell/build/mv-ac3/host/usr/lib conftest.c  >&5
configure:13011: $? = 0
configure:13011: result: yes
configure:13011: checking for finit_module
configure:13011: /usr/bin/gcc -std=gnu99 -o conftest -O2 -I/project/trunk/MV-AC3_GPL/tplink/buildroot-marvell/build/mv-ac3/host/usr/include -I/project/trunk/MV-AC3_GPL/tplink/buildroot-marvell/build/mv-ac3/host/usr/include -L/project/trunk/MV-AC3_GPL/tplink/buildroot-marvell/build/mv-ac3/host/lib -L/project/trunk/MV-AC3_GPL/tplink/buildroot-marvell/build/mv-ac3/host/usr/lib -Wl,-rpath,/project/trunk/MV-AC3_GPL/tplink/buildroot-marvell/build/mv-ac3/host/usr/lib conftest.c  >&5
/tmp/cc6pUReZ.o: In function `main':
conftest.c:(.text.startup+0x7): undefined reference to `finit_module'
collect2: error: ld returned 1 exit status
configure:13011: $? = 1
configure: failed program was:
| /* confdefs.h */
| #define PACKAGE_NAME "kmod"
| #define PACKAGE_TARNAME "kmod"
| #define PACKAGE_VERSION "20"
| #define PACKAGE_STRING "kmod 20"
| #define PACKAGE_BUGREPORT "linux-modules@vger.kernel.org"
| #define PACKAGE_URL "http://git.kernel.org/?p=utils/kernel/kmod/kmod.git"
| #define STDC_HEADERS 1
| #define HAVE_SYS_TYPES_H 1
| #define HAVE_SYS_STAT_H 1
| #define HAVE_STDLIB_H 1
| #define HAVE_STRING_H 1
| #define HAVE_MEMORY_H 1
| #define HAVE_STRINGS_H 1
| #define HAVE_INTTYPES_H 1
| #define HAVE_STDINT_H 1
| #define HAVE_UNISTD_H 1
| #define __EXTENSIONS__ 1
| #define _ALL_SOURCE 1
| #define _GNU_SOURCE 1
| #define _POSIX_PTHREAD_SEMANTICS 1
| #define _TANDEM_SOURCE 1
| #define _FILE_OFFSET_BITS 64
| #define PACKAGE "kmod"
| #define VERSION "20"
| #define HAVE_DLFCN_H 1
| #define LT_OBJDIR ".libs/"
| #define HAVE___XSTAT 1
| #define HAVE_SECURE_GETENV 1
| /* end confdefs.h.  */
| /* Define finit_module to an innocuous variant, in case <limits.h> declares finit_module.
|    For example, HP-UX 11i <limits.h> declares gettimeofday.  */
| #define finit_module innocuous_finit_module
| 
| /* System header to define __stub macros and hopefully few prototypes,
|     which can conflict with char finit_module (); below.
|     Prefer <limits.h> to <assert.h> if __STDC__ is defined, since
|     <limits.h> exists even on freestanding compilers.  */
| 
| #ifdef __STDC__
| # include <limits.h>
| #else
| # include <assert.h>
| #endif
| 
| #undef finit_module
| 
| /* Override any GCC internal prototype to avoid an error.
|    Use char because int might match the return type of a GCC
|    builtin and then its argument prototype would still apply.  */
| #ifdef __cplusplus
| extern "C"
| #endif
| char finit_module ();
| /* The GNU C library defines this for functions which it implements
|     to always fail with ENOSYS.  Some functions are actually named
|     something starting with __ and the normal name is an alias.  */
| #if defined __stub_finit_module || defined __stub___finit_module
| choke me
| #endif
| 
| int
| main ()
| {
| return finit_module ();
|   ;
|   return 0;
| }
configure:13011: result: no
configure:13034: checking if compiler has __builtin_clz builtin function
configure:13051: /usr/bin/gcc -std=gnu99 -o conftest -O2 -I/project/trunk/MV-AC3_GPL/tplink/buildroot-marvell/build/mv-ac3/host/usr/include -I/project/trunk/MV-AC3_GPL/tplink/buildroot-marvell/build/mv-ac3/host/usr/include -L/project/trunk/MV-AC3_GPL/tplink/buildroot-marvell/build/mv-ac3/host/lib -L/project/trunk/MV-AC3_GPL/tplink/buildroot-marvell/build/mv-ac3/host/usr/lib -Wl,-rpath,/project/trunk/MV-AC3_GPL/tplink/buildroot-marvell/build/mv-ac3/host/usr/lib conftest.c  >&5
configure:13051: $? = 0
configure:13059: result: yes
configure:13081: checking if compiler has __builtin_types_compatible_p builtin function
configure:13098: /usr/bin/gcc -std=gnu99 -o conftest -O2 -I/project/trunk/MV-AC3_GPL/tplink/buildroot-marvell/build/mv-ac3/host/usr/include -I/project/trunk/MV-AC3_GPL/tplink/buildroot-marvell/build/mv-ac3/host/usr/include -L/project/trunk/MV-AC3_GPL/tplink/buildroot-marvell/build/mv-ac3/host/lib -L/project/trunk/MV-AC3_GPL/tplink/buildroot-marvell/build/mv-ac3/host/usr/lib -Wl,-rpath,/project/trunk/MV-AC3_GPL/tplink/buildroot-marvell/build/mv-ac3/host/usr/lib conftest.c  >&5
configure:13098: $? = 0
configure:13106: result: yes
configure:13128: checking if compiler has __builtin_uaddl_overflow builtin function
configure:13145: /usr/bin/gcc -std=gnu99 -o conftest -O2 -I/project/trunk/MV-AC3_GPL/tplink/buildroot-marvell/build/mv-ac3/host/usr/include -I/project/trunk/MV-AC3_GPL/tplink/buildroot-marvell/build/mv-ac3/host/usr/include -L/project/trunk/MV-AC3_GPL/tplink/buildroot-marvell/build/mv-ac3/host/lib -L/project/trunk/MV-AC3_GPL/tplink/buildroot-marvell/build/mv-ac3/host/usr/lib -Wl,-rpath,/project/trunk/MV-AC3_GPL/tplink/buildroot-marvell/build/mv-ac3/host/usr/lib conftest.c  >&5
conftest.c: In function 'main':
conftest.c:38:8: warning: implicit declaration of function '__builtin_uaddl_overflow' [-Wimplicit-function-declaration]
        __builtin_uaddl_overflow(0UL, 0UL, (void*)0)
        ^
/tmp/cc5IYHu8.o: In function `main':
conftest.c:(.text.startup+0x21): undefined reference to `__builtin_uaddl_overflow'
collect2: error: ld returned 1 exit status
configure:13145: $? = 1
configure: failed program was:
| /* confdefs.h */
| #define PACKAGE_NAME "kmod"
| #define PACKAGE_TARNAME "kmod"
| #define PACKAGE_VERSION "20"
| #define PACKAGE_STRING "kmod 20"
| #define PACKAGE_BUGREPORT "linux-modules@vger.kernel.org"
| #define PACKAGE_URL "http://git.kernel.org/?p=utils/kernel/kmod/kmod.git"
| #define STDC_HEADERS 1
| #define HAVE_SYS_TYPES_H 1
| #define HAVE_SYS_STAT_H 1
| #define HAVE_STDLIB_H 1
| #define HAVE_STRING_H 1
| #define HAVE_MEMORY_H 1
| #define HAVE_STRINGS_H 1
| #define HAVE_INTTYPES_H 1
| #define HAVE_STDINT_H 1
| #define HAVE_UNISTD_H 1
| #define __EXTENSIONS__ 1
| #define _ALL_SOURCE 1
| #define _GNU_SOURCE 1
| #define _POSIX_PTHREAD_SEMANTICS 1
| #define _TANDEM_SOURCE 1
| #define _FILE_OFFSET_BITS 64
| #define PACKAGE "kmod"
| #define VERSION "20"
| #define HAVE_DLFCN_H 1
| #define LT_OBJDIR ".libs/"
| #define HAVE___XSTAT 1
| #define HAVE_SECURE_GETENV 1
| #define HAVE___BUILTIN_CLZ 1
| #define HAVE___BUILTIN_TYPES_COMPATIBLE_P 1
| /* end confdefs.h.  */
| 
| int
| main ()
| {
| 
|        __builtin_uaddl_overflow(0UL, 0UL, (void*)0)
|   ;
|   return 0;
| }
configure:13153: result: no
configure:13175: checking if compiler has __builtin_uaddll_overflow builtin function
configure:13192: /usr/bin/gcc -std=gnu99 -o conftest -O2 -I/project/trunk/MV-AC3_GPL/tplink/buildroot-marvell/build/mv-ac3/host/usr/include -I/project/trunk/MV-AC3_GPL/tplink/buildroot-marvell/build/mv-ac3/host/usr/include -L/project/trunk/MV-AC3_GPL/tplink/buildroot-marvell/build/mv-ac3/host/lib -L/project/trunk/MV-AC3_GPL/tplink/buildroot-marvell/build/mv-ac3/host/usr/lib -Wl,-rpath,/project/trunk/MV-AC3_GPL/tplink/buildroot-marvell/build/mv-ac3/host/usr/lib conftest.c  >&5
conftest.c: In function 'main':
conftest.c:39:8: warning: implicit declaration of function '__builtin_uaddll_overflow' [-Wimplicit-function-declaration]
        __builtin_uaddll_overflow(0ULL, 0ULL, (void*)0)
        ^
/tmp/ccPgfz56.o: In function `main':
conftest.c:(.text.startup+0x31): undefined reference to `__builtin_uaddll_overflow'
collect2: error: ld returned 1 exit status
configure:13192: $? = 1
configure: failed program was:
| /* confdefs.h */
| #define PACKAGE_NAME "kmod"
| #define PACKAGE_TARNAME "kmod"
| #define PACKAGE_VERSION "20"
| #define PACKAGE_STRING "kmod 20"
| #define PACKAGE_BUGREPORT "linux-modules@vger.kernel.org"
| #define PACKAGE_URL "http://git.kernel.org/?p=utils/kernel/kmod/kmod.git"
| #define STDC_HEADERS 1
| #define HAVE_SYS_TYPES_H 1
| #define HAVE_SYS_STAT_H 1
| #define HAVE_STDLIB_H 1
| #define HAVE_STRING_H 1
| #define HAVE_MEMORY_H 1
| #define HAVE_STRINGS_H 1
| #define HAVE_INTTYPES_H 1
| #define HAVE_STDINT_H 1
| #define HAVE_UNISTD_H 1
| #define __EXTENSIONS__ 1
| #define _ALL_SOURCE 1
| #define _GNU_SOURCE 1
| #define _POSIX_PTHREAD_SEMANTICS 1
| #define _TANDEM_SOURCE 1
| #define _FILE_OFFSET_BITS 64
| #define PACKAGE "kmod"
| #define VERSION "20"
| #define HAVE_DLFCN_H 1
| #define LT_OBJDIR ".libs/"
| #define HAVE___XSTAT 1
| #define HAVE_SECURE_GETENV 1
| #define HAVE___BUILTIN_CLZ 1
| #define HAVE___BUILTIN_TYPES_COMPATIBLE_P 1
| #define HAVE___BUILTIN_UADDL_OVERFLOW 0
| /* end confdefs.h.  */
| 
| int
| main ()
| {
| 
|        __builtin_uaddll_overflow(0ULL, 0ULL, (void*)0)
|   ;
|   return 0;
| }
configure:13200: result: no
configure:13222: checking for struct stat.st_mtim
configure:13222: /usr/bin/gcc -std=gnu99 -c -O2 -I/project/trunk/MV-AC3_GPL/tplink/buildroot-marvell/build/mv-ac3/host/usr/include -I/project/trunk/MV-AC3_GPL/tplink/buildroot-marvell/build/mv-ac3/host/usr/include conftest.c >&5
conftest.c: In function 'main':
conftest.c:41:5: error: used struct type value where scalar is required
 if (ac_aggr.st_mtim)
     ^
configure:13222: $? = 1
configure: failed program was:
| /* confdefs.h */
| #define PACKAGE_NAME "kmod"
| #define PACKAGE_TARNAME "kmod"
| #define PACKAGE_VERSION "20"
| #define PACKAGE_STRING "kmod 20"
| #define PACKAGE_BUGREPORT "linux-modules@vger.kernel.org"
| #define PACKAGE_URL "http://git.kernel.org/?p=utils/kernel/kmod/kmod.git"
| #define STDC_HEADERS 1
| #define HAVE_SYS_TYPES_H 1
| #define HAVE_SYS_STAT_H 1
| #define HAVE_STDLIB_H 1
| #define HAVE_STRING_H 1
| #define HAVE_MEMORY_H 1
| #define HAVE_STRINGS_H 1
| #define HAVE_INTTYPES_H 1
| #define HAVE_STDINT_H 1
| #define HAVE_UNISTD_H 1
| #define __EXTENSIONS__ 1
| #define _ALL_SOURCE 1
| #define _GNU_SOURCE 1
| #define _POSIX_PTHREAD_SEMANTICS 1
| #define _TANDEM_SOURCE 1
| #define _FILE_OFFSET_BITS 64
| #define PACKAGE "kmod"
| #define VERSION "20"
| #define HAVE_DLFCN_H 1
| #define LT_OBJDIR ".libs/"
| #define HAVE___XSTAT 1
| #define HAVE_SECURE_GETENV 1
| #define HAVE___BUILTIN_CLZ 1
| #define HAVE___BUILTIN_TYPES_COMPATIBLE_P 1
| #define HAVE___BUILTIN_UADDL_OVERFLOW 0
| #define HAVE___BUILTIN_UADDLL_OVERFLOW 0
| /* end confdefs.h.  */
| #include <sys/stat.h>
| 
| int
| main ()
| {
| static struct stat ac_aggr;
| if (ac_aggr.st_mtim)
| return 0;
|   ;
|   return 0;
| }
configure:13222: /usr/bin/gcc -std=gnu99 -c -O2 -I/project/trunk/MV-AC3_GPL/tplink/buildroot-marvell/build/mv-ac3/host/usr/include -I/project/trunk/MV-AC3_GPL/tplink/buildroot-marvell/build/mv-ac3/host/usr/include conftest.c >&5
configure:13222: $? = 0
configure:13222: result: yes
configure:13235: checking whether strndupa is declared
configure:13235: /usr/bin/gcc -std=gnu99 -c -O2 -I/project/trunk/MV-AC3_GPL/tplink/buildroot-marvell/build/mv-ac3/host/usr/include -I/project/trunk/MV-AC3_GPL/tplink/buildroot-marvell/build/mv-ac3/host/usr/include conftest.c >&5
configure:13235: $? = 0
configure:13235: result: yes
configure:13249: checking whether be32toh is declared
configure:13249: /usr/bin/gcc -std=gnu99 -c -O2 -I/project/trunk/MV-AC3_GPL/tplink/buildroot-marvell/build/mv-ac3/host/usr/include -I/project/trunk/MV-AC3_GPL/tplink/buildroot-marvell/build/mv-ac3/host/usr/include conftest.c >&5
configure:13249: $? = 0
configure:13249: result: yes
configure:13269: checking for linux/module.h
configure:13269: /usr/bin/gcc -std=gnu99 -c -O2 -I/project/trunk/MV-AC3_GPL/tplink/buildroot-marvell/build/mv-ac3/host/usr/include -I/project/trunk/MV-AC3_GPL/tplink/buildroot-marvell/build/mv-ac3/host/usr/include conftest.c >&5
conftest.c:72:26: fatal error: linux/module.h: No such file or directory
 #include <linux/module.h>
                          ^
compilation terminated.
configure:13269: $? = 1
configure: failed program was:
| /* confdefs.h */
| #define PACKAGE_NAME "kmod"
| #define PACKAGE_TARNAME "kmod"
| #define PACKAGE_VERSION "20"
| #define PACKAGE_STRING "kmod 20"
| #define PACKAGE_BUGREPORT "linux-modules@vger.kernel.org"
| #define PACKAGE_URL "http://git.kernel.org/?p=utils/kernel/kmod/kmod.git"
| #define STDC_HEADERS 1
| #define HAVE_SYS_TYPES_H 1
| #define HAVE_SYS_STAT_H 1
| #define HAVE_STDLIB_H 1
| #define HAVE_STRING_H 1
| #define HAVE_MEMORY_H 1
| #define HAVE_STRINGS_H 1
| #define HAVE_INTTYPES_H 1
| #define HAVE_STDINT_H 1
| #define HAVE_UNISTD_H 1
| #define __EXTENSIONS__ 1
| #define _ALL_SOURCE 1
| #define _GNU_SOURCE 1
| #define _POSIX_PTHREAD_SEMANTICS 1
| #define _TANDEM_SOURCE 1
| #define _FILE_OFFSET_BITS 64
| #define PACKAGE "kmod"
| #define VERSION "20"
| #define HAVE_DLFCN_H 1
| #define LT_OBJDIR ".libs/"
| #define HAVE___XSTAT 1
| #define HAVE_SECURE_GETENV 1
| #define HAVE___BUILTIN_CLZ 1
| #define HAVE___BUILTIN_TYPES_COMPATIBLE_P 1
| #define HAVE___BUILTIN_UADDL_OVERFLOW 0
| #define HAVE___BUILTIN_UADDLL_OVERFLOW 0
| #define HAVE_STRUCT_STAT_ST_MTIM 1
| #define HAVE_DECL_STRNDUPA 1
| #define HAVE_DECL_BE32TOH 1
| /* end confdefs.h.  */
| #include <stdio.h>
| #ifdef HAVE_SYS_TYPES_H
| # include <sys/types.h>
| #endif
| #ifdef HAVE_SYS_STAT_H
| # include <sys/stat.h>
| #endif
| #ifdef STDC_HEADERS
| # include <stdlib.h>
| # include <stddef.h>
| #else
| # ifdef HAVE_STDLIB_H
| #  include <stdlib.h>
| # endif
| #endif
| #ifdef HAVE_STRING_H
| # if !defined STDC_HEADERS && defined HAVE_MEMORY_H
| #  include <memory.h>
| # endif
| # include <string.h>
| #endif
| #ifdef HAVE_STRINGS_H
| # include <strings.h>
| #endif
| #ifdef HAVE_INTTYPES_H
| # include <inttypes.h>
| #endif
| #ifdef HAVE_STDINT_H
| # include <stdint.h>
| #endif
| #ifdef HAVE_UNISTD_H
| # include <unistd.h>
| #endif
| 
| #include <linux/module.h>
configure:13269: result: no
configure:13284: checking whether _Static_assert() is supported
configure:13290: /usr/bin/gcc -std=gnu99 -c -O2 -I/project/trunk/MV-AC3_GPL/tplink/buildroot-marvell/build/mv-ac3/host/usr/include -I/project/trunk/MV-AC3_GPL/tplink/buildroot-marvell/build/mv-ac3/host/usr/include conftest.c >&5
configure:13290: $? = 0
configure:13294: result: yes
configure:13302: checking whether _Noreturn is supported
configure:13308: /usr/bin/gcc -std=gnu99 -c -O2 -I/project/trunk/MV-AC3_GPL/tplink/buildroot-marvell/build/mv-ac3/host/usr/include -I/project/trunk/MV-AC3_GPL/tplink/buildroot-marvell/build/mv-ac3/host/usr/include conftest.c >&5
conftest.c: In function 'foo':
conftest.c:39:1: warning: implicit declaration of function 'exit' [-Wimplicit-function-declaration]
 _Noreturn int foo(void) { exit(0); }
 ^
conftest.c:39:27: warning: incompatible implicit declaration of built-in function 'exit' [enabled by default]
 _Noreturn int foo(void) { exit(0); }
                           ^
configure:13308: $? = 0
configure:13312: result: yes
configure:13443: Xz support not requested
configure:13555: zlib support not requested
configure:14246: checking for gtk-doc
configure:14249: $PKG_CONFIG --exists --print-errors "$gtk_doc_requires"
Package gtk-doc was not found in the pkg-config search path.
Perhaps you should add the directory containing `gtk-doc.pc'
to the PKG_CONFIG_PATH environment variable
Package 'gtk-doc', required by 'world', not found
configure:14252: $? = 1
configure:14258: result: no
configure:14264: WARNING:
  You will not be able to create source packages with 'make dist'
  because gtk-doc >= 1.14 is not found.
configure:14272: checking for gtkdoc-check
configure:14302: result: no
configure:14309: checking for gtkdoc-check
configure:14342: result: no
configure:14351: checking for gtkdoc-rebase
configure:14384: result: no
configure:14395: checking for gtkdoc-mkpdf
configure:14428: result: no
configure:14453: checking whether to build gtk-doc documentation
configure:14455: result: no
configure:14468: checking for GTKDOC_DEPS
configure:14475: $PKG_CONFIG --exists --print-errors "glib-2.0 >= 2.10.0 gobject-2.0  >= 2.10.0"
Package glib-2.0 was not found in the pkg-config search path.
Perhaps you should add the directory containing `glib-2.0.pc'
to the PKG_CONFIG_PATH environment variable
Package 'glib-2.0', required by 'world', not found
Package 'gobject-2.0', required by 'world', not found
configure:14478: $? = 1
configure:14492: $PKG_CONFIG --exists --print-errors "glib-2.0 >= 2.10.0 gobject-2.0  >= 2.10.0"
Package glib-2.0 was not found in the pkg-config search path.
Perhaps you should add the directory containing `glib-2.0.pc'
to the PKG_CONFIG_PATH environment variable
Package 'glib-2.0', required by 'world', not found
Package 'gobject-2.0', required by 'world', not found
configure:14495: $? = 1
configure:14509: result: no
Package glib-2.0 was not found in the pkg-config search path.
Perhaps you should add the directory containing `glib-2.0.pc'
to the PKG_CONFIG_PATH environment variable
Package 'glib-2.0', required by 'world', not found
Package 'gobject-2.0', required by 'world', not found
configure:14664: checking if /usr/bin/gcc -std=gnu99 supports flag -pipe in envvar CFLAGS
configure:14675: /usr/bin/gcc -std=gnu99 -o conftest -Werror -pipe -I/project/trunk/MV-AC3_GPL/tplink/buildroot-marvell/build/mv-ac3/host/usr/include -L/project/trunk/MV-AC3_GPL/tplink/buildroot-marvell/build/mv-ac3/host/lib -L/project/trunk/MV-AC3_GPL/tplink/buildroot-marvell/build/mv-ac3/host/usr/lib -Wl,-rpath,/project/trunk/MV-AC3_GPL/tplink/buildroot-marvell/build/mv-ac3/host/usr/lib conftest.c  >&5
configure:14675: $? = 0
configure:14685: result: yes
configure:14664: checking if /usr/bin/gcc -std=gnu99 supports flag -DANOTHER_BRICK_IN_THE in envvar CFLAGS
configure:14675: /usr/bin/gcc -std=gnu99 -o conftest -Werror -DANOTHER_BRICK_IN_THE -I/project/trunk/MV-AC3_GPL/tplink/buildroot-marvell/build/mv-ac3/host/usr/include -L/project/trunk/MV-AC3_GPL/tplink/buildroot-marvell/build/mv-ac3/host/lib -L/project/trunk/MV-AC3_GPL/tplink/buildroot-marvell/build/mv-ac3/host/usr/lib -Wl,-rpath,/project/trunk/MV-AC3_GPL/tplink/buildroot-marvell/build/mv-ac3/host/usr/lib conftest.c  >&5
configure:14675: $? = 0
configure:14685: result: yes
configure:14664: checking if /usr/bin/gcc -std=gnu99 supports flag -Wall in envvar CFLAGS
configure:14675: /usr/bin/gcc -std=gnu99 -o conftest -Werror -Wall -I/project/trunk/MV-AC3_GPL/tplink/buildroot-marvell/build/mv-ac3/host/usr/include -L/project/trunk/MV-AC3_GPL/tplink/buildroot-marvell/build/mv-ac3/host/lib -L/project/trunk/MV-AC3_GPL/tplink/buildroot-marvell/build/mv-ac3/host/usr/lib -Wl,-rpath,/project/trunk/MV-AC3_GPL/tplink/buildroot-marvell/build/mv-ac3/host/usr/lib conftest.c  >&5
configure:14675: $? = 0
configure:14685: result: yes
configure:14664: checking if /usr/bin/gcc -std=gnu99 supports flag -W in envvar CFLAGS
configure:14675: /usr/bin/gcc -std=gnu99 -o conftest -Werror -W -I/project/trunk/MV-AC3_GPL/tplink/buildroot-marvell/build/mv-ac3/host/usr/include -L/project/trunk/MV-AC3_GPL/tplink/buildroot-marvell/build/mv-ac3/host/lib -L/project/trunk/MV-AC3_GPL/tplink/buildroot-marvell/build/mv-ac3/host/usr/lib -Wl,-rpath,/project/trunk/MV-AC3_GPL/tplink/buildroot-marvell/build/mv-ac3/host/usr/lib conftest.c  >&5
configure:14675: $? = 0
configure:14685: result: yes
configure:14664: checking if /usr/bin/gcc -std=gnu99 supports flag -Wextra in envvar CFLAGS
configure:14675: /usr/bin/gcc -std=gnu99 -o conftest -Werror -Wextra -I/project/trunk/MV-AC3_GPL/tplink/buildroot-marvell/build/mv-ac3/host/usr/include -L/project/trunk/MV-AC3_GPL/tplink/buildroot-marvell/build/mv-ac3/host/lib -L/project/trunk/MV-AC3_GPL/tplink/buildroot-marvell/build/mv-ac3/host/usr/lib -Wl,-rpath,/project/trunk/MV-AC3_GPL/tplink/buildroot-marvell/build/mv-ac3/host/usr/lib conftest.c  >&5
configure:14675: $? = 0
configure:14685: result: yes
configure:14664: checking if /usr/bin/gcc -std=gnu99 supports flag -Wno-inline in envvar CFLAGS
configure:14675: /usr/bin/gcc -std=gnu99 -o conftest -Werror -Winline -I/project/trunk/MV-AC3_GPL/tplink/buildroot-marvell/build/mv-ac3/host/usr/include -L/project/trunk/MV-AC3_GPL/tplink/buildroot-marvell/build/mv-ac3/host/lib -L/project/trunk/MV-AC3_GPL/tplink/buildroot-marvell/build/mv-ac3/host/usr/lib -Wl,-rpath,/project/trunk/MV-AC3_GPL/tplink/buildroot-marvell/build/mv-ac3/host/usr/lib conftest.c  >&5
configure:14675: $? = 0
configure:14685: result: yes
configure:14664: checking if /usr/bin/gcc -std=gnu99 supports flag -Wvla in envvar CFLAGS
configure:14675: /usr/bin/gcc -std=gnu99 -o conftest -Werror -Wvla -I/project/trunk/MV-AC3_GPL/tplink/buildroot-marvell/build/mv-ac3/host/usr/include -L/project/trunk/MV-AC3_GPL/tplink/buildroot-marvell/build/mv-ac3/host/lib -L/project/trunk/MV-AC3_GPL/tplink/buildroot-marvell/build/mv-ac3/host/usr/lib -Wl,-rpath,/project/trunk/MV-AC3_GPL/tplink/buildroot-marvell/build/mv-ac3/host/usr/lib conftest.c  >&5
configure:14675: $? = 0
configure:14685: result: yes
configure:14664: checking if /usr/bin/gcc -std=gnu99 supports flag -Wundef in envvar CFLAGS
configure:14675: /usr/bin/gcc -std=gnu99 -o conftest -Werror -Wundef -I/project/trunk/MV-AC3_GPL/tplink/buildroot-marvell/build/mv-ac3/host/usr/include -L/project/trunk/MV-AC3_GPL/tplink/buildroot-marvell/build/mv-ac3/host/lib -L/project/trunk/MV-AC3_GPL/tplink/buildroot-marvell/build/mv-ac3/host/usr/lib -Wl,-rpath,/project/trunk/MV-AC3_GPL/tplink/buildroot-marvell/build/mv-ac3/host/usr/lib conftest.c  >&5
configure:14675: $? = 0
configure:14685: result: yes
configure:14664: checking if /usr/bin/gcc -std=gnu99 supports flag -Wformat=2 in envvar CFLAGS
configure:14675: /usr/bin/gcc -std=gnu99 -o conftest -Werror -Wformat=2 -I/project/trunk/MV-AC3_GPL/tplink/buildroot-marvell/build/mv-ac3/host/usr/include -L/project/trunk/MV-AC3_GPL/tplink/buildroot-marvell/build/mv-ac3/host/lib -L/project/trunk/MV-AC3_GPL/tplink/buildroot-marvell/build/mv-ac3/host/usr/lib -Wl,-rpath,/project/trunk/MV-AC3_GPL/tplink/buildroot-marvell/build/mv-ac3/host/usr/lib conftest.c  >&5
configure:14675: $? = 0
configure:14685: result: yes
configure:14664: checking if /usr/bin/gcc -std=gnu99 supports flag -Wlogical-op in envvar CFLAGS
configure:14675: /usr/bin/gcc -std=gnu99 -o conftest -Werror -Wlogical-op -I/project/trunk/MV-AC3_GPL/tplink/buildroot-marvell/build/mv-ac3/host/usr/include -L/project/trunk/MV-AC3_GPL/tplink/buildroot-marvell/build/mv-ac3/host/lib -L/project/trunk/MV-AC3_GPL/tplink/buildroot-marvell/build/mv-ac3/host/usr/lib -Wl,-rpath,/project/trunk/MV-AC3_GPL/tplink/buildroot-marvell/build/mv-ac3/host/usr/lib conftest.c  >&5
configure:14675: $? = 0
configure:14685: result: yes
configure:14664: checking if /usr/bin/gcc -std=gnu99 supports flag -Wsign-compare in envvar CFLAGS
configure:14675: /usr/bin/gcc -std=gnu99 -o conftest -Werror -Wsign-compare -I/project/trunk/MV-AC3_GPL/tplink/buildroot-marvell/build/mv-ac3/host/usr/include -L/project/trunk/MV-AC3_GPL/tplink/buildroot-marvell/build/mv-ac3/host/lib -L/project/trunk/MV-AC3_GPL/tplink/buildroot-marvell/build/mv-ac3/host/usr/lib -Wl,-rpath,/project/trunk/MV-AC3_GPL/tplink/buildroot-marvell/build/mv-ac3/host/usr/lib conftest.c  >&5
configure:14675: $? = 0
configure:14685: result: yes
configure:14664: checking if /usr/bin/gcc -std=gnu99 supports flag -Wformat-security in envvar CFLAGS
configure:14675: /usr/bin/gcc -std=gnu99 -o conftest -Werror -Wformat-security -I/project/trunk/MV-AC3_GPL/tplink/buildroot-marvell/build/mv-ac3/host/usr/include -L/project/trunk/MV-AC3_GPL/tplink/buildroot-marvell/build/mv-ac3/host/lib -L/project/trunk/MV-AC3_GPL/tplink/buildroot-marvell/build/mv-ac3/host/usr/lib -Wl,-rpath,/project/trunk/MV-AC3_GPL/tplink/buildroot-marvell/build/mv-ac3/host/usr/lib conftest.c  >&5
configure:14675: $? = 0
configure:14685: result: yes
configure:14664: checking if /usr/bin/gcc -std=gnu99 supports flag -Wmissing-include-dirs in envvar CFLAGS
configure:14675: /usr/bin/gcc -std=gnu99 -o conftest -Werror -Wmissing-include-dirs -I/project/trunk/MV-AC3_GPL/tplink/buildroot-marvell/build/mv-ac3/host/usr/include -L/project/trunk/MV-AC3_GPL/tplink/buildroot-marvell/build/mv-ac3/host/lib -L/project/trunk/MV-AC3_GPL/tplink/buildroot-marvell/build/mv-ac3/host/usr/lib -Wl,-rpath,/project/trunk/MV-AC3_GPL/tplink/buildroot-marvell/build/mv-ac3/host/usr/lib conftest.c  >&5
configure:14675: $? = 0
configure:14685: result: yes
configure:14664: checking if /usr/bin/gcc -std=gnu99 supports flag -Wformat-nonliteral in envvar CFLAGS
configure:14675: /usr/bin/gcc -std=gnu99 -o conftest -Werror -Wformat-nonliteral -I/project/trunk/MV-AC3_GPL/tplink/buildroot-marvell/build/mv-ac3/host/usr/include -L/project/trunk/MV-AC3_GPL/tplink/buildroot-marvell/build/mv-ac3/host/lib -L/project/trunk/MV-AC3_GPL/tplink/buildroot-marvell/build/mv-ac3/host/usr/lib -Wl,-rpath,/project/trunk/MV-AC3_GPL/tplink/buildroot-marvell/build/mv-ac3/host/usr/lib conftest.c  >&5
configure:14675: $? = 0
configure:14685: result: yes
configure:14664: checking if /usr/bin/gcc -std=gnu99 supports flag -Wold-style-definition in envvar CFLAGS
configure:14675: /usr/bin/gcc -std=gnu99 -o conftest -Werror -Wold-style-definition -I/project/trunk/MV-AC3_GPL/tplink/buildroot-marvell/build/mv-ac3/host/usr/include -L/project/trunk/MV-AC3_GPL/tplink/buildroot-marvell/build/mv-ac3/host/lib -L/project/trunk/MV-AC3_GPL/tplink/buildroot-marvell/build/mv-ac3/host/usr/lib -Wl,-rpath,/project/trunk/MV-AC3_GPL/tplink/buildroot-marvell/build/mv-ac3/host/usr/lib conftest.c  >&5
configure:14675: $? = 0
configure:14685: result: yes
configure:14664: checking if /usr/bin/gcc -std=gnu99 supports flag -Wpointer-arith in envvar CFLAGS
configure:14675: /usr/bin/gcc -std=gnu99 -o conftest -Werror -Wpointer-arith -I/project/trunk/MV-AC3_GPL/tplink/buildroot-marvell/build/mv-ac3/host/usr/include -L/project/trunk/MV-AC3_GPL/tplink/buildroot-marvell/build/mv-ac3/host/lib -L/project/trunk/MV-AC3_GPL/tplink/buildroot-marvell/build/mv-ac3/host/usr/lib -Wl,-rpath,/project/trunk/MV-AC3_GPL/tplink/buildroot-marvell/build/mv-ac3/host/usr/lib conftest.c  >&5
configure:14675: $? = 0
configure:14685: result: yes
configure:14664: checking if /usr/bin/gcc -std=gnu99 supports flag -Winit-self in envvar CFLAGS
configure:14675: /usr/bin/gcc -std=gnu99 -o conftest -Werror -Winit-self -I/project/trunk/MV-AC3_GPL/tplink/buildroot-marvell/build/mv-ac3/host/usr/include -L/project/trunk/MV-AC3_GPL/tplink/buildroot-marvell/build/mv-ac3/host/lib -L/project/trunk/MV-AC3_GPL/tplink/buildroot-marvell/build/mv-ac3/host/usr/lib -Wl,-rpath,/project/trunk/MV-AC3_GPL/tplink/buildroot-marvell/build/mv-ac3/host/usr/lib conftest.c  >&5
configure:14675: $? = 0
configure:14685: result: yes
configure:14664: checking if /usr/bin/gcc -std=gnu99 supports flag -Wdeclaration-after-statement in envvar CFLAGS
configure:14675: /usr/bin/gcc -std=gnu99 -o conftest -Werror -Wdeclaration-after-statement -I/project/trunk/MV-AC3_GPL/tplink/buildroot-marvell/build/mv-ac3/host/usr/include -L/project/trunk/MV-AC3_GPL/tplink/buildroot-marvell/build/mv-ac3/host/lib -L/project/trunk/MV-AC3_GPL/tplink/buildroot-marvell/build/mv-ac3/host/usr/lib -Wl,-rpath,/project/trunk/MV-AC3_GPL/tplink/buildroot-marvell/build/mv-ac3/host/usr/lib conftest.c  >&5
configure:14675: $? = 0
configure:14685: result: yes
configure:14664: checking if /usr/bin/gcc -std=gnu99 supports flag -Wfloat-equal in envvar CFLAGS
configure:14675: /usr/bin/gcc -std=gnu99 -o conftest -Werror -Wfloat-equal -I/project/trunk/MV-AC3_GPL/tplink/buildroot-marvell/build/mv-ac3/host/usr/include -L/project/trunk/MV-AC3_GPL/tplink/buildroot-marvell/build/mv-ac3/host/lib -L/project/trunk/MV-AC3_GPL/tplink/buildroot-marvell/build/mv-ac3/host/usr/lib -Wl,-rpath,/project/trunk/MV-AC3_GPL/tplink/buildroot-marvell/build/mv-ac3/host/usr/lib conftest.c  >&5
configure:14675: $? = 0
configure:14685: result: yes
configure:14664: checking if /usr/bin/gcc -std=gnu99 supports flag -Wmissing-prototypes in envvar CFLAGS
configure:14675: /usr/bin/gcc -std=gnu99 -o conftest -Werror -Wmissing-prototypes -I/project/trunk/MV-AC3_GPL/tplink/buildroot-marvell/build/mv-ac3/host/usr/include -L/project/trunk/MV-AC3_GPL/tplink/buildroot-marvell/build/mv-ac3/host/lib -L/project/trunk/MV-AC3_GPL/tplink/buildroot-marvell/build/mv-ac3/host/usr/lib -Wl,-rpath,/project/trunk/MV-AC3_GPL/tplink/buildroot-marvell/build/mv-ac3/host/usr/lib conftest.c  >&5
configure:14675: $? = 0
configure:14685: result: yes
configure:14664: checking if /usr/bin/gcc -std=gnu99 supports flag -Wstrict-prototypes in envvar CFLAGS
configure:14675: /usr/bin/gcc -std=gnu99 -o conftest -Werror -Wstrict-prototypes -I/project/trunk/MV-AC3_GPL/tplink/buildroot-marvell/build/mv-ac3/host/usr/include -L/project/trunk/MV-AC3_GPL/tplink/buildroot-marvell/build/mv-ac3/host/lib -L/project/trunk/MV-AC3_GPL/tplink/buildroot-marvell/build/mv-ac3/host/usr/lib -Wl,-rpath,/project/trunk/MV-AC3_GPL/tplink/buildroot-marvell/build/mv-ac3/host/usr/lib conftest.c  >&5
configure:14675: $? = 0
configure:14685: result: yes
configure:14664: checking if /usr/bin/gcc -std=gnu99 supports flag -Wredundant-decls in envvar CFLAGS
configure:14675: /usr/bin/gcc -std=gnu99 -o conftest -Werror -Wredundant-decls -I/project/trunk/MV-AC3_GPL/tplink/buildroot-marvell/build/mv-ac3/host/usr/include -L/project/trunk/MV-AC3_GPL/tplink/buildroot-marvell/build/mv-ac3/host/lib -L/project/trunk/MV-AC3_GPL/tplink/buildroot-marvell/build/mv-ac3/host/usr/lib -Wl,-rpath,/project/trunk/MV-AC3_GPL/tplink/buildroot-marvell/build/mv-ac3/host/usr/lib conftest.c  >&5
configure:14675: $? = 0
configure:14685: result: yes
configure:14664: checking if /usr/bin/gcc -std=gnu99 supports flag -Wmissing-declarations in envvar CFLAGS
configure:14675: /usr/bin/gcc -std=gnu99 -o conftest -Werror -Wmissing-declarations -I/project/trunk/MV-AC3_GPL/tplink/buildroot-marvell/build/mv-ac3/host/usr/include -L/project/trunk/MV-AC3_GPL/tplink/buildroot-marvell/build/mv-ac3/host/lib -L/project/trunk/MV-AC3_GPL/tplink/buildroot-marvell/build/mv-ac3/host/usr/lib -Wl,-rpath,/project/trunk/MV-AC3_GPL/tplink/buildroot-marvell/build/mv-ac3/host/usr/lib conftest.c  >&5
configure:14675: $? = 0
configure:14685: result: yes
configure:14664: checking if /usr/bin/gcc -std=gnu99 supports flag -Wmissing-noreturn in envvar CFLAGS
configure:14675: /usr/bin/gcc -std=gnu99 -o conftest -Werror -Wmissing-noreturn -I/project/trunk/MV-AC3_GPL/tplink/buildroot-marvell/build/mv-ac3/host/usr/include -L/project/trunk/MV-AC3_GPL/tplink/buildroot-marvell/build/mv-ac3/host/lib -L/project/trunk/MV-AC3_GPL/tplink/buildroot-marvell/build/mv-ac3/host/usr/lib -Wl,-rpath,/project/trunk/MV-AC3_GPL/tplink/buildroot-marvell/build/mv-ac3/host/usr/lib conftest.c  >&5
configure:14675: $? = 0
configure:14685: result: yes
configure:14664: checking if /usr/bin/gcc -std=gnu99 supports flag -Wshadow in envvar CFLAGS
configure:14675: /usr/bin/gcc -std=gnu99 -o conftest -Werror -Wshadow -I/project/trunk/MV-AC3_GPL/tplink/buildroot-marvell/build/mv-ac3/host/usr/include -L/project/trunk/MV-AC3_GPL/tplink/buildroot-marvell/build/mv-ac3/host/lib -L/project/trunk/MV-AC3_GPL/tplink/buildroot-marvell/build/mv-ac3/host/usr/lib -Wl,-rpath,/project/trunk/MV-AC3_GPL/tplink/buildroot-marvell/build/mv-ac3/host/usr/lib conftest.c  >&5
configure:14675: $? = 0
configure:14685: result: yes
configure:14664: checking if /usr/bin/gcc -std=gnu99 supports flag -Wendif-labels in envvar CFLAGS
configure:14675: /usr/bin/gcc -std=gnu99 -o conftest -Werror -Wendif-labels -I/project/trunk/MV-AC3_GPL/tplink/buildroot-marvell/build/mv-ac3/host/usr/include -L/project/trunk/MV-AC3_GPL/tplink/buildroot-marvell/build/mv-ac3/host/lib -L/project/trunk/MV-AC3_GPL/tplink/buildroot-marvell/build/mv-ac3/host/usr/lib -Wl,-rpath,/project/trunk/MV-AC3_GPL/tplink/buildroot-marvell/build/mv-ac3/host/usr/lib conftest.c  >&5
configure:14675: $? = 0
configure:14685: result: yes
configure:14664: checking if /usr/bin/gcc -std=gnu99 supports flag -Wstrict-aliasing=3 in envvar CFLAGS
configure:14675: /usr/bin/gcc -std=gnu99 -o conftest -Werror -Wstrict-aliasing=3 -I/project/trunk/MV-AC3_GPL/tplink/buildroot-marvell/build/mv-ac3/host/usr/include -L/project/trunk/MV-AC3_GPL/tplink/buildroot-marvell/build/mv-ac3/host/lib -L/project/trunk/MV-AC3_GPL/tplink/buildroot-marvell/build/mv-ac3/host/usr/lib -Wl,-rpath,/project/trunk/MV-AC3_GPL/tplink/buildroot-marvell/build/mv-ac3/host/usr/lib conftest.c  >&5
configure:14675: $? = 0
configure:14685: result: yes
configure:14664: checking if /usr/bin/gcc -std=gnu99 supports flag -Wwrite-strings in envvar CFLAGS
configure:14675: /usr/bin/gcc -std=gnu99 -o conftest -Werror -Wwrite-strings -I/project/trunk/MV-AC3_GPL/tplink/buildroot-marvell/build/mv-ac3/host/usr/include -L/project/trunk/MV-AC3_GPL/tplink/buildroot-marvell/build/mv-ac3/host/lib -L/project/trunk/MV-AC3_GPL/tplink/buildroot-marvell/build/mv-ac3/host/usr/lib -Wl,-rpath,/project/trunk/MV-AC3_GPL/tplink/buildroot-marvell/build/mv-ac3/host/usr/lib conftest.c  >&5
configure:14675: $? = 0
configure:14685: result: yes
configure:14664: checking if /usr/bin/gcc -std=gnu99 supports flag -Wno-long-long in envvar CFLAGS
configure:14675: /usr/bin/gcc -std=gnu99 -o conftest -Werror -Wlong-long -I/project/trunk/MV-AC3_GPL/tplink/buildroot-marvell/build/mv-ac3/host/usr/include -L/project/trunk/MV-AC3_GPL/tplink/buildroot-marvell/build/mv-ac3/host/lib -L/project/trunk/MV-AC3_GPL/tplink/buildroot-marvell/build/mv-ac3/host/usr/lib -Wl,-rpath,/project/trunk/MV-AC3_GPL/tplink/buildroot-marvell/build/mv-ac3/host/usr/lib conftest.c  >&5
configure:14675: $? = 0
configure:14685: result: yes
configure:14664: checking if /usr/bin/gcc -std=gnu99 supports flag -Wno-overlength-strings in envvar CFLAGS
configure:14675: /usr/bin/gcc -std=gnu99 -o conftest -Werror -Woverlength-strings -I/project/trunk/MV-AC3_GPL/tplink/buildroot-marvell/build/mv-ac3/host/usr/include -L/project/trunk/MV-AC3_GPL/tplink/buildroot-marvell/build/mv-ac3/host/lib -L/project/trunk/MV-AC3_GPL/tplink/buildroot-marvell/build/mv-ac3/host/usr/lib -Wl,-rpath,/project/trunk/MV-AC3_GPL/tplink/buildroot-marvell/build/mv-ac3/host/usr/lib conftest.c  >&5
configure:14675: $? = 0
configure:14685: result: yes
configure:14664: checking if /usr/bin/gcc -std=gnu99 supports flag -Wno-unused-parameter in envvar CFLAGS
configure:14675: /usr/bin/gcc -std=gnu99 -o conftest -Werror -Wunused-parameter -I/project/trunk/MV-AC3_GPL/tplink/buildroot-marvell/build/mv-ac3/host/usr/include -L/project/trunk/MV-AC3_GPL/tplink/buildroot-marvell/build/mv-ac3/host/lib -L/project/trunk/MV-AC3_GPL/tplink/buildroot-marvell/build/mv-ac3/host/usr/lib -Wl,-rpath,/project/trunk/MV-AC3_GPL/tplink/buildroot-marvell/build/mv-ac3/host/usr/lib conftest.c  >&5
configure:14675: $? = 0
configure:14685: result: yes
configure:14664: checking if /usr/bin/gcc -std=gnu99 supports flag -Wno-missing-field-initializers in envvar CFLAGS
configure:14675: /usr/bin/gcc -std=gnu99 -o conftest -Werror -Wmissing-field-initializers -I/project/trunk/MV-AC3_GPL/tplink/buildroot-marvell/build/mv-ac3/host/usr/include -L/project/trunk/MV-AC3_GPL/tplink/buildroot-marvell/build/mv-ac3/host/lib -L/project/trunk/MV-AC3_GPL/tplink/buildroot-marvell/build/mv-ac3/host/usr/lib -Wl,-rpath,/project/trunk/MV-AC3_GPL/tplink/buildroot-marvell/build/mv-ac3/host/usr/lib conftest.c  >&5
configure:14675: $? = 0
configure:14685: result: yes
configure:14664: checking if /usr/bin/gcc -std=gnu99 supports flag -Wno-unused-result in envvar CFLAGS
configure:14675: /usr/bin/gcc -std=gnu99 -o conftest -Werror -Wunused-result -I/project/trunk/MV-AC3_GPL/tplink/buildroot-marvell/build/mv-ac3/host/usr/include -L/project/trunk/MV-AC3_GPL/tplink/buildroot-marvell/build/mv-ac3/host/lib -L/project/trunk/MV-AC3_GPL/tplink/buildroot-marvell/build/mv-ac3/host/usr/lib -Wl,-rpath,/project/trunk/MV-AC3_GPL/tplink/buildroot-marvell/build/mv-ac3/host/usr/lib conftest.c  >&5
configure:14675: $? = 0
configure:14685: result: yes
configure:14664: checking if /usr/bin/gcc -std=gnu99 supports flag -Wnested-externs in envvar CFLAGS
configure:14675: /usr/bin/gcc -std=gnu99 -o conftest -Werror -Wnested-externs -I/project/trunk/MV-AC3_GPL/tplink/buildroot-marvell/build/mv-ac3/host/usr/include -L/project/trunk/MV-AC3_GPL/tplink/buildroot-marvell/build/mv-ac3/host/lib -L/project/trunk/MV-AC3_GPL/tplink/buildroot-marvell/build/mv-ac3/host/usr/lib -Wl,-rpath,/project/trunk/MV-AC3_GPL/tplink/buildroot-marvell/build/mv-ac3/host/usr/lib conftest.c  >&5
configure:14675: $? = 0
configure:14685: result: yes
configure:14664: checking if /usr/bin/gcc -std=gnu99 supports flag -Wchar-subscripts in envvar CFLAGS
configure:14675: /usr/bin/gcc -std=gnu99 -o conftest -Werror -Wchar-subscripts -I/project/trunk/MV-AC3_GPL/tplink/buildroot-marvell/build/mv-ac3/host/usr/include -L/project/trunk/MV-AC3_GPL/tplink/buildroot-marvell/build/mv-ac3/host/lib -L/project/trunk/MV-AC3_GPL/tplink/buildroot-marvell/build/mv-ac3/host/usr/lib -Wl,-rpath,/project/trunk/MV-AC3_GPL/tplink/buildroot-marvell/build/mv-ac3/host/usr/lib conftest.c  >&5
configure:14675: $? = 0
configure:14685: result: yes
configure:14664: checking if /usr/bin/gcc -std=gnu99 supports flag -Wtype-limits in envvar CFLAGS
configure:14675: /usr/bin/gcc -std=gnu99 -o conftest -Werror -Wtype-limits -I/project/trunk/MV-AC3_GPL/tplink/buildroot-marvell/build/mv-ac3/host/usr/include -L/project/trunk/MV-AC3_GPL/tplink/buildroot-marvell/build/mv-ac3/host/lib -L/project/trunk/MV-AC3_GPL/tplink/buildroot-marvell/build/mv-ac3/host/usr/lib -Wl,-rpath,/project/trunk/MV-AC3_GPL/tplink/buildroot-marvell/build/mv-ac3/host/usr/lib conftest.c  >&5
configure:14675: $? = 0
configure:14685: result: yes
configure:14664: checking if /usr/bin/gcc -std=gnu99 supports flag -Wuninitialized in envvar CFLAGS
configure:14675: /usr/bin/gcc -std=gnu99 -o conftest -Werror -Wuninitialized -I/project/trunk/MV-AC3_GPL/tplink/buildroot-marvell/build/mv-ac3/host/usr/include -L/project/trunk/MV-AC3_GPL/tplink/buildroot-marvell/build/mv-ac3/host/lib -L/project/trunk/MV-AC3_GPL/tplink/buildroot-marvell/build/mv-ac3/host/usr/lib -Wl,-rpath,/project/trunk/MV-AC3_GPL/tplink/buildroot-marvell/build/mv-ac3/host/usr/lib conftest.c  >&5
configure:14675: $? = 0
configure:14685: result: yes
configure:14664: checking if /usr/bin/gcc -std=gnu99 supports flag -fno-common in envvar CFLAGS
configure:14675: /usr/bin/gcc -std=gnu99 -o conftest -Werror -fno-common -I/project/trunk/MV-AC3_GPL/tplink/buildroot-marvell/build/mv-ac3/host/usr/include -L/project/trunk/MV-AC3_GPL/tplink/buildroot-marvell/build/mv-ac3/host/lib -L/project/trunk/MV-AC3_GPL/tplink/buildroot-marvell/build/mv-ac3/host/usr/lib -Wl,-rpath,/project/trunk/MV-AC3_GPL/tplink/buildroot-marvell/build/mv-ac3/host/usr/lib conftest.c  >&5
configure:14675: $? = 0
configure:14685: result: yes
configure:14664: checking if /usr/bin/gcc -std=gnu99 supports flag -fdiagnostics-show-option in envvar CFLAGS
configure:14675: /usr/bin/gcc -std=gnu99 -o conftest -Werror -fdiagnostics-show-option -I/project/trunk/MV-AC3_GPL/tplink/buildroot-marvell/build/mv-ac3/host/usr/include -L/project/trunk/MV-AC3_GPL/tplink/buildroot-marvell/build/mv-ac3/host/lib -L/project/trunk/MV-AC3_GPL/tplink/buildroot-marvell/build/mv-ac3/host/usr/lib -Wl,-rpath,/project/trunk/MV-AC3_GPL/tplink/buildroot-marvell/build/mv-ac3/host/usr/lib conftest.c  >&5
configure:14675: $? = 0
configure:14685: result: yes
configure:14664: checking if /usr/bin/gcc -std=gnu99 supports flag -fvisibility=hidden in envvar CFLAGS
configure:14675: /usr/bin/gcc -std=gnu99 -o conftest -Werror -fvisibility=hidden -I/project/trunk/MV-AC3_GPL/tplink/buildroot-marvell/build/mv-ac3/host/usr/include -L/project/trunk/MV-AC3_GPL/tplink/buildroot-marvell/build/mv-ac3/host/lib -L/project/trunk/MV-AC3_GPL/tplink/buildroot-marvell/build/mv-ac3/host/usr/lib -Wl,-rpath,/project/trunk/MV-AC3_GPL/tplink/buildroot-marvell/build/mv-ac3/host/usr/lib conftest.c  >&5
configure:14675: $? = 0
configure:14685: result: yes
configure:14664: checking if /usr/bin/gcc -std=gnu99 supports flag -ffunction-sections in envvar CFLAGS
configure:14675: /usr/bin/gcc -std=gnu99 -o conftest -Werror -ffunction-sections -I/project/trunk/MV-AC3_GPL/tplink/buildroot-marvell/build/mv-ac3/host/usr/include -L/project/trunk/MV-AC3_GPL/tplink/buildroot-marvell/build/mv-ac3/host/lib -L/project/trunk/MV-AC3_GPL/tplink/buildroot-marvell/build/mv-ac3/host/usr/lib -Wl,-rpath,/project/trunk/MV-AC3_GPL/tplink/buildroot-marvell/build/mv-ac3/host/usr/lib conftest.c  >&5
configure:14675: $? = 0
configure:14685: result: yes
configure:14664: checking if /usr/bin/gcc -std=gnu99 supports flag -fdata-sections in envvar CFLAGS
configure:14675: /usr/bin/gcc -std=gnu99 -o conftest -Werror -fdata-sections -I/project/trunk/MV-AC3_GPL/tplink/buildroot-marvell/build/mv-ac3/host/usr/include -L/project/trunk/MV-AC3_GPL/tplink/buildroot-marvell/build/mv-ac3/host/lib -L/project/trunk/MV-AC3_GPL/tplink/buildroot-marvell/build/mv-ac3/host/usr/lib -Wl,-rpath,/project/trunk/MV-AC3_GPL/tplink/buildroot-marvell/build/mv-ac3/host/usr/lib conftest.c  >&5
configure:14675: $? = 0
configure:14685: result: yes
configure:14704: checking if /usr/bin/gcc -std=gnu99 supports flag -Wl,--as-needed in envvar LDFLAGS
configure:14715: /usr/bin/gcc -std=gnu99 -o conftest -O2 -I/project/trunk/MV-AC3_GPL/tplink/buildroot-marvell/build/mv-ac3/host/usr/include -I/project/trunk/MV-AC3_GPL/tplink/buildroot-marvell/build/mv-ac3/host/usr/include -Werror -Wl,--as-needed conftest.c  >&5
configure:14715: $? = 0
configure:14725: result: yes
configure:14704: checking if /usr/bin/gcc -std=gnu99 supports flag -Wl,--no-undefined in envvar LDFLAGS
configure:14715: /usr/bin/gcc -std=gnu99 -o conftest -O2 -I/project/trunk/MV-AC3_GPL/tplink/buildroot-marvell/build/mv-ac3/host/usr/include -I/project/trunk/MV-AC3_GPL/tplink/buildroot-marvell/build/mv-ac3/host/usr/include -Werror -Wl,--no-undefined conftest.c  >&5
configure:14715: $? = 0
configure:14725: result: yes
configure:14704: checking if /usr/bin/gcc -std=gnu99 supports flag -Wl,--gc-sections in envvar LDFLAGS
configure:14715: /usr/bin/gcc -std=gnu99 -o conftest -O2 -I/project/trunk/MV-AC3_GPL/tplink/buildroot-marvell/build/mv-ac3/host/usr/include -I/project/trunk/MV-AC3_GPL/tplink/buildroot-marvell/build/mv-ac3/host/usr/include -Werror -Wl,--gc-sections conftest.c  >&5
configure:14715: $? = 0
configure:14725: result: yes
configure:14860: checking that generated files are newer than configure
configure:14866: result: done
configure:14929: creating ./config.status

## ---------------------- ##
## Running config.status. ##
## ---------------------- ##

This file was extended by kmod config.status 20, which was
generated by GNU Autoconf 2.69.  Invocation command line was

  CONFIG_FILES    = 
  CONFIG_HEADERS  = 
  CONFIG_LINKS    = 
  CONFIG_COMMANDS = 
  $ ./config.status 

on ubuntu

config.status:1165: creating Makefile
config.status:1165: creating man/Makefile
config.status:1165: creating libkmod/docs/Makefile
config.status:1165: creating libkmod/docs/version.xml
config.status:1165: creating config.h
config.status:1394: executing depfiles commands
config.status:1394: executing libtool commands
configure:17066: WARNING: unrecognized options: --disable-doc, --disable-docs, --disable-documentation, --with-xmlto, --with-fop
configure:17094: result:
	kmod 20
	=======

	prefix:			/project/trunk/MV-AC3_GPL/tplink/buildroot-marvell/build/mv-ac3/host/usr
	sysconfdir:		/project/trunk/MV-AC3_GPL/tplink/buildroot-marvell/build/mv-ac3/host/etc
	libdir:			${exec_prefix}/lib
	rootlibdir:		${exec_prefix}/lib
	includedir:		${prefix}/include
	bindir:			${exec_prefix}/bin
	Bash completions dir:   ${datarootdir}/bash-completion/completions

	compiler:		/usr/bin/gcc -std=gnu99
	cflags:			 -pipe -DANOTHER_BRICK_IN_THE -Wall -W -Wextra -Wno-inline -Wvla -Wundef -Wformat=2 -Wlogical-op -Wsign-compare -Wformat-security -Wmissing-include-dirs -Wformat-nonliteral -Wold-style-definition -Wpointer-arith -Winit-self -Wdeclaration-after-statement -Wfloat-equal -Wmissing-prototypes -Wstrict-prototypes -Wredundant-decls -Wmissing-declarations -Wmissing-noreturn -Wshadow -Wendif-labels -Wstrict-aliasing=3 -Wwrite-strings -Wno-long-long -Wno-overlength-strings -Wno-unused-parameter -Wno-missing-field-initializers -Wno-unused-result -Wnested-externs -Wchar-subscripts -Wtype-limits -Wuninitialized -fno-common -fdiagnostics-show-option -fvisibility=hidden -ffunction-sections -fdata-sections -O2 -I/project/trunk/MV-AC3_GPL/tplink/buildroot-marvell/build/mv-ac3/host/usr/include
	ldflags:		 -Wl,--as-needed -Wl,--no-undefined -Wl,--gc-sections -L/project/trunk/MV-AC3_GPL/tplink/buildroot-marvell/build/mv-ac3/host/lib -L/project/trunk/MV-AC3_GPL/tplink/buildroot-marvell/build/mv-ac3/host/usr/lib -Wl,-rpath,/project/trunk/MV-AC3_GPL/tplink/buildroot-marvell/build/mv-ac3/host/usr/lib

	tools:			yes
	python bindings:	no
	logging:		yes
	compression:		xz=no  zlib=no
	debug:			no
	coverage:		no
	doc:			no
	man:			no


## ---------------- ##
## Cache variables. ##
## ---------------- ##

ac_cv_build=i686-pc-linux-gnu
ac_cv_c_compiler_gnu=yes
ac_cv_env_CC_set=set
ac_cv_env_CC_value=/usr/bin/gcc
ac_cv_env_CFLAGS_set=set
ac_cv_env_CFLAGS_value='-O2 -I/project/trunk/MV-AC3_GPL/tplink/buildroot-marvell/build/mv-ac3/host/usr/include'
ac_cv_env_CPPFLAGS_set=set
ac_cv_env_CPPFLAGS_value=-I/project/trunk/MV-AC3_GPL/tplink/buildroot-marvell/build/mv-ac3/host/usr/include
ac_cv_env_CPP_set=set
ac_cv_env_CPP_value=/usr/bin/cpp
ac_cv_env_GTKDOC_DEPS_CFLAGS_set=
ac_cv_env_GTKDOC_DEPS_CFLAGS_value=
ac_cv_env_GTKDOC_DEPS_LIBS_set=
ac_cv_env_GTKDOC_DEPS_LIBS_value=
ac_cv_env_LDFLAGS_set=set
ac_cv_env_LDFLAGS_value='-L/project/trunk/MV-AC3_GPL/tplink/buildroot-marvell/build/mv-ac3/host/lib -L/project/trunk/MV-AC3_GPL/tplink/buildroot-marvell/build/mv-ac3/host/usr/lib -Wl,-rpath,/project/trunk/MV-AC3_GPL/tplink/buildroot-marvell/build/mv-ac3/host/usr/lib'
ac_cv_env_LIBS_set=
ac_cv_env_LIBS_value=
ac_cv_env_LT_SYS_LIBRARY_PATH_set=
ac_cv_env_LT_SYS_LIBRARY_PATH_value=
ac_cv_env_PKG_CONFIG_LIBDIR_set=set
ac_cv_env_PKG_CONFIG_LIBDIR_value=/project/trunk/MV-AC3_GPL/tplink/buildroot-marvell/build/mv-ac3/host/usr/lib/pkgconfig:/project/trunk/MV-AC3_GPL/tplink/buildroot-marvell/build/mv-ac3/host/usr/share/pkgconfig
ac_cv_env_PKG_CONFIG_PATH_set=
ac_cv_env_PKG_CONFIG_PATH_value=
ac_cv_env_PKG_CONFIG_set=set
ac_cv_env_PKG_CONFIG_value=/project/trunk/MV-AC3_GPL/tplink/buildroot-marvell/build/mv-ac3/host/usr/bin/pkg-config
ac_cv_env_PYTHON_CFLAGS_set=
ac_cv_env_PYTHON_CFLAGS_value=
ac_cv_env_PYTHON_LIBS_set=
ac_cv_env_PYTHON_LIBS_value=
ac_cv_env_PYTHON_set=
ac_cv_env_PYTHON_value=
ac_cv_env_build_alias_set=
ac_cv_env_build_alias_value=
ac_cv_env_host_alias_set=
ac_cv_env_host_alias_value=
ac_cv_env_liblzma_CFLAGS_set=
ac_cv_env_liblzma_CFLAGS_value=
ac_cv_env_liblzma_LIBS_set=
ac_cv_env_liblzma_LIBS_value=
ac_cv_env_target_alias_set=
ac_cv_env_target_alias_value=
ac_cv_env_zlib_CFLAGS_set=
ac_cv_env_zlib_CFLAGS_value=
ac_cv_env_zlib_LIBS_set=
ac_cv_env_zlib_LIBS_value=
ac_cv_func___secure_getenv=no
ac_cv_func___xstat=yes
ac_cv_func_finit_module=no
ac_cv_func_secure_getenv=yes
ac_cv_have_decl_be32toh=yes
ac_cv_have_decl_strndupa=yes
ac_cv_header_dlfcn_h=yes
ac_cv_header_inttypes_h=yes
ac_cv_header_linux_module_h=no
ac_cv_header_memory_h=yes
ac_cv_header_minix_config_h=no
ac_cv_header_stdc=yes
ac_cv_header_stdint_h=yes
ac_cv_header_stdlib_h=yes
ac_cv_header_string_h=yes
ac_cv_header_strings_h=yes
ac_cv_header_sys_stat_h=yes
ac_cv_header_sys_types_h=yes
ac_cv_header_unistd_h=yes
ac_cv_host=i686-pc-linux-gnu
ac_cv_member_struct_stat_st_mtim=yes
ac_cv_objext=o
ac_cv_path_EGREP='/bin/grep -E'
ac_cv_path_FGREP='/bin/grep -F'
ac_cv_path_GREP=/bin/grep
ac_cv_path_SED=/bin/sed
ac_cv_path_install='/usr/bin/install -c'
ac_cv_path_lt_DD=/bin/dd
ac_cv_path_mkdir=/bin/mkdir
ac_cv_prog_AWK=gawk
ac_cv_prog_CPP=/usr/bin/cpp
ac_cv_prog_ac_ct_CC=/usr/bin/gcc
ac_cv_prog_ac_ct_MANIFEST_TOOL=mt
ac_cv_prog_ac_ct_OBJDUMP=objdump
ac_cv_prog_ac_ct_RANLIB=/usr/bin/ranlib
ac_cv_prog_ac_ct_STRIP=strip
ac_cv_prog_cc_c89=
ac_cv_prog_cc_c99=-std=gnu99
ac_cv_prog_cc_g=yes
ac_cv_prog_make_make_set=yes
ac_cv_safe_to_define___extensions__=yes
ac_cv_sys_file_offset_bits=64
ac_cv_sys_largefile_CC=no
am_cv_CC_dependencies_compiler_type=none
am_cv_make_support_nested_variables=yes
am_cv_prog_cc_c_o=yes
am_cv_prog_tar_pax=gnutar
cc_cv_CFLAGS__DANOTHER_BRICK_IN_THE=yes
cc_cv_CFLAGS__W=yes
cc_cv_CFLAGS__Wall=yes
cc_cv_CFLAGS__Wchar_subscripts=yes
cc_cv_CFLAGS__Wdeclaration_after_statement=yes
cc_cv_CFLAGS__Wendif_labels=yes
cc_cv_CFLAGS__Wextra=yes
cc_cv_CFLAGS__Wfloat_equal=yes
cc_cv_CFLAGS__Wformat_2=yes
cc_cv_CFLAGS__Wformat_nonliteral=yes
cc_cv_CFLAGS__Wformat_security=yes
cc_cv_CFLAGS__Winit_self=yes
cc_cv_CFLAGS__Wlogical_op=yes
cc_cv_CFLAGS__Wmissing_declarations=yes
cc_cv_CFLAGS__Wmissing_include_dirs=yes
cc_cv_CFLAGS__Wmissing_noreturn=yes
cc_cv_CFLAGS__Wmissing_prototypes=yes
cc_cv_CFLAGS__Wnested_externs=yes
cc_cv_CFLAGS__Wno_inline=yes
cc_cv_CFLAGS__Wno_long_long=yes
cc_cv_CFLAGS__Wno_missing_field_initializers=yes
cc_cv_CFLAGS__Wno_overlength_strings=yes
cc_cv_CFLAGS__Wno_unused_parameter=yes
cc_cv_CFLAGS__Wno_unused_result=yes
cc_cv_CFLAGS__Wold_style_definition=yes
cc_cv_CFLAGS__Wpointer_arith=yes
cc_cv_CFLAGS__Wredundant_decls=yes
cc_cv_CFLAGS__Wshadow=yes
cc_cv_CFLAGS__Wsign_compare=yes
cc_cv_CFLAGS__Wstrict_aliasing_3=yes
cc_cv_CFLAGS__Wstrict_prototypes=yes
cc_cv_CFLAGS__Wtype_limits=yes
cc_cv_CFLAGS__Wundef=yes
cc_cv_CFLAGS__Wuninitialized=yes
cc_cv_CFLAGS__Wvla=yes
cc_cv_CFLAGS__Wwrite_strings=yes
cc_cv_CFLAGS__fdata_sections=yes
cc_cv_CFLAGS__fdiagnostics_show_option=yes
cc_cv_CFLAGS__ffunction_sections=yes
cc_cv_CFLAGS__fno_common=yes
cc_cv_CFLAGS__fvisibility_hidden=yes
cc_cv_CFLAGS__pipe=yes
cc_cv_LDFLAGS__Wl___as_needed=yes
cc_cv_LDFLAGS__Wl___gc_sections=yes
cc_cv_LDFLAGS__Wl___no_undefined=yes
cc_cv_have___builtin_clz=yes
cc_cv_have___builtin_types_compatible_p=yes
cc_cv_have___builtin_uaddl_overflow=no
cc_cv_have___builtin_uaddll_overflow=no
lt_cv_ar_at_file=@
lt_cv_archive_cmds_need_lc=no
lt_cv_deplibs_check_method=pass_all
lt_cv_file_magic_cmd='$MAGIC_CMD'
lt_cv_file_magic_test_file=
lt_cv_ld_reload_flag=-r
lt_cv_nm_interface='BSD nm'
lt_cv_objdir=.libs
lt_cv_path_LD=/usr/bin/ld
lt_cv_path_NM=/usr/bin/nm
lt_cv_path_mainfest_tool=no
lt_cv_prog_compiler_c_o=yes
lt_cv_prog_compiler_pic='-fPIC -DPIC'
lt_cv_prog_compiler_pic_works=yes
lt_cv_prog_compiler_rtti_exceptions=no
lt_cv_prog_compiler_static_works=yes
lt_cv_prog_gnu_ld=yes
lt_cv_sharedlib_from_linklib_cmd='printf %s\n'
lt_cv_shlibpath_overrides_runpath=no
lt_cv_sys_global_symbol_pipe='sed -n -e '\''s/^.*[	 ]\([ABCDGIRSTW][ABCDGIRSTW]*\)[	 ][	 ]*\([_A-Za-z][_A-Za-z0-9]*\)$/\1 \2 \2/p'\'' | sed '\''/ __gnu_lto/d'\'''
lt_cv_sys_global_symbol_to_c_name_address='sed -n -e '\''s/^: \(.*\) .*$/  {"\1", (void *) 0},/p'\'' -e '\''s/^[ABCDGIRSTW][ABCDGIRSTW]* .* \(.*\)$/  {"\1", (void *) \&\1},/p'\'''
lt_cv_sys_global_symbol_to_c_name_address_lib_prefix='sed -n -e '\''s/^: \(.*\) .*$/  {"\1", (void *) 0},/p'\'' -e '\''s/^[ABCDGIRSTW][ABCDGIRSTW]* .* \(lib.*\)$/  {"\1", (void *) \&\1},/p'\'' -e '\''s/^[ABCDGIRSTW][ABCDGIRSTW]* .* \(.*\)$/  {"lib\1", (void *) \&\1},/p'\'''
lt_cv_sys_global_symbol_to_cdecl='sed -n -e '\''s/^T .* \(.*\)$/extern int \1();/p'\'' -e '\''s/^[ABCDGIRSTW][ABCDGIRSTW]* .* \(.*\)$/extern char \1;/p'\'''
lt_cv_sys_global_symbol_to_import=
lt_cv_sys_lib_dlsearch_path_spec='/lib /usr/lib /usr/lib/i386-linux-gnu/mesa-egl /usr/lib/i386-linux-gnu/mesa /lib/i386-linux-gnu /usr/lib/i386-linux-gnu /lib/i686-linux-gnu /usr/lib/i686-linux-gnu /usr/local/lib /usr/lib/vmware-tools/lib32/libvmGuestLib.so /usr/lib/vmware-tools/lib64/libvmGuestLib.so /usr/lib/vmware-tools/lib32/libvmGuestLibJava.so /usr/lib/vmware-tools/lib64/libvmGuestLibJava.so /usr/lib/vmware-tools/lib32/libDeployPkg.so /usr/lib/vmware-tools/lib64/libDeployPkg.so '
lt_cv_sys_max_cmd_len=1572864
lt_cv_to_host_file_cmd=func_convert_file_noop
lt_cv_to_tool_file_cmd=func_convert_file_noop
lt_cv_truncate_bin='/bin/dd bs=4096 count=1'

## ----------------- ##
## Output variables. ##
## ----------------- ##

ACLOCAL='${SHELL} /project/trunk/MV-AC3_GPL/tplink/buildroot-marvell/build/mv-ac3/build/host-kmod-20/build-aux/missing aclocal-1.15'
AMDEPBACKSLASH=''
AMDEP_FALSE=''
AMDEP_TRUE='#'
AMTAR='$${TAR-tar}'
AM_BACKSLASH='\'
AM_DEFAULT_V='$(AM_DEFAULT_VERBOSITY)'
AM_DEFAULT_VERBOSITY='0'
AM_V='$(V)'
AR='/usr/bin/ar'
AUTOCONF='${SHELL} /project/trunk/MV-AC3_GPL/tplink/buildroot-marvell/build/mv-ac3/build/host-kmod-20/build-aux/missing autoconf'
AUTOHEADER='${SHELL} /project/trunk/MV-AC3_GPL/tplink/buildroot-marvell/build/mv-ac3/build/host-kmod-20/build-aux/missing autoheader'
AUTOMAKE='${SHELL} /project/trunk/MV-AC3_GPL/tplink/buildroot-marvell/build/mv-ac3/build/host-kmod-20/build-aux/missing automake-1.15'
AWK='gawk'
BUILD_MANPAGES_FALSE=''
BUILD_MANPAGES_TRUE='#'
BUILD_PYTHON_FALSE=''
BUILD_PYTHON_TRUE='#'
BUILD_TOOLS_FALSE='#'
BUILD_TOOLS_TRUE=''
CC='/usr/bin/gcc -std=gnu99'
CCDEPMODE='depmode=none'
CFLAGS='-O2 -I/project/trunk/MV-AC3_GPL/tplink/buildroot-marvell/build/mv-ac3/host/usr/include'
CPP='/usr/bin/cpp'
CPPFLAGS='-I/project/trunk/MV-AC3_GPL/tplink/buildroot-marvell/build/mv-ac3/host/usr/include'
CYGPATH_W='echo'
CYTHON=''
DEFS='-DHAVE_CONFIG_H'
DEPDIR='.deps'
DLLTOOL='false'
DSYMUTIL=''
DUMPBIN=''
ECHO_C=''
ECHO_N='-n'
ECHO_T=''
EGREP='/bin/grep -E'
ENABLE_COVERAGE_FALSE=''
ENABLE_COVERAGE_TRUE='#'
ENABLE_GTK_DOC_FALSE=''
ENABLE_GTK_DOC_TRUE='#'
EXEEXT=''
FGREP='/bin/grep -F'
GREP='/bin/grep'
GTKDOC_CHECK=''
GTKDOC_CHECK_PATH=''
GTKDOC_DEPS_CFLAGS=''
GTKDOC_DEPS_LIBS=''
GTKDOC_MKPDF=''
GTKDOC_REBASE='true'
GTK_DOC_BUILD_HTML_FALSE=''
GTK_DOC_BUILD_HTML_TRUE='#'
GTK_DOC_BUILD_PDF_FALSE=''
GTK_DOC_BUILD_PDF_TRUE='#'
GTK_DOC_USE_LIBTOOL_FALSE='#'
GTK_DOC_USE_LIBTOOL_TRUE=''
GTK_DOC_USE_REBASE_FALSE='#'
GTK_DOC_USE_REBASE_TRUE=''
HAVE_GTK_DOC_FALSE=''
HAVE_GTK_DOC_TRUE='#'
HTML_DIR='${datadir}/gtk-doc/html'
INSTALL_DATA='${INSTALL} -m 644'
INSTALL_PROGRAM='${INSTALL}'
INSTALL_SCRIPT='${INSTALL}'
INSTALL_STRIP_PROGRAM='$(install_sh) -c -s'
LD='/usr/bin/ld'
LDFLAGS='-L/project/trunk/MV-AC3_GPL/tplink/buildroot-marvell/build/mv-ac3/host/lib -L/project/trunk/MV-AC3_GPL/tplink/buildroot-marvell/build/mv-ac3/host/usr/lib -Wl,-rpath,/project/trunk/MV-AC3_GPL/tplink/buildroot-marvell/build/mv-ac3/host/usr/lib'
LIBOBJS=''
LIBS=''
LIBTOOL='$(SHELL) $(top_builddir)/libtool'
LIPO=''
LN_S='ln -s'
LTLIBOBJS=''
LT_SYS_LIBRARY_PATH=''
MAINT=''
MAINTAINER_MODE_FALSE='#'
MAINTAINER_MODE_TRUE=''
MAKEINFO='${SHELL} /project/trunk/MV-AC3_GPL/tplink/buildroot-marvell/build/mv-ac3/build/host-kmod-20/build-aux/missing makeinfo'
MANIFEST_TOOL=':'
MKDIR_P='/bin/mkdir -p'
NM='/usr/bin/nm'
NMEDIT=''
OBJDUMP='objdump'
OBJEXT='o'
OTOOL64=''
OTOOL=''
OUR_CFLAGS=' -pipe -DANOTHER_BRICK_IN_THE -Wall -W -Wextra -Wno-inline -Wvla -Wundef -Wformat=2 -Wlogical-op -Wsign-compare -Wformat-security -Wmissing-include-dirs -Wformat-nonliteral -Wold-style-definition -Wpointer-arith -Winit-self -Wdeclaration-after-statement -Wfloat-equal -Wmissing-prototypes -Wstrict-prototypes -Wredundant-decls -Wmissing-declarations -Wmissing-noreturn -Wshadow -Wendif-labels -Wstrict-aliasing=3 -Wwrite-strings -Wno-long-long -Wno-overlength-strings -Wno-unused-parameter -Wno-missing-field-initializers -Wno-unused-result -Wnested-externs -Wchar-subscripts -Wtype-limits -Wuninitialized -fno-common -fdiagnostics-show-option -fvisibility=hidden -ffunction-sections -fdata-sections '
OUR_LDFLAGS=' -Wl,--as-needed -Wl,--no-undefined -Wl,--gc-sections'
PACKAGE='kmod'
PACKAGE_BUGREPORT='linux-modules@vger.kernel.org'
PACKAGE_NAME='kmod'
PACKAGE_STRING='kmod 20'
PACKAGE_TARNAME='kmod'
PACKAGE_URL='http://git.kernel.org/?p=utils/kernel/kmod/kmod.git'
PACKAGE_VERSION='20'
PATH_SEPARATOR=':'
PKG_CONFIG='/project/trunk/MV-AC3_GPL/tplink/buildroot-marvell/build/mv-ac3/host/usr/bin/pkg-config'
PKG_CONFIG_LIBDIR='/project/trunk/MV-AC3_GPL/tplink/buildroot-marvell/build/mv-ac3/host/usr/lib/pkgconfig:/project/trunk/MV-AC3_GPL/tplink/buildroot-marvell/build/mv-ac3/host/usr/share/pkgconfig'
PKG_CONFIG_PATH=''
PYTHON=''
PYTHON_CFLAGS=''
PYTHON_EXEC_PREFIX=''
PYTHON_LIBS=''
PYTHON_PLATFORM=''
PYTHON_PREFIX=''
PYTHON_VERSION=''
RANLIB='/usr/bin/ranlib'
SED='/bin/sed'
SET_MAKE=''
SHELL='/bin/sh'
STRIP='strip'
VERSION='20'
XSLTPROC=''
ac_ct_AR=''
ac_ct_CC='/usr/bin/gcc'
ac_ct_DUMPBIN=''
am__EXEEXT_FALSE=''
am__EXEEXT_TRUE='#'
am__fastdepCC_FALSE=''
am__fastdepCC_TRUE='#'
am__include='include'
am__isrc=''
am__leading_dot='.'
am__nodep=''
am__quote=''
am__tar='tar --format=posix -chf - "$$tardir"'
am__untar='tar -xf -'
bashcompletiondir='${datarootdir}/bash-completion/completions'
bindir='${exec_prefix}/bin'
build='i686-pc-linux-gnu'
build_alias=''
build_cpu='i686'
build_os='linux-gnu'
build_vendor='pc'
datadir='${datarootdir}'
datarootdir='${prefix}/share'
docdir='${datarootdir}/doc/${PACKAGE_TARNAME}'
dvidir='${docdir}'
exec_prefix='${prefix}'
have_coverage=''
host='i686-pc-linux-gnu'
host_alias=''
host_cpu='i686'
host_os='linux-gnu'
host_vendor='pc'
htmldir='${docdir}'
includedir='${prefix}/include'
infodir='${datarootdir}/info'
install_sh='${SHELL} /project/trunk/MV-AC3_GPL/tplink/buildroot-marvell/build/mv-ac3/build/host-kmod-20/build-aux/install-sh'
libdir='${exec_prefix}/lib'
libexecdir='${exec_prefix}/libexec'
liblzma_CFLAGS=''
liblzma_LIBS=''
localedir='${datarootdir}/locale'
localstatedir='/project/trunk/MV-AC3_GPL/tplink/buildroot-marvell/build/mv-ac3/host/var'
mandir='${datarootdir}/man'
mkdir_p='$(MKDIR_P)'
oldincludedir='/usr/include'
pdfdir='${docdir}'
pkgpyexecdir=''
pkgpythondir=''
prefix='/project/trunk/MV-AC3_GPL/tplink/buildroot-marvell/build/mv-ac3/host/usr'
program_transform_name='s,x,x,'
psdir='${docdir}'
pyexecdir=''
pythondir=''
rootlibdir='${exec_prefix}/lib'
sbindir='${exec_prefix}/sbin'
sharedstatedir='${prefix}/com'
sysconfdir='/project/trunk/MV-AC3_GPL/tplink/buildroot-marvell/build/mv-ac3/host/etc'
target_alias=''
zlib_CFLAGS=''
zlib_LIBS=''

## ----------- ##
## confdefs.h. ##
## ----------- ##

/* confdefs.h */
#define PACKAGE_NAME "kmod"
#define PACKAGE_TARNAME "kmod"
#define PACKAGE_VERSION "20"
#define PACKAGE_STRING "kmod 20"
#define PACKAGE_BUGREPORT "linux-modules@vger.kernel.org"
#define PACKAGE_URL "http://git.kernel.org/?p=utils/kernel/kmod/kmod.git"
#define STDC_HEADERS 1
#define HAVE_SYS_TYPES_H 1
#define HAVE_SYS_STAT_H 1
#define HAVE_STDLIB_H 1
#define HAVE_STRING_H 1
#define HAVE_MEMORY_H 1
#define HAVE_STRINGS_H 1
#define HAVE_INTTYPES_H 1
#define HAVE_STDINT_H 1
#define HAVE_UNISTD_H 1
#define __EXTENSIONS__ 1
#define _ALL_SOURCE 1
#define _GNU_SOURCE 1
#define _POSIX_PTHREAD_SEMANTICS 1
#define _TANDEM_SOURCE 1
#define _FILE_OFFSET_BITS 64
#define PACKAGE "kmod"
#define VERSION "20"
#define HAVE_DLFCN_H 1
#define LT_OBJDIR ".libs/"
#define HAVE___XSTAT 1
#define HAVE_SECURE_GETENV 1
#define HAVE___BUILTIN_CLZ 1
#define HAVE___BUILTIN_TYPES_COMPATIBLE_P 1
#define HAVE___BUILTIN_UADDL_OVERFLOW 0
#define HAVE___BUILTIN_UADDLL_OVERFLOW 0
#define HAVE_STRUCT_STAT_ST_MTIM 1
#define HAVE_DECL_STRNDUPA 1
#define HAVE_DECL_BE32TOH 1
#define HAVE_STATIC_ASSERT 1
#define HAVE_NORETURN 1
#define ENABLE_LOGGING 1

configure: exit 0
