This file contains any messages produced by compilers while
running configure, to aid debugging if configure makes a mistake.

It was created by LZMA configure 4.32.7, which was
generated by GNU Autoconf 2.62.  Invocation command line was

  $ ./configure --prefix=/project/trunk/MV-AC3_GPL/tplink/buildroot-marvell/build/mv-ac3/host/usr --sysconfdir=/project/trunk/MV-AC3_GPL/tplink/buildroot-marvell/build/mv-ac3/host/etc --localstatedir=/project/trunk/MV-AC3_GPL/tplink/buildroot-marvell/build/mv-ac3/host/var --enable-shared --disable-static --disable-gtk-doc --disable-gtk-doc-html --disable-doc --disable-docs --disable-documentation --disable-debug --with-xmlto=no --with-fop=no --disable-dependency-tracking

## --------- ##
## Platform. ##
## --------- ##

hostname = ubuntu
uname -m = i686
uname -r = 4.4.0-148-generic
uname -s = Linux
uname -v = #174~14.04.1-Ubuntu SMP Thu May 9 08:18:11 UTC 2019

/usr/bin/uname -p = unknown
/bin/uname -X     = unknown

/bin/arch              = unknown
/usr/bin/arch -k       = unknown
/usr/convex/getsysinfo = unknown
/usr/bin/hostinfo      = unknown
/bin/machine           = unknown
/usr/bin/oslevel       = unknown
/bin/universe          = unknown

PATH: /project/trunk/MV-AC3_GPL/tplink/buildroot-marvell/build/mv-ac3/host/bin
PATH: /project/trunk/MV-AC3_GPL/tplink/buildroot-marvell/build/mv-ac3/host/sbin
PATH: /project/trunk/MV-AC3_GPL/tplink/buildroot-marvell/build/mv-ac3/host/usr/bin
PATH: /project/trunk/MV-AC3_GPL/tplink/buildroot-marvell/build/mv-ac3/host/usr/sbin
PATH: /usr/local/sbin
PATH: /usr/local/bin
PATH: /usr/sbin
PATH: /usr/bin
PATH: /sbin
PATH: /bin
PATH: /snap/bin


## ----------- ##
## Core tests. ##
## ----------- ##

configure:1929: loading site script /dev/null
configure:2053: checking if debugging code should be compiled
configure:2065: result: yes
configure:2127: checking for a BSD-compatible install
configure:2195: result: /usr/bin/install -c
configure:2206: checking whether build environment is sane
configure:2249: result: yes
configure:2274: checking for a thread-safe mkdir -p
configure:2313: result: /bin/mkdir -p
configure:2326: checking for gawk
configure:2342: found /usr/bin/gawk
configure:2353: result: gawk
configure:2364: checking whether make sets $(MAKE)
configure:2386: result: yes
configure:2692: checking for C++ compiler version
configure:2700: /usr/bin/g++ --version >&5
g++ (Ubuntu 4.8.4-2ubuntu1~14.04.4) 4.8.4
Copyright (C) 2013 Free Software Foundation, Inc.
This is free software; see the source for copying conditions.  There is NO
warranty; not even for MERCHANTABILITY or FITNESS FOR A PARTICULAR PURPOSE.

configure:2704: $? = 0
configure:2711: /usr/bin/g++ -v >&5
Using built-in specs.
COLLECT_GCC=/usr/bin/g++
COLLECT_LTO_WRAPPER=/usr/lib/gcc/i686-linux-gnu/4.8/lto-wrapper
Target: i686-linux-gnu
Configured with: ../src/configure -v --with-pkgversion='Ubuntu 4.8.4-2ubuntu1~14.04.4' --with-bugurl=file:///usr/share/doc/gcc-4.8/README.Bugs --enable-languages=c,c++,java,go,d,fortran,objc,obj-c++ --prefix=/usr --program-suffix=-4.8 --enable-shared --enable-linker-build-id --libexecdir=/usr/lib --without-included-gettext --enable-threads=posix --with-gxx-include-dir=/usr/include/c++/4.8 --libdir=/usr/lib --enable-nls --with-sysroot=/ --enable-clocale=gnu --enable-libstdcxx-debug --enable-libstdcxx-time=yes --enable-gnu-unique-object --disable-libmudflap --enable-plugin --with-system-zlib --disable-browser-plugin --enable-java-awt=gtk --enable-gtk-cairo --with-java-home=/usr/lib/jvm/java-1.5.0-gcj-4.8-i386/jre --enable-java-home --with-jvm-root-dir=/usr/lib/jvm/java-1.5.0-gcj-4.8-i386 --with-jvm-jar-dir=/usr/lib/jvm-exports/java-1.5.0-gcj-4.8-i386 --with-arch-directory=i386 --with-ecj-jar=/usr/share/java/eclipse-ecj.jar --enable-objc-gc --enable-targets=all --enable-multiarch --disable-werror --with-arch-32=i686 --with-multilib-list=m32,m64,mx32 --with-tune=generic --enable-checking=release --build=i686-linux-gnu --host=i686-linux-gnu --target=i686-linux-gnu
Thread model: posix
gcc version 4.8.4 (Ubuntu 4.8.4-2ubuntu1~14.04.4) 
configure:2715: $? = 0
configure:2722: /usr/bin/g++ -V >&5
g++: error: unrecognized command line option '-V'
g++: fatal error: no input files
compilation terminated.
configure:2726: $? = 4
configure:2749: checking for C++ compiler default output file name
configure:2771: /usr/bin/g++ -g -g -O2 -I/project/trunk/MV-AC3_GPL/tplink/buildroot-marvell/build/mv-ac3/host/usr/include -I/project/trunk/MV-AC3_GPL/tplink/buildroot-marvell/build/mv-ac3/host/usr/include -L/project/trunk/MV-AC3_GPL/tplink/buildroot-marvell/build/mv-ac3/host/lib -L/project/trunk/MV-AC3_GPL/tplink/buildroot-marvell/build/mv-ac3/host/usr/lib -Wl,-rpath,/project/trunk/MV-AC3_GPL/tplink/buildroot-marvell/build/mv-ac3/host/usr/lib conftest.cpp  >&5
configure:2775: $? = 0
configure:2813: result: a.out
configure:2830: checking whether the C++ compiler works
configure:2840: ./a.out
configure:2844: $? = 0
configure:2861: result: yes
configure:2868: checking whether we are cross compiling
configure:2870: result: no
configure:2873: checking for suffix of executables
configure:2880: /usr/bin/g++ -o conftest -g -g -O2 -I/project/trunk/MV-AC3_GPL/tplink/buildroot-marvell/build/mv-ac3/host/usr/include -I/project/trunk/MV-AC3_GPL/tplink/buildroot-marvell/build/mv-ac3/host/usr/include -L/project/trunk/MV-AC3_GPL/tplink/buildroot-marvell/build/mv-ac3/host/lib -L/project/trunk/MV-AC3_GPL/tplink/buildroot-marvell/build/mv-ac3/host/usr/lib -Wl,-rpath,/project/trunk/MV-AC3_GPL/tplink/buildroot-marvell/build/mv-ac3/host/usr/lib conftest.cpp  >&5
configure:2884: $? = 0
configure:2908: result: 
configure:2914: checking for suffix of object files
configure:2940: /usr/bin/g++ -c -g -g -O2 -I/project/trunk/MV-AC3_GPL/tplink/buildroot-marvell/build/mv-ac3/host/usr/include -I/project/trunk/MV-AC3_GPL/tplink/buildroot-marvell/build/mv-ac3/host/usr/include conftest.cpp >&5
configure:2944: $? = 0
configure:2967: result: o
configure:2971: checking whether we are using the GNU C++ compiler
configure:3000: /usr/bin/g++ -c -g -g -O2 -I/project/trunk/MV-AC3_GPL/tplink/buildroot-marvell/build/mv-ac3/host/usr/include -I/project/trunk/MV-AC3_GPL/tplink/buildroot-marvell/build/mv-ac3/host/usr/include conftest.cpp >&5
configure:3007: $? = 0
configure:3024: result: yes
configure:3033: checking whether /usr/bin/g++ accepts -g
configure:3063: /usr/bin/g++ -c -g -I/project/trunk/MV-AC3_GPL/tplink/buildroot-marvell/build/mv-ac3/host/usr/include conftest.cpp >&5
configure:3070: $? = 0
configure:3171: result: yes
configure:3205: checking for style of include used by make
configure:3233: result: GNU
configure:3258: checking dependency style of /usr/bin/g++
configure:3349: result: none
configure:3412: checking for gcc
configure:3439: result: /usr/bin/gcc
configure:3677: checking for C compiler version
configure:3685: /usr/bin/gcc --version >&5
gcc (Ubuntu 4.8.4-2ubuntu1~14.04.4) 4.8.4
Copyright (C) 2013 Free Software Foundation, Inc.
This is free software; see the source for copying conditions.  There is NO
warranty; not even for MERCHANTABILITY or FITNESS FOR A PARTICULAR PURPOSE.

configure:3689: $? = 0
configure:3696: /usr/bin/gcc -v >&5
Using built-in specs.
COLLECT_GCC=/usr/bin/gcc
COLLECT_LTO_WRAPPER=/usr/lib/gcc/i686-linux-gnu/4.8/lto-wrapper
Target: i686-linux-gnu
Configured with: ../src/configure -v --with-pkgversion='Ubuntu 4.8.4-2ubuntu1~14.04.4' --with-bugurl=file:///usr/share/doc/gcc-4.8/README.Bugs --enable-languages=c,c++,java,go,d,fortran,objc,obj-c++ --prefix=/usr --program-suffix=-4.8 --enable-shared --enable-linker-build-id --libexecdir=/usr/lib --without-included-gettext --enable-threads=posix --with-gxx-include-dir=/usr/include/c++/4.8 --libdir=/usr/lib --enable-nls --with-sysroot=/ --enable-clocale=gnu --enable-libstdcxx-debug --enable-libstdcxx-time=yes --enable-gnu-unique-object --disable-libmudflap --enable-plugin --with-system-zlib --disable-browser-plugin --enable-java-awt=gtk --enable-gtk-cairo --with-java-home=/usr/lib/jvm/java-1.5.0-gcj-4.8-i386/jre --enable-java-home --with-jvm-root-dir=/usr/lib/jvm/java-1.5.0-gcj-4.8-i386 --with-jvm-jar-dir=/usr/lib/jvm-exports/java-1.5.0-gcj-4.8-i386 --with-arch-directory=i386 --with-ecj-jar=/usr/share/java/eclipse-ecj.jar --enable-objc-gc --enable-targets=all --enable-multiarch --disable-werror --with-arch-32=i686 --with-multilib-list=m32,m64,mx32 --with-tune=generic --enable-checking=release --build=i686-linux-gnu --host=i686-linux-gnu --target=i686-linux-gnu
Thread model: posix
gcc version 4.8.4 (Ubuntu 4.8.4-2ubuntu1~14.04.4) 
configure:3700: $? = 0
configure:3707: /usr/bin/gcc -V >&5
gcc: error: unrecognized command line option '-V'
gcc: fatal error: no input files
compilation terminated.
configure:3711: $? = 4
configure:3714: checking whether we are using the GNU C compiler
configure:3743: /usr/bin/gcc -c -g -O2 -I/project/trunk/MV-AC3_GPL/tplink/buildroot-marvell/build/mv-ac3/host/usr/include -I/project/trunk/MV-AC3_GPL/tplink/buildroot-marvell/build/mv-ac3/host/usr/include conftest.c >&5
configure:3750: $? = 0
configure:3767: result: yes
configure:3776: checking whether /usr/bin/gcc accepts -g
configure:3806: /usr/bin/gcc -c -g -I/project/trunk/MV-AC3_GPL/tplink/buildroot-marvell/build/mv-ac3/host/usr/include conftest.c >&5
configure:3813: $? = 0
configure:3914: result: yes
configure:3931: checking for /usr/bin/gcc option to accept ISO C89
configure:4005: /usr/bin/gcc  -c -g -O2 -I/project/trunk/MV-AC3_GPL/tplink/buildroot-marvell/build/mv-ac3/host/usr/include -I/project/trunk/MV-AC3_GPL/tplink/buildroot-marvell/build/mv-ac3/host/usr/include conftest.c >&5
configure:4012: $? = 0
configure:4035: result: none needed
configure:4055: checking dependency style of /usr/bin/gcc
configure:4146: result: none
configure:4166: checking how to run the C preprocessor
configure:4284: result: /usr/bin/cpp
configure:4313: /usr/bin/cpp -I/project/trunk/MV-AC3_GPL/tplink/buildroot-marvell/build/mv-ac3/host/usr/include conftest.c
configure:4320: $? = 0
configure:4351: /usr/bin/cpp -I/project/trunk/MV-AC3_GPL/tplink/buildroot-marvell/build/mv-ac3/host/usr/include conftest.c
conftest.c:10:28: fatal error: ac_nonexistent.h: No such file or directory
 #include <ac_nonexistent.h>
                            ^
compilation terminated.
configure:4358: $? = 1
configure: failed program was:
| /* confdefs.h.  */
| #define PACKAGE_NAME "LZMA"
| #define PACKAGE_TARNAME "lzma"
| #define PACKAGE_VERSION "4.32.7"
| #define PACKAGE_STRING "LZMA 4.32.7"
| #define PACKAGE_BUGREPORT "lasse.collin@tukaani.org"
| #define PACKAGE "lzma"
| #define VERSION "4.32.7"
| /* end confdefs.h.  */
| #include <ac_nonexistent.h>
configure:4409: checking for a BSD-compatible install
configure:4477: result: /usr/bin/install -c
configure:4488: checking whether ln -s works
configure:4492: result: yes
configure:4499: checking whether make sets $(MAKE)
configure:4521: result: yes
configure:4608: checking build system type
configure:4626: result: i686-pc-linux-gnu
configure:4648: checking host system type
configure:4663: result: i686-pc-linux-gnu
configure:4685: checking for a sed that does not truncate output
configure:4741: result: /bin/sed
configure:4744: checking for grep that handles long lines and -e
configure:4804: result: /bin/grep
configure:4809: checking for egrep
configure:4873: result: /bin/grep -E
configure:4889: checking for ld used by /usr/bin/gcc
configure:4956: result: /usr/bin/ld
configure:4965: checking if the linker (/usr/bin/ld) is GNU ld
configure:4980: result: yes
configure:4985: checking for /usr/bin/ld option to reload object files
configure:4992: result: -r
configure:5010: checking for BSD-compatible nm
configure:5059: result: /usr/bin/nm
configure:5063: checking how to recognize dependent libraries
configure:5249: result: pass_all
configure:5494: checking for ANSI C header files
configure:5524: /usr/bin/gcc -c -g -O2 -I/project/trunk/MV-AC3_GPL/tplink/buildroot-marvell/build/mv-ac3/host/usr/include -I/project/trunk/MV-AC3_GPL/tplink/buildroot-marvell/build/mv-ac3/host/usr/include conftest.c >&5
configure:5531: $? = 0
configure:5630: /usr/bin/gcc -o conftest -g -O2 -I/project/trunk/MV-AC3_GPL/tplink/buildroot-marvell/build/mv-ac3/host/usr/include -I/project/trunk/MV-AC3_GPL/tplink/buildroot-marvell/build/mv-ac3/host/usr/include -L/project/trunk/MV-AC3_GPL/tplink/buildroot-marvell/build/mv-ac3/host/lib -L/project/trunk/MV-AC3_GPL/tplink/buildroot-marvell/build/mv-ac3/host/usr/lib -Wl,-rpath,/project/trunk/MV-AC3_GPL/tplink/buildroot-marvell/build/mv-ac3/host/usr/lib conftest.c  >&5
configure:5634: $? = 0
configure:5640: ./conftest
configure:5644: $? = 0
configure:5662: result: yes
configure:5686: checking for sys/types.h
configure:5707: /usr/bin/gcc -c -g -O2 -I/project/trunk/MV-AC3_GPL/tplink/buildroot-marvell/build/mv-ac3/host/usr/include -I/project/trunk/MV-AC3_GPL/tplink/buildroot-marvell/build/mv-ac3/host/usr/include conftest.c >&5
configure:5714: $? = 0
configure:5731: result: yes
configure:5686: checking for sys/stat.h
configure:5707: /usr/bin/gcc -c -g -O2 -I/project/trunk/MV-AC3_GPL/tplink/buildroot-marvell/build/mv-ac3/host/usr/include -I/project/trunk/MV-AC3_GPL/tplink/buildroot-marvell/build/mv-ac3/host/usr/include conftest.c >&5
configure:5714: $? = 0
configure:5731: result: yes
configure:5686: checking for stdlib.h
configure:5707: /usr/bin/gcc -c -g -O2 -I/project/trunk/MV-AC3_GPL/tplink/buildroot-marvell/build/mv-ac3/host/usr/include -I/project/trunk/MV-AC3_GPL/tplink/buildroot-marvell/build/mv-ac3/host/usr/include conftest.c >&5
configure:5714: $? = 0
configure:5731: result: yes
configure:5686: checking for string.h
configure:5707: /usr/bin/gcc -c -g -O2 -I/project/trunk/MV-AC3_GPL/tplink/buildroot-marvell/build/mv-ac3/host/usr/include -I/project/trunk/MV-AC3_GPL/tplink/buildroot-marvell/build/mv-ac3/host/usr/include conftest.c >&5
configure:5714: $? = 0
configure:5731: result: yes
configure:5686: checking for memory.h
configure:5707: /usr/bin/gcc -c -g -O2 -I/project/trunk/MV-AC3_GPL/tplink/buildroot-marvell/build/mv-ac3/host/usr/include -I/project/trunk/MV-AC3_GPL/tplink/buildroot-marvell/build/mv-ac3/host/usr/include conftest.c >&5
configure:5714: $? = 0
configure:5731: result: yes
configure:5686: checking for strings.h
configure:5707: /usr/bin/gcc -c -g -O2 -I/project/trunk/MV-AC3_GPL/tplink/buildroot-marvell/build/mv-ac3/host/usr/include -I/project/trunk/MV-AC3_GPL/tplink/buildroot-marvell/build/mv-ac3/host/usr/include conftest.c >&5
configure:5714: $? = 0
configure:5731: result: yes
configure:5686: checking for inttypes.h
configure:5707: /usr/bin/gcc -c -g -O2 -I/project/trunk/MV-AC3_GPL/tplink/buildroot-marvell/build/mv-ac3/host/usr/include -I/project/trunk/MV-AC3_GPL/tplink/buildroot-marvell/build/mv-ac3/host/usr/include conftest.c >&5
configure:5714: $? = 0
configure:5731: result: yes
configure:5686: checking for stdint.h
configure:5707: /usr/bin/gcc -c -g -O2 -I/project/trunk/MV-AC3_GPL/tplink/buildroot-marvell/build/mv-ac3/host/usr/include -I/project/trunk/MV-AC3_GPL/tplink/buildroot-marvell/build/mv-ac3/host/usr/include conftest.c >&5
configure:5714: $? = 0
configure:5731: result: yes
configure:5686: checking for unistd.h
configure:5707: /usr/bin/gcc -c -g -O2 -I/project/trunk/MV-AC3_GPL/tplink/buildroot-marvell/build/mv-ac3/host/usr/include -I/project/trunk/MV-AC3_GPL/tplink/buildroot-marvell/build/mv-ac3/host/usr/include conftest.c >&5
configure:5714: $? = 0
configure:5731: result: yes
configure:5760: checking dlfcn.h usability
configure:5777: /usr/bin/gcc -c -g -O2 -I/project/trunk/MV-AC3_GPL/tplink/buildroot-marvell/build/mv-ac3/host/usr/include -I/project/trunk/MV-AC3_GPL/tplink/buildroot-marvell/build/mv-ac3/host/usr/include conftest.c >&5
configure:5784: $? = 0
configure:5798: result: yes
configure:5802: checking dlfcn.h presence
configure:5817: /usr/bin/cpp -I/project/trunk/MV-AC3_GPL/tplink/buildroot-marvell/build/mv-ac3/host/usr/include conftest.c
configure:5824: $? = 0
configure:5838: result: yes
configure:5871: checking for dlfcn.h
configure:5880: result: yes
configure:5904: checking how to run the C++ preprocessor
configure:5940: /usr/bin/g++ -E -I/project/trunk/MV-AC3_GPL/tplink/buildroot-marvell/build/mv-ac3/host/usr/include conftest.cpp
configure:5947: $? = 0
configure:5978: /usr/bin/g++ -E -I/project/trunk/MV-AC3_GPL/tplink/buildroot-marvell/build/mv-ac3/host/usr/include conftest.cpp
conftest.cpp:21:28: fatal error: ac_nonexistent.h: No such file or directory
 #include <ac_nonexistent.h>
                            ^
compilation terminated.
configure:5985: $? = 1
configure: failed program was:
| /* confdefs.h.  */
| #define PACKAGE_NAME "LZMA"
| #define PACKAGE_TARNAME "lzma"
| #define PACKAGE_VERSION "4.32.7"
| #define PACKAGE_STRING "LZMA 4.32.7"
| #define PACKAGE_BUGREPORT "lasse.collin@tukaani.org"
| #define PACKAGE "lzma"
| #define VERSION "4.32.7"
| #define STDC_HEADERS 1
| #define HAVE_SYS_TYPES_H 1
| #define HAVE_SYS_STAT_H 1
| #define HAVE_STDLIB_H 1
| #define HAVE_STRING_H 1
| #define HAVE_MEMORY_H 1
| #define HAVE_STRINGS_H 1
| #define HAVE_INTTYPES_H 1
| #define HAVE_STDINT_H 1
| #define HAVE_UNISTD_H 1
| #define HAVE_DLFCN_H 1
| /* end confdefs.h.  */
| #include <ac_nonexistent.h>
configure:6018: result: /usr/bin/g++ -E
configure:6047: /usr/bin/g++ -E -I/project/trunk/MV-AC3_GPL/tplink/buildroot-marvell/build/mv-ac3/host/usr/include conftest.cpp
configure:6054: $? = 0
configure:6085: /usr/bin/g++ -E -I/project/trunk/MV-AC3_GPL/tplink/buildroot-marvell/build/mv-ac3/host/usr/include conftest.cpp
conftest.cpp:21:28: fatal error: ac_nonexistent.h: No such file or directory
 #include <ac_nonexistent.h>
                            ^
compilation terminated.
configure:6092: $? = 1
configure: failed program was:
| /* confdefs.h.  */
| #define PACKAGE_NAME "LZMA"
| #define PACKAGE_TARNAME "lzma"
| #define PACKAGE_VERSION "4.32.7"
| #define PACKAGE_STRING "LZMA 4.32.7"
| #define PACKAGE_BUGREPORT "lasse.collin@tukaani.org"
| #define PACKAGE "lzma"
| #define VERSION "4.32.7"
| #define STDC_HEADERS 1
| #define HAVE_SYS_TYPES_H 1
| #define HAVE_SYS_STAT_H 1
| #define HAVE_STDLIB_H 1
| #define HAVE_STRING_H 1
| #define HAVE_MEMORY_H 1
| #define HAVE_STRINGS_H 1
| #define HAVE_INTTYPES_H 1
| #define HAVE_STDINT_H 1
| #define HAVE_UNISTD_H 1
| #define HAVE_DLFCN_H 1
| /* end confdefs.h.  */
| #include <ac_nonexistent.h>
configure:6242: checking for Fortran 77 compiler version
configure:6250: no --version >&5
./configure: line 6252: no: command not found
configure:6254: $? = 127
configure:6261: no -v >&5
./configure: line 6263: no: command not found
configure:6265: $? = 127
configure:6272: no -V >&5
./configure: line 6274: no: command not found
configure:6276: $? = 127
configure:6284: checking whether we are using the GNU Fortran 77 compiler
configure:6303: no -c  conftest.F >&5
./configure: line 6305: no: command not found
configure:6310: $? = 127
configure: failed program was:
|       program main
| #ifndef __GNUC__
|        choke me
| #endif
| 
|       end
configure:6327: result: no
configure:6333: checking whether no accepts -g
configure:6350: no -c -g conftest.f >&5
./configure: line 6352: no: command not found
configure:6357: $? = 127
configure: failed program was:
|       program main
| 
|       end
configure:6373: result: no
configure:6406: checking the maximum length of command line arguments
configure:6518: result: 1572864
configure:6530: checking command to parse /usr/bin/nm output from /usr/bin/gcc object
configure:6635: /usr/bin/gcc -c -g -O2 -I/project/trunk/MV-AC3_GPL/tplink/buildroot-marvell/build/mv-ac3/host/usr/include -I/project/trunk/MV-AC3_GPL/tplink/buildroot-marvell/build/mv-ac3/host/usr/include conftest.c >&5
configure:6638: $? = 0
configure:6642: /usr/bin/nm conftest.o \| sed -n -e 's/^.*[ 	]\([ABCDGIRSTW][ABCDGIRSTW]*\)[ 	][ 	]*\([_A-Za-z][_A-Za-z0-9]*\)$/\1 \2 \2/p' \> conftest.nm
configure:6645: $? = 0
configure:6697: /usr/bin/gcc -o conftest -g -O2 -I/project/trunk/MV-AC3_GPL/tplink/buildroot-marvell/build/mv-ac3/host/usr/include -I/project/trunk/MV-AC3_GPL/tplink/buildroot-marvell/build/mv-ac3/host/usr/include -L/project/trunk/MV-AC3_GPL/tplink/buildroot-marvell/build/mv-ac3/host/lib -L/project/trunk/MV-AC3_GPL/tplink/buildroot-marvell/build/mv-ac3/host/usr/lib -Wl,-rpath,/project/trunk/MV-AC3_GPL/tplink/buildroot-marvell/build/mv-ac3/host/usr/lib conftest.c conftstm.o >&5
configure:6700: $? = 0
configure:6738: result: ok
configure:6742: checking for objdir
configure:6757: result: .libs
configure:6849: checking for ar
configure:6876: result: /usr/bin/ar
configure:6945: checking for ranlib
configure:6972: result: /usr/bin/ranlib
configure:7041: checking for strip
configure:7057: found /usr/bin/strip
configure:7068: result: strip
configure:7670: checking if /usr/bin/gcc supports -fno-rtti -fno-exceptions
configure:7688: /usr/bin/gcc -c -g -O2 -I/project/trunk/MV-AC3_GPL/tplink/buildroot-marvell/build/mv-ac3/host/usr/include -I/project/trunk/MV-AC3_GPL/tplink/buildroot-marvell/build/mv-ac3/host/usr/include -fno-rtti -fno-exceptions conftest.c >&5
cc1: warning: command line option '-fno-rtti' is valid for C++/ObjC++ but not for C [enabled by default]
configure:7692: $? = 0
configure:7705: result: no
configure:7720: checking for /usr/bin/gcc option to produce PIC
configure:7952: result: -fPIC
configure:7960: checking if /usr/bin/gcc PIC flag -fPIC works
configure:7978: /usr/bin/gcc -c -g -O2 -I/project/trunk/MV-AC3_GPL/tplink/buildroot-marvell/build/mv-ac3/host/usr/include -I/project/trunk/MV-AC3_GPL/tplink/buildroot-marvell/build/mv-ac3/host/usr/include -fPIC -DPIC conftest.c >&5
configure:7982: $? = 0
configure:7995: result: yes
configure:8023: checking if /usr/bin/gcc static flag -static works
configure:8051: result: yes
configure:8061: checking if /usr/bin/gcc supports -c -o file.o
configure:8082: /usr/bin/gcc -c -g -O2 -I/project/trunk/MV-AC3_GPL/tplink/buildroot-marvell/build/mv-ac3/host/usr/include -I/project/trunk/MV-AC3_GPL/tplink/buildroot-marvell/build/mv-ac3/host/usr/include -o out/conftest2.o conftest.c >&5
configure:8086: $? = 0
configure:8108: result: yes
configure:8134: checking whether the /usr/bin/gcc linker (/usr/bin/ld) supports shared libraries
configure:9122: result: yes
configure:9143: checking whether -lc should be explicitly linked in
configure:9148: /usr/bin/gcc -c -g -O2 -I/project/trunk/MV-AC3_GPL/tplink/buildroot-marvell/build/mv-ac3/host/usr/include -I/project/trunk/MV-AC3_GPL/tplink/buildroot-marvell/build/mv-ac3/host/usr/include conftest.c >&5
configure:9151: $? = 0
configure:9166: /usr/bin/gcc -shared conftest.o  -v -Wl,-soname -Wl,conftest -o conftest 2\>\&1 \| grep  -lc  \>/dev/null 2\>\&1
configure:9169: $? = 0
configure:9181: result: no
configure:9189: checking dynamic linker characteristics
configure:9791: result: GNU/Linux ld.so
configure:9815: checking how to hardcode library paths into programs
configure:9840: result: immediate
configure:9854: checking whether stripping libraries is possible
configure:9859: result: yes
configure:10689: checking if libtool supports shared libraries
configure:10691: result: yes
configure:10694: checking whether to build shared libraries
configure:10715: result: yes
configure:10718: checking whether to build static libraries
configure:10722: result: no
configure:10816: creating libtool
configure:11409: checking for ld used by /usr/bin/g++
configure:11476: result: /usr/bin/ld
configure:11485: checking if the linker (/usr/bin/ld) is GNU ld
configure:11500: result: yes
configure:11551: checking whether the /usr/bin/g++ linker (/usr/bin/ld) supports shared libraries
configure:12505: result: yes
configure:12522: /usr/bin/g++ -c -g -g -O2 -I/project/trunk/MV-AC3_GPL/tplink/buildroot-marvell/build/mv-ac3/host/usr/include -I/project/trunk/MV-AC3_GPL/tplink/buildroot-marvell/build/mv-ac3/host/usr/include conftest.cpp >&5
configure:12525: $? = 0
configure:12681: checking for /usr/bin/g++ option to produce PIC
configure:12965: result: -fPIC
configure:12973: checking if /usr/bin/g++ PIC flag -fPIC works
configure:12991: /usr/bin/g++ -c -g -g -O2 -I/project/trunk/MV-AC3_GPL/tplink/buildroot-marvell/build/mv-ac3/host/usr/include -I/project/trunk/MV-AC3_GPL/tplink/buildroot-marvell/build/mv-ac3/host/usr/include -fPIC -DPIC conftest.cpp >&5
configure:12995: $? = 0
configure:13008: result: yes
configure:13036: checking if /usr/bin/g++ static flag -static works
configure:13064: result: yes
configure:13074: checking if /usr/bin/g++ supports -c -o file.o
configure:13095: /usr/bin/g++ -c -g -g -O2 -I/project/trunk/MV-AC3_GPL/tplink/buildroot-marvell/build/mv-ac3/host/usr/include -I/project/trunk/MV-AC3_GPL/tplink/buildroot-marvell/build/mv-ac3/host/usr/include -o out/conftest2.o conftest.cpp >&5
configure:13099: $? = 0
configure:13121: result: yes
configure:13147: checking whether the /usr/bin/g++ linker (/usr/bin/ld) supports shared libraries
configure:13173: result: yes
configure:13240: checking dynamic linker characteristics
configure:13790: result: GNU/Linux ld.so
configure:13814: checking how to hardcode library paths into programs
configure:13839: result: immediate
configure:20080: checking for ANSI C header files
configure:20248: result: yes
configure:20284: checking fcntl.h usability
configure:20301: /usr/bin/gcc -c -g -O2 -I/project/trunk/MV-AC3_GPL/tplink/buildroot-marvell/build/mv-ac3/host/usr/include -I/project/trunk/MV-AC3_GPL/tplink/buildroot-marvell/build/mv-ac3/host/usr/include conftest.c >&5
configure:20308: $? = 0
configure:20322: result: yes
configure:20326: checking fcntl.h presence
configure:20341: /usr/bin/cpp -I/project/trunk/MV-AC3_GPL/tplink/buildroot-marvell/build/mv-ac3/host/usr/include conftest.c
configure:20348: $? = 0
configure:20362: result: yes
configure:20395: checking for fcntl.h
configure:20404: result: yes
configure:20273: checking for inttypes.h
configure:20280: result: yes
configure:20284: checking limits.h usability
configure:20301: /usr/bin/gcc -c -g -O2 -I/project/trunk/MV-AC3_GPL/tplink/buildroot-marvell/build/mv-ac3/host/usr/include -I/project/trunk/MV-AC3_GPL/tplink/buildroot-marvell/build/mv-ac3/host/usr/include conftest.c >&5
configure:20308: $? = 0
configure:20322: result: yes
configure:20326: checking limits.h presence
configure:20341: /usr/bin/cpp -I/project/trunk/MV-AC3_GPL/tplink/buildroot-marvell/build/mv-ac3/host/usr/include conftest.c
configure:20348: $? = 0
configure:20362: result: yes
configure:20395: checking for limits.h
configure:20404: result: yes
configure:20284: checking stddef.h usability
configure:20301: /usr/bin/gcc -c -g -O2 -I/project/trunk/MV-AC3_GPL/tplink/buildroot-marvell/build/mv-ac3/host/usr/include -I/project/trunk/MV-AC3_GPL/tplink/buildroot-marvell/build/mv-ac3/host/usr/include conftest.c >&5
configure:20308: $? = 0
configure:20322: result: yes
configure:20326: checking stddef.h presence
configure:20341: /usr/bin/cpp -I/project/trunk/MV-AC3_GPL/tplink/buildroot-marvell/build/mv-ac3/host/usr/include conftest.c
configure:20348: $? = 0
configure:20362: result: yes
configure:20395: checking for stddef.h
configure:20404: result: yes
configure:20273: checking for stdlib.h
configure:20280: result: yes
configure:20273: checking for string.h
configure:20280: result: yes
configure:20284: checking sys/time.h usability
configure:20301: /usr/bin/gcc -c -g -O2 -I/project/trunk/MV-AC3_GPL/tplink/buildroot-marvell/build/mv-ac3/host/usr/include -I/project/trunk/MV-AC3_GPL/tplink/buildroot-marvell/build/mv-ac3/host/usr/include conftest.c >&5
configure:20308: $? = 0
configure:20322: result: yes
configure:20326: checking sys/time.h presence
configure:20341: /usr/bin/cpp -I/project/trunk/MV-AC3_GPL/tplink/buildroot-marvell/build/mv-ac3/host/usr/include conftest.c
configure:20348: $? = 0
configure:20362: result: yes
configure:20395: checking for sys/time.h
configure:20404: result: yes
configure:20273: checking for unistd.h
configure:20280: result: yes
configure:20284: checking utime.h usability
configure:20301: /usr/bin/gcc -c -g -O2 -I/project/trunk/MV-AC3_GPL/tplink/buildroot-marvell/build/mv-ac3/host/usr/include -I/project/trunk/MV-AC3_GPL/tplink/buildroot-marvell/build/mv-ac3/host/usr/include conftest.c >&5
configure:20308: $? = 0
configure:20322: result: yes
configure:20326: checking utime.h presence
configure:20341: /usr/bin/cpp -I/project/trunk/MV-AC3_GPL/tplink/buildroot-marvell/build/mv-ac3/host/usr/include conftest.c
configure:20348: $? = 0
configure:20362: result: yes
configure:20395: checking for utime.h
configure:20404: result: yes
configure:20439: checking errno.h usability
configure:20456: /usr/bin/gcc -c -g -O2 -I/project/trunk/MV-AC3_GPL/tplink/buildroot-marvell/build/mv-ac3/host/usr/include -I/project/trunk/MV-AC3_GPL/tplink/buildroot-marvell/build/mv-ac3/host/usr/include conftest.c >&5
configure:20463: $? = 0
configure:20477: result: yes
configure:20481: checking errno.h presence
configure:20496: /usr/bin/cpp -I/project/trunk/MV-AC3_GPL/tplink/buildroot-marvell/build/mv-ac3/host/usr/include conftest.c
configure:20503: $? = 0
configure:20517: result: yes
configure:20550: checking for errno.h
configure:20559: result: yes
configure:20575: checking for stdbool.h that conforms to C99
configure:20670: /usr/bin/gcc -c -g -O2 -I/project/trunk/MV-AC3_GPL/tplink/buildroot-marvell/build/mv-ac3/host/usr/include -I/project/trunk/MV-AC3_GPL/tplink/buildroot-marvell/build/mv-ac3/host/usr/include conftest.c >&5
configure:20677: $? = 0
configure:20692: result: yes
configure:20694: checking for _Bool
configure:20722: /usr/bin/gcc -c -g -O2 -I/project/trunk/MV-AC3_GPL/tplink/buildroot-marvell/build/mv-ac3/host/usr/include -I/project/trunk/MV-AC3_GPL/tplink/buildroot-marvell/build/mv-ac3/host/usr/include conftest.c >&5
configure:20729: $? = 0
configure:20756: /usr/bin/gcc -c -g -O2 -I/project/trunk/MV-AC3_GPL/tplink/buildroot-marvell/build/mv-ac3/host/usr/include -I/project/trunk/MV-AC3_GPL/tplink/buildroot-marvell/build/mv-ac3/host/usr/include conftest.c >&5
conftest.c: In function 'main':
conftest.c:68:20: error: expected expression before ')' token
 if (sizeof ((_Bool)))
                    ^
configure:20763: $? = 1
configure: failed program was:
| /* confdefs.h.  */
| #define PACKAGE_NAME "LZMA"
| #define PACKAGE_TARNAME "lzma"
| #define PACKAGE_VERSION "4.32.7"
| #define PACKAGE_STRING "LZMA 4.32.7"
| #define PACKAGE_BUGREPORT "lasse.collin@tukaani.org"
| #define PACKAGE "lzma"
| #define VERSION "4.32.7"
| #define STDC_HEADERS 1
| #define HAVE_SYS_TYPES_H 1
| #define HAVE_SYS_STAT_H 1
| #define HAVE_STDLIB_H 1
| #define HAVE_STRING_H 1
| #define HAVE_MEMORY_H 1
| #define HAVE_STRINGS_H 1
| #define HAVE_INTTYPES_H 1
| #define HAVE_STDINT_H 1
| #define HAVE_UNISTD_H 1
| #define HAVE_DLFCN_H 1
| #define STDC_HEADERS 1
| #define HAVE_FCNTL_H 1
| #define HAVE_INTTYPES_H 1
| #define HAVE_LIMITS_H 1
| #define HAVE_STDDEF_H 1
| #define HAVE_STDLIB_H 1
| #define HAVE_STRING_H 1
| #define HAVE_SYS_TIME_H 1
| #define HAVE_UNISTD_H 1
| #define HAVE_UTIME_H 1
| #define HAVE_ERRNO_H 1
| /* end confdefs.h.  */
| #include <stdio.h>
| #ifdef HAVE_SYS_TYPES_H
| # include <sys/types.h>
| #endif
| #ifdef HAVE_SYS_STAT_H
| # include <sys/stat.h>
| #endif
| #ifdef STDC_HEADERS
| # include <stdlib.h>
| # include <stddef.h>
| #else
| # ifdef HAVE_STDLIB_H
| #  include <stdlib.h>
| # endif
| #endif
| #ifdef HAVE_STRING_H
| # if !defined STDC_HEADERS && defined HAVE_MEMORY_H
| #  include <memory.h>
| # endif
| # include <string.h>
| #endif
| #ifdef HAVE_STRINGS_H
| # include <strings.h>
| #endif
| #ifdef HAVE_INTTYPES_H
| # include <inttypes.h>
| #endif
| #ifdef HAVE_STDINT_H
| # include <stdint.h>
| #endif
| #ifdef HAVE_UNISTD_H
| # include <unistd.h>
| #endif
| int
| main ()
| {
| if (sizeof ((_Bool)))
| 	  return 0;
|   ;
|   return 0;
| }
configure:20786: result: yes
configure:20805: checking whether time.h and sys/time.h may both be included
configure:20835: /usr/bin/gcc -c -g -O2 -I/project/trunk/MV-AC3_GPL/tplink/buildroot-marvell/build/mv-ac3/host/usr/include -I/project/trunk/MV-AC3_GPL/tplink/buildroot-marvell/build/mv-ac3/host/usr/include conftest.c >&5
configure:20842: $? = 0
configure:20857: result: yes
configure:20867: checking for an ANSI C-conforming const
configure:20942: /usr/bin/gcc -c -g -O2 -I/project/trunk/MV-AC3_GPL/tplink/buildroot-marvell/build/mv-ac3/host/usr/include -I/project/trunk/MV-AC3_GPL/tplink/buildroot-marvell/build/mv-ac3/host/usr/include conftest.c >&5
configure:20949: $? = 0
configure:20964: result: yes
configure:20974: checking for inline
configure:21000: /usr/bin/gcc -c -g -O2 -I/project/trunk/MV-AC3_GPL/tplink/buildroot-marvell/build/mv-ac3/host/usr/include -I/project/trunk/MV-AC3_GPL/tplink/buildroot-marvell/build/mv-ac3/host/usr/include conftest.c >&5
configure:21007: $? = 0
configure:21025: result: inline
configure:21045: checking for mode_t
configure:21073: /usr/bin/gcc -c -g -O2 -I/project/trunk/MV-AC3_GPL/tplink/buildroot-marvell/build/mv-ac3/host/usr/include -I/project/trunk/MV-AC3_GPL/tplink/buildroot-marvell/build/mv-ac3/host/usr/include conftest.c >&5
configure:21080: $? = 0
configure:21107: /usr/bin/gcc -c -g -O2 -I/project/trunk/MV-AC3_GPL/tplink/buildroot-marvell/build/mv-ac3/host/usr/include -I/project/trunk/MV-AC3_GPL/tplink/buildroot-marvell/build/mv-ac3/host/usr/include conftest.c >&5
conftest.c: In function 'main':
conftest.c:71:21: error: expected expression before ')' token
 if (sizeof ((mode_t)))
                     ^
configure:21114: $? = 1
configure: failed program was:
| /* confdefs.h.  */
| #define PACKAGE_NAME "LZMA"
| #define PACKAGE_TARNAME "lzma"
| #define PACKAGE_VERSION "4.32.7"
| #define PACKAGE_STRING "LZMA 4.32.7"
| #define PACKAGE_BUGREPORT "lasse.collin@tukaani.org"
| #define PACKAGE "lzma"
| #define VERSION "4.32.7"
| #define STDC_HEADERS 1
| #define HAVE_SYS_TYPES_H 1
| #define HAVE_SYS_STAT_H 1
| #define HAVE_STDLIB_H 1
| #define HAVE_STRING_H 1
| #define HAVE_MEMORY_H 1
| #define HAVE_STRINGS_H 1
| #define HAVE_INTTYPES_H 1
| #define HAVE_STDINT_H 1
| #define HAVE_UNISTD_H 1
| #define HAVE_DLFCN_H 1
| #define STDC_HEADERS 1
| #define HAVE_FCNTL_H 1
| #define HAVE_INTTYPES_H 1
| #define HAVE_LIMITS_H 1
| #define HAVE_STDDEF_H 1
| #define HAVE_STDLIB_H 1
| #define HAVE_STRING_H 1
| #define HAVE_SYS_TIME_H 1
| #define HAVE_UNISTD_H 1
| #define HAVE_UTIME_H 1
| #define HAVE_ERRNO_H 1
| #define HAVE__BOOL 1
| #define HAVE_STDBOOL_H 1
| #define TIME_WITH_SYS_TIME 1
| /* end confdefs.h.  */
| #include <stdio.h>
| #ifdef HAVE_SYS_TYPES_H
| # include <sys/types.h>
| #endif
| #ifdef HAVE_SYS_STAT_H
| # include <sys/stat.h>
| #endif
| #ifdef STDC_HEADERS
| # include <stdlib.h>
| # include <stddef.h>
| #else
| # ifdef HAVE_STDLIB_H
| #  include <stdlib.h>
| # endif
| #endif
| #ifdef HAVE_STRING_H
| # if !defined STDC_HEADERS && defined HAVE_MEMORY_H
| #  include <memory.h>
| # endif
| # include <string.h>
| #endif
| #ifdef HAVE_STRINGS_H
| # include <strings.h>
| #endif
| #ifdef HAVE_INTTYPES_H
| # include <inttypes.h>
| #endif
| #ifdef HAVE_STDINT_H
| # include <stdint.h>
| #endif
| #ifdef HAVE_UNISTD_H
| # include <unistd.h>
| #endif
| int
| main ()
| {
| if (sizeof ((mode_t)))
| 	  return 0;
|   ;
|   return 0;
| }
configure:21137: result: yes
configure:21149: checking for off_t
configure:21177: /usr/bin/gcc -c -g -O2 -I/project/trunk/MV-AC3_GPL/tplink/buildroot-marvell/build/mv-ac3/host/usr/include -I/project/trunk/MV-AC3_GPL/tplink/buildroot-marvell/build/mv-ac3/host/usr/include conftest.c >&5
configure:21184: $? = 0
configure:21211: /usr/bin/gcc -c -g -O2 -I/project/trunk/MV-AC3_GPL/tplink/buildroot-marvell/build/mv-ac3/host/usr/include -I/project/trunk/MV-AC3_GPL/tplink/buildroot-marvell/build/mv-ac3/host/usr/include conftest.c >&5
conftest.c: In function 'main':
conftest.c:71:20: error: expected expression before ')' token
 if (sizeof ((off_t)))
                    ^
configure:21218: $? = 1
configure: failed program was:
| /* confdefs.h.  */
| #define PACKAGE_NAME "LZMA"
| #define PACKAGE_TARNAME "lzma"
| #define PACKAGE_VERSION "4.32.7"
| #define PACKAGE_STRING "LZMA 4.32.7"
| #define PACKAGE_BUGREPORT "lasse.collin@tukaani.org"
| #define PACKAGE "lzma"
| #define VERSION "4.32.7"
| #define STDC_HEADERS 1
| #define HAVE_SYS_TYPES_H 1
| #define HAVE_SYS_STAT_H 1
| #define HAVE_STDLIB_H 1
| #define HAVE_STRING_H 1
| #define HAVE_MEMORY_H 1
| #define HAVE_STRINGS_H 1
| #define HAVE_INTTYPES_H 1
| #define HAVE_STDINT_H 1
| #define HAVE_UNISTD_H 1
| #define HAVE_DLFCN_H 1
| #define STDC_HEADERS 1
| #define HAVE_FCNTL_H 1
| #define HAVE_INTTYPES_H 1
| #define HAVE_LIMITS_H 1
| #define HAVE_STDDEF_H 1
| #define HAVE_STDLIB_H 1
| #define HAVE_STRING_H 1
| #define HAVE_SYS_TIME_H 1
| #define HAVE_UNISTD_H 1
| #define HAVE_UTIME_H 1
| #define HAVE_ERRNO_H 1
| #define HAVE__BOOL 1
| #define HAVE_STDBOOL_H 1
| #define TIME_WITH_SYS_TIME 1
| /* end confdefs.h.  */
| #include <stdio.h>
| #ifdef HAVE_SYS_TYPES_H
| # include <sys/types.h>
| #endif
| #ifdef HAVE_SYS_STAT_H
| # include <sys/stat.h>
| #endif
| #ifdef STDC_HEADERS
| # include <stdlib.h>
| # include <stddef.h>
| #else
| # ifdef HAVE_STDLIB_H
| #  include <stdlib.h>
| # endif
| #endif
| #ifdef HAVE_STRING_H
| # if !defined STDC_HEADERS && defined HAVE_MEMORY_H
| #  include <memory.h>
| # endif
| # include <string.h>
| #endif
| #ifdef HAVE_STRINGS_H
| # include <strings.h>
| #endif
| #ifdef HAVE_INTTYPES_H
| # include <inttypes.h>
| #endif
| #ifdef HAVE_STDINT_H
| # include <stdint.h>
| #endif
| #ifdef HAVE_UNISTD_H
| # include <unistd.h>
| #endif
| int
| main ()
| {
| if (sizeof ((off_t)))
| 	  return 0;
|   ;
|   return 0;
| }
configure:21241: result: yes
configure:21253: checking for size_t
configure:21281: /usr/bin/gcc -c -g -O2 -I/project/trunk/MV-AC3_GPL/tplink/buildroot-marvell/build/mv-ac3/host/usr/include -I/project/trunk/MV-AC3_GPL/tplink/buildroot-marvell/build/mv-ac3/host/usr/include conftest.c >&5
configure:21288: $? = 0
configure:21315: /usr/bin/gcc -c -g -O2 -I/project/trunk/MV-AC3_GPL/tplink/buildroot-marvell/build/mv-ac3/host/usr/include -I/project/trunk/MV-AC3_GPL/tplink/buildroot-marvell/build/mv-ac3/host/usr/include conftest.c >&5
conftest.c: In function 'main':
conftest.c:71:21: error: expected expression before ')' token
 if (sizeof ((size_t)))
                     ^
configure:21322: $? = 1
configure: failed program was:
| /* confdefs.h.  */
| #define PACKAGE_NAME "LZMA"
| #define PACKAGE_TARNAME "lzma"
| #define PACKAGE_VERSION "4.32.7"
| #define PACKAGE_STRING "LZMA 4.32.7"
| #define PACKAGE_BUGREPORT "lasse.collin@tukaani.org"
| #define PACKAGE "lzma"
| #define VERSION "4.32.7"
| #define STDC_HEADERS 1
| #define HAVE_SYS_TYPES_H 1
| #define HAVE_SYS_STAT_H 1
| #define HAVE_STDLIB_H 1
| #define HAVE_STRING_H 1
| #define HAVE_MEMORY_H 1
| #define HAVE_STRINGS_H 1
| #define HAVE_INTTYPES_H 1
| #define HAVE_STDINT_H 1
| #define HAVE_UNISTD_H 1
| #define HAVE_DLFCN_H 1
| #define STDC_HEADERS 1
| #define HAVE_FCNTL_H 1
| #define HAVE_INTTYPES_H 1
| #define HAVE_LIMITS_H 1
| #define HAVE_STDDEF_H 1
| #define HAVE_STDLIB_H 1
| #define HAVE_STRING_H 1
| #define HAVE_SYS_TIME_H 1
| #define HAVE_UNISTD_H 1
| #define HAVE_UTIME_H 1
| #define HAVE_ERRNO_H 1
| #define HAVE__BOOL 1
| #define HAVE_STDBOOL_H 1
| #define TIME_WITH_SYS_TIME 1
| /* end confdefs.h.  */
| #include <stdio.h>
| #ifdef HAVE_SYS_TYPES_H
| # include <sys/types.h>
| #endif
| #ifdef HAVE_SYS_STAT_H
| # include <sys/stat.h>
| #endif
| #ifdef STDC_HEADERS
| # include <stdlib.h>
| # include <stddef.h>
| #else
| # ifdef HAVE_STDLIB_H
| #  include <stdlib.h>
| # endif
| #endif
| #ifdef HAVE_STRING_H
| # if !defined STDC_HEADERS && defined HAVE_MEMORY_H
| #  include <memory.h>
| # endif
| # include <string.h>
| #endif
| #ifdef HAVE_STRINGS_H
| # include <strings.h>
| #endif
| #ifdef HAVE_INTTYPES_H
| # include <inttypes.h>
| #endif
| #ifdef HAVE_STDINT_H
| # include <stdint.h>
| #endif
| #ifdef HAVE_UNISTD_H
| # include <unistd.h>
| #endif
| int
| main ()
| {
| if (sizeof ((size_t)))
| 	  return 0;
|   ;
|   return 0;
| }
configure:21345: result: yes
configure:21357: checking for int_fast8_t
configure:21385: /usr/bin/gcc -c -g -O2 -I/project/trunk/MV-AC3_GPL/tplink/buildroot-marvell/build/mv-ac3/host/usr/include -I/project/trunk/MV-AC3_GPL/tplink/buildroot-marvell/build/mv-ac3/host/usr/include conftest.c >&5
configure:21392: $? = 0
configure:21419: /usr/bin/gcc -c -g -O2 -I/project/trunk/MV-AC3_GPL/tplink/buildroot-marvell/build/mv-ac3/host/usr/include -I/project/trunk/MV-AC3_GPL/tplink/buildroot-marvell/build/mv-ac3/host/usr/include conftest.c >&5
conftest.c: In function 'main':
conftest.c:71:26: error: expected expression before ')' token
 if (sizeof ((int_fast8_t)))
                          ^
configure:21426: $? = 1
configure: failed program was:
| /* confdefs.h.  */
| #define PACKAGE_NAME "LZMA"
| #define PACKAGE_TARNAME "lzma"
| #define PACKAGE_VERSION "4.32.7"
| #define PACKAGE_STRING "LZMA 4.32.7"
| #define PACKAGE_BUGREPORT "lasse.collin@tukaani.org"
| #define PACKAGE "lzma"
| #define VERSION "4.32.7"
| #define STDC_HEADERS 1
| #define HAVE_SYS_TYPES_H 1
| #define HAVE_SYS_STAT_H 1
| #define HAVE_STDLIB_H 1
| #define HAVE_STRING_H 1
| #define HAVE_MEMORY_H 1
| #define HAVE_STRINGS_H 1
| #define HAVE_INTTYPES_H 1
| #define HAVE_STDINT_H 1
| #define HAVE_UNISTD_H 1
| #define HAVE_DLFCN_H 1
| #define STDC_HEADERS 1
| #define HAVE_FCNTL_H 1
| #define HAVE_INTTYPES_H 1
| #define HAVE_LIMITS_H 1
| #define HAVE_STDDEF_H 1
| #define HAVE_STDLIB_H 1
| #define HAVE_STRING_H 1
| #define HAVE_SYS_TIME_H 1
| #define HAVE_UNISTD_H 1
| #define HAVE_UTIME_H 1
| #define HAVE_ERRNO_H 1
| #define HAVE__BOOL 1
| #define HAVE_STDBOOL_H 1
| #define TIME_WITH_SYS_TIME 1
| /* end confdefs.h.  */
| #include <stdio.h>
| #ifdef HAVE_SYS_TYPES_H
| # include <sys/types.h>
| #endif
| #ifdef HAVE_SYS_STAT_H
| # include <sys/stat.h>
| #endif
| #ifdef STDC_HEADERS
| # include <stdlib.h>
| # include <stddef.h>
| #else
| # ifdef HAVE_STDLIB_H
| #  include <stdlib.h>
| # endif
| #endif
| #ifdef HAVE_STRING_H
| # if !defined STDC_HEADERS && defined HAVE_MEMORY_H
| #  include <memory.h>
| # endif
| # include <string.h>
| #endif
| #ifdef HAVE_STRINGS_H
| # include <strings.h>
| #endif
| #ifdef HAVE_INTTYPES_H
| # include <inttypes.h>
| #endif
| #ifdef HAVE_STDINT_H
| # include <stdint.h>
| #endif
| #ifdef HAVE_UNISTD_H
| # include <unistd.h>
| #endif
| int
| main ()
| {
| if (sizeof ((int_fast8_t)))
| 	  return 0;
|   ;
|   return 0;
| }
configure:21449: result: yes
configure:21461: checking for uint_fast8_t
configure:21489: /usr/bin/gcc -c -g -O2 -I/project/trunk/MV-AC3_GPL/tplink/buildroot-marvell/build/mv-ac3/host/usr/include -I/project/trunk/MV-AC3_GPL/tplink/buildroot-marvell/build/mv-ac3/host/usr/include conftest.c >&5
configure:21496: $? = 0
configure:21523: /usr/bin/gcc -c -g -O2 -I/project/trunk/MV-AC3_GPL/tplink/buildroot-marvell/build/mv-ac3/host/usr/include -I/project/trunk/MV-AC3_GPL/tplink/buildroot-marvell/build/mv-ac3/host/usr/include conftest.c >&5
conftest.c: In function 'main':
conftest.c:71:27: error: expected expression before ')' token
 if (sizeof ((uint_fast8_t)))
                           ^
configure:21530: $? = 1
configure: failed program was:
| /* confdefs.h.  */
| #define PACKAGE_NAME "LZMA"
| #define PACKAGE_TARNAME "lzma"
| #define PACKAGE_VERSION "4.32.7"
| #define PACKAGE_STRING "LZMA 4.32.7"
| #define PACKAGE_BUGREPORT "lasse.collin@tukaani.org"
| #define PACKAGE "lzma"
| #define VERSION "4.32.7"
| #define STDC_HEADERS 1
| #define HAVE_SYS_TYPES_H 1
| #define HAVE_SYS_STAT_H 1
| #define HAVE_STDLIB_H 1
| #define HAVE_STRING_H 1
| #define HAVE_MEMORY_H 1
| #define HAVE_STRINGS_H 1
| #define HAVE_INTTYPES_H 1
| #define HAVE_STDINT_H 1
| #define HAVE_UNISTD_H 1
| #define HAVE_DLFCN_H 1
| #define STDC_HEADERS 1
| #define HAVE_FCNTL_H 1
| #define HAVE_INTTYPES_H 1
| #define HAVE_LIMITS_H 1
| #define HAVE_STDDEF_H 1
| #define HAVE_STDLIB_H 1
| #define HAVE_STRING_H 1
| #define HAVE_SYS_TIME_H 1
| #define HAVE_UNISTD_H 1
| #define HAVE_UTIME_H 1
| #define HAVE_ERRNO_H 1
| #define HAVE__BOOL 1
| #define HAVE_STDBOOL_H 1
| #define TIME_WITH_SYS_TIME 1
| /* end confdefs.h.  */
| #include <stdio.h>
| #ifdef HAVE_SYS_TYPES_H
| # include <sys/types.h>
| #endif
| #ifdef HAVE_SYS_STAT_H
| # include <sys/stat.h>
| #endif
| #ifdef STDC_HEADERS
| # include <stdlib.h>
| # include <stddef.h>
| #else
| # ifdef HAVE_STDLIB_H
| #  include <stdlib.h>
| # endif
| #endif
| #ifdef HAVE_STRING_H
| # if !defined STDC_HEADERS && defined HAVE_MEMORY_H
| #  include <memory.h>
| # endif
| # include <string.h>
| #endif
| #ifdef HAVE_STRINGS_H
| # include <strings.h>
| #endif
| #ifdef HAVE_INTTYPES_H
| # include <inttypes.h>
| #endif
| #ifdef HAVE_STDINT_H
| # include <stdint.h>
| #endif
| #ifdef HAVE_UNISTD_H
| # include <unistd.h>
| #endif
| int
| main ()
| {
| if (sizeof ((uint_fast8_t)))
| 	  return 0;
|   ;
|   return 0;
| }
configure:21553: result: yes
configure:21565: checking for int_fast16_t
configure:21593: /usr/bin/gcc -c -g -O2 -I/project/trunk/MV-AC3_GPL/tplink/buildroot-marvell/build/mv-ac3/host/usr/include -I/project/trunk/MV-AC3_GPL/tplink/buildroot-marvell/build/mv-ac3/host/usr/include conftest.c >&5
configure:21600: $? = 0
configure:21627: /usr/bin/gcc -c -g -O2 -I/project/trunk/MV-AC3_GPL/tplink/buildroot-marvell/build/mv-ac3/host/usr/include -I/project/trunk/MV-AC3_GPL/tplink/buildroot-marvell/build/mv-ac3/host/usr/include conftest.c >&5
conftest.c: In function 'main':
conftest.c:71:27: error: expected expression before ')' token
 if (sizeof ((int_fast16_t)))
                           ^
configure:21634: $? = 1
configure: failed program was:
| /* confdefs.h.  */
| #define PACKAGE_NAME "LZMA"
| #define PACKAGE_TARNAME "lzma"
| #define PACKAGE_VERSION "4.32.7"
| #define PACKAGE_STRING "LZMA 4.32.7"
| #define PACKAGE_BUGREPORT "lasse.collin@tukaani.org"
| #define PACKAGE "lzma"
| #define VERSION "4.32.7"
| #define STDC_HEADERS 1
| #define HAVE_SYS_TYPES_H 1
| #define HAVE_SYS_STAT_H 1
| #define HAVE_STDLIB_H 1
| #define HAVE_STRING_H 1
| #define HAVE_MEMORY_H 1
| #define HAVE_STRINGS_H 1
| #define HAVE_INTTYPES_H 1
| #define HAVE_STDINT_H 1
| #define HAVE_UNISTD_H 1
| #define HAVE_DLFCN_H 1
| #define STDC_HEADERS 1
| #define HAVE_FCNTL_H 1
| #define HAVE_INTTYPES_H 1
| #define HAVE_LIMITS_H 1
| #define HAVE_STDDEF_H 1
| #define HAVE_STDLIB_H 1
| #define HAVE_STRING_H 1
| #define HAVE_SYS_TIME_H 1
| #define HAVE_UNISTD_H 1
| #define HAVE_UTIME_H 1
| #define HAVE_ERRNO_H 1
| #define HAVE__BOOL 1
| #define HAVE_STDBOOL_H 1
| #define TIME_WITH_SYS_TIME 1
| /* end confdefs.h.  */
| #include <stdio.h>
| #ifdef HAVE_SYS_TYPES_H
| # include <sys/types.h>
| #endif
| #ifdef HAVE_SYS_STAT_H
| # include <sys/stat.h>
| #endif
| #ifdef STDC_HEADERS
| # include <stdlib.h>
| # include <stddef.h>
| #else
| # ifdef HAVE_STDLIB_H
| #  include <stdlib.h>
| # endif
| #endif
| #ifdef HAVE_STRING_H
| # if !defined STDC_HEADERS && defined HAVE_MEMORY_H
| #  include <memory.h>
| # endif
| # include <string.h>
| #endif
| #ifdef HAVE_STRINGS_H
| # include <strings.h>
| #endif
| #ifdef HAVE_INTTYPES_H
| # include <inttypes.h>
| #endif
| #ifdef HAVE_STDINT_H
| # include <stdint.h>
| #endif
| #ifdef HAVE_UNISTD_H
| # include <unistd.h>
| #endif
| int
| main ()
| {
| if (sizeof ((int_fast16_t)))
| 	  return 0;
|   ;
|   return 0;
| }
configure:21657: result: yes
configure:21669: checking for uint_fast16_t
configure:21697: /usr/bin/gcc -c -g -O2 -I/project/trunk/MV-AC3_GPL/tplink/buildroot-marvell/build/mv-ac3/host/usr/include -I/project/trunk/MV-AC3_GPL/tplink/buildroot-marvell/build/mv-ac3/host/usr/include conftest.c >&5
configure:21704: $? = 0
configure:21731: /usr/bin/gcc -c -g -O2 -I/project/trunk/MV-AC3_GPL/tplink/buildroot-marvell/build/mv-ac3/host/usr/include -I/project/trunk/MV-AC3_GPL/tplink/buildroot-marvell/build/mv-ac3/host/usr/include conftest.c >&5
conftest.c: In function 'main':
conftest.c:71:28: error: expected expression before ')' token
 if (sizeof ((uint_fast16_t)))
                            ^
configure:21738: $? = 1
configure: failed program was:
| /* confdefs.h.  */
| #define PACKAGE_NAME "LZMA"
| #define PACKAGE_TARNAME "lzma"
| #define PACKAGE_VERSION "4.32.7"
| #define PACKAGE_STRING "LZMA 4.32.7"
| #define PACKAGE_BUGREPORT "lasse.collin@tukaani.org"
| #define PACKAGE "lzma"
| #define VERSION "4.32.7"
| #define STDC_HEADERS 1
| #define HAVE_SYS_TYPES_H 1
| #define HAVE_SYS_STAT_H 1
| #define HAVE_STDLIB_H 1
| #define HAVE_STRING_H 1
| #define HAVE_MEMORY_H 1
| #define HAVE_STRINGS_H 1
| #define HAVE_INTTYPES_H 1
| #define HAVE_STDINT_H 1
| #define HAVE_UNISTD_H 1
| #define HAVE_DLFCN_H 1
| #define STDC_HEADERS 1
| #define HAVE_FCNTL_H 1
| #define HAVE_INTTYPES_H 1
| #define HAVE_LIMITS_H 1
| #define HAVE_STDDEF_H 1
| #define HAVE_STDLIB_H 1
| #define HAVE_STRING_H 1
| #define HAVE_SYS_TIME_H 1
| #define HAVE_UNISTD_H 1
| #define HAVE_UTIME_H 1
| #define HAVE_ERRNO_H 1
| #define HAVE__BOOL 1
| #define HAVE_STDBOOL_H 1
| #define TIME_WITH_SYS_TIME 1
| /* end confdefs.h.  */
| #include <stdio.h>
| #ifdef HAVE_SYS_TYPES_H
| # include <sys/types.h>
| #endif
| #ifdef HAVE_SYS_STAT_H
| # include <sys/stat.h>
| #endif
| #ifdef STDC_HEADERS
| # include <stdlib.h>
| # include <stddef.h>
| #else
| # ifdef HAVE_STDLIB_H
| #  include <stdlib.h>
| # endif
| #endif
| #ifdef HAVE_STRING_H
| # if !defined STDC_HEADERS && defined HAVE_MEMORY_H
| #  include <memory.h>
| # endif
| # include <string.h>
| #endif
| #ifdef HAVE_STRINGS_H
| # include <strings.h>
| #endif
| #ifdef HAVE_INTTYPES_H
| # include <inttypes.h>
| #endif
| #ifdef HAVE_STDINT_H
| # include <stdint.h>
| #endif
| #ifdef HAVE_UNISTD_H
| # include <unistd.h>
| #endif
| int
| main ()
| {
| if (sizeof ((uint_fast16_t)))
| 	  return 0;
|   ;
|   return 0;
| }
configure:21761: result: yes
configure:21773: checking for int_fast32_t
configure:21801: /usr/bin/gcc -c -g -O2 -I/project/trunk/MV-AC3_GPL/tplink/buildroot-marvell/build/mv-ac3/host/usr/include -I/project/trunk/MV-AC3_GPL/tplink/buildroot-marvell/build/mv-ac3/host/usr/include conftest.c >&5
configure:21808: $? = 0
configure:21835: /usr/bin/gcc -c -g -O2 -I/project/trunk/MV-AC3_GPL/tplink/buildroot-marvell/build/mv-ac3/host/usr/include -I/project/trunk/MV-AC3_GPL/tplink/buildroot-marvell/build/mv-ac3/host/usr/include conftest.c >&5
conftest.c: In function 'main':
conftest.c:71:27: error: expected expression before ')' token
 if (sizeof ((int_fast32_t)))
                           ^
configure:21842: $? = 1
configure: failed program was:
| /* confdefs.h.  */
| #define PACKAGE_NAME "LZMA"
| #define PACKAGE_TARNAME "lzma"
| #define PACKAGE_VERSION "4.32.7"
| #define PACKAGE_STRING "LZMA 4.32.7"
| #define PACKAGE_BUGREPORT "lasse.collin@tukaani.org"
| #define PACKAGE "lzma"
| #define VERSION "4.32.7"
| #define STDC_HEADERS 1
| #define HAVE_SYS_TYPES_H 1
| #define HAVE_SYS_STAT_H 1
| #define HAVE_STDLIB_H 1
| #define HAVE_STRING_H 1
| #define HAVE_MEMORY_H 1
| #define HAVE_STRINGS_H 1
| #define HAVE_INTTYPES_H 1
| #define HAVE_STDINT_H 1
| #define HAVE_UNISTD_H 1
| #define HAVE_DLFCN_H 1
| #define STDC_HEADERS 1
| #define HAVE_FCNTL_H 1
| #define HAVE_INTTYPES_H 1
| #define HAVE_LIMITS_H 1
| #define HAVE_STDDEF_H 1
| #define HAVE_STDLIB_H 1
| #define HAVE_STRING_H 1
| #define HAVE_SYS_TIME_H 1
| #define HAVE_UNISTD_H 1
| #define HAVE_UTIME_H 1
| #define HAVE_ERRNO_H 1
| #define HAVE__BOOL 1
| #define HAVE_STDBOOL_H 1
| #define TIME_WITH_SYS_TIME 1
| /* end confdefs.h.  */
| #include <stdio.h>
| #ifdef HAVE_SYS_TYPES_H
| # include <sys/types.h>
| #endif
| #ifdef HAVE_SYS_STAT_H
| # include <sys/stat.h>
| #endif
| #ifdef STDC_HEADERS
| # include <stdlib.h>
| # include <stddef.h>
| #else
| # ifdef HAVE_STDLIB_H
| #  include <stdlib.h>
| # endif
| #endif
| #ifdef HAVE_STRING_H
| # if !defined STDC_HEADERS && defined HAVE_MEMORY_H
| #  include <memory.h>
| # endif
| # include <string.h>
| #endif
| #ifdef HAVE_STRINGS_H
| # include <strings.h>
| #endif
| #ifdef HAVE_INTTYPES_H
| # include <inttypes.h>
| #endif
| #ifdef HAVE_STDINT_H
| # include <stdint.h>
| #endif
| #ifdef HAVE_UNISTD_H
| # include <unistd.h>
| #endif
| int
| main ()
| {
| if (sizeof ((int_fast32_t)))
| 	  return 0;
|   ;
|   return 0;
| }
configure:21865: result: yes
configure:21877: checking for uint_fast32_t
configure:21905: /usr/bin/gcc -c -g -O2 -I/project/trunk/MV-AC3_GPL/tplink/buildroot-marvell/build/mv-ac3/host/usr/include -I/project/trunk/MV-AC3_GPL/tplink/buildroot-marvell/build/mv-ac3/host/usr/include conftest.c >&5
configure:21912: $? = 0
configure:21939: /usr/bin/gcc -c -g -O2 -I/project/trunk/MV-AC3_GPL/tplink/buildroot-marvell/build/mv-ac3/host/usr/include -I/project/trunk/MV-AC3_GPL/tplink/buildroot-marvell/build/mv-ac3/host/usr/include conftest.c >&5
conftest.c: In function 'main':
conftest.c:71:28: error: expected expression before ')' token
 if (sizeof ((uint_fast32_t)))
                            ^
configure:21946: $? = 1
configure: failed program was:
| /* confdefs.h.  */
| #define PACKAGE_NAME "LZMA"
| #define PACKAGE_TARNAME "lzma"
| #define PACKAGE_VERSION "4.32.7"
| #define PACKAGE_STRING "LZMA 4.32.7"
| #define PACKAGE_BUGREPORT "lasse.collin@tukaani.org"
| #define PACKAGE "lzma"
| #define VERSION "4.32.7"
| #define STDC_HEADERS 1
| #define HAVE_SYS_TYPES_H 1
| #define HAVE_SYS_STAT_H 1
| #define HAVE_STDLIB_H 1
| #define HAVE_STRING_H 1
| #define HAVE_MEMORY_H 1
| #define HAVE_STRINGS_H 1
| #define HAVE_INTTYPES_H 1
| #define HAVE_STDINT_H 1
| #define HAVE_UNISTD_H 1
| #define HAVE_DLFCN_H 1
| #define STDC_HEADERS 1
| #define HAVE_FCNTL_H 1
| #define HAVE_INTTYPES_H 1
| #define HAVE_LIMITS_H 1
| #define HAVE_STDDEF_H 1
| #define HAVE_STDLIB_H 1
| #define HAVE_STRING_H 1
| #define HAVE_SYS_TIME_H 1
| #define HAVE_UNISTD_H 1
| #define HAVE_UTIME_H 1
| #define HAVE_ERRNO_H 1
| #define HAVE__BOOL 1
| #define HAVE_STDBOOL_H 1
| #define TIME_WITH_SYS_TIME 1
| /* end confdefs.h.  */
| #include <stdio.h>
| #ifdef HAVE_SYS_TYPES_H
| # include <sys/types.h>
| #endif
| #ifdef HAVE_SYS_STAT_H
| # include <sys/stat.h>
| #endif
| #ifdef STDC_HEADERS
| # include <stdlib.h>
| # include <stddef.h>
| #else
| # ifdef HAVE_STDLIB_H
| #  include <stdlib.h>
| # endif
| #endif
| #ifdef HAVE_STRING_H
| # if !defined STDC_HEADERS && defined HAVE_MEMORY_H
| #  include <memory.h>
| # endif
| # include <string.h>
| #endif
| #ifdef HAVE_STRINGS_H
| # include <strings.h>
| #endif
| #ifdef HAVE_INTTYPES_H
| # include <inttypes.h>
| #endif
| #ifdef HAVE_STDINT_H
| # include <stdint.h>
| #endif
| #ifdef HAVE_UNISTD_H
| # include <unistd.h>
| #endif
| int
| main ()
| {
| if (sizeof ((uint_fast32_t)))
| 	  return 0;
|   ;
|   return 0;
| }
configure:21969: result: yes
configure:21981: checking for int_fast64_t
configure:22009: /usr/bin/gcc -c -g -O2 -I/project/trunk/MV-AC3_GPL/tplink/buildroot-marvell/build/mv-ac3/host/usr/include -I/project/trunk/MV-AC3_GPL/tplink/buildroot-marvell/build/mv-ac3/host/usr/include conftest.c >&5
configure:22016: $? = 0
configure:22043: /usr/bin/gcc -c -g -O2 -I/project/trunk/MV-AC3_GPL/tplink/buildroot-marvell/build/mv-ac3/host/usr/include -I/project/trunk/MV-AC3_GPL/tplink/buildroot-marvell/build/mv-ac3/host/usr/include conftest.c >&5
conftest.c: In function 'main':
conftest.c:71:27: error: expected expression before ')' token
 if (sizeof ((int_fast64_t)))
                           ^
configure:22050: $? = 1
configure: failed program was:
| /* confdefs.h.  */
| #define PACKAGE_NAME "LZMA"
| #define PACKAGE_TARNAME "lzma"
| #define PACKAGE_VERSION "4.32.7"
| #define PACKAGE_STRING "LZMA 4.32.7"
| #define PACKAGE_BUGREPORT "lasse.collin@tukaani.org"
| #define PACKAGE "lzma"
| #define VERSION "4.32.7"
| #define STDC_HEADERS 1
| #define HAVE_SYS_TYPES_H 1
| #define HAVE_SYS_STAT_H 1
| #define HAVE_STDLIB_H 1
| #define HAVE_STRING_H 1
| #define HAVE_MEMORY_H 1
| #define HAVE_STRINGS_H 1
| #define HAVE_INTTYPES_H 1
| #define HAVE_STDINT_H 1
| #define HAVE_UNISTD_H 1
| #define HAVE_DLFCN_H 1
| #define STDC_HEADERS 1
| #define HAVE_FCNTL_H 1
| #define HAVE_INTTYPES_H 1
| #define HAVE_LIMITS_H 1
| #define HAVE_STDDEF_H 1
| #define HAVE_STDLIB_H 1
| #define HAVE_STRING_H 1
| #define HAVE_SYS_TIME_H 1
| #define HAVE_UNISTD_H 1
| #define HAVE_UTIME_H 1
| #define HAVE_ERRNO_H 1
| #define HAVE__BOOL 1
| #define HAVE_STDBOOL_H 1
| #define TIME_WITH_SYS_TIME 1
| /* end confdefs.h.  */
| #include <stdio.h>
| #ifdef HAVE_SYS_TYPES_H
| # include <sys/types.h>
| #endif
| #ifdef HAVE_SYS_STAT_H
| # include <sys/stat.h>
| #endif
| #ifdef STDC_HEADERS
| # include <stdlib.h>
| # include <stddef.h>
| #else
| # ifdef HAVE_STDLIB_H
| #  include <stdlib.h>
| # endif
| #endif
| #ifdef HAVE_STRING_H
| # if !defined STDC_HEADERS && defined HAVE_MEMORY_H
| #  include <memory.h>
| # endif
| # include <string.h>
| #endif
| #ifdef HAVE_STRINGS_H
| # include <strings.h>
| #endif
| #ifdef HAVE_INTTYPES_H
| # include <inttypes.h>
| #endif
| #ifdef HAVE_STDINT_H
| # include <stdint.h>
| #endif
| #ifdef HAVE_UNISTD_H
| # include <unistd.h>
| #endif
| int
| main ()
| {
| if (sizeof ((int_fast64_t)))
| 	  return 0;
|   ;
|   return 0;
| }
configure:22073: result: yes
configure:22085: checking for uint_fast64_t
configure:22113: /usr/bin/gcc -c -g -O2 -I/project/trunk/MV-AC3_GPL/tplink/buildroot-marvell/build/mv-ac3/host/usr/include -I/project/trunk/MV-AC3_GPL/tplink/buildroot-marvell/build/mv-ac3/host/usr/include conftest.c >&5
configure:22120: $? = 0
configure:22147: /usr/bin/gcc -c -g -O2 -I/project/trunk/MV-AC3_GPL/tplink/buildroot-marvell/build/mv-ac3/host/usr/include -I/project/trunk/MV-AC3_GPL/tplink/buildroot-marvell/build/mv-ac3/host/usr/include conftest.c >&5
conftest.c: In function 'main':
conftest.c:71:28: error: expected expression before ')' token
 if (sizeof ((uint_fast64_t)))
                            ^
configure:22154: $? = 1
configure: failed program was:
| /* confdefs.h.  */
| #define PACKAGE_NAME "LZMA"
| #define PACKAGE_TARNAME "lzma"
| #define PACKAGE_VERSION "4.32.7"
| #define PACKAGE_STRING "LZMA 4.32.7"
| #define PACKAGE_BUGREPORT "lasse.collin@tukaani.org"
| #define PACKAGE "lzma"
| #define VERSION "4.32.7"
| #define STDC_HEADERS 1
| #define HAVE_SYS_TYPES_H 1
| #define HAVE_SYS_STAT_H 1
| #define HAVE_STDLIB_H 1
| #define HAVE_STRING_H 1
| #define HAVE_MEMORY_H 1
| #define HAVE_STRINGS_H 1
| #define HAVE_INTTYPES_H 1
| #define HAVE_STDINT_H 1
| #define HAVE_UNISTD_H 1
| #define HAVE_DLFCN_H 1
| #define STDC_HEADERS 1
| #define HAVE_FCNTL_H 1
| #define HAVE_INTTYPES_H 1
| #define HAVE_LIMITS_H 1
| #define HAVE_STDDEF_H 1
| #define HAVE_STDLIB_H 1
| #define HAVE_STRING_H 1
| #define HAVE_SYS_TIME_H 1
| #define HAVE_UNISTD_H 1
| #define HAVE_UTIME_H 1
| #define HAVE_ERRNO_H 1
| #define HAVE__BOOL 1
| #define HAVE_STDBOOL_H 1
| #define TIME_WITH_SYS_TIME 1
| /* end confdefs.h.  */
| #include <stdio.h>
| #ifdef HAVE_SYS_TYPES_H
| # include <sys/types.h>
| #endif
| #ifdef HAVE_SYS_STAT_H
| # include <sys/stat.h>
| #endif
| #ifdef STDC_HEADERS
| # include <stdlib.h>
| # include <stddef.h>
| #else
| # ifdef HAVE_STDLIB_H
| #  include <stdlib.h>
| # endif
| #endif
| #ifdef HAVE_STRING_H
| # if !defined STDC_HEADERS && defined HAVE_MEMORY_H
| #  include <memory.h>
| # endif
| # include <string.h>
| #endif
| #ifdef HAVE_STRINGS_H
| # include <strings.h>
| #endif
| #ifdef HAVE_INTTYPES_H
| # include <inttypes.h>
| #endif
| #ifdef HAVE_STDINT_H
| # include <stdint.h>
| #endif
| #ifdef HAVE_UNISTD_H
| # include <unistd.h>
| #endif
| int
| main ()
| {
| if (sizeof ((uint_fast64_t)))
| 	  return 0;
|   ;
|   return 0;
| }
configure:22177: result: yes
configure:22197: checking for special C compiler options needed for large files
configure:22292: result: no
configure:22298: checking for _FILE_OFFSET_BITS value needed for large files
configure:22333: /usr/bin/gcc -c -g -O2 -I/project/trunk/MV-AC3_GPL/tplink/buildroot-marvell/build/mv-ac3/host/usr/include -I/project/trunk/MV-AC3_GPL/tplink/buildroot-marvell/build/mv-ac3/host/usr/include conftest.c >&5
conftest.c:41:3: warning: left shift count >= width of type [enabled by default]
   int off_t_is_large[(LARGE_OFF_T % 2147483629 == 721
   ^
conftest.c:41:3: warning: left shift count >= width of type [enabled by default]
conftest.c:42:10: warning: left shift count >= width of type [enabled by default]
          && LARGE_OFF_T % 2147483647 == 1)
          ^
conftest.c:42:10: warning: left shift count >= width of type [enabled by default]
conftest.c:41:7: error: variably modified 'off_t_is_large' at file scope
   int off_t_is_large[(LARGE_OFF_T % 2147483629 == 721
       ^
configure:22340: $? = 1
configure: failed program was:
| /* confdefs.h.  */
| #define PACKAGE_NAME "LZMA"
| #define PACKAGE_TARNAME "lzma"
| #define PACKAGE_VERSION "4.32.7"
| #define PACKAGE_STRING "LZMA 4.32.7"
| #define PACKAGE_BUGREPORT "lasse.collin@tukaani.org"
| #define PACKAGE "lzma"
| #define VERSION "4.32.7"
| #define STDC_HEADERS 1
| #define HAVE_SYS_TYPES_H 1
| #define HAVE_SYS_STAT_H 1
| #define HAVE_STDLIB_H 1
| #define HAVE_STRING_H 1
| #define HAVE_MEMORY_H 1
| #define HAVE_STRINGS_H 1
| #define HAVE_INTTYPES_H 1
| #define HAVE_STDINT_H 1
| #define HAVE_UNISTD_H 1
| #define HAVE_DLFCN_H 1
| #define STDC_HEADERS 1
| #define HAVE_FCNTL_H 1
| #define HAVE_INTTYPES_H 1
| #define HAVE_LIMITS_H 1
| #define HAVE_STDDEF_H 1
| #define HAVE_STDLIB_H 1
| #define HAVE_STRING_H 1
| #define HAVE_SYS_TIME_H 1
| #define HAVE_UNISTD_H 1
| #define HAVE_UTIME_H 1
| #define HAVE_ERRNO_H 1
| #define HAVE__BOOL 1
| #define HAVE_STDBOOL_H 1
| #define TIME_WITH_SYS_TIME 1
| /* end confdefs.h.  */
| #include <sys/types.h>
|  /* Check that off_t can represent 2**63 - 1 correctly.
|     We can't simply define LARGE_OFF_T to be 9223372036854775807,
|     since some C++ compilers masquerading as C compilers
|     incorrectly reject 9223372036854775807.  */
| #define LARGE_OFF_T (((off_t) 1 << 62) - 1 + ((off_t) 1 << 62))
|   int off_t_is_large[(LARGE_OFF_T % 2147483629 == 721
| 		       && LARGE_OFF_T % 2147483647 == 1)
| 		      ? 1 : -1];
| int
| main ()
| {
| 
|   ;
|   return 0;
| }
configure:22384: /usr/bin/gcc -c -g -O2 -I/project/trunk/MV-AC3_GPL/tplink/buildroot-marvell/build/mv-ac3/host/usr/include -I/project/trunk/MV-AC3_GPL/tplink/buildroot-marvell/build/mv-ac3/host/usr/include conftest.c >&5
configure:22391: $? = 0
configure:22409: result: 64
configure:22562: checking for memmove
configure:22618: /usr/bin/gcc -o conftest -g -O2 -I/project/trunk/MV-AC3_GPL/tplink/buildroot-marvell/build/mv-ac3/host/usr/include -I/project/trunk/MV-AC3_GPL/tplink/buildroot-marvell/build/mv-ac3/host/usr/include -L/project/trunk/MV-AC3_GPL/tplink/buildroot-marvell/build/mv-ac3/host/lib -L/project/trunk/MV-AC3_GPL/tplink/buildroot-marvell/build/mv-ac3/host/usr/lib -Wl,-rpath,/project/trunk/MV-AC3_GPL/tplink/buildroot-marvell/build/mv-ac3/host/usr/lib conftest.c  >&5
conftest.c:59:6: warning: conflicting types for built-in function 'memmove' [enabled by default]
 char memmove ();
      ^
configure:22625: $? = 0
configure:22647: result: yes
configure:22562: checking for strdup
configure:22618: /usr/bin/gcc -o conftest -g -O2 -I/project/trunk/MV-AC3_GPL/tplink/buildroot-marvell/build/mv-ac3/host/usr/include -I/project/trunk/MV-AC3_GPL/tplink/buildroot-marvell/build/mv-ac3/host/usr/include -L/project/trunk/MV-AC3_GPL/tplink/buildroot-marvell/build/mv-ac3/host/lib -L/project/trunk/MV-AC3_GPL/tplink/buildroot-marvell/build/mv-ac3/host/usr/lib -Wl,-rpath,/project/trunk/MV-AC3_GPL/tplink/buildroot-marvell/build/mv-ac3/host/usr/lib conftest.c  >&5
conftest.c:60:6: warning: conflicting types for built-in function 'strdup' [enabled by default]
 char strdup ();
      ^
configure:22625: $? = 0
configure:22647: result: yes
configure:22562: checking for memset
configure:22618: /usr/bin/gcc -o conftest -g -O2 -I/project/trunk/MV-AC3_GPL/tplink/buildroot-marvell/build/mv-ac3/host/usr/include -I/project/trunk/MV-AC3_GPL/tplink/buildroot-marvell/build/mv-ac3/host/usr/include -L/project/trunk/MV-AC3_GPL/tplink/buildroot-marvell/build/mv-ac3/host/lib -L/project/trunk/MV-AC3_GPL/tplink/buildroot-marvell/build/mv-ac3/host/usr/lib -Wl,-rpath,/project/trunk/MV-AC3_GPL/tplink/buildroot-marvell/build/mv-ac3/host/usr/lib conftest.c  >&5
conftest.c:61:6: warning: conflicting types for built-in function 'memset' [enabled by default]
 char memset ();
      ^
configure:22625: $? = 0
configure:22647: result: yes
configure:22562: checking for strerror
configure:22618: /usr/bin/gcc -o conftest -g -O2 -I/project/trunk/MV-AC3_GPL/tplink/buildroot-marvell/build/mv-ac3/host/usr/include -I/project/trunk/MV-AC3_GPL/tplink/buildroot-marvell/build/mv-ac3/host/usr/include -L/project/trunk/MV-AC3_GPL/tplink/buildroot-marvell/build/mv-ac3/host/lib -L/project/trunk/MV-AC3_GPL/tplink/buildroot-marvell/build/mv-ac3/host/usr/lib -Wl,-rpath,/project/trunk/MV-AC3_GPL/tplink/buildroot-marvell/build/mv-ac3/host/usr/lib conftest.c  >&5
configure:22625: $? = 0
configure:22647: result: yes
configure:22562: checking for strrchr
configure:22618: /usr/bin/gcc -o conftest -g -O2 -I/project/trunk/MV-AC3_GPL/tplink/buildroot-marvell/build/mv-ac3/host/usr/include -I/project/trunk/MV-AC3_GPL/tplink/buildroot-marvell/build/mv-ac3/host/usr/include -L/project/trunk/MV-AC3_GPL/tplink/buildroot-marvell/build/mv-ac3/host/lib -L/project/trunk/MV-AC3_GPL/tplink/buildroot-marvell/build/mv-ac3/host/usr/lib -Wl,-rpath,/project/trunk/MV-AC3_GPL/tplink/buildroot-marvell/build/mv-ac3/host/usr/lib conftest.c  >&5
conftest.c:63:6: warning: conflicting types for built-in function 'strrchr' [enabled by default]
 char strrchr ();
      ^
configure:22625: $? = 0
configure:22647: result: yes
configure:22562: checking for strtol
configure:22618: /usr/bin/gcc -o conftest -g -O2 -I/project/trunk/MV-AC3_GPL/tplink/buildroot-marvell/build/mv-ac3/host/usr/include -I/project/trunk/MV-AC3_GPL/tplink/buildroot-marvell/build/mv-ac3/host/usr/include -L/project/trunk/MV-AC3_GPL/tplink/buildroot-marvell/build/mv-ac3/host/lib -L/project/trunk/MV-AC3_GPL/tplink/buildroot-marvell/build/mv-ac3/host/usr/lib -Wl,-rpath,/project/trunk/MV-AC3_GPL/tplink/buildroot-marvell/build/mv-ac3/host/usr/lib conftest.c  >&5
configure:22625: $? = 0
configure:22647: result: yes
configure:22562: checking for utime
configure:22618: /usr/bin/gcc -o conftest -g -O2 -I/project/trunk/MV-AC3_GPL/tplink/buildroot-marvell/build/mv-ac3/host/usr/include -I/project/trunk/MV-AC3_GPL/tplink/buildroot-marvell/build/mv-ac3/host/usr/include -L/project/trunk/MV-AC3_GPL/tplink/buildroot-marvell/build/mv-ac3/host/lib -L/project/trunk/MV-AC3_GPL/tplink/buildroot-marvell/build/mv-ac3/host/usr/lib -Wl,-rpath,/project/trunk/MV-AC3_GPL/tplink/buildroot-marvell/build/mv-ac3/host/usr/lib conftest.c  >&5
configure:22625: $? = 0
configure:22647: result: yes
configure:22562: checking for utimes
configure:22618: /usr/bin/gcc -o conftest -g -O2 -I/project/trunk/MV-AC3_GPL/tplink/buildroot-marvell/build/mv-ac3/host/usr/include -I/project/trunk/MV-AC3_GPL/tplink/buildroot-marvell/build/mv-ac3/host/usr/include -L/project/trunk/MV-AC3_GPL/tplink/buildroot-marvell/build/mv-ac3/host/lib -L/project/trunk/MV-AC3_GPL/tplink/buildroot-marvell/build/mv-ac3/host/usr/lib -Wl,-rpath,/project/trunk/MV-AC3_GPL/tplink/buildroot-marvell/build/mv-ac3/host/usr/lib conftest.c  >&5
configure:22625: $? = 0
configure:22647: result: yes
configure:22562: checking for futimes
configure:22618: /usr/bin/gcc -o conftest -g -O2 -I/project/trunk/MV-AC3_GPL/tplink/buildroot-marvell/build/mv-ac3/host/usr/include -I/project/trunk/MV-AC3_GPL/tplink/buildroot-marvell/build/mv-ac3/host/usr/include -L/project/trunk/MV-AC3_GPL/tplink/buildroot-marvell/build/mv-ac3/host/lib -L/project/trunk/MV-AC3_GPL/tplink/buildroot-marvell/build/mv-ac3/host/usr/lib -Wl,-rpath,/project/trunk/MV-AC3_GPL/tplink/buildroot-marvell/build/mv-ac3/host/usr/lib conftest.c  >&5
configure:22625: $? = 0
configure:22647: result: yes
configure:22562: checking for futimesat
configure:22618: /usr/bin/gcc -o conftest -g -O2 -I/project/trunk/MV-AC3_GPL/tplink/buildroot-marvell/build/mv-ac3/host/usr/include -I/project/trunk/MV-AC3_GPL/tplink/buildroot-marvell/build/mv-ac3/host/usr/include -L/project/trunk/MV-AC3_GPL/tplink/buildroot-marvell/build/mv-ac3/host/lib -L/project/trunk/MV-AC3_GPL/tplink/buildroot-marvell/build/mv-ac3/host/usr/lib -Wl,-rpath,/project/trunk/MV-AC3_GPL/tplink/buildroot-marvell/build/mv-ac3/host/usr/lib conftest.c  >&5
configure:22625: $? = 0
configure:22647: result: yes
configure:22562: checking for snprintf
configure:22618: /usr/bin/gcc -o conftest -g -O2 -I/project/trunk/MV-AC3_GPL/tplink/buildroot-marvell/build/mv-ac3/host/usr/include -I/project/trunk/MV-AC3_GPL/tplink/buildroot-marvell/build/mv-ac3/host/usr/include -L/project/trunk/MV-AC3_GPL/tplink/buildroot-marvell/build/mv-ac3/host/lib -L/project/trunk/MV-AC3_GPL/tplink/buildroot-marvell/build/mv-ac3/host/usr/lib -Wl,-rpath,/project/trunk/MV-AC3_GPL/tplink/buildroot-marvell/build/mv-ac3/host/usr/lib conftest.c  >&5
conftest.c:69:6: warning: conflicting types for built-in function 'snprintf' [enabled by default]
 char snprintf ();
      ^
configure:22625: $? = 0
configure:22647: result: yes
configure:22677: checking getopt.h usability
configure:22694: /usr/bin/gcc -c -g -O2 -I/project/trunk/MV-AC3_GPL/tplink/buildroot-marvell/build/mv-ac3/host/usr/include -I/project/trunk/MV-AC3_GPL/tplink/buildroot-marvell/build/mv-ac3/host/usr/include conftest.c >&5
configure:22701: $? = 0
configure:22715: result: yes
configure:22719: checking getopt.h presence
configure:22734: /usr/bin/cpp -I/project/trunk/MV-AC3_GPL/tplink/buildroot-marvell/build/mv-ac3/host/usr/include conftest.c
configure:22741: $? = 0
configure:22755: result: yes
configure:22788: checking for getopt.h
configure:22797: result: yes
configure:22820: checking for getopt_long_only
configure:22876: /usr/bin/gcc -o conftest -g -O2 -I/project/trunk/MV-AC3_GPL/tplink/buildroot-marvell/build/mv-ac3/host/usr/include -I/project/trunk/MV-AC3_GPL/tplink/buildroot-marvell/build/mv-ac3/host/usr/include -L/project/trunk/MV-AC3_GPL/tplink/buildroot-marvell/build/mv-ac3/host/lib -L/project/trunk/MV-AC3_GPL/tplink/buildroot-marvell/build/mv-ac3/host/usr/lib -Wl,-rpath,/project/trunk/MV-AC3_GPL/tplink/buildroot-marvell/build/mv-ac3/host/usr/lib conftest.c  >&5
configure:22883: $? = 0
configure:22905: result: yes
configure:22921: checking whether optreset is declared
configure:22951: /usr/bin/gcc -c -g -O2 -I/project/trunk/MV-AC3_GPL/tplink/buildroot-marvell/build/mv-ac3/host/usr/include -I/project/trunk/MV-AC3_GPL/tplink/buildroot-marvell/build/mv-ac3/host/usr/include conftest.c >&5
conftest.c: In function 'main':
conftest.c:55:10: error: 'optreset' undeclared (first use in this function)
   (void) optreset;
          ^
conftest.c:55:10: note: each undeclared identifier is reported only once for each function it appears in
configure:22958: $? = 1
configure: failed program was:
| /* confdefs.h.  */
| #define PACKAGE_NAME "LZMA"
| #define PACKAGE_TARNAME "lzma"
| #define PACKAGE_VERSION "4.32.7"
| #define PACKAGE_STRING "LZMA 4.32.7"
| #define PACKAGE_BUGREPORT "lasse.collin@tukaani.org"
| #define PACKAGE "lzma"
| #define VERSION "4.32.7"
| #define STDC_HEADERS 1
| #define HAVE_SYS_TYPES_H 1
| #define HAVE_SYS_STAT_H 1
| #define HAVE_STDLIB_H 1
| #define HAVE_STRING_H 1
| #define HAVE_MEMORY_H 1
| #define HAVE_STRINGS_H 1
| #define HAVE_INTTYPES_H 1
| #define HAVE_STDINT_H 1
| #define HAVE_UNISTD_H 1
| #define HAVE_DLFCN_H 1
| #define STDC_HEADERS 1
| #define HAVE_FCNTL_H 1
| #define HAVE_INTTYPES_H 1
| #define HAVE_LIMITS_H 1
| #define HAVE_STDDEF_H 1
| #define HAVE_STDLIB_H 1
| #define HAVE_STRING_H 1
| #define HAVE_SYS_TIME_H 1
| #define HAVE_UNISTD_H 1
| #define HAVE_UTIME_H 1
| #define HAVE_ERRNO_H 1
| #define HAVE__BOOL 1
| #define HAVE_STDBOOL_H 1
| #define TIME_WITH_SYS_TIME 1
| #define _FILE_OFFSET_BITS 64
| #define HAVE_MEMMOVE 1
| #define HAVE_STRDUP 1
| #define HAVE_MEMSET 1
| #define HAVE_STRERROR 1
| #define HAVE_STRRCHR 1
| #define HAVE_STRTOL 1
| #define HAVE_UTIME 1
| #define HAVE_UTIMES 1
| #define HAVE_FUTIMES 1
| #define HAVE_FUTIMESAT 1
| #define HAVE_SNPRINTF 1
| #define HAVE_GETOPT_H 1
| #define HAVE_GETOPT_LONG_ONLY 1
| /* end confdefs.h.  */
| #include <getopt.h>
| 
| int
| main ()
| {
| #ifndef optreset
|   (void) optreset;
| #endif
| 
|   ;
|   return 0;
| }
configure:22973: result: no
configure:22982: checking for working GNU getopt function
configure:23076: /usr/bin/gcc -o conftest -g -O2 -I/project/trunk/MV-AC3_GPL/tplink/buildroot-marvell/build/mv-ac3/host/usr/include -I/project/trunk/MV-AC3_GPL/tplink/buildroot-marvell/build/mv-ac3/host/usr/include -L/project/trunk/MV-AC3_GPL/tplink/buildroot-marvell/build/mv-ac3/host/lib -L/project/trunk/MV-AC3_GPL/tplink/buildroot-marvell/build/mv-ac3/host/usr/lib -Wl,-rpath,/project/trunk/MV-AC3_GPL/tplink/buildroot-marvell/build/mv-ac3/host/usr/lib conftest.c  >&5
configure:23080: $? = 0
configure:23086: ./conftest
conftest: invalid option -- '+'
configure:23090: $? = 0
configure:23107: result: yes
configure:23114: checking whether getenv is declared
configure:23143: /usr/bin/gcc -c -g -O2 -I/project/trunk/MV-AC3_GPL/tplink/buildroot-marvell/build/mv-ac3/host/usr/include -I/project/trunk/MV-AC3_GPL/tplink/buildroot-marvell/build/mv-ac3/host/usr/include conftest.c >&5
configure:23150: $? = 0
configure:23165: result: yes
configure:23344: creating ./config.status

## ---------------------- ##
## Running config.status. ##
## ---------------------- ##

This file was extended by LZMA config.status 4.32.7, which was
generated by GNU Autoconf 2.62.  Invocation command line was

  CONFIG_FILES    = 
  CONFIG_HEADERS  = 
  CONFIG_LINKS    = 
  CONFIG_COMMANDS = 
  $ ./config.status 

on ubuntu

config.status:844: creating Makefile
config.status:844: creating src/Makefile
config.status:844: creating src/liblzmadec/Makefile
config.status:844: creating src/lzmadec/Makefile
config.status:844: creating src/lzmainfo/Makefile
config.status:844: creating src/lzma/Makefile
config.status:844: creating src/scripts/Makefile
config.status:844: creating src/sdk/7zip/Common/Makefile
config.status:844: creating src/sdk/7zip/Compress/LZ/Makefile
config.status:844: creating src/sdk/7zip/Compress/LZMA/Makefile
config.status:844: creating src/sdk/7zip/Compress/LZMA_C/Makefile
config.status:844: creating src/sdk/7zip/Compress/Makefile
config.status:844: creating src/sdk/7zip/Compress/RangeCoder/Makefile
config.status:844: creating src/sdk/7zip/Makefile
config.status:844: creating src/sdk/Common/Makefile
config.status:844: creating src/sdk/Makefile
config.status:844: creating tests/Makefile
config.status:844: creating config.h
config.status:1118: executing depfiles commands
configure:24670: WARNING: Unrecognized options: --disable-gtk-doc, --disable-gtk-doc-html, --disable-doc, --disable-docs, --disable-documentation, --with-xmlto, --with-fop

## ---------------- ##
## Cache variables. ##
## ---------------- ##

ac_cv_build=i686-pc-linux-gnu
ac_cv_c_compiler_gnu=yes
ac_cv_c_const=yes
ac_cv_c_inline=inline
ac_cv_cxx_compiler_gnu=yes
ac_cv_env_CCC_set=
ac_cv_env_CCC_value=
ac_cv_env_CC_set=set
ac_cv_env_CC_value=/usr/bin/gcc
ac_cv_env_CFLAGS_set=set
ac_cv_env_CFLAGS_value='-O2 -I/project/trunk/MV-AC3_GPL/tplink/buildroot-marvell/build/mv-ac3/host/usr/include'
ac_cv_env_CPPFLAGS_set=set
ac_cv_env_CPPFLAGS_value=-I/project/trunk/MV-AC3_GPL/tplink/buildroot-marvell/build/mv-ac3/host/usr/include
ac_cv_env_CPP_set=set
ac_cv_env_CPP_value=/usr/bin/cpp
ac_cv_env_CXXCPP_set=
ac_cv_env_CXXCPP_value=
ac_cv_env_CXXFLAGS_set=set
ac_cv_env_CXXFLAGS_value='-O2 -I/project/trunk/MV-AC3_GPL/tplink/buildroot-marvell/build/mv-ac3/host/usr/include'
ac_cv_env_CXX_set=set
ac_cv_env_CXX_value=/usr/bin/g++
ac_cv_env_F77_set=
ac_cv_env_F77_value=
ac_cv_env_FFLAGS_set=
ac_cv_env_FFLAGS_value=
ac_cv_env_LDFLAGS_set=set
ac_cv_env_LDFLAGS_value='-L/project/trunk/MV-AC3_GPL/tplink/buildroot-marvell/build/mv-ac3/host/lib -L/project/trunk/MV-AC3_GPL/tplink/buildroot-marvell/build/mv-ac3/host/usr/lib -Wl,-rpath,/project/trunk/MV-AC3_GPL/tplink/buildroot-marvell/build/mv-ac3/host/usr/lib'
ac_cv_env_LIBS_set=
ac_cv_env_LIBS_value=
ac_cv_env_build_alias_set=
ac_cv_env_build_alias_value=
ac_cv_env_host_alias_set=
ac_cv_env_host_alias_value=
ac_cv_env_target_alias_set=
ac_cv_env_target_alias_value=
ac_cv_f77_compiler_gnu=no
ac_cv_func_futimes=yes
ac_cv_func_futimesat=yes
ac_cv_func_getopt_long_only=yes
ac_cv_func_memmove=yes
ac_cv_func_memset=yes
ac_cv_func_snprintf=yes
ac_cv_func_strdup=yes
ac_cv_func_strerror=yes
ac_cv_func_strrchr=yes
ac_cv_func_strtol=yes
ac_cv_func_utime=yes
ac_cv_func_utimes=yes
ac_cv_have_decl_getenv=yes
ac_cv_have_decl_optreset=no
ac_cv_header_dlfcn_h=yes
ac_cv_header_errno_h=yes
ac_cv_header_fcntl_h=yes
ac_cv_header_getopt_h=yes
ac_cv_header_inttypes_h=yes
ac_cv_header_limits_h=yes
ac_cv_header_memory_h=yes
ac_cv_header_stdbool_h=yes
ac_cv_header_stdc=yes
ac_cv_header_stddef_h=yes
ac_cv_header_stdint_h=yes
ac_cv_header_stdlib_h=yes
ac_cv_header_string_h=yes
ac_cv_header_strings_h=yes
ac_cv_header_sys_stat_h=yes
ac_cv_header_sys_time_h=yes
ac_cv_header_sys_types_h=yes
ac_cv_header_time=yes
ac_cv_header_unistd_h=yes
ac_cv_header_utime_h=yes
ac_cv_host=i686-pc-linux-gnu
ac_cv_objext=o
ac_cv_path_EGREP='/bin/grep -E'
ac_cv_path_GREP=/bin/grep
ac_cv_path_install='/usr/bin/install -c'
ac_cv_path_mkdir=/bin/mkdir
ac_cv_prog_AWK=gawk
ac_cv_prog_CPP=/usr/bin/cpp
ac_cv_prog_CXXCPP='/usr/bin/g++ -E'
ac_cv_prog_ac_ct_AR=/usr/bin/ar
ac_cv_prog_ac_ct_CC=/usr/bin/gcc
ac_cv_prog_ac_ct_RANLIB=/usr/bin/ranlib
ac_cv_prog_ac_ct_STRIP=strip
ac_cv_prog_cc_c89=
ac_cv_prog_cc_g=yes
ac_cv_prog_cxx_g=yes
ac_cv_prog_f77_g=no
ac_cv_prog_make_make_set=yes
ac_cv_sys_file_offset_bits=64
ac_cv_sys_largefile_CC=no
ac_cv_type__Bool=yes
ac_cv_type_int_fast16_t=yes
ac_cv_type_int_fast32_t=yes
ac_cv_type_int_fast64_t=yes
ac_cv_type_int_fast8_t=yes
ac_cv_type_mode_t=yes
ac_cv_type_off_t=yes
ac_cv_type_size_t=yes
ac_cv_type_uint_fast16_t=yes
ac_cv_type_uint_fast32_t=yes
ac_cv_type_uint_fast64_t=yes
ac_cv_type_uint_fast8_t=yes
am_cv_CC_dependencies_compiler_type=none
am_cv_CXX_dependencies_compiler_type=none
gl_cv_func_gnu_getopt=yes
lt_cv_deplibs_check_method=pass_all
lt_cv_file_magic_cmd='$MAGIC_CMD'
lt_cv_file_magic_test_file=
lt_cv_ld_reload_flag=-r
lt_cv_objdir=.libs
lt_cv_path_LD=/usr/bin/ld
lt_cv_path_LDCXX=/usr/bin/ld
lt_cv_path_NM=/usr/bin/nm
lt_cv_path_SED=/bin/sed
lt_cv_prog_compiler_c_o=yes
lt_cv_prog_compiler_c_o_CXX=yes
lt_cv_prog_compiler_pic_works=yes
lt_cv_prog_compiler_pic_works_CXX=yes
lt_cv_prog_compiler_rtti_exceptions=no
lt_cv_prog_compiler_static_works=yes
lt_cv_prog_compiler_static_works_CXX=yes
lt_cv_prog_gnu_ld=yes
lt_cv_prog_gnu_ldcxx=yes
lt_cv_sys_global_symbol_pipe='sed -n -e '\''s/^.*[ 	]\([ABCDGIRSTW][ABCDGIRSTW]*\)[ 	][ 	]*\([_A-Za-z][_A-Za-z0-9]*\)$/\1 \2 \2/p'\'''
lt_cv_sys_global_symbol_to_c_name_address='sed -n -e '\''s/^: \([^ ]*\) $/  {\"\1\", (lt_ptr) 0},/p'\'' -e '\''s/^[BCDEGRST] \([^ ]*\) \([^ ]*\)$/  {"\2", (lt_ptr) \&\2},/p'\'''
lt_cv_sys_global_symbol_to_cdecl='sed -n -e '\''s/^. .* \(.*\)$/extern int \1;/p'\'''
lt_cv_sys_lib_dlsearch_path_spec='/lib /usr/lib /usr/lib/i386-linux-gnu/mesa-egl /usr/lib/i386-linux-gnu/mesa /lib/i386-linux-gnu /usr/lib/i386-linux-gnu /lib/i686-linux-gnu /usr/lib/i686-linux-gnu /usr/local/lib /usr/lib/vmware-tools/lib32/libvmGuestLib.so /usr/lib/vmware-tools/lib64/libvmGuestLib.so /usr/lib/vmware-tools/lib32/libvmGuestLibJava.so /usr/lib/vmware-tools/lib64/libvmGuestLibJava.so /usr/lib/vmware-tools/lib32/libDeployPkg.so /usr/lib/vmware-tools/lib64/libDeployPkg.so '
lt_cv_sys_lib_search_path_spec='/usr/lib/gcc/i686-linux-gnu/4.8 /usr/lib/i386-linux-gnu /usr/lib /lib/i386-linux-gnu /lib'
lt_cv_sys_max_cmd_len=1572864
lt_lt_cv_prog_compiler_c_o='"yes"'
lt_lt_cv_prog_compiler_c_o_CXX='"yes"'
lt_lt_cv_sys_global_symbol_pipe='"sed -n -e '\''s/^.*[ 	]\\([ABCDGIRSTW][ABCDGIRSTW]*\\)[ 	][ 	]*\\([_A-Za-z][_A-Za-z0-9]*\\)\$/\\1 \\2 \\2/p'\''"'
lt_lt_cv_sys_global_symbol_to_c_name_address='"sed -n -e '\''s/^: \\([^ ]*\\) \$/  {\\\"\\1\\\", (lt_ptr) 0},/p'\'' -e '\''s/^[BCDEGRST] \\([^ ]*\\) \\([^ ]*\\)\$/  {\"\\2\", (lt_ptr) \\&\\2},/p'\''"'
lt_lt_cv_sys_global_symbol_to_cdecl='"sed -n -e '\''s/^. .* \\(.*\\)\$/extern int \\1;/p'\''"'

## ----------------- ##
## Output variables. ##
## ----------------- ##

ACLOCAL='${SHELL} /project/trunk/MV-AC3_GPL/tplink/buildroot-marvell/build/mv-ac3/build/host-lzma-4.32.7/missing --run aclocal-1.10'
AMDEPBACKSLASH=''
AMDEP_FALSE=''
AMDEP_TRUE='#'
AMTAR='${SHELL} /project/trunk/MV-AC3_GPL/tplink/buildroot-marvell/build/mv-ac3/build/host-lzma-4.32.7/missing --run tar'
AR='/usr/bin/ar'
AUTOCONF='${SHELL} /project/trunk/MV-AC3_GPL/tplink/buildroot-marvell/build/mv-ac3/build/host-lzma-4.32.7/missing --run autoconf'
AUTOHEADER='${SHELL} /project/trunk/MV-AC3_GPL/tplink/buildroot-marvell/build/mv-ac3/build/host-lzma-4.32.7/missing --run autoheader'
AUTOMAKE='${SHELL} /project/trunk/MV-AC3_GPL/tplink/buildroot-marvell/build/mv-ac3/build/host-lzma-4.32.7/missing --run automake-1.10'
AWK='gawk'
CC='/usr/bin/gcc'
CCDEPMODE='depmode=none'
CFLAGS='-g -O2 -I/project/trunk/MV-AC3_GPL/tplink/buildroot-marvell/build/mv-ac3/host/usr/include'
CPP='/usr/bin/cpp'
CPPFLAGS='-I/project/trunk/MV-AC3_GPL/tplink/buildroot-marvell/build/mv-ac3/host/usr/include'
CXX='/usr/bin/g++'
CXXCPP='/usr/bin/g++ -E'
CXXDEPMODE='depmode=none'
CXXFLAGS='-g -g -O2 -I/project/trunk/MV-AC3_GPL/tplink/buildroot-marvell/build/mv-ac3/host/usr/include'
CYGPATH_W='echo'
DEFS='-DHAVE_CONFIG_H'
DEPDIR='.deps'
DSYMUTIL=''
ECHO='echo'
ECHO_C=''
ECHO_N='-n'
ECHO_T=''
EGREP='/bin/grep -E'
EXEEXT=''
F77='no'
FFLAGS=''
GETOPT_H=''
GREP='/bin/grep'
INSTALL_DATA='${INSTALL} -m 644'
INSTALL_PROGRAM='${INSTALL}'
INSTALL_SCRIPT='${INSTALL}'
INSTALL_STRIP_PROGRAM='$(install_sh) -c -s'
LDFLAGS='-L/project/trunk/MV-AC3_GPL/tplink/buildroot-marvell/build/mv-ac3/host/lib -L/project/trunk/MV-AC3_GPL/tplink/buildroot-marvell/build/mv-ac3/host/usr/lib -Wl,-rpath,/project/trunk/MV-AC3_GPL/tplink/buildroot-marvell/build/mv-ac3/host/usr/lib'
LIBOBJS=''
LIBS=''
LIBTOOL='$(SHELL) $(top_builddir)/libtool'
LN_S='ln -s'
LTLIBOBJS=''
MAKEINFO='${SHELL} /project/trunk/MV-AC3_GPL/tplink/buildroot-marvell/build/mv-ac3/build/host-lzma-4.32.7/missing --run makeinfo'
MKDIR_P='/bin/mkdir -p'
NMEDIT=''
OBJEXT='o'
PACKAGE='lzma'
PACKAGE_BUGREPORT='lasse.collin@tukaani.org'
PACKAGE_NAME='LZMA'
PACKAGE_STRING='LZMA 4.32.7'
PACKAGE_TARNAME='lzma'
PACKAGE_VERSION='4.32.7'
PATH_SEPARATOR=':'
RANLIB='/usr/bin/ranlib'
SDK_CFLAGS='-D_LZMA_IN_CB -D_LZMA_OUT_READ -D_LZMA_SYSTEM_SIZE_T -D_LZMA_PROB32'
SDK_CXXFLAGS='-DCOMPRESS_MF_BT -DCOMPRESS_MF_BT4 -DCOMPRESS_MF_HC'
SED='/bin/sed'
SET_MAKE=''
SHELL='/bin/sh'
STRIP='strip'
VERSION='4.32.7'
ac_ct_CC='/usr/bin/gcc'
ac_ct_CXX=''
ac_ct_F77=''
am__fastdepCC_FALSE=''
am__fastdepCC_TRUE='#'
am__fastdepCXX_FALSE=''
am__fastdepCXX_TRUE='#'
am__include='include'
am__isrc=''
am__leading_dot='.'
am__quote=''
am__tar='${AMTAR} chof - "$$tardir"'
am__untar='${AMTAR} xf -'
bindir='${exec_prefix}/bin'
build='i686-pc-linux-gnu'
build_alias=''
build_cpu='i686'
build_os='linux-gnu'
build_vendor='pc'
datadir='${datarootdir}'
datarootdir='${prefix}/share'
docdir='${datarootdir}/doc/${PACKAGE_TARNAME}'
dvidir='${docdir}'
exec_prefix='${prefix}'
host='i686-pc-linux-gnu'
host_alias=''
host_cpu='i686'
host_os='linux-gnu'
host_vendor='pc'
htmldir='${docdir}'
includedir='${prefix}/include'
infodir='${datarootdir}/info'
install_sh='$(SHELL) /project/trunk/MV-AC3_GPL/tplink/buildroot-marvell/build/mv-ac3/build/host-lzma-4.32.7/install-sh'
libdir='${exec_prefix}/lib'
libexecdir='${exec_prefix}/libexec'
localedir='${datarootdir}/locale'
localstatedir='/project/trunk/MV-AC3_GPL/tplink/buildroot-marvell/build/mv-ac3/host/var'
mandir='${datarootdir}/man'
mkdir_p='/bin/mkdir -p'
oldincludedir='/usr/include'
pdfdir='${docdir}'
prefix='/project/trunk/MV-AC3_GPL/tplink/buildroot-marvell/build/mv-ac3/host/usr'
program_transform_name='s,x,x,'
psdir='${docdir}'
sbindir='${exec_prefix}/sbin'
sharedstatedir='${prefix}/com'
sysconfdir='/project/trunk/MV-AC3_GPL/tplink/buildroot-marvell/build/mv-ac3/host/etc'
target_alias=''

## ----------- ##
## confdefs.h. ##
## ----------- ##

#define PACKAGE_NAME "LZMA"
#define PACKAGE_TARNAME "lzma"
#define PACKAGE_VERSION "4.32.7"
#define PACKAGE_STRING "LZMA 4.32.7"
#define PACKAGE_BUGREPORT "lasse.collin@tukaani.org"
#define PACKAGE "lzma"
#define VERSION "4.32.7"
#define STDC_HEADERS 1
#define HAVE_SYS_TYPES_H 1
#define HAVE_SYS_STAT_H 1
#define HAVE_STDLIB_H 1
#define HAVE_STRING_H 1
#define HAVE_MEMORY_H 1
#define HAVE_STRINGS_H 1
#define HAVE_INTTYPES_H 1
#define HAVE_STDINT_H 1
#define HAVE_UNISTD_H 1
#define HAVE_DLFCN_H 1
#define STDC_HEADERS 1
#define HAVE_FCNTL_H 1
#define HAVE_INTTYPES_H 1
#define HAVE_LIMITS_H 1
#define HAVE_STDDEF_H 1
#define HAVE_STDLIB_H 1
#define HAVE_STRING_H 1
#define HAVE_SYS_TIME_H 1
#define HAVE_UNISTD_H 1
#define HAVE_UTIME_H 1
#define HAVE_ERRNO_H 1
#define HAVE__BOOL 1
#define HAVE_STDBOOL_H 1
#define TIME_WITH_SYS_TIME 1
#define _FILE_OFFSET_BITS 64
#define HAVE_MEMMOVE 1
#define HAVE_STRDUP 1
#define HAVE_MEMSET 1
#define HAVE_STRERROR 1
#define HAVE_STRRCHR 1
#define HAVE_STRTOL 1
#define HAVE_UTIME 1
#define HAVE_UTIMES 1
#define HAVE_FUTIMES 1
#define HAVE_FUTIMESAT 1
#define HAVE_SNPRINTF 1
#define HAVE_GETOPT_H 1
#define HAVE_GETOPT_LONG_ONLY 1
#define HAVE_DECL_GETENV 1

configure: exit 0
