Determining if the environ exist failed with the following output:
Change Dir: /home/ubuntu/Archer_C7_V5/openwrt/build_dir/host/cmake-2.8.9/CMakeFiles/CMakeTmp

Run Build Command:/usr/bin/make "cmTryCompileExec903916995/fast"
make[5]: Entering directory `/home/ubuntu/Archer_C7_V5/openwrt/build_dir/host/cmake-2.8.9/CMakeFiles/CMakeTmp'
make -f CMakeFiles/cmTryCompileExec903916995.dir/build.make CMakeFiles/cmTryCompileExec903916995.dir/build
make[6]: Entering directory `/home/ubuntu/Archer_C7_V5/openwrt/build_dir/host/cmake-2.8.9/CMakeFiles/CMakeTmp'
/home/ubuntu/Archer_C7_V5/openwrt/build_dir/host/cmake-2.8.9/Bootstrap.cmk/cmake -E cmake_progress_report /home/ubuntu/Archer_C7_V5/openwrt/build_dir/host/cmake-2.8.9/CMakeFiles/CMakeTmp/CMakeFiles 1
Building C object CMakeFiles/cmTryCompileExec903916995.dir/CheckSymbolExists.c.o
/usr/bin/gcc    -o CMakeFiles/cmTryCompileExec903916995.dir/CheckSymbolExists.c.o   -c /home/ubuntu/Archer_C7_V5/openwrt/build_dir/host/cmake-2.8.9/CMakeFiles/CMakeTmp/CheckSymbolExists.c
/home/ubuntu/Archer_C7_V5/openwrt/build_dir/host/cmake-2.8.9/CMakeFiles/CMakeTmp/CheckSymbolExists.c: In function 'main':
/home/ubuntu/Archer_C7_V5/openwrt/build_dir/host/cmake-2.8.9/CMakeFiles/CMakeTmp/CheckSymbolExists.c:8:19: error: 'environ' undeclared (first use in this function)
   return ((int*)(&environ))[argc];
                   ^
/home/ubuntu/Archer_C7_V5/openwrt/build_dir/host/cmake-2.8.9/CMakeFiles/CMakeTmp/CheckSymbolExists.c:8:19: note: each undeclared identifier is reported only once for each function it appears in
make[6]: Leaving directory `/home/ubuntu/Archer_C7_V5/openwrt/build_dir/host/cmake-2.8.9/CMakeFiles/CMakeTmp'
make[6]: *** [CMakeFiles/cmTryCompileExec903916995.dir/CheckSymbolExists.c.o] Error 1
make[5]: Leaving directory `/home/ubuntu/Archer_C7_V5/openwrt/build_dir/host/cmake-2.8.9/CMakeFiles/CMakeTmp'
make[5]: *** [cmTryCompileExec903916995/fast] Error 2

File /home/ubuntu/Archer_C7_V5/openwrt/build_dir/host/cmake-2.8.9/CMakeFiles/CMakeTmp/CheckSymbolExists.c:
/* */
#include <stdlib.h>

int main(int argc, char** argv)
{
  (void)argv;
#ifndef environ
  return ((int*)(&environ))[argc];
#else
  (void)argc;
  return 0;
#endif
}

Checking for non-standard argument to stl allocator<>::max_size failed to compile with the following output:
Change Dir: /home/ubuntu/Archer_C7_V5/openwrt/build_dir/host/cmake-2.8.9/Source/kwsys/CMakeFiles/CMakeTmp

Run Build Command:/usr/bin/make "cmTryCompileExec2279222228/fast"
make[5]: Entering directory `/home/ubuntu/Archer_C7_V5/openwrt/build_dir/host/cmake-2.8.9/Source/kwsys/CMakeFiles/CMakeTmp'
make -f CMakeFiles/cmTryCompileExec2279222228.dir/build.make CMakeFiles/cmTryCompileExec2279222228.dir/build
make[6]: Entering directory `/home/ubuntu/Archer_C7_V5/openwrt/build_dir/host/cmake-2.8.9/Source/kwsys/CMakeFiles/CMakeTmp'
/home/ubuntu/Archer_C7_V5/openwrt/build_dir/host/cmake-2.8.9/Bootstrap.cmk/cmake -E cmake_progress_report /home/ubuntu/Archer_C7_V5/openwrt/build_dir/host/cmake-2.8.9/Source/kwsys/CMakeFiles/CMakeTmp/CMakeFiles 1
Building CXX object CMakeFiles/cmTryCompileExec2279222228.dir/kwsysPlatformTestsCXX.cxx.o
/usr/bin/g++   -DTEST_KWSYS_STL_HAS_ALLOCATOR_MAX_SIZE_ARGUMENT -DKWSYS_STL_HAVE_STD=1  -o CMakeFiles/cmTryCompileExec2279222228.dir/kwsysPlatformTestsCXX.cxx.o -c /home/ubuntu/Archer_C7_V5/openwrt/build_dir/host/cmake-2.8.9/Source/kwsys/kwsysPlatformTestsCXX.cxx
/home/ubuntu/Archer_C7_V5/openwrt/build_dir/host/cmake-2.8.9/Source/kwsys/kwsysPlatformTestsCXX.cxx: In function 'void f(const std::allocator<char>&)':
/home/ubuntu/Archer_C7_V5/openwrt/build_dir/host/cmake-2.8.9/Source/kwsys/kwsysPlatformTestsCXX.cxx:256:25: error: no matching function for call to 'std::allocator<char>::max_size(unsigned int) const'
   a.max_size(sizeof(int));
                         ^
/home/ubuntu/Archer_C7_V5/openwrt/build_dir/host/cmake-2.8.9/Source/kwsys/kwsysPlatformTestsCXX.cxx:256:25: note: candidate is:
In file included from /usr/include/i386-linux-gnu/c++/4.8/bits/c++allocator.h:33:0,
                 from /usr/include/c++/4.8/bits/allocator.h:46,
                 from /usr/include/c++/4.8/memory:63,
                 from /home/ubuntu/Archer_C7_V5/openwrt/build_dir/host/cmake-2.8.9/Source/kwsys/kwsysPlatformTestsCXX.cxx:253:
/usr/include/c++/4.8/ext/new_allocator.h:113:7: note: __gnu_cxx::new_allocator<_Tp>::size_type __gnu_cxx::new_allocator<_Tp>::max_size() const [with _Tp = char; __gnu_cxx::new_allocator<_Tp>::size_type = unsigned int]
       max_size() const _GLIBCXX_USE_NOEXCEPT
       ^
/usr/include/c++/4.8/ext/new_allocator.h:113:7: note:   candidate expects 0 arguments, 1 provided
make[6]: Leaving directory `/home/ubuntu/Archer_C7_V5/openwrt/build_dir/host/cmake-2.8.9/Source/kwsys/CMakeFiles/CMakeTmp'
make[6]: *** [CMakeFiles/cmTryCompileExec2279222228.dir/kwsysPlatformTestsCXX.cxx.o] Error 1
make[5]: Leaving directory `/home/ubuntu/Archer_C7_V5/openwrt/build_dir/host/cmake-2.8.9/Source/kwsys/CMakeFiles/CMakeTmp'
make[5]: *** [cmTryCompileExec2279222228/fast] Error 2


Checking whether "<>" is needed for template friends failed to compile with the following output:
Change Dir: /home/ubuntu/Archer_C7_V5/openwrt/build_dir/host/cmake-2.8.9/Source/kwsys/CMakeFiles/CMakeTmp

Run Build Command:/usr/bin/make "cmTryCompileExec708753693/fast"
make[5]: Entering directory `/home/ubuntu/Archer_C7_V5/openwrt/build_dir/host/cmake-2.8.9/Source/kwsys/CMakeFiles/CMakeTmp'
make -f CMakeFiles/cmTryCompileExec708753693.dir/build.make CMakeFiles/cmTryCompileExec708753693.dir/build
make[6]: Entering directory `/home/ubuntu/Archer_C7_V5/openwrt/build_dir/host/cmake-2.8.9/Source/kwsys/CMakeFiles/CMakeTmp'
/home/ubuntu/Archer_C7_V5/openwrt/build_dir/host/cmake-2.8.9/Bootstrap.cmk/cmake -E cmake_progress_report /home/ubuntu/Archer_C7_V5/openwrt/build_dir/host/cmake-2.8.9/Source/kwsys/CMakeFiles/CMakeTmp/CMakeFiles 1
Building CXX object CMakeFiles/cmTryCompileExec708753693.dir/kwsysPlatformTestsCXX.cxx.o
/usr/bin/g++   -DTEST_KWSYS_CXX_HAS_NULL_TEMPLATE_ARGS  -o CMakeFiles/cmTryCompileExec708753693.dir/kwsysPlatformTestsCXX.cxx.o -c /home/ubuntu/Archer_C7_V5/openwrt/build_dir/host/cmake-2.8.9/Source/kwsys/kwsysPlatformTestsCXX.cxx
/home/ubuntu/Archer_C7_V5/openwrt/build_dir/host/cmake-2.8.9/Source/kwsys/kwsysPlatformTestsCXX.cxx:141:21: warning: friend declaration 'int f(A<T>&)' declares a non-template function [-Wnon-template-friend]
   friend int f(A<T>&);
                     ^
/home/ubuntu/Archer_C7_V5/openwrt/build_dir/host/cmake-2.8.9/Source/kwsys/kwsysPlatformTestsCXX.cxx:141:21: note: (if this is not what you intended, make sure the function template has already been declared and add <> after the function name here) 
/home/ubuntu/Archer_C7_V5/openwrt/build_dir/host/cmake-2.8.9/Source/kwsys/kwsysPlatformTestsCXX.cxx: In instantiation of 'int f(A<T>&) [with T = int]':
/home/ubuntu/Archer_C7_V5/openwrt/build_dir/host/cmake-2.8.9/Source/kwsys/kwsysPlatformTestsCXX.cxx:147:23:   required from here
/home/ubuntu/Archer_C7_V5/openwrt/build_dir/host/cmake-2.8.9/Source/kwsys/kwsysPlatformTestsCXX.cxx:143:7: error: 'int A<int>::x' is private
   int x;
       ^
/home/ubuntu/Archer_C7_V5/openwrt/build_dir/host/cmake-2.8.9/Source/kwsys/kwsysPlatformTestsCXX.cxx:146:48: error: within this context
 template <class T> int f(A<T>& a) { return a.x = 0; }
                                                ^
make[6]: Leaving directory `/home/ubuntu/Archer_C7_V5/openwrt/build_dir/host/cmake-2.8.9/Source/kwsys/CMakeFiles/CMakeTmp'
make[6]: *** [CMakeFiles/cmTryCompileExec708753693.dir/kwsysPlatformTestsCXX.cxx.o] Error 1
make[5]: Leaving directory `/home/ubuntu/Archer_C7_V5/openwrt/build_dir/host/cmake-2.8.9/Source/kwsys/CMakeFiles/CMakeTmp'
make[5]: *** [cmTryCompileExec708753693/fast] Error 2


Checking whether C++ compiler has '__int64' failed to compile with the following output:
Change Dir: /home/ubuntu/Archer_C7_V5/openwrt/build_dir/host/cmake-2.8.9/Source/kwsys/CMakeFiles/CMakeTmp

Run Build Command:/usr/bin/make "cmTryCompileExec281569683/fast"
make[5]: Entering directory `/home/ubuntu/Archer_C7_V5/openwrt/build_dir/host/cmake-2.8.9/Source/kwsys/CMakeFiles/CMakeTmp'
make -f CMakeFiles/cmTryCompileExec281569683.dir/build.make CMakeFiles/cmTryCompileExec281569683.dir/build
make[6]: Entering directory `/home/ubuntu/Archer_C7_V5/openwrt/build_dir/host/cmake-2.8.9/Source/kwsys/CMakeFiles/CMakeTmp'
/home/ubuntu/Archer_C7_V5/openwrt/build_dir/host/cmake-2.8.9/Bootstrap.cmk/cmake -E cmake_progress_report /home/ubuntu/Archer_C7_V5/openwrt/build_dir/host/cmake-2.8.9/Source/kwsys/CMakeFiles/CMakeTmp/CMakeFiles 1
Building CXX object CMakeFiles/cmTryCompileExec281569683.dir/kwsysPlatformTestsCXX.cxx.o
/usr/bin/g++   -DTEST_KWSYS_CXX_HAS___INT64  -o CMakeFiles/cmTryCompileExec281569683.dir/kwsysPlatformTestsCXX.cxx.o -c /home/ubuntu/Archer_C7_V5/openwrt/build_dir/host/cmake-2.8.9/Source/kwsys/kwsysPlatformTestsCXX.cxx
/home/ubuntu/Archer_C7_V5/openwrt/build_dir/host/cmake-2.8.9/Source/kwsys/kwsysPlatformTestsCXX.cxx:126:1: error: '__int64' does not name a type
 __int64 f(__int64 n) { return n; }
 ^
/home/ubuntu/Archer_C7_V5/openwrt/build_dir/host/cmake-2.8.9/Source/kwsys/kwsysPlatformTestsCXX.cxx: In function 'int main()':
/home/ubuntu/Archer_C7_V5/openwrt/build_dir/host/cmake-2.8.9/Source/kwsys/kwsysPlatformTestsCXX.cxx:129:3: error: '__int64' was not declared in this scope
   __int64 n = 0;
   ^
/home/ubuntu/Archer_C7_V5/openwrt/build_dir/host/cmake-2.8.9/Source/kwsys/kwsysPlatformTestsCXX.cxx:129:11: error: expected ';' before 'n'
   __int64 n = 0;
           ^
/home/ubuntu/Archer_C7_V5/openwrt/build_dir/host/cmake-2.8.9/Source/kwsys/kwsysPlatformTestsCXX.cxx:130:29: error: 'n' was not declared in this scope
   return static_cast<int>(f(n));
                             ^
/home/ubuntu/Archer_C7_V5/openwrt/build_dir/host/cmake-2.8.9/Source/kwsys/kwsysPlatformTestsCXX.cxx:130:30: error: 'f' was not declared in this scope
   return static_cast<int>(f(n));
                              ^
make[6]: *** [CMakeFiles/cmTryCompileExec281569683.dir/kwsysPlatformTestsCXX.cxx.o] Error 1
make[6]: Leaving directory `/home/ubuntu/Archer_C7_V5/openwrt/build_dir/host/cmake-2.8.9/Source/kwsys/CMakeFiles/CMakeTmp'
make[5]: *** [cmTryCompileExec281569683/fast] Error 2
make[5]: Leaving directory `/home/ubuntu/Archer_C7_V5/openwrt/build_dir/host/cmake-2.8.9/Source/kwsys/CMakeFiles/CMakeTmp'


Determining size of __int64 failed with the following output:
Change Dir: /home/ubuntu/Archer_C7_V5/openwrt/build_dir/host/cmake-2.8.9/CMakeFiles/CMakeTmp

Run Build Command:/usr/bin/make "cmTryCompileExec224062367/fast"
make[5]: Entering directory `/home/ubuntu/Archer_C7_V5/openwrt/build_dir/host/cmake-2.8.9/CMakeFiles/CMakeTmp'
make -f CMakeFiles/cmTryCompileExec224062367.dir/build.make CMakeFiles/cmTryCompileExec224062367.dir/build
make[6]: Entering directory `/home/ubuntu/Archer_C7_V5/openwrt/build_dir/host/cmake-2.8.9/CMakeFiles/CMakeTmp'
/home/ubuntu/Archer_C7_V5/openwrt/build_dir/host/cmake-2.8.9/Bootstrap.cmk/cmake -E cmake_progress_report /home/ubuntu/Archer_C7_V5/openwrt/build_dir/host/cmake-2.8.9/CMakeFiles/CMakeTmp/CMakeFiles 1
Building C object CMakeFiles/cmTryCompileExec224062367.dir/KWSYS_SIZEOF___INT64.c.o
/usr/bin/gcc    -o CMakeFiles/cmTryCompileExec224062367.dir/KWSYS_SIZEOF___INT64.c.o   -c /home/ubuntu/Archer_C7_V5/openwrt/build_dir/host/cmake-2.8.9/CMakeFiles/CheckTypeSize/KWSYS_SIZEOF___INT64.c
/home/ubuntu/Archer_C7_V5/openwrt/build_dir/host/cmake-2.8.9/CMakeFiles/CheckTypeSize/KWSYS_SIZEOF___INT64.c:17:22: error: '__int64' undeclared here (not in a function)
 #define SIZE (sizeof(__int64))
                      ^
/home/ubuntu/Archer_C7_V5/openwrt/build_dir/host/cmake-2.8.9/CMakeFiles/CheckTypeSize/KWSYS_SIZEOF___INT64.c:19:12: note: in expansion of macro 'SIZE'
   ('0' + ((SIZE / 10000)%10)),
            ^
make[6]: Leaving directory `/home/ubuntu/Archer_C7_V5/openwrt/build_dir/host/cmake-2.8.9/CMakeFiles/CMakeTmp'
make[6]: *** [CMakeFiles/cmTryCompileExec224062367.dir/KWSYS_SIZEOF___INT64.c.o] Error 1
make[5]: Leaving directory `/home/ubuntu/Archer_C7_V5/openwrt/build_dir/host/cmake-2.8.9/CMakeFiles/CMakeTmp'
make[5]: *** [cmTryCompileExec224062367/fast] Error 2

/home/ubuntu/Archer_C7_V5/openwrt/build_dir/host/cmake-2.8.9/CMakeFiles/CheckTypeSize/KWSYS_SIZEOF___INT64.c:
#include <sys/types.h>
#include <stdint.h>
#include <stddef.h>


#undef KEY
#if defined(__i386)
# define KEY '_','_','i','3','8','6'
#elif defined(__x86_64)
# define KEY '_','_','x','8','6','_','6','4'
#elif defined(__ppc__)
# define KEY '_','_','p','p','c','_','_'
#elif defined(__ppc64__)
# define KEY '_','_','p','p','c','6','4','_','_'
#endif

#define SIZE (sizeof(__int64))
char info_size[] =  {'I', 'N', 'F', 'O', ':', 's','i','z','e','[',
  ('0' + ((SIZE / 10000)%10)),
  ('0' + ((SIZE / 1000)%10)),
  ('0' + ((SIZE / 100)%10)),
  ('0' + ((SIZE / 10)%10)),
  ('0' +  (SIZE    % 10)),
  ']',
#ifdef KEY
  ' ','k','e','y','[', KEY, ']',
#endif
  '\0'};

#ifdef __CLASSIC_C__
int main(argc, argv) int argc; char *argv[];
#else
int main(int argc, char *argv[])
#endif
{
  int require = 0;
  require += info_size[argc];
  (void)argv;
  return require;
}


Checking whether CXX compiler has environ in stdlib.h failed to compile with the following output:
Change Dir: /home/ubuntu/Archer_C7_V5/openwrt/build_dir/host/cmake-2.8.9/Source/kwsys/CMakeFiles/CMakeTmp

Run Build Command:/usr/bin/make "cmTryCompileExec869357976/fast"
make[5]: Entering directory `/home/ubuntu/Archer_C7_V5/openwrt/build_dir/host/cmake-2.8.9/Source/kwsys/CMakeFiles/CMakeTmp'
make -f CMakeFiles/cmTryCompileExec869357976.dir/build.make CMakeFiles/cmTryCompileExec869357976.dir/build
make[6]: Entering directory `/home/ubuntu/Archer_C7_V5/openwrt/build_dir/host/cmake-2.8.9/Source/kwsys/CMakeFiles/CMakeTmp'
/home/ubuntu/Archer_C7_V5/openwrt/build_dir/host/cmake-2.8.9/Bootstrap.cmk/cmake -E cmake_progress_report /home/ubuntu/Archer_C7_V5/openwrt/build_dir/host/cmake-2.8.9/Source/kwsys/CMakeFiles/CMakeTmp/CMakeFiles 1
Building CXX object CMakeFiles/cmTryCompileExec869357976.dir/kwsysPlatformTestsCXX.cxx.o
/usr/bin/g++   -DTEST_KWSYS_CXX_HAS_ENVIRON_IN_STDLIB_H  -o CMakeFiles/cmTryCompileExec869357976.dir/kwsysPlatformTestsCXX.cxx.o -c /home/ubuntu/Archer_C7_V5/openwrt/build_dir/host/cmake-2.8.9/Source/kwsys/kwsysPlatformTestsCXX.cxx
/home/ubuntu/Archer_C7_V5/openwrt/build_dir/host/cmake-2.8.9/Source/kwsys/kwsysPlatformTestsCXX.cxx: In function 'int main()':
/home/ubuntu/Archer_C7_V5/openwrt/build_dir/host/cmake-2.8.9/Source/kwsys/kwsysPlatformTestsCXX.cxx:426:13: error: 'environ' was not declared in this scope
   char* e = environ[0];
             ^
make[6]: *** [CMakeFiles/cmTryCompileExec869357976.dir/kwsysPlatformTestsCXX.cxx.o] Error 1
make[6]: Leaving directory `/home/ubuntu/Archer_C7_V5/openwrt/build_dir/host/cmake-2.8.9/Source/kwsys/CMakeFiles/CMakeTmp'
make[5]: Leaving directory `/home/ubuntu/Archer_C7_V5/openwrt/build_dir/host/cmake-2.8.9/Source/kwsys/CMakeFiles/CMakeTmp'
make[5]: *** [cmTryCompileExec869357976/fast] Error 2


Determining if the function connect exists in the socket;dl failed with the following output:
Change Dir: /home/ubuntu/Archer_C7_V5/openwrt/build_dir/host/cmake-2.8.9/CMakeFiles/CMakeTmp

Run Build Command:/usr/bin/make "cmTryCompileExec439303441/fast"
make[5]: Entering directory `/home/ubuntu/Archer_C7_V5/openwrt/build_dir/host/cmake-2.8.9/CMakeFiles/CMakeTmp'
make -f CMakeFiles/cmTryCompileExec439303441.dir/build.make CMakeFiles/cmTryCompileExec439303441.dir/build
make[6]: Entering directory `/home/ubuntu/Archer_C7_V5/openwrt/build_dir/host/cmake-2.8.9/CMakeFiles/CMakeTmp'
/home/ubuntu/Archer_C7_V5/openwrt/build_dir/host/cmake-2.8.9/Bootstrap.cmk/cmake -E cmake_progress_report /home/ubuntu/Archer_C7_V5/openwrt/build_dir/host/cmake-2.8.9/CMakeFiles/CMakeTmp/CMakeFiles 1
Building C object CMakeFiles/cmTryCompileExec439303441.dir/CheckFunctionExists.c.o
/usr/bin/gcc   -DCHECK_FUNCTION_EXISTS=connect   -o CMakeFiles/cmTryCompileExec439303441.dir/CheckFunctionExists.c.o   -c /home/ubuntu/Archer_C7_V5/openwrt/build_dir/host/cmake-2.8.9/Modules/CheckFunctionExists.c
Linking C executable cmTryCompileExec439303441
/home/ubuntu/Archer_C7_V5/openwrt/build_dir/host/cmake-2.8.9/Bootstrap.cmk/cmake -E cmake_link_script CMakeFiles/cmTryCompileExec439303441.dir/link.txt --verbose=1
/usr/bin/gcc      -DCHECK_FUNCTION_EXISTS=connect    CMakeFiles/cmTryCompileExec439303441.dir/CheckFunctionExists.c.o  -o cmTryCompileExec439303441 -rdynamic -lsocket -ldl 
/usr/bin/ld: cannot find -lsocket
collect2: error: ld returned 1 exit status
make[6]: *** [cmTryCompileExec439303441] Error 1
make[6]: Leaving directory `/home/ubuntu/Archer_C7_V5/openwrt/build_dir/host/cmake-2.8.9/CMakeFiles/CMakeTmp'
make[5]: Leaving directory `/home/ubuntu/Archer_C7_V5/openwrt/build_dir/host/cmake-2.8.9/CMakeFiles/CMakeTmp'
make[5]: *** [cmTryCompileExec439303441/fast] Error 2


Determining if the function recv exists in the network;dl failed with the following output:
Change Dir: /home/ubuntu/Archer_C7_V5/openwrt/build_dir/host/cmake-2.8.9/CMakeFiles/CMakeTmp

Run Build Command:/usr/bin/make "cmTryCompileExec1443774629/fast"
make[5]: Entering directory `/home/ubuntu/Archer_C7_V5/openwrt/build_dir/host/cmake-2.8.9/CMakeFiles/CMakeTmp'
make -f CMakeFiles/cmTryCompileExec1443774629.dir/build.make CMakeFiles/cmTryCompileExec1443774629.dir/build
make[6]: Entering directory `/home/ubuntu/Archer_C7_V5/openwrt/build_dir/host/cmake-2.8.9/CMakeFiles/CMakeTmp'
/home/ubuntu/Archer_C7_V5/openwrt/build_dir/host/cmake-2.8.9/Bootstrap.cmk/cmake -E cmake_progress_report /home/ubuntu/Archer_C7_V5/openwrt/build_dir/host/cmake-2.8.9/CMakeFiles/CMakeTmp/CMakeFiles 1
Building C object CMakeFiles/cmTryCompileExec1443774629.dir/CheckFunctionExists.c.o
/usr/bin/gcc   -DCHECK_FUNCTION_EXISTS=recv   -o CMakeFiles/cmTryCompileExec1443774629.dir/CheckFunctionExists.c.o   -c /home/ubuntu/Archer_C7_V5/openwrt/build_dir/host/cmake-2.8.9/Modules/CheckFunctionExists.c
Linking C executable cmTryCompileExec1443774629
/home/ubuntu/Archer_C7_V5/openwrt/build_dir/host/cmake-2.8.9/Bootstrap.cmk/cmake -E cmake_link_script CMakeFiles/cmTryCompileExec1443774629.dir/link.txt --verbose=1
/usr/bin/gcc      -DCHECK_FUNCTION_EXISTS=recv    CMakeFiles/cmTryCompileExec1443774629.dir/CheckFunctionExists.c.o  -o cmTryCompileExec1443774629 -rdynamic -lnetwork -ldl 
/usr/bin/ld: cannot find -lnetwork
collect2: error: ld returned 1 exit status
make[6]: *** [cmTryCompileExec1443774629] Error 1
make[6]: Leaving directory `/home/ubuntu/Archer_C7_V5/openwrt/build_dir/host/cmake-2.8.9/CMakeFiles/CMakeTmp'
make[5]: Leaving directory `/home/ubuntu/Archer_C7_V5/openwrt/build_dir/host/cmake-2.8.9/CMakeFiles/CMakeTmp'
make[5]: *** [cmTryCompileExec1443774629/fast] Error 2


Determining if the function getch exists in the ws2_32;dl failed with the following output:
Change Dir: /home/ubuntu/Archer_C7_V5/openwrt/build_dir/host/cmake-2.8.9/CMakeFiles/CMakeTmp

Run Build Command:/usr/bin/make "cmTryCompileExec2381459741/fast"
make[5]: Entering directory `/home/ubuntu/Archer_C7_V5/openwrt/build_dir/host/cmake-2.8.9/CMakeFiles/CMakeTmp'
make -f CMakeFiles/cmTryCompileExec2381459741.dir/build.make CMakeFiles/cmTryCompileExec2381459741.dir/build
make[6]: Entering directory `/home/ubuntu/Archer_C7_V5/openwrt/build_dir/host/cmake-2.8.9/CMakeFiles/CMakeTmp'
/home/ubuntu/Archer_C7_V5/openwrt/build_dir/host/cmake-2.8.9/Bootstrap.cmk/cmake -E cmake_progress_report /home/ubuntu/Archer_C7_V5/openwrt/build_dir/host/cmake-2.8.9/CMakeFiles/CMakeTmp/CMakeFiles 1
Building C object CMakeFiles/cmTryCompileExec2381459741.dir/CheckFunctionExists.c.o
/usr/bin/gcc   -DCHECK_FUNCTION_EXISTS=getch   -o CMakeFiles/cmTryCompileExec2381459741.dir/CheckFunctionExists.c.o   -c /home/ubuntu/Archer_C7_V5/openwrt/build_dir/host/cmake-2.8.9/Modules/CheckFunctionExists.c
Linking C executable cmTryCompileExec2381459741
/home/ubuntu/Archer_C7_V5/openwrt/build_dir/host/cmake-2.8.9/Bootstrap.cmk/cmake -E cmake_link_script CMakeFiles/cmTryCompileExec2381459741.dir/link.txt --verbose=1
/usr/bin/gcc      -DCHECK_FUNCTION_EXISTS=getch    CMakeFiles/cmTryCompileExec2381459741.dir/CheckFunctionExists.c.o  -o cmTryCompileExec2381459741 -rdynamic -lws2_32 -ldl 
/usr/bin/ld: cannot find -lws2_32
collect2: error: ld returned 1 exit status
make[6]: Leaving directory `/home/ubuntu/Archer_C7_V5/openwrt/build_dir/host/cmake-2.8.9/CMakeFiles/CMakeTmp'
make[5]: Leaving directory `/home/ubuntu/Archer_C7_V5/openwrt/build_dir/host/cmake-2.8.9/CMakeFiles/CMakeTmp'
make[6]: *** [cmTryCompileExec2381459741] Error 1
make[5]: *** [cmTryCompileExec2381459741/fast] Error 2


Determining if the function getch exists in the winmm;dl failed with the following output:
Change Dir: /home/ubuntu/Archer_C7_V5/openwrt/build_dir/host/cmake-2.8.9/CMakeFiles/CMakeTmp

Run Build Command:/usr/bin/make "cmTryCompileExec2737526780/fast"
make[5]: Entering directory `/home/ubuntu/Archer_C7_V5/openwrt/build_dir/host/cmake-2.8.9/CMakeFiles/CMakeTmp'
make -f CMakeFiles/cmTryCompileExec2737526780.dir/build.make CMakeFiles/cmTryCompileExec2737526780.dir/build
make[6]: Entering directory `/home/ubuntu/Archer_C7_V5/openwrt/build_dir/host/cmake-2.8.9/CMakeFiles/CMakeTmp'
/home/ubuntu/Archer_C7_V5/openwrt/build_dir/host/cmake-2.8.9/Bootstrap.cmk/cmake -E cmake_progress_report /home/ubuntu/Archer_C7_V5/openwrt/build_dir/host/cmake-2.8.9/CMakeFiles/CMakeTmp/CMakeFiles 1
Building C object CMakeFiles/cmTryCompileExec2737526780.dir/CheckFunctionExists.c.o
/usr/bin/gcc   -DCHECK_FUNCTION_EXISTS=getch   -o CMakeFiles/cmTryCompileExec2737526780.dir/CheckFunctionExists.c.o   -c /home/ubuntu/Archer_C7_V5/openwrt/build_dir/host/cmake-2.8.9/Modules/CheckFunctionExists.c
Linking C executable cmTryCompileExec2737526780
/home/ubuntu/Archer_C7_V5/openwrt/build_dir/host/cmake-2.8.9/Bootstrap.cmk/cmake -E cmake_link_script CMakeFiles/cmTryCompileExec2737526780.dir/link.txt --verbose=1
/usr/bin/gcc      -DCHECK_FUNCTION_EXISTS=getch    CMakeFiles/cmTryCompileExec2737526780.dir/CheckFunctionExists.c.o  -o cmTryCompileExec2737526780 -rdynamic -lwinmm -ldl 
/usr/bin/ld: cannot find -lwinmm
collect2: error: ld returned 1 exit status
make[6]: Leaving directory `/home/ubuntu/Archer_C7_V5/openwrt/build_dir/host/cmake-2.8.9/CMakeFiles/CMakeTmp'
make[5]: Leaving directory `/home/ubuntu/Archer_C7_V5/openwrt/build_dir/host/cmake-2.8.9/CMakeFiles/CMakeTmp'
make[6]: *** [cmTryCompileExec2737526780] Error 1
make[5]: *** [cmTryCompileExec2737526780/fast] Error 2


Determining if the function idna_to_ascii_lz exists in the idn;dl failed with the following output:
Change Dir: /home/ubuntu/Archer_C7_V5/openwrt/build_dir/host/cmake-2.8.9/CMakeFiles/CMakeTmp

Run Build Command:/usr/bin/make "cmTryCompileExec212677422/fast"
make[5]: Entering directory `/home/ubuntu/Archer_C7_V5/openwrt/build_dir/host/cmake-2.8.9/CMakeFiles/CMakeTmp'
make -f CMakeFiles/cmTryCompileExec212677422.dir/build.make CMakeFiles/cmTryCompileExec212677422.dir/build
make[6]: Entering directory `/home/ubuntu/Archer_C7_V5/openwrt/build_dir/host/cmake-2.8.9/CMakeFiles/CMakeTmp'
/home/ubuntu/Archer_C7_V5/openwrt/build_dir/host/cmake-2.8.9/Bootstrap.cmk/cmake -E cmake_progress_report /home/ubuntu/Archer_C7_V5/openwrt/build_dir/host/cmake-2.8.9/CMakeFiles/CMakeTmp/CMakeFiles 1
Building C object CMakeFiles/cmTryCompileExec212677422.dir/CheckFunctionExists.c.o
/usr/bin/gcc   -DCHECK_FUNCTION_EXISTS=idna_to_ascii_lz   -o CMakeFiles/cmTryCompileExec212677422.dir/CheckFunctionExists.c.o   -c /home/ubuntu/Archer_C7_V5/openwrt/build_dir/host/cmake-2.8.9/Modules/CheckFunctionExists.c
Linking C executable cmTryCompileExec212677422
/home/ubuntu/Archer_C7_V5/openwrt/build_dir/host/cmake-2.8.9/Bootstrap.cmk/cmake -E cmake_link_script CMakeFiles/cmTryCompileExec212677422.dir/link.txt --verbose=1
/usr/bin/gcc      -DCHECK_FUNCTION_EXISTS=idna_to_ascii_lz    CMakeFiles/cmTryCompileExec212677422.dir/CheckFunctionExists.c.o  -o cmTryCompileExec212677422 -rdynamic -lidn -ldl 
/usr/bin/ld: cannot find -lidn
collect2: error: ld returned 1 exit status
make[6]: Leaving directory `/home/ubuntu/Archer_C7_V5/openwrt/build_dir/host/cmake-2.8.9/CMakeFiles/CMakeTmp'
make[6]: *** [cmTryCompileExec212677422] Error 1
make[5]: Leaving directory `/home/ubuntu/Archer_C7_V5/openwrt/build_dir/host/cmake-2.8.9/CMakeFiles/CMakeTmp'
make[5]: *** [cmTryCompileExec212677422/fast] Error 2


Determining if the include file process.h exists failed with the following output:
Change Dir: /home/ubuntu/Archer_C7_V5/openwrt/build_dir/host/cmake-2.8.9/CMakeFiles/CMakeTmp

Run Build Command:/usr/bin/make "cmTryCompileExec3542447476/fast"
make[5]: Entering directory `/home/ubuntu/Archer_C7_V5/openwrt/build_dir/host/cmake-2.8.9/CMakeFiles/CMakeTmp'
make -f CMakeFiles/cmTryCompileExec3542447476.dir/build.make CMakeFiles/cmTryCompileExec3542447476.dir/build
make[6]: Entering directory `/home/ubuntu/Archer_C7_V5/openwrt/build_dir/host/cmake-2.8.9/CMakeFiles/CMakeTmp'
/home/ubuntu/Archer_C7_V5/openwrt/build_dir/host/cmake-2.8.9/Bootstrap.cmk/cmake -E cmake_progress_report /home/ubuntu/Archer_C7_V5/openwrt/build_dir/host/cmake-2.8.9/CMakeFiles/CMakeTmp/CMakeFiles 1
Building C object CMakeFiles/cmTryCompileExec3542447476.dir/CheckIncludeFile.c.o
/usr/bin/gcc    -o CMakeFiles/cmTryCompileExec3542447476.dir/CheckIncludeFile.c.o   -c /home/ubuntu/Archer_C7_V5/openwrt/build_dir/host/cmake-2.8.9/CMakeFiles/CMakeTmp/CheckIncludeFile.c
/home/ubuntu/Archer_C7_V5/openwrt/build_dir/host/cmake-2.8.9/CMakeFiles/CMakeTmp/CheckIncludeFile.c:1:21: fatal error: process.h: No such file or directory
 #include <process.h>
                     ^
compilation terminated.
make[6]: Leaving directory `/home/ubuntu/Archer_C7_V5/openwrt/build_dir/host/cmake-2.8.9/CMakeFiles/CMakeTmp'
make[6]: *** [CMakeFiles/cmTryCompileExec3542447476.dir/CheckIncludeFile.c.o] Error 1
make[5]: Leaving directory `/home/ubuntu/Archer_C7_V5/openwrt/build_dir/host/cmake-2.8.9/CMakeFiles/CMakeTmp'
make[5]: *** [cmTryCompileExec3542447476/fast] Error 2


Determining if files stdio.h;stddef.h;sys/types.h;inttypes.h;alloca.h;arpa/inet.h;dlfcn.h;fcntl.h;malloc.h;memory.h;netdb.h;sys/poll.h;assert.h;limits.h;sys/socket.h;netinet/in.h;net/if.h;netinet/if_ether.h;netinet/tcp.h;sys/select.h;utime.h;netinet/in.h;pwd.h;sgtty.h;stdint.h;stdlib.h;string.h;strings.h;sys/param.h;sys/stat.h;sys/time.h;sys/resource.h;termios.h;termio.h;io.h exist failed with the following output:
Change Dir: /home/ubuntu/Archer_C7_V5/openwrt/build_dir/host/cmake-2.8.9/CMakeFiles/CMakeTmp

Run Build Command:/usr/bin/make "cmTryCompileExec2062814172/fast"
make[5]: Entering directory `/home/ubuntu/Archer_C7_V5/openwrt/build_dir/host/cmake-2.8.9/CMakeFiles/CMakeTmp'
make -f CMakeFiles/cmTryCompileExec2062814172.dir/build.make CMakeFiles/cmTryCompileExec2062814172.dir/build
make[6]: Entering directory `/home/ubuntu/Archer_C7_V5/openwrt/build_dir/host/cmake-2.8.9/CMakeFiles/CMakeTmp'
/home/ubuntu/Archer_C7_V5/openwrt/build_dir/host/cmake-2.8.9/Bootstrap.cmk/cmake -E cmake_progress_report /home/ubuntu/Archer_C7_V5/openwrt/build_dir/host/cmake-2.8.9/CMakeFiles/CMakeTmp/CMakeFiles 1
Building C object CMakeFiles/cmTryCompileExec2062814172.dir/CheckIncludeFiles.c.o
/usr/bin/gcc    -o CMakeFiles/cmTryCompileExec2062814172.dir/CheckIncludeFiles.c.o   -c /home/ubuntu/Archer_C7_V5/openwrt/build_dir/host/cmake-2.8.9/CMakeFiles/CMakeTmp/CheckIncludeFiles.c
/home/ubuntu/Archer_C7_V5/openwrt/build_dir/host/cmake-2.8.9/CMakeFiles/CMakeTmp/CheckIncludeFiles.c:36:16: fatal error: io.h: No such file or directory
 #include <io.h>
                ^
compilation terminated.
make[6]: Leaving directory `/home/ubuntu/Archer_C7_V5/openwrt/build_dir/host/cmake-2.8.9/CMakeFiles/CMakeTmp'
make[6]: *** [CMakeFiles/cmTryCompileExec2062814172.dir/CheckIncludeFiles.c.o] Error 1
make[5]: Leaving directory `/home/ubuntu/Archer_C7_V5/openwrt/build_dir/host/cmake-2.8.9/CMakeFiles/CMakeTmp'
make[5]: *** [cmTryCompileExec2062814172/fast] Error 2

Source:
/* */
#include <stdio.h>
#include <stddef.h>
#include <sys/types.h>
#include <inttypes.h>
#include <alloca.h>
#include <arpa/inet.h>
#include <dlfcn.h>
#include <fcntl.h>
#include <malloc.h>
#include <memory.h>
#include <netdb.h>
#include <sys/poll.h>
#include <assert.h>
#include <limits.h>
#include <sys/socket.h>
#include <netinet/in.h>
#include <net/if.h>
#include <netinet/if_ether.h>
#include <netinet/tcp.h>
#include <sys/select.h>
#include <utime.h>
#include <netinet/in.h>
#include <pwd.h>
#include <sgtty.h>
#include <stdint.h>
#include <stdlib.h>
#include <string.h>
#include <strings.h>
#include <sys/param.h>
#include <sys/stat.h>
#include <sys/time.h>
#include <sys/resource.h>
#include <termios.h>
#include <termio.h>
#include <io.h>


int main(){return 0;}

Determining if files stdio.h;stddef.h;sys/types.h;inttypes.h;alloca.h;arpa/inet.h;dlfcn.h;fcntl.h;malloc.h;memory.h;netdb.h;sys/poll.h;assert.h;limits.h;sys/socket.h;netinet/in.h;net/if.h;netinet/if_ether.h;netinet/tcp.h;sys/select.h;utime.h;netinet/in.h;pwd.h;sgtty.h;stdint.h;stdlib.h;string.h;strings.h;sys/param.h;sys/stat.h;sys/time.h;sys/resource.h;termios.h;termio.h;time.h;unistd.h;sys/utime.h exist failed with the following output:
Change Dir: /home/ubuntu/Archer_C7_V5/openwrt/build_dir/host/cmake-2.8.9/CMakeFiles/CMakeTmp

Run Build Command:/usr/bin/make "cmTryCompileExec4140192667/fast"
make[5]: Entering directory `/home/ubuntu/Archer_C7_V5/openwrt/build_dir/host/cmake-2.8.9/CMakeFiles/CMakeTmp'
make -f CMakeFiles/cmTryCompileExec4140192667.dir/build.make CMakeFiles/cmTryCompileExec4140192667.dir/build
make[6]: Entering directory `/home/ubuntu/Archer_C7_V5/openwrt/build_dir/host/cmake-2.8.9/CMakeFiles/CMakeTmp'
/home/ubuntu/Archer_C7_V5/openwrt/build_dir/host/cmake-2.8.9/Bootstrap.cmk/cmake -E cmake_progress_report /home/ubuntu/Archer_C7_V5/openwrt/build_dir/host/cmake-2.8.9/CMakeFiles/CMakeTmp/CMakeFiles 1
Building C object CMakeFiles/cmTryCompileExec4140192667.dir/CheckIncludeFiles.c.o
/usr/bin/gcc    -o CMakeFiles/cmTryCompileExec4140192667.dir/CheckIncludeFiles.c.o   -c /home/ubuntu/Archer_C7_V5/openwrt/build_dir/host/cmake-2.8.9/CMakeFiles/CMakeTmp/CheckIncludeFiles.c
/home/ubuntu/Archer_C7_V5/openwrt/build_dir/host/cmake-2.8.9/CMakeFiles/CMakeTmp/CheckIncludeFiles.c:38:23: fatal error: sys/utime.h: No such file or directory
 #include <sys/utime.h>
                       ^
compilation terminated.
make[6]: Leaving directory `/home/ubuntu/Archer_C7_V5/openwrt/build_dir/host/cmake-2.8.9/CMakeFiles/CMakeTmp'
make[6]: *** [CMakeFiles/cmTryCompileExec4140192667.dir/CheckIncludeFiles.c.o] Error 1
make[5]: Leaving directory `/home/ubuntu/Archer_C7_V5/openwrt/build_dir/host/cmake-2.8.9/CMakeFiles/CMakeTmp'
make[5]: *** [cmTryCompileExec4140192667/fast] Error 2

Source:
/* */
#include <stdio.h>
#include <stddef.h>
#include <sys/types.h>
#include <inttypes.h>
#include <alloca.h>
#include <arpa/inet.h>
#include <dlfcn.h>
#include <fcntl.h>
#include <malloc.h>
#include <memory.h>
#include <netdb.h>
#include <sys/poll.h>
#include <assert.h>
#include <limits.h>
#include <sys/socket.h>
#include <netinet/in.h>
#include <net/if.h>
#include <netinet/if_ether.h>
#include <netinet/tcp.h>
#include <sys/select.h>
#include <utime.h>
#include <netinet/in.h>
#include <pwd.h>
#include <sgtty.h>
#include <stdint.h>
#include <stdlib.h>
#include <string.h>
#include <strings.h>
#include <sys/param.h>
#include <sys/stat.h>
#include <sys/time.h>
#include <sys/resource.h>
#include <termios.h>
#include <termio.h>
#include <time.h>
#include <unistd.h>
#include <sys/utime.h>


int main(){return 0;}

Determining if files stdio.h;stddef.h;sys/types.h;inttypes.h;alloca.h;arpa/inet.h;dlfcn.h;fcntl.h;malloc.h;memory.h;netdb.h;sys/poll.h;assert.h;limits.h;sys/socket.h;netinet/in.h;net/if.h;netinet/if_ether.h;netinet/tcp.h;sys/select.h;utime.h;netinet/in.h;pwd.h;sgtty.h;stdint.h;stdlib.h;string.h;strings.h;sys/param.h;sys/stat.h;sys/time.h;sys/resource.h;termios.h;termio.h;time.h;unistd.h;sockio.h exist failed with the following output:
Change Dir: /home/ubuntu/Archer_C7_V5/openwrt/build_dir/host/cmake-2.8.9/CMakeFiles/CMakeTmp

Run Build Command:/usr/bin/make "cmTryCompileExec1323743008/fast"
make[5]: Entering directory `/home/ubuntu/Archer_C7_V5/openwrt/build_dir/host/cmake-2.8.9/CMakeFiles/CMakeTmp'
make -f CMakeFiles/cmTryCompileExec1323743008.dir/build.make CMakeFiles/cmTryCompileExec1323743008.dir/build
make[6]: Entering directory `/home/ubuntu/Archer_C7_V5/openwrt/build_dir/host/cmake-2.8.9/CMakeFiles/CMakeTmp'
/home/ubuntu/Archer_C7_V5/openwrt/build_dir/host/cmake-2.8.9/Bootstrap.cmk/cmake -E cmake_progress_report /home/ubuntu/Archer_C7_V5/openwrt/build_dir/host/cmake-2.8.9/CMakeFiles/CMakeTmp/CMakeFiles 1
Building C object CMakeFiles/cmTryCompileExec1323743008.dir/CheckIncludeFiles.c.o
/usr/bin/gcc    -o CMakeFiles/cmTryCompileExec1323743008.dir/CheckIncludeFiles.c.o   -c /home/ubuntu/Archer_C7_V5/openwrt/build_dir/host/cmake-2.8.9/CMakeFiles/CMakeTmp/CheckIncludeFiles.c
/home/ubuntu/Archer_C7_V5/openwrt/build_dir/host/cmake-2.8.9/CMakeFiles/CMakeTmp/CheckIncludeFiles.c:38:20: fatal error: sockio.h: No such file or directory
 #include <sockio.h>
                    ^
compilation terminated.
make[6]: Leaving directory `/home/ubuntu/Archer_C7_V5/openwrt/build_dir/host/cmake-2.8.9/CMakeFiles/CMakeTmp'
make[6]: *** [CMakeFiles/cmTryCompileExec1323743008.dir/CheckIncludeFiles.c.o] Error 1
make[5]: Leaving directory `/home/ubuntu/Archer_C7_V5/openwrt/build_dir/host/cmake-2.8.9/CMakeFiles/CMakeTmp'
make[5]: *** [cmTryCompileExec1323743008/fast] Error 2

Source:
/* */
#include <stdio.h>
#include <stddef.h>
#include <sys/types.h>
#include <inttypes.h>
#include <alloca.h>
#include <arpa/inet.h>
#include <dlfcn.h>
#include <fcntl.h>
#include <malloc.h>
#include <memory.h>
#include <netdb.h>
#include <sys/poll.h>
#include <assert.h>
#include <limits.h>
#include <sys/socket.h>
#include <netinet/in.h>
#include <net/if.h>
#include <netinet/if_ether.h>
#include <netinet/tcp.h>
#include <sys/select.h>
#include <utime.h>
#include <netinet/in.h>
#include <pwd.h>
#include <sgtty.h>
#include <stdint.h>
#include <stdlib.h>
#include <string.h>
#include <strings.h>
#include <sys/param.h>
#include <sys/stat.h>
#include <sys/time.h>
#include <sys/resource.h>
#include <termios.h>
#include <termio.h>
#include <time.h>
#include <unistd.h>
#include <sockio.h>


int main(){return 0;}

Determining if files stdio.h;stddef.h;sys/types.h;inttypes.h;alloca.h;arpa/inet.h;dlfcn.h;fcntl.h;malloc.h;memory.h;netdb.h;sys/poll.h;assert.h;limits.h;sys/socket.h;netinet/in.h;net/if.h;netinet/if_ether.h;netinet/tcp.h;sys/select.h;utime.h;netinet/in.h;pwd.h;sgtty.h;stdint.h;stdlib.h;string.h;strings.h;sys/param.h;sys/stat.h;sys/time.h;sys/resource.h;termios.h;termio.h;time.h;unistd.h;sys/sockio.h exist failed with the following output:
Change Dir: /home/ubuntu/Archer_C7_V5/openwrt/build_dir/host/cmake-2.8.9/CMakeFiles/CMakeTmp

Run Build Command:/usr/bin/make "cmTryCompileExec3213105214/fast"
make[5]: Entering directory `/home/ubuntu/Archer_C7_V5/openwrt/build_dir/host/cmake-2.8.9/CMakeFiles/CMakeTmp'
make -f CMakeFiles/cmTryCompileExec3213105214.dir/build.make CMakeFiles/cmTryCompileExec3213105214.dir/build
make[6]: Entering directory `/home/ubuntu/Archer_C7_V5/openwrt/build_dir/host/cmake-2.8.9/CMakeFiles/CMakeTmp'
/home/ubuntu/Archer_C7_V5/openwrt/build_dir/host/cmake-2.8.9/Bootstrap.cmk/cmake -E cmake_progress_report /home/ubuntu/Archer_C7_V5/openwrt/build_dir/host/cmake-2.8.9/CMakeFiles/CMakeTmp/CMakeFiles 1
Building C object CMakeFiles/cmTryCompileExec3213105214.dir/CheckIncludeFiles.c.o
/usr/bin/gcc    -o CMakeFiles/cmTryCompileExec3213105214.dir/CheckIncludeFiles.c.o   -c /home/ubuntu/Archer_C7_V5/openwrt/build_dir/host/cmake-2.8.9/CMakeFiles/CMakeTmp/CheckIncludeFiles.c
/home/ubuntu/Archer_C7_V5/openwrt/build_dir/host/cmake-2.8.9/CMakeFiles/CMakeTmp/CheckIncludeFiles.c:38:24: fatal error: sys/sockio.h: No such file or directory
 #include <sys/sockio.h>
                        ^
compilation terminated.
make[6]: Leaving directory `/home/ubuntu/Archer_C7_V5/openwrt/build_dir/host/cmake-2.8.9/CMakeFiles/CMakeTmp'
make[6]: *** [CMakeFiles/cmTryCompileExec3213105214.dir/CheckIncludeFiles.c.o] Error 1
make[5]: Leaving directory `/home/ubuntu/Archer_C7_V5/openwrt/build_dir/host/cmake-2.8.9/CMakeFiles/CMakeTmp'
make[5]: *** [cmTryCompileExec3213105214/fast] Error 2

Source:
/* */
#include <stdio.h>
#include <stddef.h>
#include <sys/types.h>
#include <inttypes.h>
#include <alloca.h>
#include <arpa/inet.h>
#include <dlfcn.h>
#include <fcntl.h>
#include <malloc.h>
#include <memory.h>
#include <netdb.h>
#include <sys/poll.h>
#include <assert.h>
#include <limits.h>
#include <sys/socket.h>
#include <netinet/in.h>
#include <net/if.h>
#include <netinet/if_ether.h>
#include <netinet/tcp.h>
#include <sys/select.h>
#include <utime.h>
#include <netinet/in.h>
#include <pwd.h>
#include <sgtty.h>
#include <stdint.h>
#include <stdlib.h>
#include <string.h>
#include <strings.h>
#include <sys/param.h>
#include <sys/stat.h>
#include <sys/time.h>
#include <sys/resource.h>
#include <termios.h>
#include <termio.h>
#include <time.h>
#include <unistd.h>
#include <sys/sockio.h>


int main(){return 0;}

Determining if files stdio.h;stddef.h;sys/types.h;inttypes.h;alloca.h;arpa/inet.h;dlfcn.h;fcntl.h;malloc.h;memory.h;netdb.h;sys/poll.h;assert.h;limits.h;sys/socket.h;netinet/in.h;net/if.h;netinet/if_ether.h;netinet/tcp.h;sys/select.h;utime.h;netinet/in.h;pwd.h;sgtty.h;stdint.h;stdlib.h;string.h;strings.h;sys/param.h;sys/stat.h;sys/time.h;sys/resource.h;termios.h;termio.h;time.h;unistd.h;x509.h exist failed with the following output:
Change Dir: /home/ubuntu/Archer_C7_V5/openwrt/build_dir/host/cmake-2.8.9/CMakeFiles/CMakeTmp

Run Build Command:/usr/bin/make "cmTryCompileExec3594684033/fast"
make[5]: Entering directory `/home/ubuntu/Archer_C7_V5/openwrt/build_dir/host/cmake-2.8.9/CMakeFiles/CMakeTmp'
make -f CMakeFiles/cmTryCompileExec3594684033.dir/build.make CMakeFiles/cmTryCompileExec3594684033.dir/build
make[6]: Entering directory `/home/ubuntu/Archer_C7_V5/openwrt/build_dir/host/cmake-2.8.9/CMakeFiles/CMakeTmp'
/home/ubuntu/Archer_C7_V5/openwrt/build_dir/host/cmake-2.8.9/Bootstrap.cmk/cmake -E cmake_progress_report /home/ubuntu/Archer_C7_V5/openwrt/build_dir/host/cmake-2.8.9/CMakeFiles/CMakeTmp/CMakeFiles 1
Building C object CMakeFiles/cmTryCompileExec3594684033.dir/CheckIncludeFiles.c.o
/usr/bin/gcc    -o CMakeFiles/cmTryCompileExec3594684033.dir/CheckIncludeFiles.c.o   -c /home/ubuntu/Archer_C7_V5/openwrt/build_dir/host/cmake-2.8.9/CMakeFiles/CMakeTmp/CheckIncludeFiles.c
/home/ubuntu/Archer_C7_V5/openwrt/build_dir/host/cmake-2.8.9/CMakeFiles/CMakeTmp/CheckIncludeFiles.c:38:18: fatal error: x509.h: No such file or directory
 #include <x509.h>
                  ^
compilation terminated.
make[6]: Leaving directory `/home/ubuntu/Archer_C7_V5/openwrt/build_dir/host/cmake-2.8.9/CMakeFiles/CMakeTmp'
make[6]: *** [CMakeFiles/cmTryCompileExec3594684033.dir/CheckIncludeFiles.c.o] Error 1
make[5]: Leaving directory `/home/ubuntu/Archer_C7_V5/openwrt/build_dir/host/cmake-2.8.9/CMakeFiles/CMakeTmp'
make[5]: *** [cmTryCompileExec3594684033/fast] Error 2

Source:
/* */
#include <stdio.h>
#include <stddef.h>
#include <sys/types.h>
#include <inttypes.h>
#include <alloca.h>
#include <arpa/inet.h>
#include <dlfcn.h>
#include <fcntl.h>
#include <malloc.h>
#include <memory.h>
#include <netdb.h>
#include <sys/poll.h>
#include <assert.h>
#include <limits.h>
#include <sys/socket.h>
#include <netinet/in.h>
#include <net/if.h>
#include <netinet/if_ether.h>
#include <netinet/tcp.h>
#include <sys/select.h>
#include <utime.h>
#include <netinet/in.h>
#include <pwd.h>
#include <sgtty.h>
#include <stdint.h>
#include <stdlib.h>
#include <string.h>
#include <strings.h>
#include <sys/param.h>
#include <sys/stat.h>
#include <sys/time.h>
#include <sys/resource.h>
#include <termios.h>
#include <termio.h>
#include <time.h>
#include <unistd.h>
#include <x509.h>


int main(){return 0;}

Determining if files stdio.h;stddef.h;sys/types.h;inttypes.h;alloca.h;arpa/inet.h;dlfcn.h;fcntl.h;malloc.h;memory.h;netdb.h;sys/poll.h;assert.h;limits.h;sys/socket.h;netinet/in.h;net/if.h;netinet/if_ether.h;netinet/tcp.h;sys/select.h;utime.h;netinet/in.h;pwd.h;sgtty.h;stdint.h;stdlib.h;string.h;strings.h;sys/param.h;sys/stat.h;sys/time.h;sys/resource.h;termios.h;termio.h;time.h;unistd.h;locale.h;setjmp.h;signal.h;sys/ioctl.h;sys/utsname.h;idn-free.h exist failed with the following output:
Change Dir: /home/ubuntu/Archer_C7_V5/openwrt/build_dir/host/cmake-2.8.9/CMakeFiles/CMakeTmp

Run Build Command:/usr/bin/make "cmTryCompileExec1026058254/fast"
make[5]: Entering directory `/home/ubuntu/Archer_C7_V5/openwrt/build_dir/host/cmake-2.8.9/CMakeFiles/CMakeTmp'
make -f CMakeFiles/cmTryCompileExec1026058254.dir/build.make CMakeFiles/cmTryCompileExec1026058254.dir/build
make[6]: Entering directory `/home/ubuntu/Archer_C7_V5/openwrt/build_dir/host/cmake-2.8.9/CMakeFiles/CMakeTmp'
/home/ubuntu/Archer_C7_V5/openwrt/build_dir/host/cmake-2.8.9/Bootstrap.cmk/cmake -E cmake_progress_report /home/ubuntu/Archer_C7_V5/openwrt/build_dir/host/cmake-2.8.9/CMakeFiles/CMakeTmp/CMakeFiles 1
Building C object CMakeFiles/cmTryCompileExec1026058254.dir/CheckIncludeFiles.c.o
/usr/bin/gcc    -o CMakeFiles/cmTryCompileExec1026058254.dir/CheckIncludeFiles.c.o   -c /home/ubuntu/Archer_C7_V5/openwrt/build_dir/host/cmake-2.8.9/CMakeFiles/CMakeTmp/CheckIncludeFiles.c
/home/ubuntu/Archer_C7_V5/openwrt/build_dir/host/cmake-2.8.9/CMakeFiles/CMakeTmp/CheckIncludeFiles.c:43:22: fatal error: idn-free.h: No such file or directory
 #include <idn-free.h>
                      ^
compilation terminated.
make[6]: Leaving directory `/home/ubuntu/Archer_C7_V5/openwrt/build_dir/host/cmake-2.8.9/CMakeFiles/CMakeTmp'
make[6]: *** [CMakeFiles/cmTryCompileExec1026058254.dir/CheckIncludeFiles.c.o] Error 1
make[5]: Leaving directory `/home/ubuntu/Archer_C7_V5/openwrt/build_dir/host/cmake-2.8.9/CMakeFiles/CMakeTmp'
make[5]: *** [cmTryCompileExec1026058254/fast] Error 2

Source:
/* */
#include <stdio.h>
#include <stddef.h>
#include <sys/types.h>
#include <inttypes.h>
#include <alloca.h>
#include <arpa/inet.h>
#include <dlfcn.h>
#include <fcntl.h>
#include <malloc.h>
#include <memory.h>
#include <netdb.h>
#include <sys/poll.h>
#include <assert.h>
#include <limits.h>
#include <sys/socket.h>
#include <netinet/in.h>
#include <net/if.h>
#include <netinet/if_ether.h>
#include <netinet/tcp.h>
#include <sys/select.h>
#include <utime.h>
#include <netinet/in.h>
#include <pwd.h>
#include <sgtty.h>
#include <stdint.h>
#include <stdlib.h>
#include <string.h>
#include <strings.h>
#include <sys/param.h>
#include <sys/stat.h>
#include <sys/time.h>
#include <sys/resource.h>
#include <termios.h>
#include <termio.h>
#include <time.h>
#include <unistd.h>
#include <locale.h>
#include <setjmp.h>
#include <signal.h>
#include <sys/ioctl.h>
#include <sys/utsname.h>
#include <idn-free.h>


int main(){return 0;}

Determining if files stdio.h;stddef.h;sys/types.h;inttypes.h;alloca.h;arpa/inet.h;dlfcn.h;fcntl.h;malloc.h;memory.h;netdb.h;sys/poll.h;assert.h;limits.h;sys/socket.h;netinet/in.h;net/if.h;netinet/if_ether.h;netinet/tcp.h;sys/select.h;utime.h;netinet/in.h;pwd.h;sgtty.h;stdint.h;stdlib.h;string.h;strings.h;sys/param.h;sys/stat.h;sys/time.h;sys/resource.h;termios.h;termio.h;time.h;unistd.h;locale.h;setjmp.h;signal.h;sys/ioctl.h;sys/utsname.h;idna.h exist failed with the following output:
Change Dir: /home/ubuntu/Archer_C7_V5/openwrt/build_dir/host/cmake-2.8.9/CMakeFiles/CMakeTmp

Run Build Command:/usr/bin/make "cmTryCompileExec3838757034/fast"
make[5]: Entering directory `/home/ubuntu/Archer_C7_V5/openwrt/build_dir/host/cmake-2.8.9/CMakeFiles/CMakeTmp'
make -f CMakeFiles/cmTryCompileExec3838757034.dir/build.make CMakeFiles/cmTryCompileExec3838757034.dir/build
make[6]: Entering directory `/home/ubuntu/Archer_C7_V5/openwrt/build_dir/host/cmake-2.8.9/CMakeFiles/CMakeTmp'
/home/ubuntu/Archer_C7_V5/openwrt/build_dir/host/cmake-2.8.9/Bootstrap.cmk/cmake -E cmake_progress_report /home/ubuntu/Archer_C7_V5/openwrt/build_dir/host/cmake-2.8.9/CMakeFiles/CMakeTmp/CMakeFiles 1
Building C object CMakeFiles/cmTryCompileExec3838757034.dir/CheckIncludeFiles.c.o
/usr/bin/gcc    -o CMakeFiles/cmTryCompileExec3838757034.dir/CheckIncludeFiles.c.o   -c /home/ubuntu/Archer_C7_V5/openwrt/build_dir/host/cmake-2.8.9/CMakeFiles/CMakeTmp/CheckIncludeFiles.c
/home/ubuntu/Archer_C7_V5/openwrt/build_dir/host/cmake-2.8.9/CMakeFiles/CMakeTmp/CheckIncludeFiles.c:43:18: fatal error: idna.h: No such file or directory
 #include <idna.h>
                  ^
compilation terminated.
make[6]: Leaving directory `/home/ubuntu/Archer_C7_V5/openwrt/build_dir/host/cmake-2.8.9/CMakeFiles/CMakeTmp'
make[6]: *** [CMakeFiles/cmTryCompileExec3838757034.dir/CheckIncludeFiles.c.o] Error 1
make[5]: Leaving directory `/home/ubuntu/Archer_C7_V5/openwrt/build_dir/host/cmake-2.8.9/CMakeFiles/CMakeTmp'
make[5]: *** [cmTryCompileExec3838757034/fast] Error 2

Source:
/* */
#include <stdio.h>
#include <stddef.h>
#include <sys/types.h>
#include <inttypes.h>
#include <alloca.h>
#include <arpa/inet.h>
#include <dlfcn.h>
#include <fcntl.h>
#include <malloc.h>
#include <memory.h>
#include <netdb.h>
#include <sys/poll.h>
#include <assert.h>
#include <limits.h>
#include <sys/socket.h>
#include <netinet/in.h>
#include <net/if.h>
#include <netinet/if_ether.h>
#include <netinet/tcp.h>
#include <sys/select.h>
#include <utime.h>
#include <netinet/in.h>
#include <pwd.h>
#include <sgtty.h>
#include <stdint.h>
#include <stdlib.h>
#include <string.h>
#include <strings.h>
#include <sys/param.h>
#include <sys/stat.h>
#include <sys/time.h>
#include <sys/resource.h>
#include <termios.h>
#include <termio.h>
#include <time.h>
#include <unistd.h>
#include <locale.h>
#include <setjmp.h>
#include <signal.h>
#include <sys/ioctl.h>
#include <sys/utsname.h>
#include <idna.h>


int main(){return 0;}

Determining if files stdio.h;stddef.h;sys/types.h;inttypes.h;alloca.h;arpa/inet.h;dlfcn.h;fcntl.h;malloc.h;memory.h;netdb.h;sys/poll.h;assert.h;limits.h;sys/socket.h;netinet/in.h;net/if.h;netinet/if_ether.h;netinet/tcp.h;sys/select.h;utime.h;netinet/in.h;pwd.h;sgtty.h;stdint.h;stdlib.h;string.h;strings.h;sys/param.h;sys/stat.h;sys/time.h;sys/resource.h;termios.h;termio.h;time.h;unistd.h;locale.h;setjmp.h;signal.h;sys/ioctl.h;sys/utsname.h;tld.h exist failed with the following output:
Change Dir: /home/ubuntu/Archer_C7_V5/openwrt/build_dir/host/cmake-2.8.9/CMakeFiles/CMakeTmp

Run Build Command:/usr/bin/make "cmTryCompileExec1521771418/fast"
make[5]: Entering directory `/home/ubuntu/Archer_C7_V5/openwrt/build_dir/host/cmake-2.8.9/CMakeFiles/CMakeTmp'
make -f CMakeFiles/cmTryCompileExec1521771418.dir/build.make CMakeFiles/cmTryCompileExec1521771418.dir/build
make[6]: Entering directory `/home/ubuntu/Archer_C7_V5/openwrt/build_dir/host/cmake-2.8.9/CMakeFiles/CMakeTmp'
/home/ubuntu/Archer_C7_V5/openwrt/build_dir/host/cmake-2.8.9/Bootstrap.cmk/cmake -E cmake_progress_report /home/ubuntu/Archer_C7_V5/openwrt/build_dir/host/cmake-2.8.9/CMakeFiles/CMakeTmp/CMakeFiles 1
Building C object CMakeFiles/cmTryCompileExec1521771418.dir/CheckIncludeFiles.c.o
/usr/bin/gcc    -o CMakeFiles/cmTryCompileExec1521771418.dir/CheckIncludeFiles.c.o   -c /home/ubuntu/Archer_C7_V5/openwrt/build_dir/host/cmake-2.8.9/CMakeFiles/CMakeTmp/CheckIncludeFiles.c
/home/ubuntu/Archer_C7_V5/openwrt/build_dir/host/cmake-2.8.9/CMakeFiles/CMakeTmp/CheckIncludeFiles.c:43:17: fatal error: tld.h: No such file or directory
 #include <tld.h>
                 ^
compilation terminated.
make[6]: Leaving directory `/home/ubuntu/Archer_C7_V5/openwrt/build_dir/host/cmake-2.8.9/CMakeFiles/CMakeTmp'
make[6]: *** [CMakeFiles/cmTryCompileExec1521771418.dir/CheckIncludeFiles.c.o] Error 1
make[5]: Leaving directory `/home/ubuntu/Archer_C7_V5/openwrt/build_dir/host/cmake-2.8.9/CMakeFiles/CMakeTmp'
make[5]: *** [cmTryCompileExec1521771418/fast] Error 2

Source:
/* */
#include <stdio.h>
#include <stddef.h>
#include <sys/types.h>
#include <inttypes.h>
#include <alloca.h>
#include <arpa/inet.h>
#include <dlfcn.h>
#include <fcntl.h>
#include <malloc.h>
#include <memory.h>
#include <netdb.h>
#include <sys/poll.h>
#include <assert.h>
#include <limits.h>
#include <sys/socket.h>
#include <netinet/in.h>
#include <net/if.h>
#include <netinet/if_ether.h>
#include <netinet/tcp.h>
#include <sys/select.h>
#include <utime.h>
#include <netinet/in.h>
#include <pwd.h>
#include <sgtty.h>
#include <stdint.h>
#include <stdlib.h>
#include <string.h>
#include <strings.h>
#include <sys/param.h>
#include <sys/stat.h>
#include <sys/time.h>
#include <sys/resource.h>
#include <termios.h>
#include <termio.h>
#include <time.h>
#include <unistd.h>
#include <locale.h>
#include <setjmp.h>
#include <signal.h>
#include <sys/ioctl.h>
#include <sys/utsname.h>
#include <tld.h>


int main(){return 0;}

Determining if files stdio.h;stddef.h;sys/types.h;inttypes.h;alloca.h;arpa/inet.h;dlfcn.h;fcntl.h;malloc.h;memory.h;netdb.h;sys/poll.h;assert.h;limits.h;sys/socket.h;netinet/in.h;net/if.h;netinet/if_ether.h;netinet/tcp.h;sys/select.h;utime.h;netinet/in.h;pwd.h;sgtty.h;stdint.h;stdlib.h;string.h;strings.h;sys/param.h;sys/stat.h;sys/time.h;sys/resource.h;termios.h;termio.h;time.h;unistd.h;locale.h;setjmp.h;signal.h;sys/ioctl.h;sys/utsname.h;arpa/tftp.h;errno.h;libgen.h;sys/filio.h exist failed with the following output:
Change Dir: /home/ubuntu/Archer_C7_V5/openwrt/build_dir/host/cmake-2.8.9/CMakeFiles/CMakeTmp

Run Build Command:/usr/bin/make "cmTryCompileExec2683416961/fast"
make[5]: Entering directory `/home/ubuntu/Archer_C7_V5/openwrt/build_dir/host/cmake-2.8.9/CMakeFiles/CMakeTmp'
make -f CMakeFiles/cmTryCompileExec2683416961.dir/build.make CMakeFiles/cmTryCompileExec2683416961.dir/build
make[6]: Entering directory `/home/ubuntu/Archer_C7_V5/openwrt/build_dir/host/cmake-2.8.9/CMakeFiles/CMakeTmp'
/home/ubuntu/Archer_C7_V5/openwrt/build_dir/host/cmake-2.8.9/Bootstrap.cmk/cmake -E cmake_progress_report /home/ubuntu/Archer_C7_V5/openwrt/build_dir/host/cmake-2.8.9/CMakeFiles/CMakeTmp/CMakeFiles 1
Building C object CMakeFiles/cmTryCompileExec2683416961.dir/CheckIncludeFiles.c.o
/usr/bin/gcc    -o CMakeFiles/cmTryCompileExec2683416961.dir/CheckIncludeFiles.c.o   -c /home/ubuntu/Archer_C7_V5/openwrt/build_dir/host/cmake-2.8.9/CMakeFiles/CMakeTmp/CheckIncludeFiles.c
/home/ubuntu/Archer_C7_V5/openwrt/build_dir/host/cmake-2.8.9/CMakeFiles/CMakeTmp/CheckIncludeFiles.c:46:23: fatal error: sys/filio.h: No such file or directory
 #include <sys/filio.h>
                       ^
compilation terminated.
make[6]: Leaving directory `/home/ubuntu/Archer_C7_V5/openwrt/build_dir/host/cmake-2.8.9/CMakeFiles/CMakeTmp'
make[6]: *** [CMakeFiles/cmTryCompileExec2683416961.dir/CheckIncludeFiles.c.o] Error 1
make[5]: Leaving directory `/home/ubuntu/Archer_C7_V5/openwrt/build_dir/host/cmake-2.8.9/CMakeFiles/CMakeTmp'
make[5]: *** [cmTryCompileExec2683416961/fast] Error 2

Source:
/* */
#include <stdio.h>
#include <stddef.h>
#include <sys/types.h>
#include <inttypes.h>
#include <alloca.h>
#include <arpa/inet.h>
#include <dlfcn.h>
#include <fcntl.h>
#include <malloc.h>
#include <memory.h>
#include <netdb.h>
#include <sys/poll.h>
#include <assert.h>
#include <limits.h>
#include <sys/socket.h>
#include <netinet/in.h>
#include <net/if.h>
#include <netinet/if_ether.h>
#include <netinet/tcp.h>
#include <sys/select.h>
#include <utime.h>
#include <netinet/in.h>
#include <pwd.h>
#include <sgtty.h>
#include <stdint.h>
#include <stdlib.h>
#include <string.h>
#include <strings.h>
#include <sys/param.h>
#include <sys/stat.h>
#include <sys/time.h>
#include <sys/resource.h>
#include <termios.h>
#include <termio.h>
#include <time.h>
#include <unistd.h>
#include <locale.h>
#include <setjmp.h>
#include <signal.h>
#include <sys/ioctl.h>
#include <sys/utsname.h>
#include <arpa/tftp.h>
#include <errno.h>
#include <libgen.h>
#include <sys/filio.h>


int main(){return 0;}

Determining size of __int64 failed with the following output:
Change Dir: /home/ubuntu/Archer_C7_V5/openwrt/build_dir/host/cmake-2.8.9/CMakeFiles/CMakeTmp

Run Build Command:/usr/bin/make "cmTryCompileExec3853028155/fast"
make[5]: Entering directory `/home/ubuntu/Archer_C7_V5/openwrt/build_dir/host/cmake-2.8.9/CMakeFiles/CMakeTmp'
make -f CMakeFiles/cmTryCompileExec3853028155.dir/build.make CMakeFiles/cmTryCompileExec3853028155.dir/build
make[6]: Entering directory `/home/ubuntu/Archer_C7_V5/openwrt/build_dir/host/cmake-2.8.9/CMakeFiles/CMakeTmp'
/home/ubuntu/Archer_C7_V5/openwrt/build_dir/host/cmake-2.8.9/Bootstrap.cmk/cmake -E cmake_progress_report /home/ubuntu/Archer_C7_V5/openwrt/build_dir/host/cmake-2.8.9/CMakeFiles/CMakeTmp/CMakeFiles 1
Building C object CMakeFiles/cmTryCompileExec3853028155.dir/SIZEOF___INT64.c.o
/usr/bin/gcc    -o CMakeFiles/cmTryCompileExec3853028155.dir/SIZEOF___INT64.c.o   -c /home/ubuntu/Archer_C7_V5/openwrt/build_dir/host/cmake-2.8.9/CMakeFiles/CheckTypeSize/SIZEOF___INT64.c
/home/ubuntu/Archer_C7_V5/openwrt/build_dir/host/cmake-2.8.9/CMakeFiles/CheckTypeSize/SIZEOF___INT64.c:17:22: error: '__int64' undeclared here (not in a function)
 #define SIZE (sizeof(__int64))
                      ^
/home/ubuntu/Archer_C7_V5/openwrt/build_dir/host/cmake-2.8.9/CMakeFiles/CheckTypeSize/SIZEOF___INT64.c:19:12: note: in expansion of macro 'SIZE'
   ('0' + ((SIZE / 10000)%10)),
            ^
make[6]: Leaving directory `/home/ubuntu/Archer_C7_V5/openwrt/build_dir/host/cmake-2.8.9/CMakeFiles/CMakeTmp'
make[6]: *** [CMakeFiles/cmTryCompileExec3853028155.dir/SIZEOF___INT64.c.o] Error 1
make[5]: Leaving directory `/home/ubuntu/Archer_C7_V5/openwrt/build_dir/host/cmake-2.8.9/CMakeFiles/CMakeTmp'
make[5]: *** [cmTryCompileExec3853028155/fast] Error 2

/home/ubuntu/Archer_C7_V5/openwrt/build_dir/host/cmake-2.8.9/CMakeFiles/CheckTypeSize/SIZEOF___INT64.c:
#include <sys/types.h>
#include <stdint.h>
#include <stddef.h>


#undef KEY
#if defined(__i386)
# define KEY '_','_','i','3','8','6'
#elif defined(__x86_64)
# define KEY '_','_','x','8','6','_','6','4'
#elif defined(__ppc__)
# define KEY '_','_','p','p','c','_','_'
#elif defined(__ppc64__)
# define KEY '_','_','p','p','c','6','4','_','_'
#endif

#define SIZE (sizeof(__int64))
char info_size[] =  {'I', 'N', 'F', 'O', ':', 's','i','z','e','[',
  ('0' + ((SIZE / 10000)%10)),
  ('0' + ((SIZE / 1000)%10)),
  ('0' + ((SIZE / 100)%10)),
  ('0' + ((SIZE / 10)%10)),
  ('0' +  (SIZE    % 10)),
  ']',
#ifdef KEY
  ' ','k','e','y','[', KEY, ']',
#endif
  '\0'};

#ifdef __CLASSIC_C__
int main(argc, argv) int argc; char *argv[];
#else
int main(int argc, char *argv[])
#endif
{
  int require = 0;
  require += info_size[argc];
  (void)argv;
  return require;
}


Determining if the stricmp exist failed with the following output:
Change Dir: /home/ubuntu/Archer_C7_V5/openwrt/build_dir/host/cmake-2.8.9/CMakeFiles/CMakeTmp

Run Build Command:/usr/bin/make "cmTryCompileExec2455658881/fast"
make[5]: Entering directory `/home/ubuntu/Archer_C7_V5/openwrt/build_dir/host/cmake-2.8.9/CMakeFiles/CMakeTmp'
make -f CMakeFiles/cmTryCompileExec2455658881.dir/build.make CMakeFiles/cmTryCompileExec2455658881.dir/build
make[6]: Entering directory `/home/ubuntu/Archer_C7_V5/openwrt/build_dir/host/cmake-2.8.9/CMakeFiles/CMakeTmp'
/home/ubuntu/Archer_C7_V5/openwrt/build_dir/host/cmake-2.8.9/Bootstrap.cmk/cmake -E cmake_progress_report /home/ubuntu/Archer_C7_V5/openwrt/build_dir/host/cmake-2.8.9/CMakeFiles/CMakeTmp/CMakeFiles 1
Building C object CMakeFiles/cmTryCompileExec2455658881.dir/CheckSymbolExists.c.o
/usr/bin/gcc    -o CMakeFiles/cmTryCompileExec2455658881.dir/CheckSymbolExists.c.o   -c /home/ubuntu/Archer_C7_V5/openwrt/build_dir/host/cmake-2.8.9/CMakeFiles/CMakeTmp/CheckSymbolExists.c
/home/ubuntu/Archer_C7_V5/openwrt/build_dir/host/cmake-2.8.9/CMakeFiles/CMakeTmp/CheckSymbolExists.c: In function 'main':
/home/ubuntu/Archer_C7_V5/openwrt/build_dir/host/cmake-2.8.9/CMakeFiles/CMakeTmp/CheckSymbolExists.c:51:19: error: 'stricmp' undeclared (first use in this function)
   return ((int*)(&stricmp))[argc];
                   ^
/home/ubuntu/Archer_C7_V5/openwrt/build_dir/host/cmake-2.8.9/CMakeFiles/CMakeTmp/CheckSymbolExists.c:51:19: note: each undeclared identifier is reported only once for each function it appears in
make[6]: *** [CMakeFiles/cmTryCompileExec2455658881.dir/CheckSymbolExists.c.o] Error 1
make[6]: Leaving directory `/home/ubuntu/Archer_C7_V5/openwrt/build_dir/host/cmake-2.8.9/CMakeFiles/CMakeTmp'
make[5]: Leaving directory `/home/ubuntu/Archer_C7_V5/openwrt/build_dir/host/cmake-2.8.9/CMakeFiles/CMakeTmp'
make[5]: *** [cmTryCompileExec2455658881/fast] Error 2

File /home/ubuntu/Archer_C7_V5/openwrt/build_dir/host/cmake-2.8.9/CMakeFiles/CMakeTmp/CheckSymbolExists.c:
/* */
#include <stdio.h>
#include <stddef.h>
#include <sys/types.h>
#include <inttypes.h>
#include <alloca.h>
#include <arpa/inet.h>
#include <dlfcn.h>
#include <fcntl.h>
#include <malloc.h>
#include <memory.h>
#include <netdb.h>
#include <sys/poll.h>
#include <assert.h>
#include <limits.h>
#include <sys/socket.h>
#include <netinet/in.h>
#include <net/if.h>
#include <netinet/if_ether.h>
#include <netinet/tcp.h>
#include <sys/select.h>
#include <utime.h>
#include <netinet/in.h>
#include <pwd.h>
#include <sgtty.h>
#include <stdint.h>
#include <stdlib.h>
#include <string.h>
#include <strings.h>
#include <sys/param.h>
#include <sys/stat.h>
#include <sys/time.h>
#include <sys/resource.h>
#include <termios.h>
#include <termio.h>
#include <time.h>
#include <unistd.h>
#include <locale.h>
#include <setjmp.h>
#include <signal.h>
#include <sys/ioctl.h>
#include <sys/utsname.h>
#include <arpa/tftp.h>
#include <errno.h>
#include <libgen.h>

int main(int argc, char** argv)
{
  (void)argv;
#ifndef stricmp
  return ((int*)(&stricmp))[argc];
#else
  (void)argc;
  return 0;
#endif
}

Determining if the strcmpi exist failed with the following output:
Change Dir: /home/ubuntu/Archer_C7_V5/openwrt/build_dir/host/cmake-2.8.9/CMakeFiles/CMakeTmp

Run Build Command:/usr/bin/make "cmTryCompileExec896870055/fast"
make[5]: Entering directory `/home/ubuntu/Archer_C7_V5/openwrt/build_dir/host/cmake-2.8.9/CMakeFiles/CMakeTmp'
make -f CMakeFiles/cmTryCompileExec896870055.dir/build.make CMakeFiles/cmTryCompileExec896870055.dir/build
make[6]: Entering directory `/home/ubuntu/Archer_C7_V5/openwrt/build_dir/host/cmake-2.8.9/CMakeFiles/CMakeTmp'
/home/ubuntu/Archer_C7_V5/openwrt/build_dir/host/cmake-2.8.9/Bootstrap.cmk/cmake -E cmake_progress_report /home/ubuntu/Archer_C7_V5/openwrt/build_dir/host/cmake-2.8.9/CMakeFiles/CMakeTmp/CMakeFiles 1
Building C object CMakeFiles/cmTryCompileExec896870055.dir/CheckSymbolExists.c.o
/usr/bin/gcc    -o CMakeFiles/cmTryCompileExec896870055.dir/CheckSymbolExists.c.o   -c /home/ubuntu/Archer_C7_V5/openwrt/build_dir/host/cmake-2.8.9/CMakeFiles/CMakeTmp/CheckSymbolExists.c
/home/ubuntu/Archer_C7_V5/openwrt/build_dir/host/cmake-2.8.9/CMakeFiles/CMakeTmp/CheckSymbolExists.c: In function 'main':
/home/ubuntu/Archer_C7_V5/openwrt/build_dir/host/cmake-2.8.9/CMakeFiles/CMakeTmp/CheckSymbolExists.c:51:19: error: 'strcmpi' undeclared (first use in this function)
   return ((int*)(&strcmpi))[argc];
                   ^
/home/ubuntu/Archer_C7_V5/openwrt/build_dir/host/cmake-2.8.9/CMakeFiles/CMakeTmp/CheckSymbolExists.c:51:19: note: each undeclared identifier is reported only once for each function it appears in
make[6]: Leaving directory `/home/ubuntu/Archer_C7_V5/openwrt/build_dir/host/cmake-2.8.9/CMakeFiles/CMakeTmp'
make[5]: Leaving directory `/home/ubuntu/Archer_C7_V5/openwrt/build_dir/host/cmake-2.8.9/CMakeFiles/CMakeTmp'
make[6]: *** [CMakeFiles/cmTryCompileExec896870055.dir/CheckSymbolExists.c.o] Error 1
make[5]: *** [cmTryCompileExec896870055/fast] Error 2

File /home/ubuntu/Archer_C7_V5/openwrt/build_dir/host/cmake-2.8.9/CMakeFiles/CMakeTmp/CheckSymbolExists.c:
/* */
#include <stdio.h>
#include <stddef.h>
#include <sys/types.h>
#include <inttypes.h>
#include <alloca.h>
#include <arpa/inet.h>
#include <dlfcn.h>
#include <fcntl.h>
#include <malloc.h>
#include <memory.h>
#include <netdb.h>
#include <sys/poll.h>
#include <assert.h>
#include <limits.h>
#include <sys/socket.h>
#include <netinet/in.h>
#include <net/if.h>
#include <netinet/if_ether.h>
#include <netinet/tcp.h>
#include <sys/select.h>
#include <utime.h>
#include <netinet/in.h>
#include <pwd.h>
#include <sgtty.h>
#include <stdint.h>
#include <stdlib.h>
#include <string.h>
#include <strings.h>
#include <sys/param.h>
#include <sys/stat.h>
#include <sys/time.h>
#include <sys/resource.h>
#include <termios.h>
#include <termio.h>
#include <time.h>
#include <unistd.h>
#include <locale.h>
#include <setjmp.h>
#include <signal.h>
#include <sys/ioctl.h>
#include <sys/utsname.h>
#include <arpa/tftp.h>
#include <errno.h>
#include <libgen.h>

int main(int argc, char** argv)
{
  (void)argv;
#ifndef strcmpi
  return ((int*)(&strcmpi))[argc];
#else
  (void)argc;
  return 0;
#endif
}

Determining if the strncmpi exist failed with the following output:
Change Dir: /home/ubuntu/Archer_C7_V5/openwrt/build_dir/host/cmake-2.8.9/CMakeFiles/CMakeTmp

Run Build Command:/usr/bin/make "cmTryCompileExec1462702982/fast"
make[5]: Entering directory `/home/ubuntu/Archer_C7_V5/openwrt/build_dir/host/cmake-2.8.9/CMakeFiles/CMakeTmp'
make -f CMakeFiles/cmTryCompileExec1462702982.dir/build.make CMakeFiles/cmTryCompileExec1462702982.dir/build
make[6]: Entering directory `/home/ubuntu/Archer_C7_V5/openwrt/build_dir/host/cmake-2.8.9/CMakeFiles/CMakeTmp'
/home/ubuntu/Archer_C7_V5/openwrt/build_dir/host/cmake-2.8.9/Bootstrap.cmk/cmake -E cmake_progress_report /home/ubuntu/Archer_C7_V5/openwrt/build_dir/host/cmake-2.8.9/CMakeFiles/CMakeTmp/CMakeFiles 1
Building C object CMakeFiles/cmTryCompileExec1462702982.dir/CheckSymbolExists.c.o
/usr/bin/gcc    -o CMakeFiles/cmTryCompileExec1462702982.dir/CheckSymbolExists.c.o   -c /home/ubuntu/Archer_C7_V5/openwrt/build_dir/host/cmake-2.8.9/CMakeFiles/CMakeTmp/CheckSymbolExists.c
/home/ubuntu/Archer_C7_V5/openwrt/build_dir/host/cmake-2.8.9/CMakeFiles/CMakeTmp/CheckSymbolExists.c: In function 'main':
/home/ubuntu/Archer_C7_V5/openwrt/build_dir/host/cmake-2.8.9/CMakeFiles/CMakeTmp/CheckSymbolExists.c:51:19: error: 'strncmpi' undeclared (first use in this function)
   return ((int*)(&strncmpi))[argc];
                   ^
/home/ubuntu/Archer_C7_V5/openwrt/build_dir/host/cmake-2.8.9/CMakeFiles/CMakeTmp/CheckSymbolExists.c:51:19: note: each undeclared identifier is reported only once for each function it appears in
make[6]: Leaving directory `/home/ubuntu/Archer_C7_V5/openwrt/build_dir/host/cmake-2.8.9/CMakeFiles/CMakeTmp'
make[6]: *** [CMakeFiles/cmTryCompileExec1462702982.dir/CheckSymbolExists.c.o] Error 1
make[5]: Leaving directory `/home/ubuntu/Archer_C7_V5/openwrt/build_dir/host/cmake-2.8.9/CMakeFiles/CMakeTmp'
make[5]: *** [cmTryCompileExec1462702982/fast] Error 2

File /home/ubuntu/Archer_C7_V5/openwrt/build_dir/host/cmake-2.8.9/CMakeFiles/CMakeTmp/CheckSymbolExists.c:
/* */
#include <stdio.h>
#include <stddef.h>
#include <sys/types.h>
#include <inttypes.h>
#include <alloca.h>
#include <arpa/inet.h>
#include <dlfcn.h>
#include <fcntl.h>
#include <malloc.h>
#include <memory.h>
#include <netdb.h>
#include <sys/poll.h>
#include <assert.h>
#include <limits.h>
#include <sys/socket.h>
#include <netinet/in.h>
#include <net/if.h>
#include <netinet/if_ether.h>
#include <netinet/tcp.h>
#include <sys/select.h>
#include <utime.h>
#include <netinet/in.h>
#include <pwd.h>
#include <sgtty.h>
#include <stdint.h>
#include <stdlib.h>
#include <string.h>
#include <strings.h>
#include <sys/param.h>
#include <sys/stat.h>
#include <sys/time.h>
#include <sys/resource.h>
#include <termios.h>
#include <termio.h>
#include <time.h>
#include <unistd.h>
#include <locale.h>
#include <setjmp.h>
#include <signal.h>
#include <sys/ioctl.h>
#include <sys/utsname.h>
#include <arpa/tftp.h>
#include <errno.h>
#include <libgen.h>

int main(int argc, char** argv)
{
  (void)argv;
#ifndef strncmpi
  return ((int*)(&strncmpi))[argc];
#else
  (void)argc;
  return 0;
#endif
}

Determining if the inet_ntoa_r exist failed with the following output:
Change Dir: /home/ubuntu/Archer_C7_V5/openwrt/build_dir/host/cmake-2.8.9/CMakeFiles/CMakeTmp

Run Build Command:/usr/bin/make "cmTryCompileExec1273942045/fast"
make[5]: Entering directory `/home/ubuntu/Archer_C7_V5/openwrt/build_dir/host/cmake-2.8.9/CMakeFiles/CMakeTmp'
make -f CMakeFiles/cmTryCompileExec1273942045.dir/build.make CMakeFiles/cmTryCompileExec1273942045.dir/build
make[6]: Entering directory `/home/ubuntu/Archer_C7_V5/openwrt/build_dir/host/cmake-2.8.9/CMakeFiles/CMakeTmp'
/home/ubuntu/Archer_C7_V5/openwrt/build_dir/host/cmake-2.8.9/Bootstrap.cmk/cmake -E cmake_progress_report /home/ubuntu/Archer_C7_V5/openwrt/build_dir/host/cmake-2.8.9/CMakeFiles/CMakeTmp/CMakeFiles 1
Building C object CMakeFiles/cmTryCompileExec1273942045.dir/CheckSymbolExists.c.o
/usr/bin/gcc    -o CMakeFiles/cmTryCompileExec1273942045.dir/CheckSymbolExists.c.o   -c /home/ubuntu/Archer_C7_V5/openwrt/build_dir/host/cmake-2.8.9/CMakeFiles/CMakeTmp/CheckSymbolExists.c
/home/ubuntu/Archer_C7_V5/openwrt/build_dir/host/cmake-2.8.9/CMakeFiles/CMakeTmp/CheckSymbolExists.c: In function 'main':
/home/ubuntu/Archer_C7_V5/openwrt/build_dir/host/cmake-2.8.9/CMakeFiles/CMakeTmp/CheckSymbolExists.c:51:19: error: 'inet_ntoa_r' undeclared (first use in this function)
   return ((int*)(&inet_ntoa_r))[argc];
                   ^
/home/ubuntu/Archer_C7_V5/openwrt/build_dir/host/cmake-2.8.9/CMakeFiles/CMakeTmp/CheckSymbolExists.c:51:19: note: each undeclared identifier is reported only once for each function it appears in
make[6]: Leaving directory `/home/ubuntu/Archer_C7_V5/openwrt/build_dir/host/cmake-2.8.9/CMakeFiles/CMakeTmp'
make[6]: *** [CMakeFiles/cmTryCompileExec1273942045.dir/CheckSymbolExists.c.o] Error 1
make[5]: *** [cmTryCompileExec1273942045/fast] Error 2
make[5]: Leaving directory `/home/ubuntu/Archer_C7_V5/openwrt/build_dir/host/cmake-2.8.9/CMakeFiles/CMakeTmp'

File /home/ubuntu/Archer_C7_V5/openwrt/build_dir/host/cmake-2.8.9/CMakeFiles/CMakeTmp/CheckSymbolExists.c:
/* */
#include <stdio.h>
#include <stddef.h>
#include <sys/types.h>
#include <inttypes.h>
#include <alloca.h>
#include <arpa/inet.h>
#include <dlfcn.h>
#include <fcntl.h>
#include <malloc.h>
#include <memory.h>
#include <netdb.h>
#include <sys/poll.h>
#include <assert.h>
#include <limits.h>
#include <sys/socket.h>
#include <netinet/in.h>
#include <net/if.h>
#include <netinet/if_ether.h>
#include <netinet/tcp.h>
#include <sys/select.h>
#include <utime.h>
#include <netinet/in.h>
#include <pwd.h>
#include <sgtty.h>
#include <stdint.h>
#include <stdlib.h>
#include <string.h>
#include <strings.h>
#include <sys/param.h>
#include <sys/stat.h>
#include <sys/time.h>
#include <sys/resource.h>
#include <termios.h>
#include <termio.h>
#include <time.h>
#include <unistd.h>
#include <locale.h>
#include <setjmp.h>
#include <signal.h>
#include <sys/ioctl.h>
#include <sys/utsname.h>
#include <arpa/tftp.h>
#include <errno.h>
#include <libgen.h>

int main(int argc, char** argv)
{
  (void)argv;
#ifndef inet_ntoa_r
  return ((int*)(&inet_ntoa_r))[argc];
#else
  (void)argc;
  return 0;
#endif
}

Determining if the closesocket exist failed with the following output:
Change Dir: /home/ubuntu/Archer_C7_V5/openwrt/build_dir/host/cmake-2.8.9/CMakeFiles/CMakeTmp

Run Build Command:/usr/bin/make "cmTryCompileExec1045741876/fast"
make[5]: Entering directory `/home/ubuntu/Archer_C7_V5/openwrt/build_dir/host/cmake-2.8.9/CMakeFiles/CMakeTmp'
make -f CMakeFiles/cmTryCompileExec1045741876.dir/build.make CMakeFiles/cmTryCompileExec1045741876.dir/build
make[6]: Entering directory `/home/ubuntu/Archer_C7_V5/openwrt/build_dir/host/cmake-2.8.9/CMakeFiles/CMakeTmp'
/home/ubuntu/Archer_C7_V5/openwrt/build_dir/host/cmake-2.8.9/Bootstrap.cmk/cmake -E cmake_progress_report /home/ubuntu/Archer_C7_V5/openwrt/build_dir/host/cmake-2.8.9/CMakeFiles/CMakeTmp/CMakeFiles 1
Building C object CMakeFiles/cmTryCompileExec1045741876.dir/CheckSymbolExists.c.o
/usr/bin/gcc    -o CMakeFiles/cmTryCompileExec1045741876.dir/CheckSymbolExists.c.o   -c /home/ubuntu/Archer_C7_V5/openwrt/build_dir/host/cmake-2.8.9/CMakeFiles/CMakeTmp/CheckSymbolExists.c
/home/ubuntu/Archer_C7_V5/openwrt/build_dir/host/cmake-2.8.9/CMakeFiles/CMakeTmp/CheckSymbolExists.c: In function 'main':
/home/ubuntu/Archer_C7_V5/openwrt/build_dir/host/cmake-2.8.9/CMakeFiles/CMakeTmp/CheckSymbolExists.c:51:19: error: 'closesocket' undeclared (first use in this function)
   return ((int*)(&closesocket))[argc];
                   ^
/home/ubuntu/Archer_C7_V5/openwrt/build_dir/host/cmake-2.8.9/CMakeFiles/CMakeTmp/CheckSymbolExists.c:51:19: note: each undeclared identifier is reported only once for each function it appears in
make[6]: *** [CMakeFiles/cmTryCompileExec1045741876.dir/CheckSymbolExists.c.o] Error 1
make[6]: Leaving directory `/home/ubuntu/Archer_C7_V5/openwrt/build_dir/host/cmake-2.8.9/CMakeFiles/CMakeTmp'
make[5]: Leaving directory `/home/ubuntu/Archer_C7_V5/openwrt/build_dir/host/cmake-2.8.9/CMakeFiles/CMakeTmp'
make[5]: *** [cmTryCompileExec1045741876/fast] Error 2

File /home/ubuntu/Archer_C7_V5/openwrt/build_dir/host/cmake-2.8.9/CMakeFiles/CMakeTmp/CheckSymbolExists.c:
/* */
#include <stdio.h>
#include <stddef.h>
#include <sys/types.h>
#include <inttypes.h>
#include <alloca.h>
#include <arpa/inet.h>
#include <dlfcn.h>
#include <fcntl.h>
#include <malloc.h>
#include <memory.h>
#include <netdb.h>
#include <sys/poll.h>
#include <assert.h>
#include <limits.h>
#include <sys/socket.h>
#include <netinet/in.h>
#include <net/if.h>
#include <netinet/if_ether.h>
#include <netinet/tcp.h>
#include <sys/select.h>
#include <utime.h>
#include <netinet/in.h>
#include <pwd.h>
#include <sgtty.h>
#include <stdint.h>
#include <stdlib.h>
#include <string.h>
#include <strings.h>
#include <sys/param.h>
#include <sys/stat.h>
#include <sys/time.h>
#include <sys/resource.h>
#include <termios.h>
#include <termio.h>
#include <time.h>
#include <unistd.h>
#include <locale.h>
#include <setjmp.h>
#include <signal.h>
#include <sys/ioctl.h>
#include <sys/utsname.h>
#include <arpa/tftp.h>
#include <errno.h>
#include <libgen.h>

int main(int argc, char** argv)
{
  (void)argv;
#ifndef closesocket
  return ((int*)(&closesocket))[argc];
#else
  (void)argc;
  return 0;
#endif
}

Determining if the getpass_r exist failed with the following output:
Change Dir: /home/ubuntu/Archer_C7_V5/openwrt/build_dir/host/cmake-2.8.9/CMakeFiles/CMakeTmp

Run Build Command:/usr/bin/make "cmTryCompileExec1246763529/fast"
make[5]: Entering directory `/home/ubuntu/Archer_C7_V5/openwrt/build_dir/host/cmake-2.8.9/CMakeFiles/CMakeTmp'
make -f CMakeFiles/cmTryCompileExec1246763529.dir/build.make CMakeFiles/cmTryCompileExec1246763529.dir/build
make[6]: Entering directory `/home/ubuntu/Archer_C7_V5/openwrt/build_dir/host/cmake-2.8.9/CMakeFiles/CMakeTmp'
/home/ubuntu/Archer_C7_V5/openwrt/build_dir/host/cmake-2.8.9/Bootstrap.cmk/cmake -E cmake_progress_report /home/ubuntu/Archer_C7_V5/openwrt/build_dir/host/cmake-2.8.9/CMakeFiles/CMakeTmp/CMakeFiles 1
Building C object CMakeFiles/cmTryCompileExec1246763529.dir/CheckSymbolExists.c.o
/usr/bin/gcc    -o CMakeFiles/cmTryCompileExec1246763529.dir/CheckSymbolExists.c.o   -c /home/ubuntu/Archer_C7_V5/openwrt/build_dir/host/cmake-2.8.9/CMakeFiles/CMakeTmp/CheckSymbolExists.c
/home/ubuntu/Archer_C7_V5/openwrt/build_dir/host/cmake-2.8.9/CMakeFiles/CMakeTmp/CheckSymbolExists.c: In function 'main':
/home/ubuntu/Archer_C7_V5/openwrt/build_dir/host/cmake-2.8.9/CMakeFiles/CMakeTmp/CheckSymbolExists.c:51:19: error: 'getpass_r' undeclared (first use in this function)
   return ((int*)(&getpass_r))[argc];
                   ^
/home/ubuntu/Archer_C7_V5/openwrt/build_dir/host/cmake-2.8.9/CMakeFiles/CMakeTmp/CheckSymbolExists.c:51:19: note: each undeclared identifier is reported only once for each function it appears in
make[6]: *** [CMakeFiles/cmTryCompileExec1246763529.dir/CheckSymbolExists.c.o] Error 1
make[6]: Leaving directory `/home/ubuntu/Archer_C7_V5/openwrt/build_dir/host/cmake-2.8.9/CMakeFiles/CMakeTmp'
make[5]: *** [cmTryCompileExec1246763529/fast] Error 2
make[5]: Leaving directory `/home/ubuntu/Archer_C7_V5/openwrt/build_dir/host/cmake-2.8.9/CMakeFiles/CMakeTmp'

File /home/ubuntu/Archer_C7_V5/openwrt/build_dir/host/cmake-2.8.9/CMakeFiles/CMakeTmp/CheckSymbolExists.c:
/* */
#include <stdio.h>
#include <stddef.h>
#include <sys/types.h>
#include <inttypes.h>
#include <alloca.h>
#include <arpa/inet.h>
#include <dlfcn.h>
#include <fcntl.h>
#include <malloc.h>
#include <memory.h>
#include <netdb.h>
#include <sys/poll.h>
#include <assert.h>
#include <limits.h>
#include <sys/socket.h>
#include <netinet/in.h>
#include <net/if.h>
#include <netinet/if_ether.h>
#include <netinet/tcp.h>
#include <sys/select.h>
#include <utime.h>
#include <netinet/in.h>
#include <pwd.h>
#include <sgtty.h>
#include <stdint.h>
#include <stdlib.h>
#include <string.h>
#include <strings.h>
#include <sys/param.h>
#include <sys/stat.h>
#include <sys/time.h>
#include <sys/resource.h>
#include <termios.h>
#include <termio.h>
#include <time.h>
#include <unistd.h>
#include <locale.h>
#include <setjmp.h>
#include <signal.h>
#include <sys/ioctl.h>
#include <sys/utsname.h>
#include <arpa/tftp.h>
#include <errno.h>
#include <libgen.h>

int main(int argc, char** argv)
{
  (void)argv;
#ifndef getpass_r
  return ((int*)(&getpass_r))[argc];
#else
  (void)argc;
  return 0;
#endif
}

Determining if the strlcat exist failed with the following output:
Change Dir: /home/ubuntu/Archer_C7_V5/openwrt/build_dir/host/cmake-2.8.9/CMakeFiles/CMakeTmp

Run Build Command:/usr/bin/make "cmTryCompileExec2460466138/fast"
make[5]: Entering directory `/home/ubuntu/Archer_C7_V5/openwrt/build_dir/host/cmake-2.8.9/CMakeFiles/CMakeTmp'
make -f CMakeFiles/cmTryCompileExec2460466138.dir/build.make CMakeFiles/cmTryCompileExec2460466138.dir/build
make[6]: Entering directory `/home/ubuntu/Archer_C7_V5/openwrt/build_dir/host/cmake-2.8.9/CMakeFiles/CMakeTmp'
/home/ubuntu/Archer_C7_V5/openwrt/build_dir/host/cmake-2.8.9/Bootstrap.cmk/cmake -E cmake_progress_report /home/ubuntu/Archer_C7_V5/openwrt/build_dir/host/cmake-2.8.9/CMakeFiles/CMakeTmp/CMakeFiles 1
Building C object CMakeFiles/cmTryCompileExec2460466138.dir/CheckSymbolExists.c.o
/usr/bin/gcc    -o CMakeFiles/cmTryCompileExec2460466138.dir/CheckSymbolExists.c.o   -c /home/ubuntu/Archer_C7_V5/openwrt/build_dir/host/cmake-2.8.9/CMakeFiles/CMakeTmp/CheckSymbolExists.c
/home/ubuntu/Archer_C7_V5/openwrt/build_dir/host/cmake-2.8.9/CMakeFiles/CMakeTmp/CheckSymbolExists.c: In function 'main':
/home/ubuntu/Archer_C7_V5/openwrt/build_dir/host/cmake-2.8.9/CMakeFiles/CMakeTmp/CheckSymbolExists.c:51:19: error: 'strlcat' undeclared (first use in this function)
   return ((int*)(&strlcat))[argc];
                   ^
/home/ubuntu/Archer_C7_V5/openwrt/build_dir/host/cmake-2.8.9/CMakeFiles/CMakeTmp/CheckSymbolExists.c:51:19: note: each undeclared identifier is reported only once for each function it appears in
make[6]: Leaving directory `/home/ubuntu/Archer_C7_V5/openwrt/build_dir/host/cmake-2.8.9/CMakeFiles/CMakeTmp'
make[5]: Leaving directory `/home/ubuntu/Archer_C7_V5/openwrt/build_dir/host/cmake-2.8.9/CMakeFiles/CMakeTmp'
make[6]: *** [CMakeFiles/cmTryCompileExec2460466138.dir/CheckSymbolExists.c.o] Error 1
make[5]: *** [cmTryCompileExec2460466138/fast] Error 2

File /home/ubuntu/Archer_C7_V5/openwrt/build_dir/host/cmake-2.8.9/CMakeFiles/CMakeTmp/CheckSymbolExists.c:
/* */
#include <stdio.h>
#include <stddef.h>
#include <sys/types.h>
#include <inttypes.h>
#include <alloca.h>
#include <arpa/inet.h>
#include <dlfcn.h>
#include <fcntl.h>
#include <malloc.h>
#include <memory.h>
#include <netdb.h>
#include <sys/poll.h>
#include <assert.h>
#include <limits.h>
#include <sys/socket.h>
#include <netinet/in.h>
#include <net/if.h>
#include <netinet/if_ether.h>
#include <netinet/tcp.h>
#include <sys/select.h>
#include <utime.h>
#include <netinet/in.h>
#include <pwd.h>
#include <sgtty.h>
#include <stdint.h>
#include <stdlib.h>
#include <string.h>
#include <strings.h>
#include <sys/param.h>
#include <sys/stat.h>
#include <sys/time.h>
#include <sys/resource.h>
#include <termios.h>
#include <termio.h>
#include <time.h>
#include <unistd.h>
#include <locale.h>
#include <setjmp.h>
#include <signal.h>
#include <sys/ioctl.h>
#include <sys/utsname.h>
#include <arpa/tftp.h>
#include <errno.h>
#include <libgen.h>

int main(int argc, char** argv)
{
  (void)argv;
#ifndef strlcat
  return ((int*)(&strlcat))[argc];
#else
  (void)argc;
  return 0;
#endif
}

Determining if the _strtoi64 exist failed with the following output:
Change Dir: /home/ubuntu/Archer_C7_V5/openwrt/build_dir/host/cmake-2.8.9/CMakeFiles/CMakeTmp

Run Build Command:/usr/bin/make "cmTryCompileExec2529438796/fast"
make[5]: Entering directory `/home/ubuntu/Archer_C7_V5/openwrt/build_dir/host/cmake-2.8.9/CMakeFiles/CMakeTmp'
make -f CMakeFiles/cmTryCompileExec2529438796.dir/build.make CMakeFiles/cmTryCompileExec2529438796.dir/build
make[6]: Entering directory `/home/ubuntu/Archer_C7_V5/openwrt/build_dir/host/cmake-2.8.9/CMakeFiles/CMakeTmp'
/home/ubuntu/Archer_C7_V5/openwrt/build_dir/host/cmake-2.8.9/Bootstrap.cmk/cmake -E cmake_progress_report /home/ubuntu/Archer_C7_V5/openwrt/build_dir/host/cmake-2.8.9/CMakeFiles/CMakeTmp/CMakeFiles 1
Building C object CMakeFiles/cmTryCompileExec2529438796.dir/CheckSymbolExists.c.o
/usr/bin/gcc    -o CMakeFiles/cmTryCompileExec2529438796.dir/CheckSymbolExists.c.o   -c /home/ubuntu/Archer_C7_V5/openwrt/build_dir/host/cmake-2.8.9/CMakeFiles/CMakeTmp/CheckSymbolExists.c
/home/ubuntu/Archer_C7_V5/openwrt/build_dir/host/cmake-2.8.9/CMakeFiles/CMakeTmp/CheckSymbolExists.c: In function 'main':
/home/ubuntu/Archer_C7_V5/openwrt/build_dir/host/cmake-2.8.9/CMakeFiles/CMakeTmp/CheckSymbolExists.c:51:19: error: '_strtoi64' undeclared (first use in this function)
   return ((int*)(&_strtoi64))[argc];
                   ^
/home/ubuntu/Archer_C7_V5/openwrt/build_dir/host/cmake-2.8.9/CMakeFiles/CMakeTmp/CheckSymbolExists.c:51:19: note: each undeclared identifier is reported only once for each function it appears in
make[6]: Leaving directory `/home/ubuntu/Archer_C7_V5/openwrt/build_dir/host/cmake-2.8.9/CMakeFiles/CMakeTmp'
make[6]: *** [CMakeFiles/cmTryCompileExec2529438796.dir/CheckSymbolExists.c.o] Error 1
make[5]: Leaving directory `/home/ubuntu/Archer_C7_V5/openwrt/build_dir/host/cmake-2.8.9/CMakeFiles/CMakeTmp'
make[5]: *** [cmTryCompileExec2529438796/fast] Error 2

File /home/ubuntu/Archer_C7_V5/openwrt/build_dir/host/cmake-2.8.9/CMakeFiles/CMakeTmp/CheckSymbolExists.c:
/* */
#include <stdio.h>
#include <stddef.h>
#include <sys/types.h>
#include <inttypes.h>
#include <alloca.h>
#include <arpa/inet.h>
#include <dlfcn.h>
#include <fcntl.h>
#include <malloc.h>
#include <memory.h>
#include <netdb.h>
#include <sys/poll.h>
#include <assert.h>
#include <limits.h>
#include <sys/socket.h>
#include <netinet/in.h>
#include <net/if.h>
#include <netinet/if_ether.h>
#include <netinet/tcp.h>
#include <sys/select.h>
#include <utime.h>
#include <netinet/in.h>
#include <pwd.h>
#include <sgtty.h>
#include <stdint.h>
#include <stdlib.h>
#include <string.h>
#include <strings.h>
#include <sys/param.h>
#include <sys/stat.h>
#include <sys/time.h>
#include <sys/resource.h>
#include <termios.h>
#include <termio.h>
#include <time.h>
#include <unistd.h>
#include <locale.h>
#include <setjmp.h>
#include <signal.h>
#include <sys/ioctl.h>
#include <sys/utsname.h>
#include <arpa/tftp.h>
#include <errno.h>
#include <libgen.h>

int main(int argc, char** argv)
{
  (void)argv;
#ifndef _strtoi64
  return ((int*)(&_strtoi64))[argc];
#else
  (void)argc;
  return 0;
#endif
}

Determining if the idn_free exist failed with the following output:
Change Dir: /home/ubuntu/Archer_C7_V5/openwrt/build_dir/host/cmake-2.8.9/CMakeFiles/CMakeTmp

Run Build Command:/usr/bin/make "cmTryCompileExec3646585034/fast"
make[5]: Entering directory `/home/ubuntu/Archer_C7_V5/openwrt/build_dir/host/cmake-2.8.9/CMakeFiles/CMakeTmp'
make -f CMakeFiles/cmTryCompileExec3646585034.dir/build.make CMakeFiles/cmTryCompileExec3646585034.dir/build
make[6]: Entering directory `/home/ubuntu/Archer_C7_V5/openwrt/build_dir/host/cmake-2.8.9/CMakeFiles/CMakeTmp'
/home/ubuntu/Archer_C7_V5/openwrt/build_dir/host/cmake-2.8.9/Bootstrap.cmk/cmake -E cmake_progress_report /home/ubuntu/Archer_C7_V5/openwrt/build_dir/host/cmake-2.8.9/CMakeFiles/CMakeTmp/CMakeFiles 1
Building C object CMakeFiles/cmTryCompileExec3646585034.dir/CheckSymbolExists.c.o
/usr/bin/gcc    -o CMakeFiles/cmTryCompileExec3646585034.dir/CheckSymbolExists.c.o   -c /home/ubuntu/Archer_C7_V5/openwrt/build_dir/host/cmake-2.8.9/CMakeFiles/CMakeTmp/CheckSymbolExists.c
/home/ubuntu/Archer_C7_V5/openwrt/build_dir/host/cmake-2.8.9/CMakeFiles/CMakeTmp/CheckSymbolExists.c: In function 'main':
/home/ubuntu/Archer_C7_V5/openwrt/build_dir/host/cmake-2.8.9/CMakeFiles/CMakeTmp/CheckSymbolExists.c:51:19: error: 'idn_free' undeclared (first use in this function)
   return ((int*)(&idn_free))[argc];
                   ^
/home/ubuntu/Archer_C7_V5/openwrt/build_dir/host/cmake-2.8.9/CMakeFiles/CMakeTmp/CheckSymbolExists.c:51:19: note: each undeclared identifier is reported only once for each function it appears in
make[6]: Leaving directory `/home/ubuntu/Archer_C7_V5/openwrt/build_dir/host/cmake-2.8.9/CMakeFiles/CMakeTmp'
make[6]: *** [CMakeFiles/cmTryCompileExec3646585034.dir/CheckSymbolExists.c.o] Error 1
make[5]: *** [cmTryCompileExec3646585034/fast] Error 2
make[5]: Leaving directory `/home/ubuntu/Archer_C7_V5/openwrt/build_dir/host/cmake-2.8.9/CMakeFiles/CMakeTmp'

File /home/ubuntu/Archer_C7_V5/openwrt/build_dir/host/cmake-2.8.9/CMakeFiles/CMakeTmp/CheckSymbolExists.c:
/* */
#include <stdio.h>
#include <stddef.h>
#include <sys/types.h>
#include <inttypes.h>
#include <alloca.h>
#include <arpa/inet.h>
#include <dlfcn.h>
#include <fcntl.h>
#include <malloc.h>
#include <memory.h>
#include <netdb.h>
#include <sys/poll.h>
#include <assert.h>
#include <limits.h>
#include <sys/socket.h>
#include <netinet/in.h>
#include <net/if.h>
#include <netinet/if_ether.h>
#include <netinet/tcp.h>
#include <sys/select.h>
#include <utime.h>
#include <netinet/in.h>
#include <pwd.h>
#include <sgtty.h>
#include <stdint.h>
#include <stdlib.h>
#include <string.h>
#include <strings.h>
#include <sys/param.h>
#include <sys/stat.h>
#include <sys/time.h>
#include <sys/resource.h>
#include <termios.h>
#include <termio.h>
#include <time.h>
#include <unistd.h>
#include <locale.h>
#include <setjmp.h>
#include <signal.h>
#include <sys/ioctl.h>
#include <sys/utsname.h>
#include <arpa/tftp.h>
#include <errno.h>
#include <libgen.h>

int main(int argc, char** argv)
{
  (void)argv;
#ifndef idn_free
  return ((int*)(&idn_free))[argc];
#else
  (void)argc;
  return 0;
#endif
}

Determining if the idna_strerror exist failed with the following output:
Change Dir: /home/ubuntu/Archer_C7_V5/openwrt/build_dir/host/cmake-2.8.9/CMakeFiles/CMakeTmp

Run Build Command:/usr/bin/make "cmTryCompileExec626105750/fast"
make[5]: Entering directory `/home/ubuntu/Archer_C7_V5/openwrt/build_dir/host/cmake-2.8.9/CMakeFiles/CMakeTmp'
make -f CMakeFiles/cmTryCompileExec626105750.dir/build.make CMakeFiles/cmTryCompileExec626105750.dir/build
make[6]: Entering directory `/home/ubuntu/Archer_C7_V5/openwrt/build_dir/host/cmake-2.8.9/CMakeFiles/CMakeTmp'
/home/ubuntu/Archer_C7_V5/openwrt/build_dir/host/cmake-2.8.9/Bootstrap.cmk/cmake -E cmake_progress_report /home/ubuntu/Archer_C7_V5/openwrt/build_dir/host/cmake-2.8.9/CMakeFiles/CMakeTmp/CMakeFiles 1
Building C object CMakeFiles/cmTryCompileExec626105750.dir/CheckSymbolExists.c.o
/usr/bin/gcc    -o CMakeFiles/cmTryCompileExec626105750.dir/CheckSymbolExists.c.o   -c /home/ubuntu/Archer_C7_V5/openwrt/build_dir/host/cmake-2.8.9/CMakeFiles/CMakeTmp/CheckSymbolExists.c
/home/ubuntu/Archer_C7_V5/openwrt/build_dir/host/cmake-2.8.9/CMakeFiles/CMakeTmp/CheckSymbolExists.c: In function 'main':
/home/ubuntu/Archer_C7_V5/openwrt/build_dir/host/cmake-2.8.9/CMakeFiles/CMakeTmp/CheckSymbolExists.c:51:19: error: 'idna_strerror' undeclared (first use in this function)
   return ((int*)(&idna_strerror))[argc];
                   ^
/home/ubuntu/Archer_C7_V5/openwrt/build_dir/host/cmake-2.8.9/CMakeFiles/CMakeTmp/CheckSymbolExists.c:51:19: note: each undeclared identifier is reported only once for each function it appears in
make[6]: *** [CMakeFiles/cmTryCompileExec626105750.dir/CheckSymbolExists.c.o] Error 1
make[6]: Leaving directory `/home/ubuntu/Archer_C7_V5/openwrt/build_dir/host/cmake-2.8.9/CMakeFiles/CMakeTmp'
make[5]: Leaving directory `/home/ubuntu/Archer_C7_V5/openwrt/build_dir/host/cmake-2.8.9/CMakeFiles/CMakeTmp'
make[5]: *** [cmTryCompileExec626105750/fast] Error 2

File /home/ubuntu/Archer_C7_V5/openwrt/build_dir/host/cmake-2.8.9/CMakeFiles/CMakeTmp/CheckSymbolExists.c:
/* */
#include <stdio.h>
#include <stddef.h>
#include <sys/types.h>
#include <inttypes.h>
#include <alloca.h>
#include <arpa/inet.h>
#include <dlfcn.h>
#include <fcntl.h>
#include <malloc.h>
#include <memory.h>
#include <netdb.h>
#include <sys/poll.h>
#include <assert.h>
#include <limits.h>
#include <sys/socket.h>
#include <netinet/in.h>
#include <net/if.h>
#include <netinet/if_ether.h>
#include <netinet/tcp.h>
#include <sys/select.h>
#include <utime.h>
#include <netinet/in.h>
#include <pwd.h>
#include <sgtty.h>
#include <stdint.h>
#include <stdlib.h>
#include <string.h>
#include <strings.h>
#include <sys/param.h>
#include <sys/stat.h>
#include <sys/time.h>
#include <sys/resource.h>
#include <termios.h>
#include <termio.h>
#include <time.h>
#include <unistd.h>
#include <locale.h>
#include <setjmp.h>
#include <signal.h>
#include <sys/ioctl.h>
#include <sys/utsname.h>
#include <arpa/tftp.h>
#include <errno.h>
#include <libgen.h>

int main(int argc, char** argv)
{
  (void)argv;
#ifndef idna_strerror
  return ((int*)(&idna_strerror))[argc];
#else
  (void)argc;
  return 0;
#endif
}

Determining if the tld_strerror exist failed with the following output:
Change Dir: /home/ubuntu/Archer_C7_V5/openwrt/build_dir/host/cmake-2.8.9/CMakeFiles/CMakeTmp

Run Build Command:/usr/bin/make "cmTryCompileExec176840916/fast"
make[5]: Entering directory `/home/ubuntu/Archer_C7_V5/openwrt/build_dir/host/cmake-2.8.9/CMakeFiles/CMakeTmp'
make -f CMakeFiles/cmTryCompileExec176840916.dir/build.make CMakeFiles/cmTryCompileExec176840916.dir/build
make[6]: Entering directory `/home/ubuntu/Archer_C7_V5/openwrt/build_dir/host/cmake-2.8.9/CMakeFiles/CMakeTmp'
/home/ubuntu/Archer_C7_V5/openwrt/build_dir/host/cmake-2.8.9/Bootstrap.cmk/cmake -E cmake_progress_report /home/ubuntu/Archer_C7_V5/openwrt/build_dir/host/cmake-2.8.9/CMakeFiles/CMakeTmp/CMakeFiles 1
Building C object CMakeFiles/cmTryCompileExec176840916.dir/CheckSymbolExists.c.o
/usr/bin/gcc    -o CMakeFiles/cmTryCompileExec176840916.dir/CheckSymbolExists.c.o   -c /home/ubuntu/Archer_C7_V5/openwrt/build_dir/host/cmake-2.8.9/CMakeFiles/CMakeTmp/CheckSymbolExists.c
/home/ubuntu/Archer_C7_V5/openwrt/build_dir/host/cmake-2.8.9/CMakeFiles/CMakeTmp/CheckSymbolExists.c: In function 'main':
/home/ubuntu/Archer_C7_V5/openwrt/build_dir/host/cmake-2.8.9/CMakeFiles/CMakeTmp/CheckSymbolExists.c:51:19: error: 'tld_strerror' undeclared (first use in this function)
   return ((int*)(&tld_strerror))[argc];
                   ^
/home/ubuntu/Archer_C7_V5/openwrt/build_dir/host/cmake-2.8.9/CMakeFiles/CMakeTmp/CheckSymbolExists.c:51:19: note: each undeclared identifier is reported only once for each function it appears in
make[6]: Leaving directory `/home/ubuntu/Archer_C7_V5/openwrt/build_dir/host/cmake-2.8.9/CMakeFiles/CMakeTmp'
make[6]: *** [CMakeFiles/cmTryCompileExec176840916.dir/CheckSymbolExists.c.o] Error 1
make[5]: Leaving directory `/home/ubuntu/Archer_C7_V5/openwrt/build_dir/host/cmake-2.8.9/CMakeFiles/CMakeTmp'
make[5]: *** [cmTryCompileExec176840916/fast] Error 2

File /home/ubuntu/Archer_C7_V5/openwrt/build_dir/host/cmake-2.8.9/CMakeFiles/CMakeTmp/CheckSymbolExists.c:
/* */
#include <stdio.h>
#include <stddef.h>
#include <sys/types.h>
#include <inttypes.h>
#include <alloca.h>
#include <arpa/inet.h>
#include <dlfcn.h>
#include <fcntl.h>
#include <malloc.h>
#include <memory.h>
#include <netdb.h>
#include <sys/poll.h>
#include <assert.h>
#include <limits.h>
#include <sys/socket.h>
#include <netinet/in.h>
#include <net/if.h>
#include <netinet/if_ether.h>
#include <netinet/tcp.h>
#include <sys/select.h>
#include <utime.h>
#include <netinet/in.h>
#include <pwd.h>
#include <sgtty.h>
#include <stdint.h>
#include <stdlib.h>
#include <string.h>
#include <strings.h>
#include <sys/param.h>
#include <sys/stat.h>
#include <sys/time.h>
#include <sys/resource.h>
#include <termios.h>
#include <termio.h>
#include <time.h>
#include <unistd.h>
#include <locale.h>
#include <setjmp.h>
#include <signal.h>
#include <sys/ioctl.h>
#include <sys/utsname.h>
#include <arpa/tftp.h>
#include <errno.h>
#include <libgen.h>

int main(int argc, char** argv)
{
  (void)argv;
#ifndef tld_strerror
  return ((int*)(&tld_strerror))[argc];
#else
  (void)argc;
  return 0;
#endif
}

Performing Curl Test HAVE_FIONBIO failed with the following output:
Change Dir: /home/ubuntu/Archer_C7_V5/openwrt/build_dir/host/cmake-2.8.9/CMakeFiles/CMakeTmp

Run Build Command:/usr/bin/make "cmTryCompileExec636733608/fast"
make[5]: Entering directory `/home/ubuntu/Archer_C7_V5/openwrt/build_dir/host/cmake-2.8.9/CMakeFiles/CMakeTmp'
make -f CMakeFiles/cmTryCompileExec636733608.dir/build.make CMakeFiles/cmTryCompileExec636733608.dir/build
make[6]: Entering directory `/home/ubuntu/Archer_C7_V5/openwrt/build_dir/host/cmake-2.8.9/CMakeFiles/CMakeTmp'
/home/ubuntu/Archer_C7_V5/openwrt/build_dir/host/cmake-2.8.9/Bootstrap.cmk/cmake -E cmake_progress_report /home/ubuntu/Archer_C7_V5/openwrt/build_dir/host/cmake-2.8.9/CMakeFiles/CMakeTmp/CMakeFiles 1
Building C object CMakeFiles/cmTryCompileExec636733608.dir/CurlTests.c.o
/usr/bin/gcc   -DHAVE_FIONBIO   -o CMakeFiles/cmTryCompileExec636733608.dir/CurlTests.c.o   -c /home/ubuntu/Archer_C7_V5/openwrt/build_dir/host/cmake-2.8.9/Utilities/cmcurl/CMake/CurlTests.c
/home/ubuntu/Archer_C7_V5/openwrt/build_dir/host/cmake-2.8.9/Utilities/cmcurl/CMake/CurlTests.c: In function 'main':
/home/ubuntu/Archer_C7_V5/openwrt/build_dir/host/cmake-2.8.9/Utilities/cmcurl/CMake/CurlTests.c:476:28: error: 'FIONBIO' undeclared (first use in this function)
  int flags = ioctl(socket, FIONBIO, &flags);
                            ^
/home/ubuntu/Archer_C7_V5/openwrt/build_dir/host/cmake-2.8.9/Utilities/cmcurl/CMake/CurlTests.c:476:28: note: each undeclared identifier is reported only once for each function it appears in
make[6]: *** [CMakeFiles/cmTryCompileExec636733608.dir/CurlTests.c.o] Error 1
make[6]: Leaving directory `/home/ubuntu/Archer_C7_V5/openwrt/build_dir/host/cmake-2.8.9/CMakeFiles/CMakeTmp'
make[5]: Leaving directory `/home/ubuntu/Archer_C7_V5/openwrt/build_dir/host/cmake-2.8.9/CMakeFiles/CMakeTmp'
make[5]: *** [cmTryCompileExec636733608/fast] Error 2

Performing Curl Test HAVE_IOCTLSOCKET failed with the following output:
Change Dir: /home/ubuntu/Archer_C7_V5/openwrt/build_dir/host/cmake-2.8.9/CMakeFiles/CMakeTmp

Run Build Command:/usr/bin/make "cmTryCompileExec1760099154/fast"
make[5]: Entering directory `/home/ubuntu/Archer_C7_V5/openwrt/build_dir/host/cmake-2.8.9/CMakeFiles/CMakeTmp'
make -f CMakeFiles/cmTryCompileExec1760099154.dir/build.make CMakeFiles/cmTryCompileExec1760099154.dir/build
make[6]: Entering directory `/home/ubuntu/Archer_C7_V5/openwrt/build_dir/host/cmake-2.8.9/CMakeFiles/CMakeTmp'
/home/ubuntu/Archer_C7_V5/openwrt/build_dir/host/cmake-2.8.9/Bootstrap.cmk/cmake -E cmake_progress_report /home/ubuntu/Archer_C7_V5/openwrt/build_dir/host/cmake-2.8.9/CMakeFiles/CMakeTmp/CMakeFiles 1
Building C object CMakeFiles/cmTryCompileExec1760099154.dir/CurlTests.c.o
/usr/bin/gcc   -DHAVE_IOCTLSOCKET   -o CMakeFiles/cmTryCompileExec1760099154.dir/CurlTests.c.o   -c /home/ubuntu/Archer_C7_V5/openwrt/build_dir/host/cmake-2.8.9/Utilities/cmcurl/CMake/CurlTests.c
/home/ubuntu/Archer_C7_V5/openwrt/build_dir/host/cmake-2.8.9/Utilities/cmcurl/CMake/CurlTests.c:435:21: fatal error: windows.h: No such file or directory
 #include <windows.h>
                     ^
compilation terminated.
make[6]: *** [CMakeFiles/cmTryCompileExec1760099154.dir/CurlTests.c.o] Error 1
make[6]: Leaving directory `/home/ubuntu/Archer_C7_V5/openwrt/build_dir/host/cmake-2.8.9/CMakeFiles/CMakeTmp'
make[5]: Leaving directory `/home/ubuntu/Archer_C7_V5/openwrt/build_dir/host/cmake-2.8.9/CMakeFiles/CMakeTmp'
make[5]: *** [cmTryCompileExec1760099154/fast] Error 2

Performing Curl Test HAVE_IOCTLSOCKET_CASE failed with the following output:
Change Dir: /home/ubuntu/Archer_C7_V5/openwrt/build_dir/host/cmake-2.8.9/CMakeFiles/CMakeTmp

Run Build Command:/usr/bin/make "cmTryCompileExec2362950208/fast"
make[5]: Entering directory `/home/ubuntu/Archer_C7_V5/openwrt/build_dir/host/cmake-2.8.9/CMakeFiles/CMakeTmp'
make -f CMakeFiles/cmTryCompileExec2362950208.dir/build.make CMakeFiles/cmTryCompileExec2362950208.dir/build
make[6]: Entering directory `/home/ubuntu/Archer_C7_V5/openwrt/build_dir/host/cmake-2.8.9/CMakeFiles/CMakeTmp'
/home/ubuntu/Archer_C7_V5/openwrt/build_dir/host/cmake-2.8.9/Bootstrap.cmk/cmake -E cmake_progress_report /home/ubuntu/Archer_C7_V5/openwrt/build_dir/host/cmake-2.8.9/CMakeFiles/CMakeTmp/CMakeFiles 1
Building C object CMakeFiles/cmTryCompileExec2362950208.dir/CurlTests.c.o
/usr/bin/gcc   -DHAVE_IOCTLSOCKET_CASE   -o CMakeFiles/cmTryCompileExec2362950208.dir/CurlTests.c.o   -c /home/ubuntu/Archer_C7_V5/openwrt/build_dir/host/cmake-2.8.9/Utilities/cmcurl/CMake/CurlTests.c
/home/ubuntu/Archer_C7_V5/openwrt/build_dir/host/cmake-2.8.9/Utilities/cmcurl/CMake/CurlTests.c:451:21: fatal error: windows.h: No such file or directory
 #include <windows.h>
                     ^
compilation terminated.
make[6]: Leaving directory `/home/ubuntu/Archer_C7_V5/openwrt/build_dir/host/cmake-2.8.9/CMakeFiles/CMakeTmp'
make[6]: *** [CMakeFiles/cmTryCompileExec2362950208.dir/CurlTests.c.o] Error 1
make[5]: Leaving directory `/home/ubuntu/Archer_C7_V5/openwrt/build_dir/host/cmake-2.8.9/CMakeFiles/CMakeTmp'
make[5]: *** [cmTryCompileExec2362950208/fast] Error 2

Performing Curl Test HAVE_SO_NONBLOCK failed with the following output:
Change Dir: /home/ubuntu/Archer_C7_V5/openwrt/build_dir/host/cmake-2.8.9/CMakeFiles/CMakeTmp

Run Build Command:/usr/bin/make "cmTryCompileExec3674165814/fast"
make[5]: Entering directory `/home/ubuntu/Archer_C7_V5/openwrt/build_dir/host/cmake-2.8.9/CMakeFiles/CMakeTmp'
make -f CMakeFiles/cmTryCompileExec3674165814.dir/build.make CMakeFiles/cmTryCompileExec3674165814.dir/build
make[6]: Entering directory `/home/ubuntu/Archer_C7_V5/openwrt/build_dir/host/cmake-2.8.9/CMakeFiles/CMakeTmp'
/home/ubuntu/Archer_C7_V5/openwrt/build_dir/host/cmake-2.8.9/Bootstrap.cmk/cmake -E cmake_progress_report /home/ubuntu/Archer_C7_V5/openwrt/build_dir/host/cmake-2.8.9/CMakeFiles/CMakeTmp/CMakeFiles 1
Building C object CMakeFiles/cmTryCompileExec3674165814.dir/CurlTests.c.o
/usr/bin/gcc   -DHAVE_SO_NONBLOCK   -o CMakeFiles/cmTryCompileExec3674165814.dir/CurlTests.c.o   -c /home/ubuntu/Archer_C7_V5/openwrt/build_dir/host/cmake-2.8.9/Utilities/cmcurl/CMake/CurlTests.c
/home/ubuntu/Archer_C7_V5/openwrt/build_dir/host/cmake-2.8.9/Utilities/cmcurl/CMake/CurlTests.c: In function 'main':
/home/ubuntu/Archer_C7_V5/openwrt/build_dir/host/cmake-2.8.9/Utilities/cmcurl/CMake/CurlTests.c:494:33: error: 'SOL_SOCKET' undeclared (first use in this function)
  int flags = setsockopt(socket, SOL_SOCKET, SO_NONBLOCK, &b, sizeof(b));
                                 ^
/home/ubuntu/Archer_C7_V5/openwrt/build_dir/host/cmake-2.8.9/Utilities/cmcurl/CMake/CurlTests.c:494:33: note: each undeclared identifier is reported only once for each function it appears in
/home/ubuntu/Archer_C7_V5/openwrt/build_dir/host/cmake-2.8.9/Utilities/cmcurl/CMake/CurlTests.c:494:45: error: 'SO_NONBLOCK' undeclared (first use in this function)
  int flags = setsockopt(socket, SOL_SOCKET, SO_NONBLOCK, &b, sizeof(b));
                                             ^
make[6]: Leaving directory `/home/ubuntu/Archer_C7_V5/openwrt/build_dir/host/cmake-2.8.9/CMakeFiles/CMakeTmp'
make[6]: *** [CMakeFiles/cmTryCompileExec3674165814.dir/CurlTests.c.o] Error 1
make[5]: Leaving directory `/home/ubuntu/Archer_C7_V5/openwrt/build_dir/host/cmake-2.8.9/CMakeFiles/CMakeTmp'
make[5]: *** [cmTryCompileExec3674165814/fast] Error 2

Performing Curl Test HAVE_O_NONBLOCKHAVE_GETHOSTBYADDR_R_5 failed with the following output:
Change Dir: /home/ubuntu/Archer_C7_V5/openwrt/build_dir/host/cmake-2.8.9/CMakeFiles/CMakeTmp

Run Build Command:/usr/bin/make "cmTryCompileExec2603656134/fast"
make[5]: Entering directory `/home/ubuntu/Archer_C7_V5/openwrt/build_dir/host/cmake-2.8.9/CMakeFiles/CMakeTmp'
make -f CMakeFiles/cmTryCompileExec2603656134.dir/build.make CMakeFiles/cmTryCompileExec2603656134.dir/build
make[6]: Entering directory `/home/ubuntu/Archer_C7_V5/openwrt/build_dir/host/cmake-2.8.9/CMakeFiles/CMakeTmp'
/home/ubuntu/Archer_C7_V5/openwrt/build_dir/host/cmake-2.8.9/Bootstrap.cmk/cmake -E cmake_progress_report /home/ubuntu/Archer_C7_V5/openwrt/build_dir/host/cmake-2.8.9/CMakeFiles/CMakeTmp/CMakeFiles 1
Building C object CMakeFiles/cmTryCompileExec2603656134.dir/CurlTests.c.o
/usr/bin/gcc   -DHAVE_O_NONBLOCKHAVE_GETHOSTBYADDR_R_5   -o CMakeFiles/cmTryCompileExec2603656134.dir/CurlTests.c.o   -c /home/ubuntu/Archer_C7_V5/openwrt/build_dir/host/cmake-2.8.9/Utilities/cmcurl/CMake/CurlTests.c
Linking C executable cmTryCompileExec2603656134
/home/ubuntu/Archer_C7_V5/openwrt/build_dir/host/cmake-2.8.9/Bootstrap.cmk/cmake -E cmake_link_script CMakeFiles/cmTryCompileExec2603656134.dir/link.txt --verbose=1
/usr/bin/gcc      -DHAVE_O_NONBLOCKHAVE_GETHOSTBYADDR_R_5    CMakeFiles/cmTryCompileExec2603656134.dir/CurlTests.c.o  -o cmTryCompileExec2603656134 -rdynamic -ldl 
/usr/bin/ld: /usr/lib/debug/usr/lib/i386-linux-gnu/crt1.o(.debug_info): relocation 0 has invalid symbol index 11
/usr/bin/ld: /usr/lib/debug/usr/lib/i386-linux-gnu/crt1.o(.debug_info): relocation 1 has invalid symbol index 12
/usr/bin/ld: /usr/lib/debug/usr/lib/i386-linux-gnu/crt1.o(.debug_info): relocation 2 has invalid symbol index 2
/usr/bin/ld: /usr/lib/debug/usr/lib/i386-linux-gnu/crt1.o(.debug_info): relocation 3 has invalid symbol index 2
/usr/bin/ld: /usr/lib/debug/usr/lib/i386-linux-gnu/crt1.o(.debug_info): relocation 4 has invalid symbol index 11
/usr/bin/ld: /usr/lib/debug/usr/lib/i386-linux-gnu/crt1.o(.debug_info): relocation 5 has invalid symbol index 13
/usr/bin/ld: /usr/lib/debug/usr/lib/i386-linux-gnu/crt1.o(.debug_info): relocation 6 has invalid symbol index 13
/usr/bin/ld: /usr/lib/debug/usr/lib/i386-linux-gnu/crt1.o(.debug_info): relocation 7 has invalid symbol index 13
/usr/bin/ld: /usr/lib/debug/usr/lib/i386-linux-gnu/crt1.o(.debug_info): relocation 8 has invalid symbol index 12
/usr/bin/ld: /usr/lib/debug/usr/lib/i386-linux-gnu/crt1.o(.debug_info): relocation 9 has invalid symbol index 13
/usr/bin/ld: /usr/lib/debug/usr/lib/i386-linux-gnu/crt1.o(.debug_info): relocation 10 has invalid symbol index 13
/usr/bin/ld: /usr/lib/debug/usr/lib/i386-linux-gnu/crt1.o(.debug_info): relocation 11 has invalid symbol index 13
/usr/bin/ld: /usr/lib/debug/usr/lib/i386-linux-gnu/crt1.o(.debug_info): relocation 12 has invalid symbol index 13
/usr/bin/ld: /usr/lib/debug/usr/lib/i386-linux-gnu/crt1.o(.debug_info): relocation 13 has invalid symbol index 13
/usr/bin/ld: /usr/lib/debug/usr/lib/i386-linux-gnu/crt1.o(.debug_info): relocation 14 has invalid symbol index 13
/usr/bin/ld: /usr/lib/debug/usr/lib/i386-linux-gnu/crt1.o(.debug_info): relocation 15 has invalid symbol index 13
/usr/bin/ld: /usr/lib/debug/usr/lib/i386-linux-gnu/crt1.o(.debug_info): relocation 16 has invalid symbol index 13
/usr/bin/ld: /usr/lib/debug/usr/lib/i386-linux-gnu/crt1.o(.debug_info): relocation 17 has invalid symbol index 13
/usr/bin/ld: /usr/lib/debug/usr/lib/i386-linux-gnu/crt1.o(.debug_info): relocation 18 has invalid symbol index 13
/usr/bin/ld: /usr/lib/debug/usr/lib/i386-linux-gnu/crt1.o(.debug_info): relocation 19 has invalid symbol index 13
/usr/bin/ld: /usr/lib/debug/usr/lib/i386-linux-gnu/crt1.o(.debug_info): relocation 20 has invalid symbol index 13
/usr/bin/ld: /usr/lib/debug/usr/lib/i386-linux-gnu/crt1.o(.debug_info): relocation 21 has invalid symbol index 22
/usr/bin/ld: /usr/lib/debug/usr/lib/i386-linux-gnu/crt1.o(.debug_line): relocation 0 has invalid symbol index 2
/usr/lib/gcc/i686-linux-gnu/4.8/../../../i386-linux-gnu/crt1.o: In function `_start':
(.text+0x18): undefined reference to `main'
collect2: error: ld returned 1 exit status
make[6]: Leaving directory `/home/ubuntu/Archer_C7_V5/openwrt/build_dir/host/cmake-2.8.9/CMakeFiles/CMakeTmp'
make[5]: Leaving directory `/home/ubuntu/Archer_C7_V5/openwrt/build_dir/host/cmake-2.8.9/CMakeFiles/CMakeTmp'
make[6]: *** [cmTryCompileExec2603656134] Error 1
make[5]: *** [cmTryCompileExec2603656134/fast] Error 2

Performing Curl Test HAVE_GETHOSTBYADDR_R_7 failed with the following output:
Change Dir: /home/ubuntu/Archer_C7_V5/openwrt/build_dir/host/cmake-2.8.9/CMakeFiles/CMakeTmp

Run Build Command:/usr/bin/make "cmTryCompileExec513303457/fast"
make[5]: Entering directory `/home/ubuntu/Archer_C7_V5/openwrt/build_dir/host/cmake-2.8.9/CMakeFiles/CMakeTmp'
make -f CMakeFiles/cmTryCompileExec513303457.dir/build.make CMakeFiles/cmTryCompileExec513303457.dir/build
make[6]: Entering directory `/home/ubuntu/Archer_C7_V5/openwrt/build_dir/host/cmake-2.8.9/CMakeFiles/CMakeTmp'
/home/ubuntu/Archer_C7_V5/openwrt/build_dir/host/cmake-2.8.9/Bootstrap.cmk/cmake -E cmake_progress_report /home/ubuntu/Archer_C7_V5/openwrt/build_dir/host/cmake-2.8.9/CMakeFiles/CMakeTmp/CMakeFiles 1
Building C object CMakeFiles/cmTryCompileExec513303457.dir/CurlTests.c.o
/usr/bin/gcc   -DHAVE_GETHOSTBYADDR_R_7   -o CMakeFiles/cmTryCompileExec513303457.dir/CurlTests.c.o   -c /home/ubuntu/Archer_C7_V5/openwrt/build_dir/host/cmake-2.8.9/Utilities/cmcurl/CMake/CurlTests.c
/home/ubuntu/Archer_C7_V5/openwrt/build_dir/host/cmake-2.8.9/Utilities/cmcurl/CMake/CurlTests.c: In function 'main':
/home/ubuntu/Archer_C7_V5/openwrt/build_dir/host/cmake-2.8.9/Utilities/cmcurl/CMake/CurlTests.c:112:22: warning: passing argument 7 of 'gethostbyaddr_r' from incompatible pointer type [enabled by default]
                      buffer, 8192, &h_errnop);
                      ^
In file included from /home/ubuntu/Archer_C7_V5/openwrt/build_dir/host/cmake-2.8.9/Utilities/cmcurl/CMake/CurlTests.c:95:0:
/usr/include/netdb.h:172:12: note: expected 'struct hostent ** __restrict__' but argument is of type 'int *'
 extern int gethostbyaddr_r (const void *__restrict __addr, __socklen_t __len,
            ^
/home/ubuntu/Archer_C7_V5/openwrt/build_dir/host/cmake-2.8.9/Utilities/cmcurl/CMake/CurlTests.c:112:22: error: too few arguments to function 'gethostbyaddr_r'
                      buffer, 8192, &h_errnop);
                      ^
In file included from /home/ubuntu/Archer_C7_V5/openwrt/build_dir/host/cmake-2.8.9/Utilities/cmcurl/CMake/CurlTests.c:95:0:
/usr/include/netdb.h:172:12: note: declared here
 extern int gethostbyaddr_r (const void *__restrict __addr, __socklen_t __len,
            ^
make[6]: Leaving directory `/home/ubuntu/Archer_C7_V5/openwrt/build_dir/host/cmake-2.8.9/CMakeFiles/CMakeTmp'
make[6]: *** [CMakeFiles/cmTryCompileExec513303457.dir/CurlTests.c.o] Error 1
make[5]: Leaving directory `/home/ubuntu/Archer_C7_V5/openwrt/build_dir/host/cmake-2.8.9/CMakeFiles/CMakeTmp'
make[5]: *** [cmTryCompileExec513303457/fast] Error 2

Performing Curl Test HAVE_GETHOSTBYADDR_R_5_REENTRANT failed with the following output:
Change Dir: /home/ubuntu/Archer_C7_V5/openwrt/build_dir/host/cmake-2.8.9/CMakeFiles/CMakeTmp

Run Build Command:/usr/bin/make "cmTryCompileExec3339082929/fast"
make[5]: Entering directory `/home/ubuntu/Archer_C7_V5/openwrt/build_dir/host/cmake-2.8.9/CMakeFiles/CMakeTmp'
make -f CMakeFiles/cmTryCompileExec3339082929.dir/build.make CMakeFiles/cmTryCompileExec3339082929.dir/build
make[6]: Entering directory `/home/ubuntu/Archer_C7_V5/openwrt/build_dir/host/cmake-2.8.9/CMakeFiles/CMakeTmp'
/home/ubuntu/Archer_C7_V5/openwrt/build_dir/host/cmake-2.8.9/Bootstrap.cmk/cmake -E cmake_progress_report /home/ubuntu/Archer_C7_V5/openwrt/build_dir/host/cmake-2.8.9/CMakeFiles/CMakeTmp/CMakeFiles 1
Building C object CMakeFiles/cmTryCompileExec3339082929.dir/CurlTests.c.o
/usr/bin/gcc   -DHAVE_GETHOSTBYADDR_R_5_REENTRANT   -o CMakeFiles/cmTryCompileExec3339082929.dir/CurlTests.c.o   -c /home/ubuntu/Archer_C7_V5/openwrt/build_dir/host/cmake-2.8.9/Utilities/cmcurl/CMake/CurlTests.c
/home/ubuntu/Archer_C7_V5/openwrt/build_dir/host/cmake-2.8.9/Utilities/cmcurl/CMake/CurlTests.c: In function 'main':
/home/ubuntu/Archer_C7_V5/openwrt/build_dir/host/cmake-2.8.9/Utilities/cmcurl/CMake/CurlTests.c:80:12: error: 'q' undeclared (first use in this function)
 int length;q
            ^
/home/ubuntu/Archer_C7_V5/openwrt/build_dir/host/cmake-2.8.9/Utilities/cmcurl/CMake/CurlTests.c:80:12: note: each undeclared identifier is reported only once for each function it appears in
/home/ubuntu/Archer_C7_V5/openwrt/build_dir/host/cmake-2.8.9/Utilities/cmcurl/CMake/CurlTests.c:81:1: error: expected ';' before 'int'
 int type;
 ^
/home/ubuntu/Archer_C7_V5/openwrt/build_dir/host/cmake-2.8.9/Utilities/cmcurl/CMake/CurlTests.c:83:21: error: storage size of 'hdata' isn't known
 struct hostent_data hdata;
                     ^
/home/ubuntu/Archer_C7_V5/openwrt/build_dir/host/cmake-2.8.9/Utilities/cmcurl/CMake/CurlTests.c:88:39: error: 'type' undeclared (first use in this function)
 rc = gethostbyaddr_r(address, length, type, &h, &hdata);
                                       ^
/home/ubuntu/Archer_C7_V5/openwrt/build_dir/host/cmake-2.8.9/Utilities/cmcurl/CMake/CurlTests.c:88:1: error: too few arguments to function 'gethostbyaddr_r'
 rc = gethostbyaddr_r(address, length, type, &h, &hdata);
 ^
In file included from /home/ubuntu/Archer_C7_V5/openwrt/build_dir/host/cmake-2.8.9/Utilities/cmcurl/CMake/CurlTests.c:74:0:
/usr/include/netdb.h:172:12: note: declared here
 extern int gethostbyaddr_r (const void *__restrict __addr, __socklen_t __len,
            ^
make[6]: Leaving directory `/home/ubuntu/Archer_C7_V5/openwrt/build_dir/host/cmake-2.8.9/CMakeFiles/CMakeTmp'
make[6]: *** [CMakeFiles/cmTryCompileExec3339082929.dir/CurlTests.c.o] Error 1
make[5]: Leaving directory `/home/ubuntu/Archer_C7_V5/openwrt/build_dir/host/cmake-2.8.9/CMakeFiles/CMakeTmp'
make[5]: *** [cmTryCompileExec3339082929/fast] Error 2

Performing Curl Test HAVE_GETHOSTBYADDR_R_7_REENTRANT failed with the following output:
Change Dir: /home/ubuntu/Archer_C7_V5/openwrt/build_dir/host/cmake-2.8.9/CMakeFiles/CMakeTmp

Run Build Command:/usr/bin/make "cmTryCompileExec3502373746/fast"
make[5]: Entering directory `/home/ubuntu/Archer_C7_V5/openwrt/build_dir/host/cmake-2.8.9/CMakeFiles/CMakeTmp'
make -f CMakeFiles/cmTryCompileExec3502373746.dir/build.make CMakeFiles/cmTryCompileExec3502373746.dir/build
make[6]: Entering directory `/home/ubuntu/Archer_C7_V5/openwrt/build_dir/host/cmake-2.8.9/CMakeFiles/CMakeTmp'
/home/ubuntu/Archer_C7_V5/openwrt/build_dir/host/cmake-2.8.9/Bootstrap.cmk/cmake -E cmake_progress_report /home/ubuntu/Archer_C7_V5/openwrt/build_dir/host/cmake-2.8.9/CMakeFiles/CMakeTmp/CMakeFiles 1
Building C object CMakeFiles/cmTryCompileExec3502373746.dir/CurlTests.c.o
/usr/bin/gcc   -DHAVE_GETHOSTBYADDR_R_7_REENTRANT   -o CMakeFiles/cmTryCompileExec3502373746.dir/CurlTests.c.o   -c /home/ubuntu/Archer_C7_V5/openwrt/build_dir/host/cmake-2.8.9/Utilities/cmcurl/CMake/CurlTests.c
/home/ubuntu/Archer_C7_V5/openwrt/build_dir/host/cmake-2.8.9/Utilities/cmcurl/CMake/CurlTests.c: In function 'main':
/home/ubuntu/Archer_C7_V5/openwrt/build_dir/host/cmake-2.8.9/Utilities/cmcurl/CMake/CurlTests.c:137:22: warning: passing argument 7 of 'gethostbyaddr_r' from incompatible pointer type [enabled by default]
                      buffer, 8192, &h_errnop);
                      ^
In file included from /home/ubuntu/Archer_C7_V5/openwrt/build_dir/host/cmake-2.8.9/Utilities/cmcurl/CMake/CurlTests.c:120:0:
/usr/include/netdb.h:172:12: note: expected 'struct hostent ** __restrict__' but argument is of type 'int *'
 extern int gethostbyaddr_r (const void *__restrict __addr, __socklen_t __len,
            ^
/home/ubuntu/Archer_C7_V5/openwrt/build_dir/host/cmake-2.8.9/Utilities/cmcurl/CMake/CurlTests.c:137:22: error: too few arguments to function 'gethostbyaddr_r'
                      buffer, 8192, &h_errnop);
                      ^
In file included from /home/ubuntu/Archer_C7_V5/openwrt/build_dir/host/cmake-2.8.9/Utilities/cmcurl/CMake/CurlTests.c:120:0:
/usr/include/netdb.h:172:12: note: declared here
 extern int gethostbyaddr_r (const void *__restrict __addr, __socklen_t __len,
            ^
make[6]: Leaving directory `/home/ubuntu/Archer_C7_V5/openwrt/build_dir/host/cmake-2.8.9/CMakeFiles/CMakeTmp'
make[6]: *** [CMakeFiles/cmTryCompileExec3502373746.dir/CurlTests.c.o] Error 1
make[5]: Leaving directory `/home/ubuntu/Archer_C7_V5/openwrt/build_dir/host/cmake-2.8.9/CMakeFiles/CMakeTmp'
make[5]: *** [cmTryCompileExec3502373746/fast] Error 2

Performing Curl Test HAVE_GETHOSTBYNAME_R_3 failed with the following output:
Change Dir: /home/ubuntu/Archer_C7_V5/openwrt/build_dir/host/cmake-2.8.9/CMakeFiles/CMakeTmp

Run Build Command:/usr/bin/make "cmTryCompileExec944268983/fast"
make[5]: Entering directory `/home/ubuntu/Archer_C7_V5/openwrt/build_dir/host/cmake-2.8.9/CMakeFiles/CMakeTmp'
make -f CMakeFiles/cmTryCompileExec944268983.dir/build.make CMakeFiles/cmTryCompileExec944268983.dir/build
make[6]: Entering directory `/home/ubuntu/Archer_C7_V5/openwrt/build_dir/host/cmake-2.8.9/CMakeFiles/CMakeTmp'
/home/ubuntu/Archer_C7_V5/openwrt/build_dir/host/cmake-2.8.9/Bootstrap.cmk/cmake -E cmake_progress_report /home/ubuntu/Archer_C7_V5/openwrt/build_dir/host/cmake-2.8.9/CMakeFiles/CMakeTmp/CMakeFiles 1
Building C object CMakeFiles/cmTryCompileExec944268983.dir/CurlTests.c.o
/usr/bin/gcc   -DHAVE_GETHOSTBYNAME_R_3   -o CMakeFiles/cmTryCompileExec944268983.dir/CurlTests.c.o   -c /home/ubuntu/Archer_C7_V5/openwrt/build_dir/host/cmake-2.8.9/Utilities/cmcurl/CMake/CurlTests.c
/home/ubuntu/Archer_C7_V5/openwrt/build_dir/host/cmake-2.8.9/Utilities/cmcurl/CMake/CurlTests.c: In function 'main':
/home/ubuntu/Archer_C7_V5/openwrt/build_dir/host/cmake-2.8.9/Utilities/cmcurl/CMake/CurlTests.c:204:21: error: storage size of 'data' isn't known
 struct hostent_data data;
                     ^
/home/ubuntu/Archer_C7_V5/openwrt/build_dir/host/cmake-2.8.9/Utilities/cmcurl/CMake/CurlTests.c:208:1: error: too few arguments to function 'gethostbyname_r'
 gethostbyname_r(NULL, NULL, NULL);
 ^
In file included from /home/ubuntu/Archer_C7_V5/openwrt/build_dir/host/cmake-2.8.9/Utilities/cmcurl/CMake/CurlTests.c:196:0:
/usr/include/netdb.h:179:12: note: declared here
 extern int gethostbyname_r (const char *__restrict __name,
            ^
make[6]: Leaving directory `/home/ubuntu/Archer_C7_V5/openwrt/build_dir/host/cmake-2.8.9/CMakeFiles/CMakeTmp'
make[6]: *** [CMakeFiles/cmTryCompileExec944268983.dir/CurlTests.c.o] Error 1
make[5]: Leaving directory `/home/ubuntu/Archer_C7_V5/openwrt/build_dir/host/cmake-2.8.9/CMakeFiles/CMakeTmp'
make[5]: *** [cmTryCompileExec944268983/fast] Error 2

Performing Curl Test HAVE_GETHOSTBYNAME_R_5 failed with the following output:
Change Dir: /home/ubuntu/Archer_C7_V5/openwrt/build_dir/host/cmake-2.8.9/CMakeFiles/CMakeTmp

Run Build Command:/usr/bin/make "cmTryCompileExec3879913066/fast"
make[5]: Entering directory `/home/ubuntu/Archer_C7_V5/openwrt/build_dir/host/cmake-2.8.9/CMakeFiles/CMakeTmp'
make -f CMakeFiles/cmTryCompileExec3879913066.dir/build.make CMakeFiles/cmTryCompileExec3879913066.dir/build
make[6]: Entering directory `/home/ubuntu/Archer_C7_V5/openwrt/build_dir/host/cmake-2.8.9/CMakeFiles/CMakeTmp'
/home/ubuntu/Archer_C7_V5/openwrt/build_dir/host/cmake-2.8.9/Bootstrap.cmk/cmake -E cmake_progress_report /home/ubuntu/Archer_C7_V5/openwrt/build_dir/host/cmake-2.8.9/CMakeFiles/CMakeTmp/CMakeFiles 1
Building C object CMakeFiles/cmTryCompileExec3879913066.dir/CurlTests.c.o
/usr/bin/gcc   -DHAVE_GETHOSTBYNAME_R_5   -o CMakeFiles/cmTryCompileExec3879913066.dir/CurlTests.c.o   -c /home/ubuntu/Archer_C7_V5/openwrt/build_dir/host/cmake-2.8.9/Utilities/cmcurl/CMake/CurlTests.c
/home/ubuntu/Archer_C7_V5/openwrt/build_dir/host/cmake-2.8.9/Utilities/cmcurl/CMake/CurlTests.c: In function 'main':
/home/ubuntu/Archer_C7_V5/openwrt/build_dir/host/cmake-2.8.9/Utilities/cmcurl/CMake/CurlTests.c:247:1: error: too few arguments to function 'gethostbyname_r'
 gethostbyname_r(NULL, NULL, NULL, 0, NULL);
 ^
In file included from /home/ubuntu/Archer_C7_V5/openwrt/build_dir/host/cmake-2.8.9/Utilities/cmcurl/CMake/CurlTests.c:237:0:
/usr/include/netdb.h:179:12: note: declared here
 extern int gethostbyname_r (const char *__restrict __name,
            ^
make[6]: *** [CMakeFiles/cmTryCompileExec3879913066.dir/CurlTests.c.o] Error 1
make[6]: Leaving directory `/home/ubuntu/Archer_C7_V5/openwrt/build_dir/host/cmake-2.8.9/CMakeFiles/CMakeTmp'
make[5]: *** [cmTryCompileExec3879913066/fast] Error 2
make[5]: Leaving directory `/home/ubuntu/Archer_C7_V5/openwrt/build_dir/host/cmake-2.8.9/CMakeFiles/CMakeTmp'

Performing Curl Test HAVE_GETHOSTBYNAME_R_3_REENTRANT failed with the following output:
Change Dir: /home/ubuntu/Archer_C7_V5/openwrt/build_dir/host/cmake-2.8.9/CMakeFiles/CMakeTmp

Run Build Command:/usr/bin/make "cmTryCompileExec3737842332/fast"
make[5]: Entering directory `/home/ubuntu/Archer_C7_V5/openwrt/build_dir/host/cmake-2.8.9/CMakeFiles/CMakeTmp'
make -f CMakeFiles/cmTryCompileExec3737842332.dir/build.make CMakeFiles/cmTryCompileExec3737842332.dir/build
make[6]: Entering directory `/home/ubuntu/Archer_C7_V5/openwrt/build_dir/host/cmake-2.8.9/CMakeFiles/CMakeTmp'
/home/ubuntu/Archer_C7_V5/openwrt/build_dir/host/cmake-2.8.9/Bootstrap.cmk/cmake -E cmake_progress_report /home/ubuntu/Archer_C7_V5/openwrt/build_dir/host/cmake-2.8.9/CMakeFiles/CMakeTmp/CMakeFiles 1
Building C object CMakeFiles/cmTryCompileExec3737842332.dir/CurlTests.c.o
/usr/bin/gcc   -DHAVE_GETHOSTBYNAME_R_3_REENTRANT   -o CMakeFiles/cmTryCompileExec3737842332.dir/CurlTests.c.o   -c /home/ubuntu/Archer_C7_V5/openwrt/build_dir/host/cmake-2.8.9/Utilities/cmcurl/CMake/CurlTests.c
/home/ubuntu/Archer_C7_V5/openwrt/build_dir/host/cmake-2.8.9/Utilities/cmcurl/CMake/CurlTests.c: In function 'main':
/home/ubuntu/Archer_C7_V5/openwrt/build_dir/host/cmake-2.8.9/Utilities/cmcurl/CMake/CurlTests.c:225:21: error: storage size of 'data' isn't known
 struct hostent_data data;
                     ^
/home/ubuntu/Archer_C7_V5/openwrt/build_dir/host/cmake-2.8.9/Utilities/cmcurl/CMake/CurlTests.c:229:1: error: too few arguments to function 'gethostbyname_r'
 gethostbyname_r(NULL, NULL, NULL);
 ^
In file included from /home/ubuntu/Archer_C7_V5/openwrt/build_dir/host/cmake-2.8.9/Utilities/cmcurl/CMake/CurlTests.c:217:0:
/usr/include/netdb.h:179:12: note: declared here
 extern int gethostbyname_r (const char *__restrict __name,
            ^
make[6]: Leaving directory `/home/ubuntu/Archer_C7_V5/openwrt/build_dir/host/cmake-2.8.9/CMakeFiles/CMakeTmp'
make[6]: *** [CMakeFiles/cmTryCompileExec3737842332.dir/CurlTests.c.o] Error 1
make[5]: Leaving directory `/home/ubuntu/Archer_C7_V5/openwrt/build_dir/host/cmake-2.8.9/CMakeFiles/CMakeTmp'
make[5]: *** [cmTryCompileExec3737842332/fast] Error 2

Performing Curl Test HAVE_GETHOSTBYNAME_R_5_REENTRANT failed with the following output:
Change Dir: /home/ubuntu/Archer_C7_V5/openwrt/build_dir/host/cmake-2.8.9/CMakeFiles/CMakeTmp

Run Build Command:/usr/bin/make "cmTryCompileExec1301901872/fast"
make[5]: Entering directory `/home/ubuntu/Archer_C7_V5/openwrt/build_dir/host/cmake-2.8.9/CMakeFiles/CMakeTmp'
make -f CMakeFiles/cmTryCompileExec1301901872.dir/build.make CMakeFiles/cmTryCompileExec1301901872.dir/build
make[6]: Entering directory `/home/ubuntu/Archer_C7_V5/openwrt/build_dir/host/cmake-2.8.9/CMakeFiles/CMakeTmp'
/home/ubuntu/Archer_C7_V5/openwrt/build_dir/host/cmake-2.8.9/Bootstrap.cmk/cmake -E cmake_progress_report /home/ubuntu/Archer_C7_V5/openwrt/build_dir/host/cmake-2.8.9/CMakeFiles/CMakeTmp/CMakeFiles 1
Building C object CMakeFiles/cmTryCompileExec1301901872.dir/CurlTests.c.o
/usr/bin/gcc   -DHAVE_GETHOSTBYNAME_R_5_REENTRANT   -o CMakeFiles/cmTryCompileExec1301901872.dir/CurlTests.c.o   -c /home/ubuntu/Archer_C7_V5/openwrt/build_dir/host/cmake-2.8.9/Utilities/cmcurl/CMake/CurlTests.c
/home/ubuntu/Archer_C7_V5/openwrt/build_dir/host/cmake-2.8.9/Utilities/cmcurl/CMake/CurlTests.c: In function 'main':
/home/ubuntu/Archer_C7_V5/openwrt/build_dir/host/cmake-2.8.9/Utilities/cmcurl/CMake/CurlTests.c:266:1: error: too few arguments to function 'gethostbyname_r'
 gethostbyname_r(NULL, NULL, NULL, 0, NULL);
 ^
In file included from /home/ubuntu/Archer_C7_V5/openwrt/build_dir/host/cmake-2.8.9/Utilities/cmcurl/CMake/CurlTests.c:255:0:
/usr/include/netdb.h:179:12: note: declared here
 extern int gethostbyname_r (const char *__restrict __name,
            ^
make[6]: Leaving directory `/home/ubuntu/Archer_C7_V5/openwrt/build_dir/host/cmake-2.8.9/CMakeFiles/CMakeTmp'
make[6]: *** [CMakeFiles/cmTryCompileExec1301901872.dir/CurlTests.c.o] Error 1
make[5]: Leaving directory `/home/ubuntu/Archer_C7_V5/openwrt/build_dir/host/cmake-2.8.9/CMakeFiles/CMakeTmp'
make[5]: *** [cmTryCompileExec1301901872/fast] Error 2

Performing Curl Test HAVE_INET_NTOA_R_DECL failed with the following output:
Change Dir: /home/ubuntu/Archer_C7_V5/openwrt/build_dir/host/cmake-2.8.9/CMakeFiles/CMakeTmp

Run Build Command:/usr/bin/make "cmTryCompileExec366832937/fast"
make[5]: Entering directory `/home/ubuntu/Archer_C7_V5/openwrt/build_dir/host/cmake-2.8.9/CMakeFiles/CMakeTmp'
make -f CMakeFiles/cmTryCompileExec366832937.dir/build.make CMakeFiles/cmTryCompileExec366832937.dir/build
make[6]: Entering directory `/home/ubuntu/Archer_C7_V5/openwrt/build_dir/host/cmake-2.8.9/CMakeFiles/CMakeTmp'
/home/ubuntu/Archer_C7_V5/openwrt/build_dir/host/cmake-2.8.9/Bootstrap.cmk/cmake -E cmake_progress_report /home/ubuntu/Archer_C7_V5/openwrt/build_dir/host/cmake-2.8.9/CMakeFiles/CMakeTmp/CMakeFiles 1
Building C object CMakeFiles/cmTryCompileExec366832937.dir/CurlTests.c.o
/usr/bin/gcc   -DHAVE_INET_NTOA_R_DECL   -o CMakeFiles/cmTryCompileExec366832937.dir/CurlTests.c.o   -c /home/ubuntu/Archer_C7_V5/openwrt/build_dir/host/cmake-2.8.9/Utilities/cmcurl/CMake/CurlTests.c
/home/ubuntu/Archer_C7_V5/openwrt/build_dir/host/cmake-2.8.9/Utilities/cmcurl/CMake/CurlTests.c: In function 'main':
/home/ubuntu/Archer_C7_V5/openwrt/build_dir/host/cmake-2.8.9/Utilities/cmcurl/CMake/CurlTests.c:376:21: error: 'inet_ntoa_r' undeclared (first use in this function)
   func = (func_type)inet_ntoa_r;
                     ^
/home/ubuntu/Archer_C7_V5/openwrt/build_dir/host/cmake-2.8.9/Utilities/cmcurl/CMake/CurlTests.c:376:21: note: each undeclared identifier is reported only once for each function it appears in
make[6]: *** [CMakeFiles/cmTryCompileExec366832937.dir/CurlTests.c.o] Error 1
make[6]: Leaving directory `/home/ubuntu/Archer_C7_V5/openwrt/build_dir/host/cmake-2.8.9/CMakeFiles/CMakeTmp'
make[5]: Leaving directory `/home/ubuntu/Archer_C7_V5/openwrt/build_dir/host/cmake-2.8.9/CMakeFiles/CMakeTmp'
make[5]: *** [cmTryCompileExec366832937/fast] Error 2

Performing Curl Test HAVE_INET_NTOA_R_DECL_REENTRANT failed with the following output:
Change Dir: /home/ubuntu/Archer_C7_V5/openwrt/build_dir/host/cmake-2.8.9/CMakeFiles/CMakeTmp

Run Build Command:/usr/bin/make "cmTryCompileExec1989970278/fast"
make[5]: Entering directory `/home/ubuntu/Archer_C7_V5/openwrt/build_dir/host/cmake-2.8.9/CMakeFiles/CMakeTmp'
make -f CMakeFiles/cmTryCompileExec1989970278.dir/build.make CMakeFiles/cmTryCompileExec1989970278.dir/build
make[6]: Entering directory `/home/ubuntu/Archer_C7_V5/openwrt/build_dir/host/cmake-2.8.9/CMakeFiles/CMakeTmp'
/home/ubuntu/Archer_C7_V5/openwrt/build_dir/host/cmake-2.8.9/Bootstrap.cmk/cmake -E cmake_progress_report /home/ubuntu/Archer_C7_V5/openwrt/build_dir/host/cmake-2.8.9/CMakeFiles/CMakeTmp/CMakeFiles 1
Building C object CMakeFiles/cmTryCompileExec1989970278.dir/CurlTests.c.o
/usr/bin/gcc   -DHAVE_INET_NTOA_R_DECL_REENTRANT   -o CMakeFiles/cmTryCompileExec1989970278.dir/CurlTests.c.o   -c /home/ubuntu/Archer_C7_V5/openwrt/build_dir/host/cmake-2.8.9/Utilities/cmcurl/CMake/CurlTests.c
/home/ubuntu/Archer_C7_V5/openwrt/build_dir/host/cmake-2.8.9/Utilities/cmcurl/CMake/CurlTests.c: In function 'main':
/home/ubuntu/Archer_C7_V5/openwrt/build_dir/host/cmake-2.8.9/Utilities/cmcurl/CMake/CurlTests.c:391:22: error: 'inet_ntoa_r' undeclared (first use in this function)
   func = (func_type)&inet_ntoa_r;
                      ^
/home/ubuntu/Archer_C7_V5/openwrt/build_dir/host/cmake-2.8.9/Utilities/cmcurl/CMake/CurlTests.c:391:22: note: each undeclared identifier is reported only once for each function it appears in
make[6]: Leaving directory `/home/ubuntu/Archer_C7_V5/openwrt/build_dir/host/cmake-2.8.9/CMakeFiles/CMakeTmp'
make[6]: *** [CMakeFiles/cmTryCompileExec1989970278.dir/CurlTests.c.o] Error 1
make[5]: Leaving directory `/home/ubuntu/Archer_C7_V5/openwrt/build_dir/host/cmake-2.8.9/CMakeFiles/CMakeTmp'
make[5]: *** [cmTryCompileExec1989970278/fast] Error 2

Determining if the function BZ2_bzCompressInit exists in the cmbzip2 failed with the following output:
Change Dir: /home/ubuntu/Archer_C7_V5/openwrt/build_dir/host/cmake-2.8.9/CMakeFiles/CMakeTmp

Run Build Command:/usr/bin/make "cmTryCompileExec3963630246/fast"
make[5]: Entering directory `/home/ubuntu/Archer_C7_V5/openwrt/build_dir/host/cmake-2.8.9/CMakeFiles/CMakeTmp'
make -f CMakeFiles/cmTryCompileExec3963630246.dir/build.make CMakeFiles/cmTryCompileExec3963630246.dir/build
make[6]: Entering directory `/home/ubuntu/Archer_C7_V5/openwrt/build_dir/host/cmake-2.8.9/CMakeFiles/CMakeTmp'
/home/ubuntu/Archer_C7_V5/openwrt/build_dir/host/cmake-2.8.9/Bootstrap.cmk/cmake -E cmake_progress_report /home/ubuntu/Archer_C7_V5/openwrt/build_dir/host/cmake-2.8.9/CMakeFiles/CMakeTmp/CMakeFiles 1
Building C object CMakeFiles/cmTryCompileExec3963630246.dir/CheckFunctionExists.c.o
/usr/bin/gcc   -w  -DCHECK_FUNCTION_EXISTS=BZ2_bzCompressInit   -o CMakeFiles/cmTryCompileExec3963630246.dir/CheckFunctionExists.c.o   -c /home/ubuntu/Archer_C7_V5/openwrt/build_dir/host/cmake-2.8.9/Modules/CheckFunctionExists.c
Linking C executable cmTryCompileExec3963630246
/home/ubuntu/Archer_C7_V5/openwrt/build_dir/host/cmake-2.8.9/Bootstrap.cmk/cmake -E cmake_link_script CMakeFiles/cmTryCompileExec3963630246.dir/link.txt --verbose=1
/usr/bin/gcc    -w  -DCHECK_FUNCTION_EXISTS=BZ2_bzCompressInit    CMakeFiles/cmTryCompileExec3963630246.dir/CheckFunctionExists.c.o  -o cmTryCompileExec3963630246 -rdynamic -lcmbzip2 
/usr/bin/ld: cannot find -lcmbzip2
collect2: error: ld returned 1 exit status
make[6]: Leaving directory `/home/ubuntu/Archer_C7_V5/openwrt/build_dir/host/cmake-2.8.9/CMakeFiles/CMakeTmp'
make[6]: *** [cmTryCompileExec3963630246] Error 1
make[5]: *** [cmTryCompileExec3963630246/fast] Error 2
make[5]: Leaving directory `/home/ubuntu/Archer_C7_V5/openwrt/build_dir/host/cmake-2.8.9/CMakeFiles/CMakeTmp'


Determining if files sys/types.h;acl/libacl.h exist failed with the following output:
Change Dir: /home/ubuntu/Archer_C7_V5/openwrt/build_dir/host/cmake-2.8.9/CMakeFiles/CMakeTmp

Run Build Command:/usr/bin/make "cmTryCompileExec1663520838/fast"
make[5]: Entering directory `/home/ubuntu/Archer_C7_V5/openwrt/build_dir/host/cmake-2.8.9/CMakeFiles/CMakeTmp'
make -f CMakeFiles/cmTryCompileExec1663520838.dir/build.make CMakeFiles/cmTryCompileExec1663520838.dir/build
make[6]: Entering directory `/home/ubuntu/Archer_C7_V5/openwrt/build_dir/host/cmake-2.8.9/CMakeFiles/CMakeTmp'
/home/ubuntu/Archer_C7_V5/openwrt/build_dir/host/cmake-2.8.9/Bootstrap.cmk/cmake -E cmake_progress_report /home/ubuntu/Archer_C7_V5/openwrt/build_dir/host/cmake-2.8.9/CMakeFiles/CMakeTmp/CMakeFiles 1
Building C object CMakeFiles/cmTryCompileExec1663520838.dir/CheckIncludeFiles.c.o
/usr/bin/gcc   -w     -o CMakeFiles/cmTryCompileExec1663520838.dir/CheckIncludeFiles.c.o   -c /home/ubuntu/Archer_C7_V5/openwrt/build_dir/host/cmake-2.8.9/CMakeFiles/CMakeTmp/CheckIncludeFiles.c
/home/ubuntu/Archer_C7_V5/openwrt/build_dir/host/cmake-2.8.9/CMakeFiles/CMakeTmp/CheckIncludeFiles.c:3:24: fatal error: acl/libacl.h: No such file or directory
 #include <acl/libacl.h>
                        ^
compilation terminated.
make[6]: Leaving directory `/home/ubuntu/Archer_C7_V5/openwrt/build_dir/host/cmake-2.8.9/CMakeFiles/CMakeTmp'
make[6]: *** [CMakeFiles/cmTryCompileExec1663520838.dir/CheckIncludeFiles.c.o] Error 1
make[5]: Leaving directory `/home/ubuntu/Archer_C7_V5/openwrt/build_dir/host/cmake-2.8.9/CMakeFiles/CMakeTmp'
make[5]: *** [cmTryCompileExec1663520838/fast] Error 2

Source:
/* */
#include <sys/types.h>
#include <acl/libacl.h>


int main(){return 0;}

Determining if files sys/types.h;ctype.h;copyfile.h exist failed with the following output:
Change Dir: /home/ubuntu/Archer_C7_V5/openwrt/build_dir/host/cmake-2.8.9/CMakeFiles/CMakeTmp

Run Build Command:/usr/bin/make "cmTryCompileExec3962718629/fast"
make[5]: Entering directory `/home/ubuntu/Archer_C7_V5/openwrt/build_dir/host/cmake-2.8.9/CMakeFiles/CMakeTmp'
make -f CMakeFiles/cmTryCompileExec3962718629.dir/build.make CMakeFiles/cmTryCompileExec3962718629.dir/build
make[6]: Entering directory `/home/ubuntu/Archer_C7_V5/openwrt/build_dir/host/cmake-2.8.9/CMakeFiles/CMakeTmp'
/home/ubuntu/Archer_C7_V5/openwrt/build_dir/host/cmake-2.8.9/Bootstrap.cmk/cmake -E cmake_progress_report /home/ubuntu/Archer_C7_V5/openwrt/build_dir/host/cmake-2.8.9/CMakeFiles/CMakeTmp/CMakeFiles 1
Building C object CMakeFiles/cmTryCompileExec3962718629.dir/CheckIncludeFiles.c.o
/usr/bin/gcc   -w     -o CMakeFiles/cmTryCompileExec3962718629.dir/CheckIncludeFiles.c.o   -c /home/ubuntu/Archer_C7_V5/openwrt/build_dir/host/cmake-2.8.9/CMakeFiles/CMakeTmp/CheckIncludeFiles.c
/home/ubuntu/Archer_C7_V5/openwrt/build_dir/host/cmake-2.8.9/CMakeFiles/CMakeTmp/CheckIncludeFiles.c:4:22: fatal error: copyfile.h: No such file or directory
 #include <copyfile.h>
                      ^
compilation terminated.
make[6]: *** [CMakeFiles/cmTryCompileExec3962718629.dir/CheckIncludeFiles.c.o] Error 1
make[6]: Leaving directory `/home/ubuntu/Archer_C7_V5/openwrt/build_dir/host/cmake-2.8.9/CMakeFiles/CMakeTmp'
make[5]: *** [cmTryCompileExec3962718629/fast] Error 2
make[5]: Leaving directory `/home/ubuntu/Archer_C7_V5/openwrt/build_dir/host/cmake-2.8.9/CMakeFiles/CMakeTmp'

Source:
/* */
#include <sys/types.h>
#include <ctype.h>
#include <copyfile.h>


int main(){return 0;}

Determining if files sys/types.h;ctype.h;direct.h exist failed with the following output:
Change Dir: /home/ubuntu/Archer_C7_V5/openwrt/build_dir/host/cmake-2.8.9/CMakeFiles/CMakeTmp

Run Build Command:/usr/bin/make "cmTryCompileExec1522708156/fast"
make[5]: Entering directory `/home/ubuntu/Archer_C7_V5/openwrt/build_dir/host/cmake-2.8.9/CMakeFiles/CMakeTmp'
make -f CMakeFiles/cmTryCompileExec1522708156.dir/build.make CMakeFiles/cmTryCompileExec1522708156.dir/build
make[6]: Entering directory `/home/ubuntu/Archer_C7_V5/openwrt/build_dir/host/cmake-2.8.9/CMakeFiles/CMakeTmp'
/home/ubuntu/Archer_C7_V5/openwrt/build_dir/host/cmake-2.8.9/Bootstrap.cmk/cmake -E cmake_progress_report /home/ubuntu/Archer_C7_V5/openwrt/build_dir/host/cmake-2.8.9/CMakeFiles/CMakeTmp/CMakeFiles 1
Building C object CMakeFiles/cmTryCompileExec1522708156.dir/CheckIncludeFiles.c.o
/usr/bin/gcc   -w     -o CMakeFiles/cmTryCompileExec1522708156.dir/CheckIncludeFiles.c.o   -c /home/ubuntu/Archer_C7_V5/openwrt/build_dir/host/cmake-2.8.9/CMakeFiles/CMakeTmp/CheckIncludeFiles.c
/home/ubuntu/Archer_C7_V5/openwrt/build_dir/host/cmake-2.8.9/CMakeFiles/CMakeTmp/CheckIncludeFiles.c:4:20: fatal error: direct.h: No such file or directory
 #include <direct.h>
                    ^
compilation terminated.
make[6]: Leaving directory `/home/ubuntu/Archer_C7_V5/openwrt/build_dir/host/cmake-2.8.9/CMakeFiles/CMakeTmp'
make[6]: *** [CMakeFiles/cmTryCompileExec1522708156.dir/CheckIncludeFiles.c.o] Error 1
make[5]: Leaving directory `/home/ubuntu/Archer_C7_V5/openwrt/build_dir/host/cmake-2.8.9/CMakeFiles/CMakeTmp'
make[5]: *** [cmTryCompileExec1522708156/fast] Error 2

Source:
/* */
#include <sys/types.h>
#include <ctype.h>
#include <direct.h>


int main(){return 0;}

Determining if files sys/types.h;ctype.h;dlfcn.h;errno.h;ext2fs/ext2_fs.h exist failed with the following output:
Change Dir: /home/ubuntu/Archer_C7_V5/openwrt/build_dir/host/cmake-2.8.9/CMakeFiles/CMakeTmp

Run Build Command:/usr/bin/make "cmTryCompileExec671167857/fast"
make[5]: Entering directory `/home/ubuntu/Archer_C7_V5/openwrt/build_dir/host/cmake-2.8.9/CMakeFiles/CMakeTmp'
make -f CMakeFiles/cmTryCompileExec671167857.dir/build.make CMakeFiles/cmTryCompileExec671167857.dir/build
make[6]: Entering directory `/home/ubuntu/Archer_C7_V5/openwrt/build_dir/host/cmake-2.8.9/CMakeFiles/CMakeTmp'
/home/ubuntu/Archer_C7_V5/openwrt/build_dir/host/cmake-2.8.9/Bootstrap.cmk/cmake -E cmake_progress_report /home/ubuntu/Archer_C7_V5/openwrt/build_dir/host/cmake-2.8.9/CMakeFiles/CMakeTmp/CMakeFiles 1
Building C object CMakeFiles/cmTryCompileExec671167857.dir/CheckIncludeFiles.c.o
/usr/bin/gcc   -w     -o CMakeFiles/cmTryCompileExec671167857.dir/CheckIncludeFiles.c.o   -c /home/ubuntu/Archer_C7_V5/openwrt/build_dir/host/cmake-2.8.9/CMakeFiles/CMakeTmp/CheckIncludeFiles.c
/home/ubuntu/Archer_C7_V5/openwrt/build_dir/host/cmake-2.8.9/CMakeFiles/CMakeTmp/CheckIncludeFiles.c:6:28: fatal error: ext2fs/ext2_fs.h: No such file or directory
 #include <ext2fs/ext2_fs.h>
                            ^
compilation terminated.
make[6]: Leaving directory `/home/ubuntu/Archer_C7_V5/openwrt/build_dir/host/cmake-2.8.9/CMakeFiles/CMakeTmp'
make[6]: *** [CMakeFiles/cmTryCompileExec671167857.dir/CheckIncludeFiles.c.o] Error 1
make[5]: Leaving directory `/home/ubuntu/Archer_C7_V5/openwrt/build_dir/host/cmake-2.8.9/CMakeFiles/CMakeTmp'
make[5]: *** [cmTryCompileExec671167857/fast] Error 2

Source:
/* */
#include <sys/types.h>
#include <ctype.h>
#include <dlfcn.h>
#include <errno.h>
#include <ext2fs/ext2_fs.h>


int main(){return 0;}

Performing C SOURCE FILE Test HAVE_WORKING_EXT2_IOC_GETFLAGS failed with the following output:
Change Dir: /home/ubuntu/Archer_C7_V5/openwrt/build_dir/host/cmake-2.8.9/CMakeFiles/CMakeTmp

Run Build Command:/usr/bin/make "cmTryCompileExec1442705053/fast"
make[5]: Entering directory `/home/ubuntu/Archer_C7_V5/openwrt/build_dir/host/cmake-2.8.9/CMakeFiles/CMakeTmp'
make -f CMakeFiles/cmTryCompileExec1442705053.dir/build.make CMakeFiles/cmTryCompileExec1442705053.dir/build
make[6]: Entering directory `/home/ubuntu/Archer_C7_V5/openwrt/build_dir/host/cmake-2.8.9/CMakeFiles/CMakeTmp'
/home/ubuntu/Archer_C7_V5/openwrt/build_dir/host/cmake-2.8.9/Bootstrap.cmk/cmake -E cmake_progress_report /home/ubuntu/Archer_C7_V5/openwrt/build_dir/host/cmake-2.8.9/CMakeFiles/CMakeTmp/CMakeFiles 1
Building C object CMakeFiles/cmTryCompileExec1442705053.dir/src.c.o
/usr/bin/gcc   -w  -DHAVE_WORKING_EXT2_IOC_GETFLAGS   -o CMakeFiles/cmTryCompileExec1442705053.dir/src.c.o   -c /home/ubuntu/Archer_C7_V5/openwrt/build_dir/host/cmake-2.8.9/CMakeFiles/CMakeTmp/src.c
/home/ubuntu/Archer_C7_V5/openwrt/build_dir/host/cmake-2.8.9/CMakeFiles/CMakeTmp/src.c:2:28: fatal error: ext2fs/ext2_fs.h: No such file or directory
 #include <ext2fs/ext2_fs.h>
                            ^
compilation terminated.
make[6]: Leaving directory `/home/ubuntu/Archer_C7_V5/openwrt/build_dir/host/cmake-2.8.9/CMakeFiles/CMakeTmp'
make[6]: *** [CMakeFiles/cmTryCompileExec1442705053.dir/src.c.o] Error 1
make[5]: Leaving directory `/home/ubuntu/Archer_C7_V5/openwrt/build_dir/host/cmake-2.8.9/CMakeFiles/CMakeTmp'
make[5]: *** [cmTryCompileExec1442705053/fast] Error 2

Source file was:
#include <sys/ioctl.h>
#include <ext2fs/ext2_fs.h>
int main(void) { return EXT2_IOC_GETFLAGS; }
Determining if files sys/types.h;ctype.h;dlfcn.h;errno.h;fcntl.h;grp.h;inttypes.h;langinfo.h;limits.h;linux/types.h;linux/fiemap.h;linux/fs.h;linux/magic.h;locale.h;memory.h;paths.h;poll.h;pwd.h;regex.h;signal.h;stdarg.h;stdint.h;stdlib.h;string.h;strings.h;sys/acl.h exist failed with the following output:
Change Dir: /home/ubuntu/Archer_C7_V5/openwrt/build_dir/host/cmake-2.8.9/CMakeFiles/CMakeTmp

Run Build Command:/usr/bin/make "cmTryCompileExec1393298096/fast"
make[5]: Entering directory `/home/ubuntu/Archer_C7_V5/openwrt/build_dir/host/cmake-2.8.9/CMakeFiles/CMakeTmp'
make -f CMakeFiles/cmTryCompileExec1393298096.dir/build.make CMakeFiles/cmTryCompileExec1393298096.dir/build
make[6]: Entering directory `/home/ubuntu/Archer_C7_V5/openwrt/build_dir/host/cmake-2.8.9/CMakeFiles/CMakeTmp'
/home/ubuntu/Archer_C7_V5/openwrt/build_dir/host/cmake-2.8.9/Bootstrap.cmk/cmake -E cmake_progress_report /home/ubuntu/Archer_C7_V5/openwrt/build_dir/host/cmake-2.8.9/CMakeFiles/CMakeTmp/CMakeFiles 1
Building C object CMakeFiles/cmTryCompileExec1393298096.dir/CheckIncludeFiles.c.o
/usr/bin/gcc   -w     -o CMakeFiles/cmTryCompileExec1393298096.dir/CheckIncludeFiles.c.o   -c /home/ubuntu/Archer_C7_V5/openwrt/build_dir/host/cmake-2.8.9/CMakeFiles/CMakeTmp/CheckIncludeFiles.c
/home/ubuntu/Archer_C7_V5/openwrt/build_dir/host/cmake-2.8.9/CMakeFiles/CMakeTmp/CheckIncludeFiles.c:27:21: fatal error: sys/acl.h: No such file or directory
 #include <sys/acl.h>
                     ^
compilation terminated.
make[6]: Leaving directory `/home/ubuntu/Archer_C7_V5/openwrt/build_dir/host/cmake-2.8.9/CMakeFiles/CMakeTmp'
make[6]: *** [CMakeFiles/cmTryCompileExec1393298096.dir/CheckIncludeFiles.c.o] Error 1
make[5]: Leaving directory `/home/ubuntu/Archer_C7_V5/openwrt/build_dir/host/cmake-2.8.9/CMakeFiles/CMakeTmp'
make[5]: *** [cmTryCompileExec1393298096/fast] Error 2

Source:
/* */
#include <sys/types.h>
#include <ctype.h>
#include <dlfcn.h>
#include <errno.h>
#include <fcntl.h>
#include <grp.h>
#include <inttypes.h>
#include <langinfo.h>
#include <limits.h>
#include <linux/types.h>
#include <linux/fiemap.h>
#include <linux/fs.h>
#include <linux/magic.h>
#include <locale.h>
#include <memory.h>
#include <paths.h>
#include <poll.h>
#include <pwd.h>
#include <regex.h>
#include <signal.h>
#include <stdarg.h>
#include <stdint.h>
#include <stdlib.h>
#include <string.h>
#include <strings.h>
#include <sys/acl.h>


int main(){return 0;}

Determining if files sys/types.h;ctype.h;dlfcn.h;errno.h;fcntl.h;grp.h;inttypes.h;langinfo.h;limits.h;linux/types.h;linux/fiemap.h;linux/fs.h;linux/magic.h;locale.h;memory.h;paths.h;poll.h;pwd.h;regex.h;signal.h;stdarg.h;stdint.h;stdlib.h;string.h;strings.h;sys/cdefs.h;sys/ioctl.h;sys/mkdev.h exist failed with the following output:
Change Dir: /home/ubuntu/Archer_C7_V5/openwrt/build_dir/host/cmake-2.8.9/CMakeFiles/CMakeTmp

Run Build Command:/usr/bin/make "cmTryCompileExec2904585559/fast"
make[5]: Entering directory `/home/ubuntu/Archer_C7_V5/openwrt/build_dir/host/cmake-2.8.9/CMakeFiles/CMakeTmp'
make -f CMakeFiles/cmTryCompileExec2904585559.dir/build.make CMakeFiles/cmTryCompileExec2904585559.dir/build
make[6]: Entering directory `/home/ubuntu/Archer_C7_V5/openwrt/build_dir/host/cmake-2.8.9/CMakeFiles/CMakeTmp'
/home/ubuntu/Archer_C7_V5/openwrt/build_dir/host/cmake-2.8.9/Bootstrap.cmk/cmake -E cmake_progress_report /home/ubuntu/Archer_C7_V5/openwrt/build_dir/host/cmake-2.8.9/CMakeFiles/CMakeTmp/CMakeFiles 1
Building C object CMakeFiles/cmTryCompileExec2904585559.dir/CheckIncludeFiles.c.o
/usr/bin/gcc   -w     -o CMakeFiles/cmTryCompileExec2904585559.dir/CheckIncludeFiles.c.o   -c /home/ubuntu/Archer_C7_V5/openwrt/build_dir/host/cmake-2.8.9/CMakeFiles/CMakeTmp/CheckIncludeFiles.c
/home/ubuntu/Archer_C7_V5/openwrt/build_dir/host/cmake-2.8.9/CMakeFiles/CMakeTmp/CheckIncludeFiles.c:29:23: fatal error: sys/mkdev.h: No such file or directory
 #include <sys/mkdev.h>
                       ^
compilation terminated.
make[6]: Leaving directory `/home/ubuntu/Archer_C7_V5/openwrt/build_dir/host/cmake-2.8.9/CMakeFiles/CMakeTmp'
make[6]: *** [CMakeFiles/cmTryCompileExec2904585559.dir/CheckIncludeFiles.c.o] Error 1
make[5]: Leaving directory `/home/ubuntu/Archer_C7_V5/openwrt/build_dir/host/cmake-2.8.9/CMakeFiles/CMakeTmp'
make[5]: *** [cmTryCompileExec2904585559/fast] Error 2

Source:
/* */
#include <sys/types.h>
#include <ctype.h>
#include <dlfcn.h>
#include <errno.h>
#include <fcntl.h>
#include <grp.h>
#include <inttypes.h>
#include <langinfo.h>
#include <limits.h>
#include <linux/types.h>
#include <linux/fiemap.h>
#include <linux/fs.h>
#include <linux/magic.h>
#include <locale.h>
#include <memory.h>
#include <paths.h>
#include <poll.h>
#include <pwd.h>
#include <regex.h>
#include <signal.h>
#include <stdarg.h>
#include <stdint.h>
#include <stdlib.h>
#include <string.h>
#include <strings.h>
#include <sys/cdefs.h>
#include <sys/ioctl.h>
#include <sys/mkdev.h>


int main(){return 0;}

Determining if files sys/types.h;ctype.h;dlfcn.h;errno.h;fcntl.h;grp.h;inttypes.h;langinfo.h;limits.h;linux/types.h;linux/fiemap.h;linux/fs.h;linux/magic.h;locale.h;memory.h;paths.h;poll.h;pwd.h;regex.h;signal.h;stdarg.h;stdint.h;stdlib.h;string.h;strings.h;sys/cdefs.h;sys/ioctl.h;sys/mount.h exist failed with the following output:
Change Dir: /home/ubuntu/Archer_C7_V5/openwrt/build_dir/host/cmake-2.8.9/CMakeFiles/CMakeTmp

Run Build Command:/usr/bin/make "cmTryCompileExec2326719655/fast"
make[5]: Entering directory `/home/ubuntu/Archer_C7_V5/openwrt/build_dir/host/cmake-2.8.9/CMakeFiles/CMakeTmp'
make -f CMakeFiles/cmTryCompileExec2326719655.dir/build.make CMakeFiles/cmTryCompileExec2326719655.dir/build
make[6]: Entering directory `/home/ubuntu/Archer_C7_V5/openwrt/build_dir/host/cmake-2.8.9/CMakeFiles/CMakeTmp'
/home/ubuntu/Archer_C7_V5/openwrt/build_dir/host/cmake-2.8.9/Bootstrap.cmk/cmake -E cmake_progress_report /home/ubuntu/Archer_C7_V5/openwrt/build_dir/host/cmake-2.8.9/CMakeFiles/CMakeTmp/CMakeFiles 1
Building C object CMakeFiles/cmTryCompileExec2326719655.dir/CheckIncludeFiles.c.o
/usr/bin/gcc   -w     -o CMakeFiles/cmTryCompileExec2326719655.dir/CheckIncludeFiles.c.o   -c /home/ubuntu/Archer_C7_V5/openwrt/build_dir/host/cmake-2.8.9/CMakeFiles/CMakeTmp/CheckIncludeFiles.c
In file included from /home/ubuntu/Archer_C7_V5/openwrt/build_dir/host/cmake-2.8.9/CMakeFiles/CMakeTmp/CheckIncludeFiles.c:13:0:
/usr/include/i386-linux-gnu/sys/mount.h:35:3: error: expected identifier before numeric constant
   MS_RDONLY = 1,  /* Mount read-only.  */
   ^
make[6]: Leaving directory `/home/ubuntu/Archer_C7_V5/openwrt/build_dir/host/cmake-2.8.9/CMakeFiles/CMakeTmp'
make[6]: *** [CMakeFiles/cmTryCompileExec2326719655.dir/CheckIncludeFiles.c.o] Error 1
make[5]: *** [cmTryCompileExec2326719655/fast] Error 2
make[5]: Leaving directory `/home/ubuntu/Archer_C7_V5/openwrt/build_dir/host/cmake-2.8.9/CMakeFiles/CMakeTmp'

Source:
/* */
#include <sys/types.h>
#include <ctype.h>
#include <dlfcn.h>
#include <errno.h>
#include <fcntl.h>
#include <grp.h>
#include <inttypes.h>
#include <langinfo.h>
#include <limits.h>
#include <linux/types.h>
#include <linux/fiemap.h>
#include <linux/fs.h>
#include <linux/magic.h>
#include <locale.h>
#include <memory.h>
#include <paths.h>
#include <poll.h>
#include <pwd.h>
#include <regex.h>
#include <signal.h>
#include <stdarg.h>
#include <stdint.h>
#include <stdlib.h>
#include <string.h>
#include <strings.h>
#include <sys/cdefs.h>
#include <sys/ioctl.h>
#include <sys/mount.h>


int main(){return 0;}

Determining if files sys/types.h;ctype.h;dlfcn.h;errno.h;fcntl.h;grp.h;inttypes.h;langinfo.h;limits.h;linux/types.h;linux/fiemap.h;linux/fs.h;linux/magic.h;locale.h;memory.h;paths.h;poll.h;pwd.h;regex.h;signal.h;stdarg.h;stdint.h;stdlib.h;string.h;strings.h;sys/cdefs.h;sys/ioctl.h;sys/param.h;sys/poll.h;sys/select.h;sys/stat.h;sys/statfs.h;sys/statvfs.h;sys/time.h;sys/utsname.h;sys/vfs.h;sys/wait.h;time.h;unistd.h;utime.h;wchar.h;wctype.h;windows.h exist failed with the following output:
Change Dir: /home/ubuntu/Archer_C7_V5/openwrt/build_dir/host/cmake-2.8.9/CMakeFiles/CMakeTmp

Run Build Command:/usr/bin/make "cmTryCompileExec585688628/fast"
make[5]: Entering directory `/home/ubuntu/Archer_C7_V5/openwrt/build_dir/host/cmake-2.8.9/CMakeFiles/CMakeTmp'
make -f CMakeFiles/cmTryCompileExec585688628.dir/build.make CMakeFiles/cmTryCompileExec585688628.dir/build
make[6]: Entering directory `/home/ubuntu/Archer_C7_V5/openwrt/build_dir/host/cmake-2.8.9/CMakeFiles/CMakeTmp'
/home/ubuntu/Archer_C7_V5/openwrt/build_dir/host/cmake-2.8.9/Bootstrap.cmk/cmake -E cmake_progress_report /home/ubuntu/Archer_C7_V5/openwrt/build_dir/host/cmake-2.8.9/CMakeFiles/CMakeTmp/CMakeFiles 1
Building C object CMakeFiles/cmTryCompileExec585688628.dir/CheckIncludeFiles.c.o
/usr/bin/gcc   -w     -o CMakeFiles/cmTryCompileExec585688628.dir/CheckIncludeFiles.c.o   -c /home/ubuntu/Archer_C7_V5/openwrt/build_dir/host/cmake-2.8.9/CMakeFiles/CMakeTmp/CheckIncludeFiles.c
/home/ubuntu/Archer_C7_V5/openwrt/build_dir/host/cmake-2.8.9/CMakeFiles/CMakeTmp/CheckIncludeFiles.c:44:21: fatal error: windows.h: No such file or directory
 #include <windows.h>
                     ^
compilation terminated.
make[6]: *** [CMakeFiles/cmTryCompileExec585688628.dir/CheckIncludeFiles.c.o] Error 1
make[6]: Leaving directory `/home/ubuntu/Archer_C7_V5/openwrt/build_dir/host/cmake-2.8.9/CMakeFiles/CMakeTmp'
make[5]: Leaving directory `/home/ubuntu/Archer_C7_V5/openwrt/build_dir/host/cmake-2.8.9/CMakeFiles/CMakeTmp'
make[5]: *** [cmTryCompileExec585688628/fast] Error 2

Source:
/* */
#include <sys/types.h>
#include <ctype.h>
#include <dlfcn.h>
#include <errno.h>
#include <fcntl.h>
#include <grp.h>
#include <inttypes.h>
#include <langinfo.h>
#include <limits.h>
#include <linux/types.h>
#include <linux/fiemap.h>
#include <linux/fs.h>
#include <linux/magic.h>
#include <locale.h>
#include <memory.h>
#include <paths.h>
#include <poll.h>
#include <pwd.h>
#include <regex.h>
#include <signal.h>
#include <stdarg.h>
#include <stdint.h>
#include <stdlib.h>
#include <string.h>
#include <strings.h>
#include <sys/cdefs.h>
#include <sys/ioctl.h>
#include <sys/param.h>
#include <sys/poll.h>
#include <sys/select.h>
#include <sys/stat.h>
#include <sys/statfs.h>
#include <sys/statvfs.h>
#include <sys/time.h>
#include <sys/utsname.h>
#include <sys/vfs.h>
#include <sys/wait.h>
#include <time.h>
#include <unistd.h>
#include <utime.h>
#include <wchar.h>
#include <wctype.h>
#include <windows.h>


int main(){return 0;}

Determining if files sys/types.h;ctype.h;dlfcn.h;errno.h;fcntl.h;grp.h;inttypes.h;langinfo.h;limits.h;linux/types.h;linux/fiemap.h;linux/fs.h;linux/magic.h;locale.h;memory.h;paths.h;poll.h;pwd.h;regex.h;signal.h;stdarg.h;stdint.h;stdlib.h;string.h;strings.h;sys/cdefs.h;sys/ioctl.h;sys/param.h;sys/poll.h;sys/select.h;sys/stat.h;sys/statfs.h;sys/statvfs.h;sys/time.h;sys/utsname.h;sys/vfs.h;sys/wait.h;time.h;unistd.h;utime.h;wchar.h;wctype.h;wincrypt.h exist failed with the following output:
Change Dir: /home/ubuntu/Archer_C7_V5/openwrt/build_dir/host/cmake-2.8.9/CMakeFiles/CMakeTmp

Run Build Command:/usr/bin/make "cmTryCompileExec2543456419/fast"
make[5]: Entering directory `/home/ubuntu/Archer_C7_V5/openwrt/build_dir/host/cmake-2.8.9/CMakeFiles/CMakeTmp'
make -f CMakeFiles/cmTryCompileExec2543456419.dir/build.make CMakeFiles/cmTryCompileExec2543456419.dir/build
make[6]: Entering directory `/home/ubuntu/Archer_C7_V5/openwrt/build_dir/host/cmake-2.8.9/CMakeFiles/CMakeTmp'
/home/ubuntu/Archer_C7_V5/openwrt/build_dir/host/cmake-2.8.9/Bootstrap.cmk/cmake -E cmake_progress_report /home/ubuntu/Archer_C7_V5/openwrt/build_dir/host/cmake-2.8.9/CMakeFiles/CMakeTmp/CMakeFiles 1
Building C object CMakeFiles/cmTryCompileExec2543456419.dir/CheckIncludeFiles.c.o
/usr/bin/gcc   -w     -o CMakeFiles/cmTryCompileExec2543456419.dir/CheckIncludeFiles.c.o   -c /home/ubuntu/Archer_C7_V5/openwrt/build_dir/host/cmake-2.8.9/CMakeFiles/CMakeTmp/CheckIncludeFiles.c
/home/ubuntu/Archer_C7_V5/openwrt/build_dir/host/cmake-2.8.9/CMakeFiles/CMakeTmp/CheckIncludeFiles.c:44:22: fatal error: wincrypt.h: No such file or directory
 #include <wincrypt.h>
                      ^
compilation terminated.
make[6]: *** [CMakeFiles/cmTryCompileExec2543456419.dir/CheckIncludeFiles.c.o] Error 1
make[6]: Leaving directory `/home/ubuntu/Archer_C7_V5/openwrt/build_dir/host/cmake-2.8.9/CMakeFiles/CMakeTmp'
make[5]: Leaving directory `/home/ubuntu/Archer_C7_V5/openwrt/build_dir/host/cmake-2.8.9/CMakeFiles/CMakeTmp'
make[5]: *** [cmTryCompileExec2543456419/fast] Error 2

Source:
/* */
#include <sys/types.h>
#include <ctype.h>
#include <dlfcn.h>
#include <errno.h>
#include <fcntl.h>
#include <grp.h>
#include <inttypes.h>
#include <langinfo.h>
#include <limits.h>
#include <linux/types.h>
#include <linux/fiemap.h>
#include <linux/fs.h>
#include <linux/magic.h>
#include <locale.h>
#include <memory.h>
#include <paths.h>
#include <poll.h>
#include <pwd.h>
#include <regex.h>
#include <signal.h>
#include <stdarg.h>
#include <stdint.h>
#include <stdlib.h>
#include <string.h>
#include <strings.h>
#include <sys/cdefs.h>
#include <sys/ioctl.h>
#include <sys/param.h>
#include <sys/poll.h>
#include <sys/select.h>
#include <sys/stat.h>
#include <sys/statfs.h>
#include <sys/statvfs.h>
#include <sys/time.h>
#include <sys/utsname.h>
#include <sys/vfs.h>
#include <sys/wait.h>
#include <time.h>
#include <unistd.h>
#include <utime.h>
#include <wchar.h>
#include <wctype.h>
#include <wincrypt.h>


int main(){return 0;}

Determining if files sys/types.h;ctype.h;dlfcn.h;errno.h;fcntl.h;grp.h;inttypes.h;langinfo.h;limits.h;linux/types.h;linux/fiemap.h;linux/fs.h;linux/magic.h;locale.h;memory.h;paths.h;poll.h;pwd.h;regex.h;signal.h;stdarg.h;stdint.h;stdlib.h;string.h;strings.h;sys/cdefs.h;sys/ioctl.h;sys/param.h;sys/poll.h;sys/select.h;sys/stat.h;sys/statfs.h;sys/statvfs.h;sys/time.h;sys/utsname.h;sys/vfs.h;sys/wait.h;time.h;unistd.h;utime.h;wchar.h;wctype.h;winioctl.h exist failed with the following output:
Change Dir: /home/ubuntu/Archer_C7_V5/openwrt/build_dir/host/cmake-2.8.9/CMakeFiles/CMakeTmp

Run Build Command:/usr/bin/make "cmTryCompileExec2642032910/fast"
make[5]: Entering directory `/home/ubuntu/Archer_C7_V5/openwrt/build_dir/host/cmake-2.8.9/CMakeFiles/CMakeTmp'
make -f CMakeFiles/cmTryCompileExec2642032910.dir/build.make CMakeFiles/cmTryCompileExec2642032910.dir/build
make[6]: Entering directory `/home/ubuntu/Archer_C7_V5/openwrt/build_dir/host/cmake-2.8.9/CMakeFiles/CMakeTmp'
/home/ubuntu/Archer_C7_V5/openwrt/build_dir/host/cmake-2.8.9/Bootstrap.cmk/cmake -E cmake_progress_report /home/ubuntu/Archer_C7_V5/openwrt/build_dir/host/cmake-2.8.9/CMakeFiles/CMakeTmp/CMakeFiles 1
Building C object CMakeFiles/cmTryCompileExec2642032910.dir/CheckIncludeFiles.c.o
/usr/bin/gcc   -w     -o CMakeFiles/cmTryCompileExec2642032910.dir/CheckIncludeFiles.c.o   -c /home/ubuntu/Archer_C7_V5/openwrt/build_dir/host/cmake-2.8.9/CMakeFiles/CMakeTmp/CheckIncludeFiles.c
/home/ubuntu/Archer_C7_V5/openwrt/build_dir/host/cmake-2.8.9/CMakeFiles/CMakeTmp/CheckIncludeFiles.c:44:22: fatal error: winioctl.h: No such file or directory
 #include <winioctl.h>
                      ^
compilation terminated.
make[6]: *** [CMakeFiles/cmTryCompileExec2642032910.dir/CheckIncludeFiles.c.o] Error 1
make[6]: Leaving directory `/home/ubuntu/Archer_C7_V5/openwrt/build_dir/host/cmake-2.8.9/CMakeFiles/CMakeTmp'
make[5]: Leaving directory `/home/ubuntu/Archer_C7_V5/openwrt/build_dir/host/cmake-2.8.9/CMakeFiles/CMakeTmp'
make[5]: *** [cmTryCompileExec2642032910/fast] Error 2

Source:
/* */
#include <sys/types.h>
#include <ctype.h>
#include <dlfcn.h>
#include <errno.h>
#include <fcntl.h>
#include <grp.h>
#include <inttypes.h>
#include <langinfo.h>
#include <limits.h>
#include <linux/types.h>
#include <linux/fiemap.h>
#include <linux/fs.h>
#include <linux/magic.h>
#include <locale.h>
#include <memory.h>
#include <paths.h>
#include <poll.h>
#include <pwd.h>
#include <regex.h>
#include <signal.h>
#include <stdarg.h>
#include <stdint.h>
#include <stdlib.h>
#include <string.h>
#include <strings.h>
#include <sys/cdefs.h>
#include <sys/ioctl.h>
#include <sys/param.h>
#include <sys/poll.h>
#include <sys/select.h>
#include <sys/stat.h>
#include <sys/statfs.h>
#include <sys/statvfs.h>
#include <sys/time.h>
#include <sys/utsname.h>
#include <sys/vfs.h>
#include <sys/wait.h>
#include <time.h>
#include <unistd.h>
#include <utime.h>
#include <wchar.h>
#include <wctype.h>
#include <winioctl.h>


int main(){return 0;}

Determining if the function MD5Init exists in the md failed with the following output:
Change Dir: /home/ubuntu/Archer_C7_V5/openwrt/build_dir/host/cmake-2.8.9/CMakeFiles/CMakeTmp

Run Build Command:/usr/bin/make "cmTryCompileExec4272297506/fast"
make[5]: Entering directory `/home/ubuntu/Archer_C7_V5/openwrt/build_dir/host/cmake-2.8.9/CMakeFiles/CMakeTmp'
make -f CMakeFiles/cmTryCompileExec4272297506.dir/build.make CMakeFiles/cmTryCompileExec4272297506.dir/build
make[6]: Entering directory `/home/ubuntu/Archer_C7_V5/openwrt/build_dir/host/cmake-2.8.9/CMakeFiles/CMakeTmp'
/home/ubuntu/Archer_C7_V5/openwrt/build_dir/host/cmake-2.8.9/Bootstrap.cmk/cmake -E cmake_progress_report /home/ubuntu/Archer_C7_V5/openwrt/build_dir/host/cmake-2.8.9/CMakeFiles/CMakeTmp/CMakeFiles 1
Building C object CMakeFiles/cmTryCompileExec4272297506.dir/CheckFunctionExists.c.o
/usr/bin/gcc   -w  -DCHECK_FUNCTION_EXISTS=MD5Init   -o CMakeFiles/cmTryCompileExec4272297506.dir/CheckFunctionExists.c.o   -c /home/ubuntu/Archer_C7_V5/openwrt/build_dir/host/cmake-2.8.9/Modules/CheckFunctionExists.c
Linking C executable cmTryCompileExec4272297506
/home/ubuntu/Archer_C7_V5/openwrt/build_dir/host/cmake-2.8.9/Bootstrap.cmk/cmake -E cmake_link_script CMakeFiles/cmTryCompileExec4272297506.dir/link.txt --verbose=1
/usr/bin/gcc    -w  -DCHECK_FUNCTION_EXISTS=MD5Init    CMakeFiles/cmTryCompileExec4272297506.dir/CheckFunctionExists.c.o  -o cmTryCompileExec4272297506 -rdynamic -lmd 
/usr/bin/ld: cannot find -lmd
collect2: error: ld returned 1 exit status
make[6]: Leaving directory `/home/ubuntu/Archer_C7_V5/openwrt/build_dir/host/cmake-2.8.9/CMakeFiles/CMakeTmp'
make[5]: Leaving directory `/home/ubuntu/Archer_C7_V5/openwrt/build_dir/host/cmake-2.8.9/CMakeFiles/CMakeTmp'
make[6]: *** [cmTryCompileExec4272297506] Error 1
make[5]: *** [cmTryCompileExec4272297506/fast] Error 2


Determining if the _CrtSetReportMode exist failed with the following output:
Change Dir: /home/ubuntu/Archer_C7_V5/openwrt/build_dir/host/cmake-2.8.9/CMakeFiles/CMakeTmp

Run Build Command:/usr/bin/make "cmTryCompileExec1271830168/fast"
make[5]: Entering directory `/home/ubuntu/Archer_C7_V5/openwrt/build_dir/host/cmake-2.8.9/CMakeFiles/CMakeTmp'
make -f CMakeFiles/cmTryCompileExec1271830168.dir/build.make CMakeFiles/cmTryCompileExec1271830168.dir/build
make[6]: Entering directory `/home/ubuntu/Archer_C7_V5/openwrt/build_dir/host/cmake-2.8.9/CMakeFiles/CMakeTmp'
/home/ubuntu/Archer_C7_V5/openwrt/build_dir/host/cmake-2.8.9/Bootstrap.cmk/cmake -E cmake_progress_report /home/ubuntu/Archer_C7_V5/openwrt/build_dir/host/cmake-2.8.9/CMakeFiles/CMakeTmp/CMakeFiles 1
Building C object CMakeFiles/cmTryCompileExec1271830168.dir/CheckSymbolExists.c.o
/usr/bin/gcc   -w   -fno-builtin   -o CMakeFiles/cmTryCompileExec1271830168.dir/CheckSymbolExists.c.o   -c /home/ubuntu/Archer_C7_V5/openwrt/build_dir/host/cmake-2.8.9/CMakeFiles/CMakeTmp/CheckSymbolExists.c
/home/ubuntu/Archer_C7_V5/openwrt/build_dir/host/cmake-2.8.9/CMakeFiles/CMakeTmp/CheckSymbolExists.c:2:20: fatal error: crtdbg.h: No such file or directory
 #include <crtdbg.h>
                    ^
compilation terminated.
make[6]: Leaving directory `/home/ubuntu/Archer_C7_V5/openwrt/build_dir/host/cmake-2.8.9/CMakeFiles/CMakeTmp'
make[6]: *** [CMakeFiles/cmTryCompileExec1271830168.dir/CheckSymbolExists.c.o] Error 1
make[5]: Leaving directory `/home/ubuntu/Archer_C7_V5/openwrt/build_dir/host/cmake-2.8.9/CMakeFiles/CMakeTmp'
make[5]: *** [cmTryCompileExec1271830168/fast] Error 2

File /home/ubuntu/Archer_C7_V5/openwrt/build_dir/host/cmake-2.8.9/CMakeFiles/CMakeTmp/CheckSymbolExists.c:
/* */
#include <crtdbg.h>

int main(int argc, char** argv)
{
  (void)argv;
#ifndef _CrtSetReportMode
  return ((int*)(&_CrtSetReportMode))[argc];
#else
  (void)argc;
  return 0;
#endif
}

Determining if the function getvfsbyname exists failed with the following output:
Change Dir: /home/ubuntu/Archer_C7_V5/openwrt/build_dir/host/cmake-2.8.9/CMakeFiles/CMakeTmp

Run Build Command:/usr/bin/make "cmTryCompileExec4237058297/fast"
make[5]: Entering directory `/home/ubuntu/Archer_C7_V5/openwrt/build_dir/host/cmake-2.8.9/CMakeFiles/CMakeTmp'
make -f CMakeFiles/cmTryCompileExec4237058297.dir/build.make CMakeFiles/cmTryCompileExec4237058297.dir/build
make[6]: Entering directory `/home/ubuntu/Archer_C7_V5/openwrt/build_dir/host/cmake-2.8.9/CMakeFiles/CMakeTmp'
/home/ubuntu/Archer_C7_V5/openwrt/build_dir/host/cmake-2.8.9/Bootstrap.cmk/cmake -E cmake_progress_report /home/ubuntu/Archer_C7_V5/openwrt/build_dir/host/cmake-2.8.9/CMakeFiles/CMakeTmp/CMakeFiles 1
Building C object CMakeFiles/cmTryCompileExec4237058297.dir/CheckFunctionExists.c.o
/usr/bin/gcc   -w  -DCHECK_FUNCTION_EXISTS=getvfsbyname  -fno-builtin   -o CMakeFiles/cmTryCompileExec4237058297.dir/CheckFunctionExists.c.o   -c /home/ubuntu/Archer_C7_V5/openwrt/build_dir/host/cmake-2.8.9/Modules/CheckFunctionExists.c
Linking C executable cmTryCompileExec4237058297
/home/ubuntu/Archer_C7_V5/openwrt/build_dir/host/cmake-2.8.9/Bootstrap.cmk/cmake -E cmake_link_script CMakeFiles/cmTryCompileExec4237058297.dir/link.txt --verbose=1
/usr/bin/gcc    -w  -DCHECK_FUNCTION_EXISTS=getvfsbyname  -fno-builtin    CMakeFiles/cmTryCompileExec4237058297.dir/CheckFunctionExists.c.o  -o cmTryCompileExec4237058297 -rdynamic 
CMakeFiles/cmTryCompileExec4237058297.dir/CheckFunctionExists.c.o: In function `main':
CheckFunctionExists.c:(.text+0x7): undefined reference to `getvfsbyname'
collect2: error: ld returned 1 exit status
make[6]: Leaving directory `/home/ubuntu/Archer_C7_V5/openwrt/build_dir/host/cmake-2.8.9/CMakeFiles/CMakeTmp'
make[5]: Leaving directory `/home/ubuntu/Archer_C7_V5/openwrt/build_dir/host/cmake-2.8.9/CMakeFiles/CMakeTmp'
make[6]: *** [cmTryCompileExec4237058297] Error 1
make[5]: *** [cmTryCompileExec4237058297/fast] Error 2


Determining if the function lchflags exists failed with the following output:
Change Dir: /home/ubuntu/Archer_C7_V5/openwrt/build_dir/host/cmake-2.8.9/CMakeFiles/CMakeTmp

Run Build Command:/usr/bin/make "cmTryCompileExec2209337548/fast"
make[5]: Entering directory `/home/ubuntu/Archer_C7_V5/openwrt/build_dir/host/cmake-2.8.9/CMakeFiles/CMakeTmp'
make -f CMakeFiles/cmTryCompileExec2209337548.dir/build.make CMakeFiles/cmTryCompileExec2209337548.dir/build
make[6]: Entering directory `/home/ubuntu/Archer_C7_V5/openwrt/build_dir/host/cmake-2.8.9/CMakeFiles/CMakeTmp'
/home/ubuntu/Archer_C7_V5/openwrt/build_dir/host/cmake-2.8.9/Bootstrap.cmk/cmake -E cmake_progress_report /home/ubuntu/Archer_C7_V5/openwrt/build_dir/host/cmake-2.8.9/CMakeFiles/CMakeTmp/CMakeFiles 1
Building C object CMakeFiles/cmTryCompileExec2209337548.dir/CheckFunctionExists.c.o
/usr/bin/gcc   -w  -DCHECK_FUNCTION_EXISTS=lchflags  -fno-builtin   -o CMakeFiles/cmTryCompileExec2209337548.dir/CheckFunctionExists.c.o   -c /home/ubuntu/Archer_C7_V5/openwrt/build_dir/host/cmake-2.8.9/Modules/CheckFunctionExists.c
Linking C executable cmTryCompileExec2209337548
/home/ubuntu/Archer_C7_V5/openwrt/build_dir/host/cmake-2.8.9/Bootstrap.cmk/cmake -E cmake_link_script CMakeFiles/cmTryCompileExec2209337548.dir/link.txt --verbose=1
/usr/bin/gcc    -w  -DCHECK_FUNCTION_EXISTS=lchflags  -fno-builtin    CMakeFiles/cmTryCompileExec2209337548.dir/CheckFunctionExists.c.o  -o cmTryCompileExec2209337548 -rdynamic 
CMakeFiles/cmTryCompileExec2209337548.dir/CheckFunctionExists.c.o: In function `main':
CheckFunctionExists.c:(.text+0x7): undefined reference to `lchflags'
collect2: error: ld returned 1 exit status
make[6]: Leaving directory `/home/ubuntu/Archer_C7_V5/openwrt/build_dir/host/cmake-2.8.9/CMakeFiles/CMakeTmp'
make[5]: Leaving directory `/home/ubuntu/Archer_C7_V5/openwrt/build_dir/host/cmake-2.8.9/CMakeFiles/CMakeTmp'
make[6]: *** [cmTryCompileExec2209337548] Error 1
make[5]: *** [cmTryCompileExec2209337548/fast] Error 2


Determining if the function strncpy_s exists failed with the following output:
Change Dir: /home/ubuntu/Archer_C7_V5/openwrt/build_dir/host/cmake-2.8.9/CMakeFiles/CMakeTmp

Run Build Command:/usr/bin/make "cmTryCompileExec3071980160/fast"
make[5]: Entering directory `/home/ubuntu/Archer_C7_V5/openwrt/build_dir/host/cmake-2.8.9/CMakeFiles/CMakeTmp'
make -f CMakeFiles/cmTryCompileExec3071980160.dir/build.make CMakeFiles/cmTryCompileExec3071980160.dir/build
make[6]: Entering directory `/home/ubuntu/Archer_C7_V5/openwrt/build_dir/host/cmake-2.8.9/CMakeFiles/CMakeTmp'
/home/ubuntu/Archer_C7_V5/openwrt/build_dir/host/cmake-2.8.9/Bootstrap.cmk/cmake -E cmake_progress_report /home/ubuntu/Archer_C7_V5/openwrt/build_dir/host/cmake-2.8.9/CMakeFiles/CMakeTmp/CMakeFiles 1
Building C object CMakeFiles/cmTryCompileExec3071980160.dir/CheckFunctionExists.c.o
/usr/bin/gcc   -w  -DCHECK_FUNCTION_EXISTS=strncpy_s  -fno-builtin   -o CMakeFiles/cmTryCompileExec3071980160.dir/CheckFunctionExists.c.o   -c /home/ubuntu/Archer_C7_V5/openwrt/build_dir/host/cmake-2.8.9/Modules/CheckFunctionExists.c
Linking C executable cmTryCompileExec3071980160
/home/ubuntu/Archer_C7_V5/openwrt/build_dir/host/cmake-2.8.9/Bootstrap.cmk/cmake -E cmake_link_script CMakeFiles/cmTryCompileExec3071980160.dir/link.txt --verbose=1
/usr/bin/gcc    -w  -DCHECK_FUNCTION_EXISTS=strncpy_s  -fno-builtin    CMakeFiles/cmTryCompileExec3071980160.dir/CheckFunctionExists.c.o  -o cmTryCompileExec3071980160 -rdynamic 
CMakeFiles/cmTryCompileExec3071980160.dir/CheckFunctionExists.c.o: In function `main':
CheckFunctionExists.c:(.text+0x7): undefined reference to `strncpy_s'
collect2: error: ld returned 1 exit status
make[6]: Leaving directory `/home/ubuntu/Archer_C7_V5/openwrt/build_dir/host/cmake-2.8.9/CMakeFiles/CMakeTmp'
make[5]: Leaving directory `/home/ubuntu/Archer_C7_V5/openwrt/build_dir/host/cmake-2.8.9/CMakeFiles/CMakeTmp'
make[6]: *** [cmTryCompileExec3071980160] Error 1
make[5]: *** [cmTryCompileExec3071980160/fast] Error 2


Determining if the function _ctime64_s exists failed with the following output:
Change Dir: /home/ubuntu/Archer_C7_V5/openwrt/build_dir/host/cmake-2.8.9/CMakeFiles/CMakeTmp

Run Build Command:/usr/bin/make "cmTryCompileExec2972778208/fast"
make[5]: Entering directory `/home/ubuntu/Archer_C7_V5/openwrt/build_dir/host/cmake-2.8.9/CMakeFiles/CMakeTmp'
make -f CMakeFiles/cmTryCompileExec2972778208.dir/build.make CMakeFiles/cmTryCompileExec2972778208.dir/build
make[6]: Entering directory `/home/ubuntu/Archer_C7_V5/openwrt/build_dir/host/cmake-2.8.9/CMakeFiles/CMakeTmp'
/home/ubuntu/Archer_C7_V5/openwrt/build_dir/host/cmake-2.8.9/Bootstrap.cmk/cmake -E cmake_progress_report /home/ubuntu/Archer_C7_V5/openwrt/build_dir/host/cmake-2.8.9/CMakeFiles/CMakeTmp/CMakeFiles 1
Building C object CMakeFiles/cmTryCompileExec2972778208.dir/CheckFunctionExists.c.o
/usr/bin/gcc   -w  -DCHECK_FUNCTION_EXISTS=_ctime64_s  -fno-builtin   -o CMakeFiles/cmTryCompileExec2972778208.dir/CheckFunctionExists.c.o   -c /home/ubuntu/Archer_C7_V5/openwrt/build_dir/host/cmake-2.8.9/Modules/CheckFunctionExists.c
Linking C executable cmTryCompileExec2972778208
/home/ubuntu/Archer_C7_V5/openwrt/build_dir/host/cmake-2.8.9/Bootstrap.cmk/cmake -E cmake_link_script CMakeFiles/cmTryCompileExec2972778208.dir/link.txt --verbose=1
/usr/bin/gcc    -w  -DCHECK_FUNCTION_EXISTS=_ctime64_s  -fno-builtin    CMakeFiles/cmTryCompileExec2972778208.dir/CheckFunctionExists.c.o  -o cmTryCompileExec2972778208 -rdynamic 
CMakeFiles/cmTryCompileExec2972778208.dir/CheckFunctionExists.c.o: In function `main':
CheckFunctionExists.c:(.text+0x7): undefined reference to `_ctime64_s'
collect2: error: ld returned 1 exit status
make[6]: Leaving directory `/home/ubuntu/Archer_C7_V5/openwrt/build_dir/host/cmake-2.8.9/CMakeFiles/CMakeTmp'
make[5]: Leaving directory `/home/ubuntu/Archer_C7_V5/openwrt/build_dir/host/cmake-2.8.9/CMakeFiles/CMakeTmp'
make[6]: *** [cmTryCompileExec2972778208] Error 1
make[5]: *** [cmTryCompileExec2972778208/fast] Error 2


Determining if the function _fseeki64 exists failed with the following output:
Change Dir: /home/ubuntu/Archer_C7_V5/openwrt/build_dir/host/cmake-2.8.9/CMakeFiles/CMakeTmp

Run Build Command:/usr/bin/make "cmTryCompileExec280236593/fast"
make[5]: Entering directory `/home/ubuntu/Archer_C7_V5/openwrt/build_dir/host/cmake-2.8.9/CMakeFiles/CMakeTmp'
make -f CMakeFiles/cmTryCompileExec280236593.dir/build.make CMakeFiles/cmTryCompileExec280236593.dir/build
make[6]: Entering directory `/home/ubuntu/Archer_C7_V5/openwrt/build_dir/host/cmake-2.8.9/CMakeFiles/CMakeTmp'
/home/ubuntu/Archer_C7_V5/openwrt/build_dir/host/cmake-2.8.9/Bootstrap.cmk/cmake -E cmake_progress_report /home/ubuntu/Archer_C7_V5/openwrt/build_dir/host/cmake-2.8.9/CMakeFiles/CMakeTmp/CMakeFiles 1
Building C object CMakeFiles/cmTryCompileExec280236593.dir/CheckFunctionExists.c.o
/usr/bin/gcc   -w  -DCHECK_FUNCTION_EXISTS=_fseeki64  -fno-builtin   -o CMakeFiles/cmTryCompileExec280236593.dir/CheckFunctionExists.c.o   -c /home/ubuntu/Archer_C7_V5/openwrt/build_dir/host/cmake-2.8.9/Modules/CheckFunctionExists.c
Linking C executable cmTryCompileExec280236593
/home/ubuntu/Archer_C7_V5/openwrt/build_dir/host/cmake-2.8.9/Bootstrap.cmk/cmake -E cmake_link_script CMakeFiles/cmTryCompileExec280236593.dir/link.txt --verbose=1
/usr/bin/gcc    -w  -DCHECK_FUNCTION_EXISTS=_fseeki64  -fno-builtin    CMakeFiles/cmTryCompileExec280236593.dir/CheckFunctionExists.c.o  -o cmTryCompileExec280236593 -rdynamic 
CMakeFiles/cmTryCompileExec280236593.dir/CheckFunctionExists.c.o: In function `main':
CheckFunctionExists.c:(.text+0x7): undefined reference to `_fseeki64'
collect2: error: ld returned 1 exit status
make[6]: *** [cmTryCompileExec280236593] Error 1
make[6]: Leaving directory `/home/ubuntu/Archer_C7_V5/openwrt/build_dir/host/cmake-2.8.9/CMakeFiles/CMakeTmp'
make[5]: Leaving directory `/home/ubuntu/Archer_C7_V5/openwrt/build_dir/host/cmake-2.8.9/CMakeFiles/CMakeTmp'
make[5]: *** [cmTryCompileExec280236593/fast] Error 2


Determining if the function _get_timezone exists failed with the following output:
Change Dir: /home/ubuntu/Archer_C7_V5/openwrt/build_dir/host/cmake-2.8.9/CMakeFiles/CMakeTmp

Run Build Command:/usr/bin/make "cmTryCompileExec3180920853/fast"
make[5]: Entering directory `/home/ubuntu/Archer_C7_V5/openwrt/build_dir/host/cmake-2.8.9/CMakeFiles/CMakeTmp'
make -f CMakeFiles/cmTryCompileExec3180920853.dir/build.make CMakeFiles/cmTryCompileExec3180920853.dir/build
make[6]: Entering directory `/home/ubuntu/Archer_C7_V5/openwrt/build_dir/host/cmake-2.8.9/CMakeFiles/CMakeTmp'
/home/ubuntu/Archer_C7_V5/openwrt/build_dir/host/cmake-2.8.9/Bootstrap.cmk/cmake -E cmake_progress_report /home/ubuntu/Archer_C7_V5/openwrt/build_dir/host/cmake-2.8.9/CMakeFiles/CMakeTmp/CMakeFiles 1
Building C object CMakeFiles/cmTryCompileExec3180920853.dir/CheckFunctionExists.c.o
/usr/bin/gcc   -w  -DCHECK_FUNCTION_EXISTS=_get_timezone  -fno-builtin   -o CMakeFiles/cmTryCompileExec3180920853.dir/CheckFunctionExists.c.o   -c /home/ubuntu/Archer_C7_V5/openwrt/build_dir/host/cmake-2.8.9/Modules/CheckFunctionExists.c
Linking C executable cmTryCompileExec3180920853
/home/ubuntu/Archer_C7_V5/openwrt/build_dir/host/cmake-2.8.9/Bootstrap.cmk/cmake -E cmake_link_script CMakeFiles/cmTryCompileExec3180920853.dir/link.txt --verbose=1
/usr/bin/gcc    -w  -DCHECK_FUNCTION_EXISTS=_get_timezone  -fno-builtin    CMakeFiles/cmTryCompileExec3180920853.dir/CheckFunctionExists.c.o  -o cmTryCompileExec3180920853 -rdynamic 
CMakeFiles/cmTryCompileExec3180920853.dir/CheckFunctionExists.c.o: In function `main':
CheckFunctionExists.c:(.text+0x7): undefined reference to `_get_timezone'
collect2: error: ld returned 1 exit status
make[6]: Leaving directory `/home/ubuntu/Archer_C7_V5/openwrt/build_dir/host/cmake-2.8.9/CMakeFiles/CMakeTmp'
make[5]: Leaving directory `/home/ubuntu/Archer_C7_V5/openwrt/build_dir/host/cmake-2.8.9/CMakeFiles/CMakeTmp'
make[6]: *** [cmTryCompileExec3180920853] Error 1
make[5]: *** [cmTryCompileExec3180920853/fast] Error 2


Determining if the function _localtime64_s exists failed with the following output:
Change Dir: /home/ubuntu/Archer_C7_V5/openwrt/build_dir/host/cmake-2.8.9/CMakeFiles/CMakeTmp

Run Build Command:/usr/bin/make "cmTryCompileExec2029100617/fast"
make[5]: Entering directory `/home/ubuntu/Archer_C7_V5/openwrt/build_dir/host/cmake-2.8.9/CMakeFiles/CMakeTmp'
make -f CMakeFiles/cmTryCompileExec2029100617.dir/build.make CMakeFiles/cmTryCompileExec2029100617.dir/build
make[6]: Entering directory `/home/ubuntu/Archer_C7_V5/openwrt/build_dir/host/cmake-2.8.9/CMakeFiles/CMakeTmp'
/home/ubuntu/Archer_C7_V5/openwrt/build_dir/host/cmake-2.8.9/Bootstrap.cmk/cmake -E cmake_progress_report /home/ubuntu/Archer_C7_V5/openwrt/build_dir/host/cmake-2.8.9/CMakeFiles/CMakeTmp/CMakeFiles 1
Building C object CMakeFiles/cmTryCompileExec2029100617.dir/CheckFunctionExists.c.o
/usr/bin/gcc   -w  -DCHECK_FUNCTION_EXISTS=_localtime64_s  -fno-builtin   -o CMakeFiles/cmTryCompileExec2029100617.dir/CheckFunctionExists.c.o   -c /home/ubuntu/Archer_C7_V5/openwrt/build_dir/host/cmake-2.8.9/Modules/CheckFunctionExists.c
Linking C executable cmTryCompileExec2029100617
/home/ubuntu/Archer_C7_V5/openwrt/build_dir/host/cmake-2.8.9/Bootstrap.cmk/cmake -E cmake_link_script CMakeFiles/cmTryCompileExec2029100617.dir/link.txt --verbose=1
/usr/bin/gcc    -w  -DCHECK_FUNCTION_EXISTS=_localtime64_s  -fno-builtin    CMakeFiles/cmTryCompileExec2029100617.dir/CheckFunctionExists.c.o  -o cmTryCompileExec2029100617 -rdynamic 
CMakeFiles/cmTryCompileExec2029100617.dir/CheckFunctionExists.c.o: In function `main':
CheckFunctionExists.c:(.text+0x7): undefined reference to `_localtime64_s'
collect2: error: ld returned 1 exit status
make[6]: Leaving directory `/home/ubuntu/Archer_C7_V5/openwrt/build_dir/host/cmake-2.8.9/CMakeFiles/CMakeTmp'
make[5]: Leaving directory `/home/ubuntu/Archer_C7_V5/openwrt/build_dir/host/cmake-2.8.9/CMakeFiles/CMakeTmp'
make[6]: *** [cmTryCompileExec2029100617] Error 1
make[5]: *** [cmTryCompileExec2029100617/fast] Error 2


Determining if the function _mkgmtime64 exists failed with the following output:
Change Dir: /home/ubuntu/Archer_C7_V5/openwrt/build_dir/host/cmake-2.8.9/CMakeFiles/CMakeTmp

Run Build Command:/usr/bin/make "cmTryCompileExec2044386633/fast"
make[5]: Entering directory `/home/ubuntu/Archer_C7_V5/openwrt/build_dir/host/cmake-2.8.9/CMakeFiles/CMakeTmp'
make -f CMakeFiles/cmTryCompileExec2044386633.dir/build.make CMakeFiles/cmTryCompileExec2044386633.dir/build
make[6]: Entering directory `/home/ubuntu/Archer_C7_V5/openwrt/build_dir/host/cmake-2.8.9/CMakeFiles/CMakeTmp'
/home/ubuntu/Archer_C7_V5/openwrt/build_dir/host/cmake-2.8.9/Bootstrap.cmk/cmake -E cmake_progress_report /home/ubuntu/Archer_C7_V5/openwrt/build_dir/host/cmake-2.8.9/CMakeFiles/CMakeTmp/CMakeFiles 1
Building C object CMakeFiles/cmTryCompileExec2044386633.dir/CheckFunctionExists.c.o
/usr/bin/gcc   -w  -DCHECK_FUNCTION_EXISTS=_mkgmtime64  -fno-builtin   -o CMakeFiles/cmTryCompileExec2044386633.dir/CheckFunctionExists.c.o   -c /home/ubuntu/Archer_C7_V5/openwrt/build_dir/host/cmake-2.8.9/Modules/CheckFunctionExists.c
Linking C executable cmTryCompileExec2044386633
/home/ubuntu/Archer_C7_V5/openwrt/build_dir/host/cmake-2.8.9/Bootstrap.cmk/cmake -E cmake_link_script CMakeFiles/cmTryCompileExec2044386633.dir/link.txt --verbose=1
/usr/bin/gcc    -w  -DCHECK_FUNCTION_EXISTS=_mkgmtime64  -fno-builtin    CMakeFiles/cmTryCompileExec2044386633.dir/CheckFunctionExists.c.o  -o cmTryCompileExec2044386633 -rdynamic 
CMakeFiles/cmTryCompileExec2044386633.dir/CheckFunctionExists.c.o: In function `main':
CheckFunctionExists.c:(.text+0x7): undefined reference to `_mkgmtime64'
collect2: error: ld returned 1 exit status
make[6]: Leaving directory `/home/ubuntu/Archer_C7_V5/openwrt/build_dir/host/cmake-2.8.9/CMakeFiles/CMakeTmp'
make[5]: Leaving directory `/home/ubuntu/Archer_C7_V5/openwrt/build_dir/host/cmake-2.8.9/CMakeFiles/CMakeTmp'
make[6]: *** [cmTryCompileExec2044386633] Error 1
make[5]: *** [cmTryCompileExec2044386633/fast] Error 2


Determining if the function cygwin_conv_path exists failed with the following output:
Change Dir: /home/ubuntu/Archer_C7_V5/openwrt/build_dir/host/cmake-2.8.9/CMakeFiles/CMakeTmp

Run Build Command:/usr/bin/make "cmTryCompileExec673847428/fast"
make[5]: Entering directory `/home/ubuntu/Archer_C7_V5/openwrt/build_dir/host/cmake-2.8.9/CMakeFiles/CMakeTmp'
make -f CMakeFiles/cmTryCompileExec673847428.dir/build.make CMakeFiles/cmTryCompileExec673847428.dir/build
make[6]: Entering directory `/home/ubuntu/Archer_C7_V5/openwrt/build_dir/host/cmake-2.8.9/CMakeFiles/CMakeTmp'
/home/ubuntu/Archer_C7_V5/openwrt/build_dir/host/cmake-2.8.9/Bootstrap.cmk/cmake -E cmake_progress_report /home/ubuntu/Archer_C7_V5/openwrt/build_dir/host/cmake-2.8.9/CMakeFiles/CMakeTmp/CMakeFiles 1
Building C object CMakeFiles/cmTryCompileExec673847428.dir/CheckFunctionExists.c.o
/usr/bin/gcc   -w  -DCHECK_FUNCTION_EXISTS=cygwin_conv_path  -fno-builtin   -o CMakeFiles/cmTryCompileExec673847428.dir/CheckFunctionExists.c.o   -c /home/ubuntu/Archer_C7_V5/openwrt/build_dir/host/cmake-2.8.9/Modules/CheckFunctionExists.c
Linking C executable cmTryCompileExec673847428
/home/ubuntu/Archer_C7_V5/openwrt/build_dir/host/cmake-2.8.9/Bootstrap.cmk/cmake -E cmake_link_script CMakeFiles/cmTryCompileExec673847428.dir/link.txt --verbose=1
/usr/bin/gcc    -w  -DCHECK_FUNCTION_EXISTS=cygwin_conv_path  -fno-builtin    CMakeFiles/cmTryCompileExec673847428.dir/CheckFunctionExists.c.o  -o cmTryCompileExec673847428 -rdynamic 
CMakeFiles/cmTryCompileExec673847428.dir/CheckFunctionExists.c.o: In function `main':
CheckFunctionExists.c:(.text+0x7): undefined reference to `cygwin_conv_path'
collect2: error: ld returned 1 exit status
make[6]: Leaving directory `/home/ubuntu/Archer_C7_V5/openwrt/build_dir/host/cmake-2.8.9/CMakeFiles/CMakeTmp'
make[5]: Leaving directory `/home/ubuntu/Archer_C7_V5/openwrt/build_dir/host/cmake-2.8.9/CMakeFiles/CMakeTmp'
make[6]: *** [cmTryCompileExec673847428] Error 1
make[5]: *** [cmTryCompileExec673847428/fast] Error 2


Performing C SOURCE FILE Test MAJOR_IN_MKDEV failed with the following output:
Change Dir: /home/ubuntu/Archer_C7_V5/openwrt/build_dir/host/cmake-2.8.9/CMakeFiles/CMakeTmp

Run Build Command:/usr/bin/make "cmTryCompileExec4237673625/fast"
make[5]: Entering directory `/home/ubuntu/Archer_C7_V5/openwrt/build_dir/host/cmake-2.8.9/CMakeFiles/CMakeTmp'
make -f CMakeFiles/cmTryCompileExec4237673625.dir/build.make CMakeFiles/cmTryCompileExec4237673625.dir/build
make[6]: Entering directory `/home/ubuntu/Archer_C7_V5/openwrt/build_dir/host/cmake-2.8.9/CMakeFiles/CMakeTmp'
/home/ubuntu/Archer_C7_V5/openwrt/build_dir/host/cmake-2.8.9/Bootstrap.cmk/cmake -E cmake_progress_report /home/ubuntu/Archer_C7_V5/openwrt/build_dir/host/cmake-2.8.9/CMakeFiles/CMakeTmp/CMakeFiles 1
Building C object CMakeFiles/cmTryCompileExec4237673625.dir/src.c.o
/usr/bin/gcc   -w  -DMAJOR_IN_MKDEV   -o CMakeFiles/cmTryCompileExec4237673625.dir/src.c.o   -c /home/ubuntu/Archer_C7_V5/openwrt/build_dir/host/cmake-2.8.9/CMakeFiles/CMakeTmp/src.c
/home/ubuntu/Archer_C7_V5/openwrt/build_dir/host/cmake-2.8.9/CMakeFiles/CMakeTmp/src.c:1:23: fatal error: sys/mkdev.h: No such file or directory
 #include <sys/mkdev.h>
                       ^
compilation terminated.
make[6]: Leaving directory `/home/ubuntu/Archer_C7_V5/openwrt/build_dir/host/cmake-2.8.9/CMakeFiles/CMakeTmp'
make[6]: *** [CMakeFiles/cmTryCompileExec4237673625.dir/src.c.o] Error 1
make[5]: Leaving directory `/home/ubuntu/Archer_C7_V5/openwrt/build_dir/host/cmake-2.8.9/CMakeFiles/CMakeTmp'
make[5]: *** [cmTryCompileExec4237673625/fast] Error 2

Source file was:
#include <sys/mkdev.h>
int main() { return major(256); }
Determining if the EFTYPE exist failed with the following output:
Change Dir: /home/ubuntu/Archer_C7_V5/openwrt/build_dir/host/cmake-2.8.9/CMakeFiles/CMakeTmp

Run Build Command:/usr/bin/make "cmTryCompileExec1758333168/fast"
make[5]: Entering directory `/home/ubuntu/Archer_C7_V5/openwrt/build_dir/host/cmake-2.8.9/CMakeFiles/CMakeTmp'
make -f CMakeFiles/cmTryCompileExec1758333168.dir/build.make CMakeFiles/cmTryCompileExec1758333168.dir/build
make[6]: Entering directory `/home/ubuntu/Archer_C7_V5/openwrt/build_dir/host/cmake-2.8.9/CMakeFiles/CMakeTmp'
/home/ubuntu/Archer_C7_V5/openwrt/build_dir/host/cmake-2.8.9/Bootstrap.cmk/cmake -E cmake_progress_report /home/ubuntu/Archer_C7_V5/openwrt/build_dir/host/cmake-2.8.9/CMakeFiles/CMakeTmp/CMakeFiles 1
Building C object CMakeFiles/cmTryCompileExec1758333168.dir/CheckSymbolExists.c.o
/usr/bin/gcc   -w     -o CMakeFiles/cmTryCompileExec1758333168.dir/CheckSymbolExists.c.o   -c /home/ubuntu/Archer_C7_V5/openwrt/build_dir/host/cmake-2.8.9/CMakeFiles/CMakeTmp/CheckSymbolExists.c
/home/ubuntu/Archer_C7_V5/openwrt/build_dir/host/cmake-2.8.9/CMakeFiles/CMakeTmp/CheckSymbolExists.c: In function 'main':
/home/ubuntu/Archer_C7_V5/openwrt/build_dir/host/cmake-2.8.9/CMakeFiles/CMakeTmp/CheckSymbolExists.c:8:19: error: 'EFTYPE' undeclared (first use in this function)
   return ((int*)(&EFTYPE))[argc];
                   ^
/home/ubuntu/Archer_C7_V5/openwrt/build_dir/host/cmake-2.8.9/CMakeFiles/CMakeTmp/CheckSymbolExists.c:8:19: note: each undeclared identifier is reported only once for each function it appears in
make[6]: Leaving directory `/home/ubuntu/Archer_C7_V5/openwrt/build_dir/host/cmake-2.8.9/CMakeFiles/CMakeTmp'
make[6]: *** [CMakeFiles/cmTryCompileExec1758333168.dir/CheckSymbolExists.c.o] Error 1
make[5]: Leaving directory `/home/ubuntu/Archer_C7_V5/openwrt/build_dir/host/cmake-2.8.9/CMakeFiles/CMakeTmp'
make[5]: *** [cmTryCompileExec1758333168/fast] Error 2

File /home/ubuntu/Archer_C7_V5/openwrt/build_dir/host/cmake-2.8.9/CMakeFiles/CMakeTmp/CheckSymbolExists.c:
/* */
#include <errno.h>

int main(int argc, char** argv)
{
  (void)argv;
#ifndef EFTYPE
  return ((int*)(&EFTYPE))[argc];
#else
  (void)argc;
  return 0;
#endif
}

Determining if the D_MD_ORDER exist failed with the following output:
Change Dir: /home/ubuntu/Archer_C7_V5/openwrt/build_dir/host/cmake-2.8.9/CMakeFiles/CMakeTmp

Run Build Command:/usr/bin/make "cmTryCompileExec2759013387/fast"
make[5]: Entering directory `/home/ubuntu/Archer_C7_V5/openwrt/build_dir/host/cmake-2.8.9/CMakeFiles/CMakeTmp'
make -f CMakeFiles/cmTryCompileExec2759013387.dir/build.make CMakeFiles/cmTryCompileExec2759013387.dir/build
make[6]: Entering directory `/home/ubuntu/Archer_C7_V5/openwrt/build_dir/host/cmake-2.8.9/CMakeFiles/CMakeTmp'
/home/ubuntu/Archer_C7_V5/openwrt/build_dir/host/cmake-2.8.9/Bootstrap.cmk/cmake -E cmake_progress_report /home/ubuntu/Archer_C7_V5/openwrt/build_dir/host/cmake-2.8.9/CMakeFiles/CMakeTmp/CMakeFiles 1
Building C object CMakeFiles/cmTryCompileExec2759013387.dir/CheckSymbolExists.c.o
/usr/bin/gcc   -w     -o CMakeFiles/cmTryCompileExec2759013387.dir/CheckSymbolExists.c.o   -c /home/ubuntu/Archer_C7_V5/openwrt/build_dir/host/cmake-2.8.9/CMakeFiles/CMakeTmp/CheckSymbolExists.c
/home/ubuntu/Archer_C7_V5/openwrt/build_dir/host/cmake-2.8.9/CMakeFiles/CMakeTmp/CheckSymbolExists.c: In function 'main':
/home/ubuntu/Archer_C7_V5/openwrt/build_dir/host/cmake-2.8.9/CMakeFiles/CMakeTmp/CheckSymbolExists.c:8:19: error: 'D_MD_ORDER' undeclared (first use in this function)
   return ((int*)(&D_MD_ORDER))[argc];
                   ^
/home/ubuntu/Archer_C7_V5/openwrt/build_dir/host/cmake-2.8.9/CMakeFiles/CMakeTmp/CheckSymbolExists.c:8:19: note: each undeclared identifier is reported only once for each function it appears in
make[6]: Leaving directory `/home/ubuntu/Archer_C7_V5/openwrt/build_dir/host/cmake-2.8.9/CMakeFiles/CMakeTmp'
make[6]: *** [CMakeFiles/cmTryCompileExec2759013387.dir/CheckSymbolExists.c.o] Error 1
make[5]: Leaving directory `/home/ubuntu/Archer_C7_V5/openwrt/build_dir/host/cmake-2.8.9/CMakeFiles/CMakeTmp'
make[5]: *** [cmTryCompileExec2759013387/fast] Error 2

File /home/ubuntu/Archer_C7_V5/openwrt/build_dir/host/cmake-2.8.9/CMakeFiles/CMakeTmp/CheckSymbolExists.c:
/* */
#include <langinfo.h>

int main(int argc, char** argv)
{
  (void)argv;
#ifndef D_MD_ORDER
  return ((int*)(&D_MD_ORDER))[argc];
#else
  (void)argc;
  return 0;
#endif
}

Performing C SOURCE FILE Test HAVE_STRUCT_TM___TM_GMTOFF failed with the following output:
Change Dir: /home/ubuntu/Archer_C7_V5/openwrt/build_dir/host/cmake-2.8.9/CMakeFiles/CMakeTmp

Run Build Command:/usr/bin/make "cmTryCompileExec509715004/fast"
make[5]: Entering directory `/home/ubuntu/Archer_C7_V5/openwrt/build_dir/host/cmake-2.8.9/CMakeFiles/CMakeTmp'
make -f CMakeFiles/cmTryCompileExec509715004.dir/build.make CMakeFiles/cmTryCompileExec509715004.dir/build
make[6]: Entering directory `/home/ubuntu/Archer_C7_V5/openwrt/build_dir/host/cmake-2.8.9/CMakeFiles/CMakeTmp'
/home/ubuntu/Archer_C7_V5/openwrt/build_dir/host/cmake-2.8.9/Bootstrap.cmk/cmake -E cmake_progress_report /home/ubuntu/Archer_C7_V5/openwrt/build_dir/host/cmake-2.8.9/CMakeFiles/CMakeTmp/CMakeFiles 1
Building C object CMakeFiles/cmTryCompileExec509715004.dir/src.c.o
/usr/bin/gcc   -w  -DHAVE_STRUCT_TM___TM_GMTOFF   -o CMakeFiles/cmTryCompileExec509715004.dir/src.c.o   -c /home/ubuntu/Archer_C7_V5/openwrt/build_dir/host/cmake-2.8.9/CMakeFiles/CMakeTmp/src.c
/home/ubuntu/Archer_C7_V5/openwrt/build_dir/host/cmake-2.8.9/CMakeFiles/CMakeTmp/src.c: In function 'main':
/home/ubuntu/Archer_C7_V5/openwrt/build_dir/host/cmake-2.8.9/CMakeFiles/CMakeTmp/src.c:7:18: error: 'struct tm' has no member named '__tm_gmtoff'
    if (sizeof(tmp.__tm_gmtoff))
                  ^
make[6]: Leaving directory `/home/ubuntu/Archer_C7_V5/openwrt/build_dir/host/cmake-2.8.9/CMakeFiles/CMakeTmp'
make[6]: *** [CMakeFiles/cmTryCompileExec509715004.dir/src.c.o] Error 1
make[5]: Leaving directory `/home/ubuntu/Archer_C7_V5/openwrt/build_dir/host/cmake-2.8.9/CMakeFiles/CMakeTmp'
make[5]: *** [cmTryCompileExec509715004/fast] Error 2

Source file was:

#include <time.h>

int main()
{
   static struct tm tmp;
   if (sizeof(tmp.__tm_gmtoff))
      return 0;
  return 0;
}

Performing C SOURCE FILE Test HAVE_STRUCT_STATFS_F_NAMEMAX failed with the following output:
Change Dir: /home/ubuntu/Archer_C7_V5/openwrt/build_dir/host/cmake-2.8.9/CMakeFiles/CMakeTmp

Run Build Command:/usr/bin/make "cmTryCompileExec3773390637/fast"
make[5]: Entering directory `/home/ubuntu/Archer_C7_V5/openwrt/build_dir/host/cmake-2.8.9/CMakeFiles/CMakeTmp'
make -f CMakeFiles/cmTryCompileExec3773390637.dir/build.make CMakeFiles/cmTryCompileExec3773390637.dir/build
make[6]: Entering directory `/home/ubuntu/Archer_C7_V5/openwrt/build_dir/host/cmake-2.8.9/CMakeFiles/CMakeTmp'
/home/ubuntu/Archer_C7_V5/openwrt/build_dir/host/cmake-2.8.9/Bootstrap.cmk/cmake -E cmake_progress_report /home/ubuntu/Archer_C7_V5/openwrt/build_dir/host/cmake-2.8.9/CMakeFiles/CMakeTmp/CMakeFiles 1
Building C object CMakeFiles/cmTryCompileExec3773390637.dir/src.c.o
/usr/bin/gcc   -w  -DHAVE_STRUCT_STATFS_F_NAMEMAX   -o CMakeFiles/cmTryCompileExec3773390637.dir/src.c.o   -c /home/ubuntu/Archer_C7_V5/openwrt/build_dir/host/cmake-2.8.9/CMakeFiles/CMakeTmp/src.c
/home/ubuntu/Archer_C7_V5/openwrt/build_dir/host/cmake-2.8.9/CMakeFiles/CMakeTmp/src.c: In function 'main':
/home/ubuntu/Archer_C7_V5/openwrt/build_dir/host/cmake-2.8.9/CMakeFiles/CMakeTmp/src.c:7:25: error: storage size of 'tmp' isn't known
    static struct statfs tmp;
                         ^
make[6]: Leaving directory `/home/ubuntu/Archer_C7_V5/openwrt/build_dir/host/cmake-2.8.9/CMakeFiles/CMakeTmp'
make[6]: *** [CMakeFiles/cmTryCompileExec3773390637.dir/src.c.o] Error 1
make[5]: Leaving directory `/home/ubuntu/Archer_C7_V5/openwrt/build_dir/host/cmake-2.8.9/CMakeFiles/CMakeTmp'
make[5]: *** [cmTryCompileExec3773390637/fast] Error 2

Source file was:

#include <sys/param.h>
#include <sys/mount.h>

int main()
{
   static struct statfs tmp;
   if (sizeof(tmp.f_namemax))
      return 0;
  return 0;
}

Performing C SOURCE FILE Test HAVE_STRUCT_STAT_ST_BIRTHTIME failed with the following output:
Change Dir: /home/ubuntu/Archer_C7_V5/openwrt/build_dir/host/cmake-2.8.9/CMakeFiles/CMakeTmp

Run Build Command:/usr/bin/make "cmTryCompileExec3463731778/fast"
make[5]: Entering directory `/home/ubuntu/Archer_C7_V5/openwrt/build_dir/host/cmake-2.8.9/CMakeFiles/CMakeTmp'
make -f CMakeFiles/cmTryCompileExec3463731778.dir/build.make CMakeFiles/cmTryCompileExec3463731778.dir/build
make[6]: Entering directory `/home/ubuntu/Archer_C7_V5/openwrt/build_dir/host/cmake-2.8.9/CMakeFiles/CMakeTmp'
/home/ubuntu/Archer_C7_V5/openwrt/build_dir/host/cmake-2.8.9/Bootstrap.cmk/cmake -E cmake_progress_report /home/ubuntu/Archer_C7_V5/openwrt/build_dir/host/cmake-2.8.9/CMakeFiles/CMakeTmp/CMakeFiles 1
Building C object CMakeFiles/cmTryCompileExec3463731778.dir/src.c.o
/usr/bin/gcc   -w  -DHAVE_STRUCT_STAT_ST_BIRTHTIME   -o CMakeFiles/cmTryCompileExec3463731778.dir/src.c.o   -c /home/ubuntu/Archer_C7_V5/openwrt/build_dir/host/cmake-2.8.9/CMakeFiles/CMakeTmp/src.c
/home/ubuntu/Archer_C7_V5/openwrt/build_dir/host/cmake-2.8.9/CMakeFiles/CMakeTmp/src.c: In function 'main':
/home/ubuntu/Archer_C7_V5/openwrt/build_dir/host/cmake-2.8.9/CMakeFiles/CMakeTmp/src.c:8:18: error: 'struct stat' has no member named 'st_birthtime'
    if (sizeof(tmp.st_birthtime))
                  ^
make[6]: Leaving directory `/home/ubuntu/Archer_C7_V5/openwrt/build_dir/host/cmake-2.8.9/CMakeFiles/CMakeTmp'
make[6]: *** [CMakeFiles/cmTryCompileExec3463731778.dir/src.c.o] Error 1
make[5]: Leaving directory `/home/ubuntu/Archer_C7_V5/openwrt/build_dir/host/cmake-2.8.9/CMakeFiles/CMakeTmp'
make[5]: *** [cmTryCompileExec3463731778/fast] Error 2

Source file was:

#include <sys/types.h>
#include <sys/stat.h>

int main()
{
   static struct stat tmp;
   if (sizeof(tmp.st_birthtime))
      return 0;
  return 0;
}

Performing C SOURCE FILE Test HAVE_STRUCT_STAT_ST_BIRTHTIMESPEC_TV_NSEC failed with the following output:
Change Dir: /home/ubuntu/Archer_C7_V5/openwrt/build_dir/host/cmake-2.8.9/CMakeFiles/CMakeTmp

Run Build Command:/usr/bin/make "cmTryCompileExec2654658292/fast"
make[5]: Entering directory `/home/ubuntu/Archer_C7_V5/openwrt/build_dir/host/cmake-2.8.9/CMakeFiles/CMakeTmp'
make -f CMakeFiles/cmTryCompileExec2654658292.dir/build.make CMakeFiles/cmTryCompileExec2654658292.dir/build
make[6]: Entering directory `/home/ubuntu/Archer_C7_V5/openwrt/build_dir/host/cmake-2.8.9/CMakeFiles/CMakeTmp'
/home/ubuntu/Archer_C7_V5/openwrt/build_dir/host/cmake-2.8.9/Bootstrap.cmk/cmake -E cmake_progress_report /home/ubuntu/Archer_C7_V5/openwrt/build_dir/host/cmake-2.8.9/CMakeFiles/CMakeTmp/CMakeFiles 1
Building C object CMakeFiles/cmTryCompileExec2654658292.dir/src.c.o
/usr/bin/gcc   -w  -DHAVE_STRUCT_STAT_ST_BIRTHTIMESPEC_TV_NSEC   -o CMakeFiles/cmTryCompileExec2654658292.dir/src.c.o   -c /home/ubuntu/Archer_C7_V5/openwrt/build_dir/host/cmake-2.8.9/CMakeFiles/CMakeTmp/src.c
/home/ubuntu/Archer_C7_V5/openwrt/build_dir/host/cmake-2.8.9/CMakeFiles/CMakeTmp/src.c: In function 'main':
/home/ubuntu/Archer_C7_V5/openwrt/build_dir/host/cmake-2.8.9/CMakeFiles/CMakeTmp/src.c:8:18: error: 'struct stat' has no member named 'st_birthtimespec'
    if (sizeof(tmp.st_birthtimespec.tv_nsec))
                  ^
make[6]: Leaving directory `/home/ubuntu/Archer_C7_V5/openwrt/build_dir/host/cmake-2.8.9/CMakeFiles/CMakeTmp'
make[6]: *** [CMakeFiles/cmTryCompileExec2654658292.dir/src.c.o] Error 1
make[5]: Leaving directory `/home/ubuntu/Archer_C7_V5/openwrt/build_dir/host/cmake-2.8.9/CMakeFiles/CMakeTmp'
make[5]: *** [cmTryCompileExec2654658292/fast] Error 2

Source file was:

#include <sys/types.h>
#include <sys/stat.h>

int main()
{
   static struct stat tmp;
   if (sizeof(tmp.st_birthtimespec.tv_nsec))
      return 0;
  return 0;
}

Performing C SOURCE FILE Test HAVE_STRUCT_STAT_ST_MTIMESPEC_TV_NSEC failed with the following output:
Change Dir: /home/ubuntu/Archer_C7_V5/openwrt/build_dir/host/cmake-2.8.9/CMakeFiles/CMakeTmp

Run Build Command:/usr/bin/make "cmTryCompileExec3034790580/fast"
make[5]: Entering directory `/home/ubuntu/Archer_C7_V5/openwrt/build_dir/host/cmake-2.8.9/CMakeFiles/CMakeTmp'
make -f CMakeFiles/cmTryCompileExec3034790580.dir/build.make CMakeFiles/cmTryCompileExec3034790580.dir/build
make[6]: Entering directory `/home/ubuntu/Archer_C7_V5/openwrt/build_dir/host/cmake-2.8.9/CMakeFiles/CMakeTmp'
/home/ubuntu/Archer_C7_V5/openwrt/build_dir/host/cmake-2.8.9/Bootstrap.cmk/cmake -E cmake_progress_report /home/ubuntu/Archer_C7_V5/openwrt/build_dir/host/cmake-2.8.9/CMakeFiles/CMakeTmp/CMakeFiles 1
Building C object CMakeFiles/cmTryCompileExec3034790580.dir/src.c.o
/usr/bin/gcc   -w  -DHAVE_STRUCT_STAT_ST_MTIMESPEC_TV_NSEC   -o CMakeFiles/cmTryCompileExec3034790580.dir/src.c.o   -c /home/ubuntu/Archer_C7_V5/openwrt/build_dir/host/cmake-2.8.9/CMakeFiles/CMakeTmp/src.c
/home/ubuntu/Archer_C7_V5/openwrt/build_dir/host/cmake-2.8.9/CMakeFiles/CMakeTmp/src.c: In function 'main':
/home/ubuntu/Archer_C7_V5/openwrt/build_dir/host/cmake-2.8.9/CMakeFiles/CMakeTmp/src.c:8:18: error: 'struct stat' has no member named 'st_mtimespec'
    if (sizeof(tmp.st_mtimespec.tv_nsec))
                  ^
make[6]: Leaving directory `/home/ubuntu/Archer_C7_V5/openwrt/build_dir/host/cmake-2.8.9/CMakeFiles/CMakeTmp'
make[6]: *** [CMakeFiles/cmTryCompileExec3034790580.dir/src.c.o] Error 1
make[5]: Leaving directory `/home/ubuntu/Archer_C7_V5/openwrt/build_dir/host/cmake-2.8.9/CMakeFiles/CMakeTmp'
make[5]: *** [cmTryCompileExec3034790580/fast] Error 2

Source file was:

#include <sys/types.h>
#include <sys/stat.h>

int main()
{
   static struct stat tmp;
   if (sizeof(tmp.st_mtimespec.tv_nsec))
      return 0;
  return 0;
}

Performing C SOURCE FILE Test HAVE_STRUCT_STAT_ST_MTIME_N failed with the following output:
Change Dir: /home/ubuntu/Archer_C7_V5/openwrt/build_dir/host/cmake-2.8.9/CMakeFiles/CMakeTmp

Run Build Command:/usr/bin/make "cmTryCompileExec271255745/fast"
make[5]: Entering directory `/home/ubuntu/Archer_C7_V5/openwrt/build_dir/host/cmake-2.8.9/CMakeFiles/CMakeTmp'
make -f CMakeFiles/cmTryCompileExec271255745.dir/build.make CMakeFiles/cmTryCompileExec271255745.dir/build
make[6]: Entering directory `/home/ubuntu/Archer_C7_V5/openwrt/build_dir/host/cmake-2.8.9/CMakeFiles/CMakeTmp'
/home/ubuntu/Archer_C7_V5/openwrt/build_dir/host/cmake-2.8.9/Bootstrap.cmk/cmake -E cmake_progress_report /home/ubuntu/Archer_C7_V5/openwrt/build_dir/host/cmake-2.8.9/CMakeFiles/CMakeTmp/CMakeFiles 1
Building C object CMakeFiles/cmTryCompileExec271255745.dir/src.c.o
/usr/bin/gcc   -w  -DHAVE_STRUCT_STAT_ST_MTIME_N   -o CMakeFiles/cmTryCompileExec271255745.dir/src.c.o   -c /home/ubuntu/Archer_C7_V5/openwrt/build_dir/host/cmake-2.8.9/CMakeFiles/CMakeTmp/src.c
/home/ubuntu/Archer_C7_V5/openwrt/build_dir/host/cmake-2.8.9/CMakeFiles/CMakeTmp/src.c: In function 'main':
/home/ubuntu/Archer_C7_V5/openwrt/build_dir/host/cmake-2.8.9/CMakeFiles/CMakeTmp/src.c:8:18: error: 'struct stat' has no member named 'st_mtime_n'
    if (sizeof(tmp.st_mtime_n))
                  ^
make[6]: Leaving directory `/home/ubuntu/Archer_C7_V5/openwrt/build_dir/host/cmake-2.8.9/CMakeFiles/CMakeTmp'
make[6]: *** [CMakeFiles/cmTryCompileExec271255745.dir/src.c.o] Error 1
make[5]: Leaving directory `/home/ubuntu/Archer_C7_V5/openwrt/build_dir/host/cmake-2.8.9/CMakeFiles/CMakeTmp'
make[5]: *** [cmTryCompileExec271255745/fast] Error 2

Source file was:

#include <sys/types.h>
#include <sys/stat.h>

int main()
{
   static struct stat tmp;
   if (sizeof(tmp.st_mtime_n))
      return 0;
  return 0;
}

Performing C SOURCE FILE Test HAVE_STRUCT_STAT_ST_UMTIME failed with the following output:
Change Dir: /home/ubuntu/Archer_C7_V5/openwrt/build_dir/host/cmake-2.8.9/CMakeFiles/CMakeTmp

Run Build Command:/usr/bin/make "cmTryCompileExec470339151/fast"
make[5]: Entering directory `/home/ubuntu/Archer_C7_V5/openwrt/build_dir/host/cmake-2.8.9/CMakeFiles/CMakeTmp'
make -f CMakeFiles/cmTryCompileExec470339151.dir/build.make CMakeFiles/cmTryCompileExec470339151.dir/build
make[6]: Entering directory `/home/ubuntu/Archer_C7_V5/openwrt/build_dir/host/cmake-2.8.9/CMakeFiles/CMakeTmp'
/home/ubuntu/Archer_C7_V5/openwrt/build_dir/host/cmake-2.8.9/Bootstrap.cmk/cmake -E cmake_progress_report /home/ubuntu/Archer_C7_V5/openwrt/build_dir/host/cmake-2.8.9/CMakeFiles/CMakeTmp/CMakeFiles 1
Building C object CMakeFiles/cmTryCompileExec470339151.dir/src.c.o
/usr/bin/gcc   -w  -DHAVE_STRUCT_STAT_ST_UMTIME   -o CMakeFiles/cmTryCompileExec470339151.dir/src.c.o   -c /home/ubuntu/Archer_C7_V5/openwrt/build_dir/host/cmake-2.8.9/CMakeFiles/CMakeTmp/src.c
/home/ubuntu/Archer_C7_V5/openwrt/build_dir/host/cmake-2.8.9/CMakeFiles/CMakeTmp/src.c: In function 'main':
/home/ubuntu/Archer_C7_V5/openwrt/build_dir/host/cmake-2.8.9/CMakeFiles/CMakeTmp/src.c:8:18: error: 'struct stat' has no member named 'st_umtime'
    if (sizeof(tmp.st_umtime))
                  ^
make[6]: *** [CMakeFiles/cmTryCompileExec470339151.dir/src.c.o] Error 1
make[6]: Leaving directory `/home/ubuntu/Archer_C7_V5/openwrt/build_dir/host/cmake-2.8.9/CMakeFiles/CMakeTmp'
make[5]: Leaving directory `/home/ubuntu/Archer_C7_V5/openwrt/build_dir/host/cmake-2.8.9/CMakeFiles/CMakeTmp'
make[5]: *** [cmTryCompileExec470339151/fast] Error 2

Source file was:

#include <sys/types.h>
#include <sys/stat.h>

int main()
{
   static struct stat tmp;
   if (sizeof(tmp.st_umtime))
      return 0;
  return 0;
}

Performing C SOURCE FILE Test HAVE_STRUCT_STAT_ST_MTIME_USEC failed with the following output:
Change Dir: /home/ubuntu/Archer_C7_V5/openwrt/build_dir/host/cmake-2.8.9/CMakeFiles/CMakeTmp

Run Build Command:/usr/bin/make "cmTryCompileExec1331642943/fast"
make[5]: Entering directory `/home/ubuntu/Archer_C7_V5/openwrt/build_dir/host/cmake-2.8.9/CMakeFiles/CMakeTmp'
make -f CMakeFiles/cmTryCompileExec1331642943.dir/build.make CMakeFiles/cmTryCompileExec1331642943.dir/build
make[6]: Entering directory `/home/ubuntu/Archer_C7_V5/openwrt/build_dir/host/cmake-2.8.9/CMakeFiles/CMakeTmp'
/home/ubuntu/Archer_C7_V5/openwrt/build_dir/host/cmake-2.8.9/Bootstrap.cmk/cmake -E cmake_progress_report /home/ubuntu/Archer_C7_V5/openwrt/build_dir/host/cmake-2.8.9/CMakeFiles/CMakeTmp/CMakeFiles 1
Building C object CMakeFiles/cmTryCompileExec1331642943.dir/src.c.o
/usr/bin/gcc   -w  -DHAVE_STRUCT_STAT_ST_MTIME_USEC   -o CMakeFiles/cmTryCompileExec1331642943.dir/src.c.o   -c /home/ubuntu/Archer_C7_V5/openwrt/build_dir/host/cmake-2.8.9/CMakeFiles/CMakeTmp/src.c
/home/ubuntu/Archer_C7_V5/openwrt/build_dir/host/cmake-2.8.9/CMakeFiles/CMakeTmp/src.c: In function 'main':
/home/ubuntu/Archer_C7_V5/openwrt/build_dir/host/cmake-2.8.9/CMakeFiles/CMakeTmp/src.c:8:18: error: 'struct stat' has no member named 'st_mtime_usec'
    if (sizeof(tmp.st_mtime_usec))
                  ^
make[6]: Leaving directory `/home/ubuntu/Archer_C7_V5/openwrt/build_dir/host/cmake-2.8.9/CMakeFiles/CMakeTmp'
make[6]: *** [CMakeFiles/cmTryCompileExec1331642943.dir/src.c.o] Error 1
make[5]: Leaving directory `/home/ubuntu/Archer_C7_V5/openwrt/build_dir/host/cmake-2.8.9/CMakeFiles/CMakeTmp'
make[5]: *** [cmTryCompileExec1331642943/fast] Error 2

Source file was:

#include <sys/types.h>
#include <sys/stat.h>

int main()
{
   static struct stat tmp;
   if (sizeof(tmp.st_mtime_usec))
      return 0;
  return 0;
}

Performing C SOURCE FILE Test HAVE_STRUCT_STAT_ST_FLAGS failed with the following output:
Change Dir: /home/ubuntu/Archer_C7_V5/openwrt/build_dir/host/cmake-2.8.9/CMakeFiles/CMakeTmp

Run Build Command:/usr/bin/make "cmTryCompileExec268067604/fast"
make[5]: Entering directory `/home/ubuntu/Archer_C7_V5/openwrt/build_dir/host/cmake-2.8.9/CMakeFiles/CMakeTmp'
make -f CMakeFiles/cmTryCompileExec268067604.dir/build.make CMakeFiles/cmTryCompileExec268067604.dir/build
make[6]: Entering directory `/home/ubuntu/Archer_C7_V5/openwrt/build_dir/host/cmake-2.8.9/CMakeFiles/CMakeTmp'
/home/ubuntu/Archer_C7_V5/openwrt/build_dir/host/cmake-2.8.9/Bootstrap.cmk/cmake -E cmake_progress_report /home/ubuntu/Archer_C7_V5/openwrt/build_dir/host/cmake-2.8.9/CMakeFiles/CMakeTmp/CMakeFiles 1
Building C object CMakeFiles/cmTryCompileExec268067604.dir/src.c.o
/usr/bin/gcc   -w  -DHAVE_STRUCT_STAT_ST_FLAGS   -o CMakeFiles/cmTryCompileExec268067604.dir/src.c.o   -c /home/ubuntu/Archer_C7_V5/openwrt/build_dir/host/cmake-2.8.9/CMakeFiles/CMakeTmp/src.c
/home/ubuntu/Archer_C7_V5/openwrt/build_dir/host/cmake-2.8.9/CMakeFiles/CMakeTmp/src.c: In function 'main':
/home/ubuntu/Archer_C7_V5/openwrt/build_dir/host/cmake-2.8.9/CMakeFiles/CMakeTmp/src.c:8:18: error: 'struct stat' has no member named 'st_flags'
    if (sizeof(tmp.st_flags))
                  ^
make[6]: *** [CMakeFiles/cmTryCompileExec268067604.dir/src.c.o] Error 1
make[6]: Leaving directory `/home/ubuntu/Archer_C7_V5/openwrt/build_dir/host/cmake-2.8.9/CMakeFiles/CMakeTmp'
make[5]: *** [cmTryCompileExec268067604/fast] Error 2
make[5]: Leaving directory `/home/ubuntu/Archer_C7_V5/openwrt/build_dir/host/cmake-2.8.9/CMakeFiles/CMakeTmp'

Source file was:

#include <sys/types.h>
#include <sys/stat.h>

int main()
{
   static struct stat tmp;
   if (sizeof(tmp.st_flags))
      return 0;
  return 0;
}

Performing C SOURCE FILE Test HAVE_STRUCT_STATVFS_F_IOSIZE failed with the following output:
Change Dir: /home/ubuntu/Archer_C7_V5/openwrt/build_dir/host/cmake-2.8.9/CMakeFiles/CMakeTmp

Run Build Command:/usr/bin/make "cmTryCompileExec3071046983/fast"
make[5]: Entering directory `/home/ubuntu/Archer_C7_V5/openwrt/build_dir/host/cmake-2.8.9/CMakeFiles/CMakeTmp'
make -f CMakeFiles/cmTryCompileExec3071046983.dir/build.make CMakeFiles/cmTryCompileExec3071046983.dir/build
make[6]: Entering directory `/home/ubuntu/Archer_C7_V5/openwrt/build_dir/host/cmake-2.8.9/CMakeFiles/CMakeTmp'
/home/ubuntu/Archer_C7_V5/openwrt/build_dir/host/cmake-2.8.9/Bootstrap.cmk/cmake -E cmake_progress_report /home/ubuntu/Archer_C7_V5/openwrt/build_dir/host/cmake-2.8.9/CMakeFiles/CMakeTmp/CMakeFiles 1
Building C object CMakeFiles/cmTryCompileExec3071046983.dir/src.c.o
/usr/bin/gcc   -w  -DHAVE_STRUCT_STATVFS_F_IOSIZE   -o CMakeFiles/cmTryCompileExec3071046983.dir/src.c.o   -c /home/ubuntu/Archer_C7_V5/openwrt/build_dir/host/cmake-2.8.9/CMakeFiles/CMakeTmp/src.c
/home/ubuntu/Archer_C7_V5/openwrt/build_dir/host/cmake-2.8.9/CMakeFiles/CMakeTmp/src.c: In function 'main':
/home/ubuntu/Archer_C7_V5/openwrt/build_dir/host/cmake-2.8.9/CMakeFiles/CMakeTmp/src.c:8:18: error: 'struct statvfs' has no member named 'f_iosize'
    if (sizeof(tmp.f_iosize))
                  ^
make[6]: Leaving directory `/home/ubuntu/Archer_C7_V5/openwrt/build_dir/host/cmake-2.8.9/CMakeFiles/CMakeTmp'
make[6]: *** [CMakeFiles/cmTryCompileExec3071046983.dir/src.c.o] Error 1
make[5]: Leaving directory `/home/ubuntu/Archer_C7_V5/openwrt/build_dir/host/cmake-2.8.9/CMakeFiles/CMakeTmp'
make[5]: *** [cmTryCompileExec3071046983/fast] Error 2

Source file was:

#include <sys/types.h>
#include <sys/statvfs.h>

int main()
{
   static struct statvfs tmp;
   if (sizeof(tmp.f_iosize))
      return 0;
  return 0;
}

Determining size of __int64 failed with the following output:
Change Dir: /home/ubuntu/Archer_C7_V5/openwrt/build_dir/host/cmake-2.8.9/CMakeFiles/CMakeTmp

Run Build Command:/usr/bin/make "cmTryCompileExec1959231830/fast"
make[5]: Entering directory `/home/ubuntu/Archer_C7_V5/openwrt/build_dir/host/cmake-2.8.9/CMakeFiles/CMakeTmp'
make -f CMakeFiles/cmTryCompileExec1959231830.dir/build.make CMakeFiles/cmTryCompileExec1959231830.dir/build
make[6]: Entering directory `/home/ubuntu/Archer_C7_V5/openwrt/build_dir/host/cmake-2.8.9/CMakeFiles/CMakeTmp'
/home/ubuntu/Archer_C7_V5/openwrt/build_dir/host/cmake-2.8.9/Bootstrap.cmk/cmake -E cmake_progress_report /home/ubuntu/Archer_C7_V5/openwrt/build_dir/host/cmake-2.8.9/CMakeFiles/CMakeTmp/CMakeFiles 1
Building C object CMakeFiles/cmTryCompileExec1959231830.dir/__INT64.c.o
/usr/bin/gcc   -w     -o CMakeFiles/cmTryCompileExec1959231830.dir/__INT64.c.o   -c /home/ubuntu/Archer_C7_V5/openwrt/build_dir/host/cmake-2.8.9/CMakeFiles/CheckTypeSize/__INT64.c
/home/ubuntu/Archer_C7_V5/openwrt/build_dir/host/cmake-2.8.9/CMakeFiles/CheckTypeSize/__INT64.c:17:22: error: '__int64' undeclared here (not in a function)
 #define SIZE (sizeof(__int64))
                      ^
/home/ubuntu/Archer_C7_V5/openwrt/build_dir/host/cmake-2.8.9/CMakeFiles/CheckTypeSize/__INT64.c:19:12: note: in expansion of macro 'SIZE'
   ('0' + ((SIZE / 10000)%10)),
            ^
make[6]: Leaving directory `/home/ubuntu/Archer_C7_V5/openwrt/build_dir/host/cmake-2.8.9/CMakeFiles/CMakeTmp'
make[6]: *** [CMakeFiles/cmTryCompileExec1959231830.dir/__INT64.c.o] Error 1
make[5]: Leaving directory `/home/ubuntu/Archer_C7_V5/openwrt/build_dir/host/cmake-2.8.9/CMakeFiles/CMakeTmp'
make[5]: *** [cmTryCompileExec1959231830/fast] Error 2

/home/ubuntu/Archer_C7_V5/openwrt/build_dir/host/cmake-2.8.9/CMakeFiles/CheckTypeSize/__INT64.c:
#include <sys/types.h>
#include <stdint.h>
#include <stddef.h>


#undef KEY
#if defined(__i386)
# define KEY '_','_','i','3','8','6'
#elif defined(__x86_64)
# define KEY '_','_','x','8','6','_','6','4'
#elif defined(__ppc__)
# define KEY '_','_','p','p','c','_','_'
#elif defined(__ppc64__)
# define KEY '_','_','p','p','c','6','4','_','_'
#endif

#define SIZE (sizeof(__int64))
char info_size[] =  {'I', 'N', 'F', 'O', ':', 's','i','z','e','[',
  ('0' + ((SIZE / 10000)%10)),
  ('0' + ((SIZE / 1000)%10)),
  ('0' + ((SIZE / 100)%10)),
  ('0' + ((SIZE / 10)%10)),
  ('0' +  (SIZE    % 10)),
  ']',
#ifdef KEY
  ' ','k','e','y','[', KEY, ']',
#endif
  '\0'};

#ifdef __CLASSIC_C__
int main(argc, argv) int argc; char *argv[];
#else
int main(int argc, char *argv[])
#endif
{
  int require = 0;
  require += info_size[argc];
  (void)argv;
  return require;
}


Determining size of unsigned __int64 failed with the following output:
Change Dir: /home/ubuntu/Archer_C7_V5/openwrt/build_dir/host/cmake-2.8.9/CMakeFiles/CMakeTmp

Run Build Command:/usr/bin/make "cmTryCompileExec848285095/fast"
make[5]: Entering directory `/home/ubuntu/Archer_C7_V5/openwrt/build_dir/host/cmake-2.8.9/CMakeFiles/CMakeTmp'
make -f CMakeFiles/cmTryCompileExec848285095.dir/build.make CMakeFiles/cmTryCompileExec848285095.dir/build
make[6]: Entering directory `/home/ubuntu/Archer_C7_V5/openwrt/build_dir/host/cmake-2.8.9/CMakeFiles/CMakeTmp'
/home/ubuntu/Archer_C7_V5/openwrt/build_dir/host/cmake-2.8.9/Bootstrap.cmk/cmake -E cmake_progress_report /home/ubuntu/Archer_C7_V5/openwrt/build_dir/host/cmake-2.8.9/CMakeFiles/CMakeTmp/CMakeFiles 1
Building C object CMakeFiles/cmTryCompileExec848285095.dir/UNSIGNED___INT64.c.o
/usr/bin/gcc   -w     -o CMakeFiles/cmTryCompileExec848285095.dir/UNSIGNED___INT64.c.o   -c /home/ubuntu/Archer_C7_V5/openwrt/build_dir/host/cmake-2.8.9/CMakeFiles/CheckTypeSize/UNSIGNED___INT64.c
/home/ubuntu/Archer_C7_V5/openwrt/build_dir/host/cmake-2.8.9/CMakeFiles/CheckTypeSize/UNSIGNED___INT64.c:17:31: error: expected ')' before '__int64'
 #define SIZE (sizeof(unsigned __int64))
                               ^
/home/ubuntu/Archer_C7_V5/openwrt/build_dir/host/cmake-2.8.9/CMakeFiles/CheckTypeSize/UNSIGNED___INT64.c:19:12: note: in expansion of macro 'SIZE'
   ('0' + ((SIZE / 10000)%10)),
            ^
/home/ubuntu/Archer_C7_V5/openwrt/build_dir/host/cmake-2.8.9/CMakeFiles/CheckTypeSize/UNSIGNED___INT64.c:17:31: error: expected ')' before '__int64'
 #define SIZE (sizeof(unsigned __int64))
                               ^
/home/ubuntu/Archer_C7_V5/openwrt/build_dir/host/cmake-2.8.9/CMakeFiles/CheckTypeSize/UNSIGNED___INT64.c:20:12: note: in expansion of macro 'SIZE'
   ('0' + ((SIZE / 1000)%10)),
            ^
/home/ubuntu/Archer_C7_V5/openwrt/build_dir/host/cmake-2.8.9/CMakeFiles/CheckTypeSize/UNSIGNED___INT64.c:17:31: error: expected ')' before '__int64'
 #define SIZE (sizeof(unsigned __int64))
                               ^
/home/ubuntu/Archer_C7_V5/openwrt/build_dir/host/cmake-2.8.9/CMakeFiles/CheckTypeSize/UNSIGNED___INT64.c:21:12: note: in expansion of macro 'SIZE'
   ('0' + ((SIZE / 100)%10)),
            ^
/home/ubuntu/Archer_C7_V5/openwrt/build_dir/host/cmake-2.8.9/CMakeFiles/CheckTypeSize/UNSIGNED___INT64.c:17:31: error: expected ')' before '__int64'
 #define SIZE (sizeof(unsigned __int64))
                               ^
/home/ubuntu/Archer_C7_V5/openwrt/build_dir/host/cmake-2.8.9/CMakeFiles/CheckTypeSize/UNSIGNED___INT64.c:22:12: note: in expansion of macro 'SIZE'
   ('0' + ((SIZE / 10)%10)),
            ^
/home/ubuntu/Archer_C7_V5/openwrt/build_dir/host/cmake-2.8.9/CMakeFiles/CheckTypeSize/UNSIGNED___INT64.c:17:31: error: expected ')' before '__int64'
 #define SIZE (sizeof(unsigned __int64))
                               ^
/home/ubuntu/Archer_C7_V5/openwrt/build_dir/host/cmake-2.8.9/CMakeFiles/CheckTypeSize/UNSIGNED___INT64.c:23:12: note: in expansion of macro 'SIZE'
   ('0' +  (SIZE    % 10)),
            ^
make[6]: Leaving directory `/home/ubuntu/Archer_C7_V5/openwrt/build_dir/host/cmake-2.8.9/CMakeFiles/CMakeTmp'
make[6]: *** [CMakeFiles/cmTryCompileExec848285095.dir/UNSIGNED___INT64.c.o] Error 1
make[5]: Leaving directory `/home/ubuntu/Archer_C7_V5/openwrt/build_dir/host/cmake-2.8.9/CMakeFiles/CMakeTmp'
make[5]: *** [cmTryCompileExec848285095/fast] Error 2

/home/ubuntu/Archer_C7_V5/openwrt/build_dir/host/cmake-2.8.9/CMakeFiles/CheckTypeSize/UNSIGNED___INT64.c:
#include <sys/types.h>
#include <stdint.h>
#include <stddef.h>


#undef KEY
#if defined(__i386)
# define KEY '_','_','i','3','8','6'
#elif defined(__x86_64)
# define KEY '_','_','x','8','6','_','6','4'
#elif defined(__ppc__)
# define KEY '_','_','p','p','c','_','_'
#elif defined(__ppc64__)
# define KEY '_','_','p','p','c','6','4','_','_'
#endif

#define SIZE (sizeof(unsigned __int64))
char info_size[] =  {'I', 'N', 'F', 'O', ':', 's','i','z','e','[',
  ('0' + ((SIZE / 10000)%10)),
  ('0' + ((SIZE / 1000)%10)),
  ('0' + ((SIZE / 100)%10)),
  ('0' + ((SIZE / 10)%10)),
  ('0' +  (SIZE    % 10)),
  ']',
#ifdef KEY
  ' ','k','e','y','[', KEY, ']',
#endif
  '\0'};

#ifdef __CLASSIC_C__
int main(argc, argv) int argc; char *argv[];
#else
int main(int argc, char *argv[])
#endif
{
  int require = 0;
  require += info_size[argc];
  (void)argv;
  return require;
}


Determining if the system is big endian passed with the following output:
Change Dir: /home/ubuntu/Archer_C7_V5/openwrt/build_dir/host/cmake-2.8.9/CMakeFiles/CMakeTmp

Run Build Command:/usr/bin/make "cmTryCompileExec3393891958/fast"
make[5]: Entering directory `/home/ubuntu/Archer_C7_V5/openwrt/build_dir/host/cmake-2.8.9/CMakeFiles/CMakeTmp'
make -f CMakeFiles/cmTryCompileExec3393891958.dir/build.make CMakeFiles/cmTryCompileExec3393891958.dir/build
make[6]: Entering directory `/home/ubuntu/Archer_C7_V5/openwrt/build_dir/host/cmake-2.8.9/CMakeFiles/CMakeTmp'
/home/ubuntu/Archer_C7_V5/openwrt/build_dir/host/cmake-2.8.9/Bootstrap.cmk/cmake -E cmake_progress_report /home/ubuntu/Archer_C7_V5/openwrt/build_dir/host/cmake-2.8.9/CMakeFiles/CMakeTmp/CMakeFiles 1
Building C object CMakeFiles/cmTryCompileExec3393891958.dir/TestEndianess.c.o
/usr/bin/gcc    -o CMakeFiles/cmTryCompileExec3393891958.dir/TestEndianess.c.o   -c /home/ubuntu/Archer_C7_V5/openwrt/build_dir/host/cmake-2.8.9/CMakeFiles/CMakeTmp/TestEndianess.c
Linking C executable cmTryCompileExec3393891958
/home/ubuntu/Archer_C7_V5/openwrt/build_dir/host/cmake-2.8.9/Bootstrap.cmk/cmake -E cmake_link_script CMakeFiles/cmTryCompileExec3393891958.dir/link.txt --verbose=1
/usr/bin/gcc         CMakeFiles/cmTryCompileExec3393891958.dir/TestEndianess.c.o  -o cmTryCompileExec3393891958 -rdynamic 
make[6]: Leaving directory `/home/ubuntu/Archer_C7_V5/openwrt/build_dir/host/cmake-2.8.9/CMakeFiles/CMakeTmp'
make[5]: Leaving directory `/home/ubuntu/Archer_C7_V5/openwrt/build_dir/host/cmake-2.8.9/CMakeFiles/CMakeTmp'

TestEndianess.c:
/* A 16 bit integer is required. */
typedef unsigned short cmakeint16;

/* On a little endian machine, these 16bit ints will give "THIS IS LITTLE ENDIAN."
   On a big endian machine the characters will be exchanged pairwise. */
const cmakeint16 info_little[] =  {0x4854, 0x5349, 0x4920, 0x2053, 0x494c, 0x5454, 0x454c, 0x4520, 0x444e, 0x4149, 0x2e4e, 0x0000};

/* on a big endian machine, these 16bit ints will give "THIS IS BIG ENDIAN."
   On a little endian machine the characters will be exchanged pairwise. */
const cmakeint16 info_big[] =     {0x5448, 0x4953, 0x2049, 0x5320, 0x4249, 0x4720, 0x454e, 0x4449, 0x414e, 0x2e2e, 0x0000};

#ifdef __CLASSIC_C__
int main(argc, argv) int argc; char *argv[];
#else
int main(int argc, char *argv[])
#endif
{
  int require = 0;
  require += info_little[argc];
  require += info_big[argc];
  (void)argv;
  return require;
}


Looking for a Fortran compiler failed with the following output:
-- The Fortran compiler identification is unknown
CMake Error: your Fortran compiler: "CMAKE_Fortran_COMPILER-NOTFOUND" was not found.   Please set CMAKE_Fortran_COMPILER to a valid compiler path or name.
-- Configuring incomplete, errors occurred!

